[2018-08-27 13:56:14,689] {cli.py:374} INFO - Running on host silverlight
[2018-08-27 13:56:14,798] {models.py:1197} INFO - Dependencies all met for <TaskInstance: tutorial.print_date 2015-07-17 00:00:00 [queued]>
[2018-08-27 13:56:14,799] {models.py:1197} INFO - Dependencies all met for <TaskInstance: tutorial.print_date 2015-07-17 00:00:00 [queued]>
[2018-08-27 13:56:14,800] {models.py:1407} INFO - 
--------------------------------------------------------------------------------
Starting attempt 1 of 2
--------------------------------------------------------------------------------

[2018-08-27 13:56:14,862] {models.py:1428} INFO - Executing <Task(BashOperator): print_date> on 2015-07-17 00:00:00
[2018-08-27 13:56:14,862] {base_task_runner.py:115} INFO - Running: ['bash', '-c', 'airflow run tutorial print_date 2015-07-17T00:00:00 --job_id 197 --raw -sd DAGS_FOLDER/tutorial.py']
[2018-08-27 13:56:15,142] {base_task_runner.py:98} INFO - Subtask: [2018-08-27 13:56:15,141] {driver.py:120} INFO - Generating grammar tables from /usr/lib/python3.5/lib2to3/Grammar.txt
[2018-08-27 13:56:15,173] {base_task_runner.py:98} INFO - Subtask: [2018-08-27 13:56:15,173] {driver.py:120} INFO - Generating grammar tables from /usr/lib/python3.5/lib2to3/PatternGrammar.txt
[2018-08-27 13:56:15,274] {base_task_runner.py:98} INFO - Subtask: [2018-08-27 13:56:15,274] {__init__.py:45} INFO - Using executor SequentialExecutor
[2018-08-27 13:56:15,304] {base_task_runner.py:98} INFO - Subtask: [2018-08-27 13:56:15,303] {models.py:189} INFO - Filling up the DagBag from /home/silverlight/Projects/Minikube-deploy/airflow-project/dags/tutorial.py
[2018-08-27 13:56:15,329] {cli.py:374} INFO - Running on host silverlight
[2018-08-27 13:56:15,338] {base_task_runner.py:98} INFO - Subtask: [2018-08-27 13:56:15,338] {bash_operator.py:70} INFO - Tmp dir root location: 
[2018-08-27 13:56:15,338] {base_task_runner.py:98} INFO - Subtask:  /tmp
[2018-08-27 13:56:15,338] {base_task_runner.py:98} INFO - Subtask: [2018-08-27 13:56:15,338] {bash_operator.py:80} INFO - Temporary script location: /tmp/airflowtmpzf686y6p//tmp/airflowtmpzf686y6p/print_datexuyn9oti
[2018-08-27 13:56:15,339] {base_task_runner.py:98} INFO - Subtask: [2018-08-27 13:56:15,338] {bash_operator.py:88} INFO - Running command: date
[2018-08-27 13:56:15,341] {base_task_runner.py:98} INFO - Subtask: [2018-08-27 13:56:15,341] {bash_operator.py:97} INFO - Output:
[2018-08-27 13:56:15,342] {base_task_runner.py:98} INFO - Subtask: [2018-08-27 13:56:15,342] {bash_operator.py:101} INFO - Thứ hai, 27 Tháng tám năm 2018 13:56:15 +07
[2018-08-27 13:56:15,343] {base_task_runner.py:98} INFO - Subtask: [2018-08-27 13:56:15,342] {bash_operator.py:105} INFO - Command exited with return code 0
