[2018-08-27 13:32:53,938] {cli.py:374} INFO - Running on host silverlight
[2018-08-27 13:32:53,989] {models.py:1197} INFO - Dependencies all met for <TaskInstance: tutorial.print_date 2015-06-03 00:00:00 [queued]>
[2018-08-27 13:32:53,993] {models.py:1197} INFO - Dependencies all met for <TaskInstance: tutorial.print_date 2015-06-03 00:00:00 [queued]>
[2018-08-27 13:32:53,993] {models.py:1407} INFO - 
--------------------------------------------------------------------------------
Starting attempt 1 of 2
--------------------------------------------------------------------------------

[2018-08-27 13:32:54,019] {models.py:1428} INFO - Executing <Task(BashOperator): print_date> on 2015-06-03 00:00:00
[2018-08-27 13:32:54,019] {base_task_runner.py:115} INFO - Running: ['bash', '-c', 'airflow run tutorial print_date 2015-06-03T00:00:00 --job_id 7 --raw -sd DAGS_FOLDER/tutorial.py']
[2018-08-27 13:32:54,257] {base_task_runner.py:98} INFO - Subtask: [2018-08-27 13:32:54,257] {driver.py:120} INFO - Generating grammar tables from /usr/lib/python3.5/lib2to3/Grammar.txt
[2018-08-27 13:32:54,291] {base_task_runner.py:98} INFO - Subtask: [2018-08-27 13:32:54,291] {driver.py:120} INFO - Generating grammar tables from /usr/lib/python3.5/lib2to3/PatternGrammar.txt
[2018-08-27 13:32:54,395] {base_task_runner.py:98} INFO - Subtask: [2018-08-27 13:32:54,395] {__init__.py:45} INFO - Using executor SequentialExecutor
[2018-08-27 13:32:54,430] {base_task_runner.py:98} INFO - Subtask: [2018-08-27 13:32:54,428] {models.py:189} INFO - Filling up the DagBag from /home/silverlight/Projects/Minikube-deploy/airflow-project/dags/tutorial.py
[2018-08-27 13:32:54,460] {cli.py:374} INFO - Running on host silverlight
[2018-08-27 13:32:54,471] {base_task_runner.py:98} INFO - Subtask: [2018-08-27 13:32:54,471] {bash_operator.py:70} INFO - Tmp dir root location: 
[2018-08-27 13:32:54,471] {base_task_runner.py:98} INFO - Subtask:  /tmp
[2018-08-27 13:32:54,472] {base_task_runner.py:98} INFO - Subtask: [2018-08-27 13:32:54,471] {bash_operator.py:80} INFO - Temporary script location: /tmp/airflowtmpww547iiw//tmp/airflowtmpww547iiw/print_date2a3b3j46
[2018-08-27 13:32:54,472] {base_task_runner.py:98} INFO - Subtask: [2018-08-27 13:32:54,472] {bash_operator.py:88} INFO - Running command: date
[2018-08-27 13:32:54,474] {base_task_runner.py:98} INFO - Subtask: [2018-08-27 13:32:54,474] {bash_operator.py:97} INFO - Output:
[2018-08-27 13:32:54,475] {base_task_runner.py:98} INFO - Subtask: [2018-08-27 13:32:54,475] {bash_operator.py:101} INFO - Thứ hai, 27 Tháng tám năm 2018 13:32:54 +07
[2018-08-27 13:32:54,476] {base_task_runner.py:98} INFO - Subtask: [2018-08-27 13:32:54,475] {bash_operator.py:105} INFO - Command exited with return code 0
