[2018-08-27 13:54:18,850] {cli.py:374} INFO - Running on host silverlight
[2018-08-27 13:54:18,958] {models.py:1197} INFO - Dependencies all met for <TaskInstance: tutorial.sleep 2015-07-11 00:00:00 [queued]>
[2018-08-27 13:54:18,962] {models.py:1197} INFO - Dependencies all met for <TaskInstance: tutorial.sleep 2015-07-11 00:00:00 [queued]>
[2018-08-27 13:54:18,962] {models.py:1407} INFO - 
--------------------------------------------------------------------------------
Starting attempt 1 of 4
--------------------------------------------------------------------------------

[2018-08-27 13:54:19,025] {models.py:1428} INFO - Executing <Task(BashOperator): sleep> on 2015-07-11 00:00:00
[2018-08-27 13:54:19,025] {base_task_runner.py:115} INFO - Running: ['bash', '-c', 'airflow run tutorial sleep 2015-07-11T00:00:00 --job_id 181 --raw -sd DAGS_FOLDER/tutorial.py']
[2018-08-27 13:54:19,279] {base_task_runner.py:98} INFO - Subtask: [2018-08-27 13:54:19,279] {driver.py:120} INFO - Generating grammar tables from /usr/lib/python3.5/lib2to3/Grammar.txt
[2018-08-27 13:54:19,311] {base_task_runner.py:98} INFO - Subtask: [2018-08-27 13:54:19,311] {driver.py:120} INFO - Generating grammar tables from /usr/lib/python3.5/lib2to3/PatternGrammar.txt
[2018-08-27 13:54:19,419] {base_task_runner.py:98} INFO - Subtask: [2018-08-27 13:54:19,419] {__init__.py:45} INFO - Using executor SequentialExecutor
[2018-08-27 13:54:19,451] {base_task_runner.py:98} INFO - Subtask: [2018-08-27 13:54:19,451] {models.py:189} INFO - Filling up the DagBag from /home/silverlight/Projects/Minikube-deploy/airflow-project/dags/tutorial.py
[2018-08-27 13:54:19,479] {cli.py:374} INFO - Running on host silverlight
[2018-08-27 13:54:19,487] {base_task_runner.py:98} INFO - Subtask: [2018-08-27 13:54:19,487] {bash_operator.py:70} INFO - Tmp dir root location: 
[2018-08-27 13:54:19,487] {base_task_runner.py:98} INFO - Subtask:  /tmp
[2018-08-27 13:54:19,487] {base_task_runner.py:98} INFO - Subtask: [2018-08-27 13:54:19,487] {bash_operator.py:80} INFO - Temporary script location: /tmp/airflowtmpb1vo7ta4//tmp/airflowtmpb1vo7ta4/sleephq9xri7h
[2018-08-27 13:54:19,487] {base_task_runner.py:98} INFO - Subtask: [2018-08-27 13:54:19,487] {bash_operator.py:88} INFO - Running command: sleep 5
[2018-08-27 13:54:19,490] {base_task_runner.py:98} INFO - Subtask: [2018-08-27 13:54:19,490] {bash_operator.py:97} INFO - Output:
[2018-08-27 13:54:24,494] {base_task_runner.py:98} INFO - Subtask: [2018-08-27 13:54:24,492] {bash_operator.py:105} INFO - Command exited with return code 0
