[2018-08-27 13:49:43,952] {cli.py:374} INFO - Running on host silverlight
[2018-08-27 13:49:44,009] {models.py:1197} INFO - Dependencies all met for <TaskInstance: tutorial.print_date 2015-07-02 00:00:00 [queued]>
[2018-08-27 13:49:44,011] {models.py:1197} INFO - Dependencies all met for <TaskInstance: tutorial.print_date 2015-07-02 00:00:00 [queued]>
[2018-08-27 13:49:44,011] {models.py:1407} INFO - 
--------------------------------------------------------------------------------
Starting attempt 1 of 2
--------------------------------------------------------------------------------

[2018-08-27 13:49:44,054] {models.py:1428} INFO - Executing <Task(BashOperator): print_date> on 2015-07-02 00:00:00
[2018-08-27 13:49:44,055] {base_task_runner.py:115} INFO - Running: ['bash', '-c', 'airflow run tutorial print_date 2015-07-02T00:00:00 --job_id 145 --raw -sd DAGS_FOLDER/tutorial.py']
[2018-08-27 13:49:44,289] {base_task_runner.py:98} INFO - Subtask: [2018-08-27 13:49:44,289] {driver.py:120} INFO - Generating grammar tables from /usr/lib/python3.5/lib2to3/Grammar.txt
[2018-08-27 13:49:44,324] {base_task_runner.py:98} INFO - Subtask: [2018-08-27 13:49:44,324] {driver.py:120} INFO - Generating grammar tables from /usr/lib/python3.5/lib2to3/PatternGrammar.txt
[2018-08-27 13:49:44,426] {base_task_runner.py:98} INFO - Subtask: [2018-08-27 13:49:44,426] {__init__.py:45} INFO - Using executor SequentialExecutor
[2018-08-27 13:49:44,459] {base_task_runner.py:98} INFO - Subtask: [2018-08-27 13:49:44,459] {models.py:189} INFO - Filling up the DagBag from /home/silverlight/Projects/Minikube-deploy/airflow-project/dags/tutorial.py
[2018-08-27 13:49:44,491] {cli.py:374} INFO - Running on host silverlight
[2018-08-27 13:49:44,499] {base_task_runner.py:98} INFO - Subtask: [2018-08-27 13:49:44,499] {bash_operator.py:70} INFO - Tmp dir root location: 
[2018-08-27 13:49:44,499] {base_task_runner.py:98} INFO - Subtask:  /tmp
[2018-08-27 13:49:44,499] {base_task_runner.py:98} INFO - Subtask: [2018-08-27 13:49:44,499] {bash_operator.py:80} INFO - Temporary script location: /tmp/airflowtmpalvky82y//tmp/airflowtmpalvky82y/print_datehwzh4m_p
[2018-08-27 13:49:44,499] {base_task_runner.py:98} INFO - Subtask: [2018-08-27 13:49:44,499] {bash_operator.py:88} INFO - Running command: date
[2018-08-27 13:49:44,503] {base_task_runner.py:98} INFO - Subtask: [2018-08-27 13:49:44,503] {bash_operator.py:97} INFO - Output:
[2018-08-27 13:49:44,505] {base_task_runner.py:98} INFO - Subtask: [2018-08-27 13:49:44,505] {bash_operator.py:101} INFO - Thứ hai, 27 Tháng tám năm 2018 13:49:44 +07
[2018-08-27 13:49:44,506] {base_task_runner.py:98} INFO - Subtask: [2018-08-27 13:49:44,505] {bash_operator.py:105} INFO - Command exited with return code 0
