[2018-08-27 13:52:45,095] {cli.py:374} INFO - Running on host silverlight
[2018-08-27 13:52:45,182] {models.py:1197} INFO - Dependencies all met for <TaskInstance: tutorial.templated 2015-07-07 00:00:00 [queued]>
[2018-08-27 13:52:45,188] {models.py:1197} INFO - Dependencies all met for <TaskInstance: tutorial.templated 2015-07-07 00:00:00 [queued]>
[2018-08-27 13:52:45,188] {models.py:1407} INFO - 
--------------------------------------------------------------------------------
Starting attempt 1 of 2
--------------------------------------------------------------------------------

[2018-08-27 13:52:45,273] {models.py:1428} INFO - Executing <Task(BashOperator): templated> on 2015-07-07 00:00:00
[2018-08-27 13:52:45,274] {base_task_runner.py:115} INFO - Running: ['bash', '-c', 'airflow run tutorial templated 2015-07-07T00:00:00 --job_id 169 --raw -sd DAGS_FOLDER/tutorial.py']
[2018-08-27 13:52:45,517] {base_task_runner.py:98} INFO - Subtask: [2018-08-27 13:52:45,516] {driver.py:120} INFO - Generating grammar tables from /usr/lib/python3.5/lib2to3/Grammar.txt
[2018-08-27 13:52:45,551] {base_task_runner.py:98} INFO - Subtask: [2018-08-27 13:52:45,551] {driver.py:120} INFO - Generating grammar tables from /usr/lib/python3.5/lib2to3/PatternGrammar.txt
[2018-08-27 13:52:45,666] {base_task_runner.py:98} INFO - Subtask: [2018-08-27 13:52:45,666] {__init__.py:45} INFO - Using executor SequentialExecutor
[2018-08-27 13:52:45,698] {base_task_runner.py:98} INFO - Subtask: [2018-08-27 13:52:45,698] {models.py:189} INFO - Filling up the DagBag from /home/silverlight/Projects/Minikube-deploy/airflow-project/dags/tutorial.py
[2018-08-27 13:52:45,725] {cli.py:374} INFO - Running on host silverlight
[2018-08-27 13:52:45,738] {base_task_runner.py:98} INFO - Subtask: [2018-08-27 13:52:45,738] {bash_operator.py:70} INFO - Tmp dir root location: 
[2018-08-27 13:52:45,738] {base_task_runner.py:98} INFO - Subtask:  /tmp
[2018-08-27 13:52:45,738] {base_task_runner.py:98} INFO - Subtask: [2018-08-27 13:52:45,738] {bash_operator.py:80} INFO - Temporary script location: /tmp/airflowtmp1355gm2q//tmp/airflowtmp1355gm2q/templatedyz9nx4ev
[2018-08-27 13:52:45,738] {base_task_runner.py:98} INFO - Subtask: [2018-08-27 13:52:45,738] {bash_operator.py:88} INFO - Running command: 
[2018-08-27 13:52:45,738] {base_task_runner.py:98} INFO - Subtask:     
[2018-08-27 13:52:45,738] {base_task_runner.py:98} INFO - Subtask:         echo "2015-07-07"
[2018-08-27 13:52:45,739] {base_task_runner.py:98} INFO - Subtask:         echo "2015-07-14"
[2018-08-27 13:52:45,739] {base_task_runner.py:98} INFO - Subtask:         echo "Parameter I passed in"
[2018-08-27 13:52:45,739] {base_task_runner.py:98} INFO - Subtask:     
[2018-08-27 13:52:45,739] {base_task_runner.py:98} INFO - Subtask:         echo "2015-07-07"
[2018-08-27 13:52:45,739] {base_task_runner.py:98} INFO - Subtask:         echo "2015-07-14"
[2018-08-27 13:52:45,739] {base_task_runner.py:98} INFO - Subtask:         echo "Parameter I passed in"
[2018-08-27 13:52:45,739] {base_task_runner.py:98} INFO - Subtask:     
[2018-08-27 13:52:45,739] {base_task_runner.py:98} INFO - Subtask:         echo "2015-07-07"
[2018-08-27 13:52:45,739] {base_task_runner.py:98} INFO - Subtask:         echo "2015-07-14"
[2018-08-27 13:52:45,739] {base_task_runner.py:98} INFO - Subtask:         echo "Parameter I passed in"
[2018-08-27 13:52:45,739] {base_task_runner.py:98} INFO - Subtask:     
[2018-08-27 13:52:45,739] {base_task_runner.py:98} INFO - Subtask:         echo "2015-07-07"
[2018-08-27 13:52:45,740] {base_task_runner.py:98} INFO - Subtask:         echo "2015-07-14"
[2018-08-27 13:52:45,740] {base_task_runner.py:98} INFO - Subtask:         echo "Parameter I passed in"
[2018-08-27 13:52:45,740] {base_task_runner.py:98} INFO - Subtask:     
[2018-08-27 13:52:45,740] {base_task_runner.py:98} INFO - Subtask:         echo "2015-07-07"
[2018-08-27 13:52:45,740] {base_task_runner.py:98} INFO - Subtask:         echo "2015-07-14"
[2018-08-27 13:52:45,740] {base_task_runner.py:98} INFO - Subtask:         echo "Parameter I passed in"
[2018-08-27 13:52:45,740] {base_task_runner.py:98} INFO - Subtask:     
[2018-08-27 13:52:45,741] {base_task_runner.py:98} INFO - Subtask: [2018-08-27 13:52:45,741] {bash_operator.py:97} INFO - Output:
[2018-08-27 13:52:45,742] {base_task_runner.py:98} INFO - Subtask: [2018-08-27 13:52:45,742] {bash_operator.py:101} INFO - 2015-07-07
[2018-08-27 13:52:45,742] {base_task_runner.py:98} INFO - Subtask: [2018-08-27 13:52:45,742] {bash_operator.py:101} INFO - 2015-07-14
[2018-08-27 13:52:45,742] {base_task_runner.py:98} INFO - Subtask: [2018-08-27 13:52:45,742] {bash_operator.py:101} INFO - Parameter I passed in
[2018-08-27 13:52:45,742] {base_task_runner.py:98} INFO - Subtask: [2018-08-27 13:52:45,742] {bash_operator.py:101} INFO - 2015-07-07
[2018-08-27 13:52:45,742] {base_task_runner.py:98} INFO - Subtask: [2018-08-27 13:52:45,742] {bash_operator.py:101} INFO - 2015-07-14
[2018-08-27 13:52:45,742] {base_task_runner.py:98} INFO - Subtask: [2018-08-27 13:52:45,742] {bash_operator.py:101} INFO - Parameter I passed in
[2018-08-27 13:52:45,742] {base_task_runner.py:98} INFO - Subtask: [2018-08-27 13:52:45,742] {bash_operator.py:101} INFO - 2015-07-07
[2018-08-27 13:52:45,743] {base_task_runner.py:98} INFO - Subtask: [2018-08-27 13:52:45,742] {bash_operator.py:101} INFO - 2015-07-14
[2018-08-27 13:52:45,743] {base_task_runner.py:98} INFO - Subtask: [2018-08-27 13:52:45,742] {bash_operator.py:101} INFO - Parameter I passed in
[2018-08-27 13:52:45,743] {base_task_runner.py:98} INFO - Subtask: [2018-08-27 13:52:45,742] {bash_operator.py:101} INFO - 2015-07-07
[2018-08-27 13:52:45,743] {base_task_runner.py:98} INFO - Subtask: [2018-08-27 13:52:45,742] {bash_operator.py:101} INFO - 2015-07-14
[2018-08-27 13:52:45,743] {base_task_runner.py:98} INFO - Subtask: [2018-08-27 13:52:45,742] {bash_operator.py:101} INFO - Parameter I passed in
[2018-08-27 13:52:45,743] {base_task_runner.py:98} INFO - Subtask: [2018-08-27 13:52:45,742] {bash_operator.py:101} INFO - 2015-07-07
[2018-08-27 13:52:45,743] {base_task_runner.py:98} INFO - Subtask: [2018-08-27 13:52:45,742] {bash_operator.py:101} INFO - 2015-07-14
[2018-08-27 13:52:45,743] {base_task_runner.py:98} INFO - Subtask: [2018-08-27 13:52:45,742] {bash_operator.py:101} INFO - Parameter I passed in
[2018-08-27 13:52:45,743] {base_task_runner.py:98} INFO - Subtask: [2018-08-27 13:52:45,743] {bash_operator.py:105} INFO - Command exited with return code 0
