[2018-08-27 13:36:33,802] {cli.py:374} INFO - Running on host silverlight
[2018-08-27 13:36:33,978] {models.py:1197} INFO - Dependencies all met for <TaskInstance: tutorial.sleep 2015-06-06 00:00:00 [queued]>
[2018-08-27 13:36:33,982] {models.py:1197} INFO - Dependencies all met for <TaskInstance: tutorial.sleep 2015-06-06 00:00:00 [queued]>
[2018-08-27 13:36:33,982] {models.py:1407} INFO - 
--------------------------------------------------------------------------------
Starting attempt 1 of 4
--------------------------------------------------------------------------------

[2018-08-27 13:36:34,042] {models.py:1428} INFO - Executing <Task(BashOperator): sleep> on 2015-06-06 00:00:00
[2018-08-27 13:36:34,043] {base_task_runner.py:115} INFO - Running: ['bash', '-c', 'airflow run tutorial sleep 2015-06-06T00:00:00 --job_id 32 --raw -sd DAGS_FOLDER/tutorial.py']
[2018-08-27 13:36:34,298] {base_task_runner.py:98} INFO - Subtask: [2018-08-27 13:36:34,298] {driver.py:120} INFO - Generating grammar tables from /usr/lib/python3.5/lib2to3/Grammar.txt
[2018-08-27 13:36:34,332] {base_task_runner.py:98} INFO - Subtask: [2018-08-27 13:36:34,332] {driver.py:120} INFO - Generating grammar tables from /usr/lib/python3.5/lib2to3/PatternGrammar.txt
[2018-08-27 13:36:34,442] {base_task_runner.py:98} INFO - Subtask: [2018-08-27 13:36:34,442] {__init__.py:45} INFO - Using executor SequentialExecutor
[2018-08-27 13:36:34,477] {base_task_runner.py:98} INFO - Subtask: [2018-08-27 13:36:34,476] {models.py:189} INFO - Filling up the DagBag from /home/silverlight/Projects/Minikube-deploy/airflow-project/dags/tutorial.py
[2018-08-27 13:36:34,503] {cli.py:374} INFO - Running on host silverlight
[2018-08-27 13:36:34,515] {base_task_runner.py:98} INFO - Subtask: [2018-08-27 13:36:34,515] {bash_operator.py:70} INFO - Tmp dir root location: 
[2018-08-27 13:36:34,516] {base_task_runner.py:98} INFO - Subtask:  /tmp
[2018-08-27 13:36:34,516] {base_task_runner.py:98} INFO - Subtask: [2018-08-27 13:36:34,516] {bash_operator.py:80} INFO - Temporary script location: /tmp/airflowtmpd1jqka75//tmp/airflowtmpd1jqka75/sleepfjrtzan0
[2018-08-27 13:36:34,516] {base_task_runner.py:98} INFO - Subtask: [2018-08-27 13:36:34,516] {bash_operator.py:88} INFO - Running command: sleep 5
[2018-08-27 13:36:34,519] {base_task_runner.py:98} INFO - Subtask: [2018-08-27 13:36:34,519] {bash_operator.py:97} INFO - Output:
[2018-08-27 13:36:39,521] {base_task_runner.py:98} INFO - Subtask: [2018-08-27 13:36:39,521] {bash_operator.py:105} INFO - Command exited with return code 0
