[2018-08-27 14:00:37,067] {cli.py:374} INFO - Running on host silverlight
[2018-08-27 14:00:37,125] {models.py:1197} INFO - Dependencies all met for <TaskInstance: tutorial.templated 2015-07-19 00:00:00 [queued]>
[2018-08-27 14:00:37,129] {models.py:1197} INFO - Dependencies all met for <TaskInstance: tutorial.templated 2015-07-19 00:00:00 [queued]>
[2018-08-27 14:00:37,129] {models.py:1407} INFO - 
--------------------------------------------------------------------------------
Starting attempt 1 of 2
--------------------------------------------------------------------------------

[2018-08-27 14:00:37,197] {models.py:1428} INFO - Executing <Task(BashOperator): templated> on 2015-07-19 00:00:00
[2018-08-27 14:00:37,197] {base_task_runner.py:115} INFO - Running: ['bash', '-c', 'airflow run tutorial templated 2015-07-19T00:00:00 --job_id 226 --raw -sd DAGS_FOLDER/tutorial.py']
[2018-08-27 14:00:37,437] {base_task_runner.py:98} INFO - Subtask: [2018-08-27 14:00:37,437] {driver.py:120} INFO - Generating grammar tables from /usr/lib/python3.5/lib2to3/Grammar.txt
[2018-08-27 14:00:37,479] {base_task_runner.py:98} INFO - Subtask: [2018-08-27 14:00:37,478] {driver.py:120} INFO - Generating grammar tables from /usr/lib/python3.5/lib2to3/PatternGrammar.txt
[2018-08-27 14:00:37,588] {base_task_runner.py:98} INFO - Subtask: [2018-08-27 14:00:37,588] {__init__.py:45} INFO - Using executor SequentialExecutor
[2018-08-27 14:00:37,621] {base_task_runner.py:98} INFO - Subtask: [2018-08-27 14:00:37,621] {models.py:189} INFO - Filling up the DagBag from /home/silverlight/Projects/Minikube-deploy/airflow-project/dags/tutorial.py
[2018-08-27 14:00:37,648] {cli.py:374} INFO - Running on host silverlight
[2018-08-27 14:00:37,658] {base_task_runner.py:98} INFO - Subtask: [2018-08-27 14:00:37,658] {bash_operator.py:70} INFO - Tmp dir root location: 
[2018-08-27 14:00:37,659] {base_task_runner.py:98} INFO - Subtask:  /tmp
[2018-08-27 14:00:37,659] {base_task_runner.py:98} INFO - Subtask: [2018-08-27 14:00:37,659] {bash_operator.py:80} INFO - Temporary script location: /tmp/airflowtmps0bq56pu//tmp/airflowtmps0bq56pu/templated_o7bfs4m
[2018-08-27 14:00:37,659] {base_task_runner.py:98} INFO - Subtask: [2018-08-27 14:00:37,659] {bash_operator.py:88} INFO - Running command: 
[2018-08-27 14:00:37,659] {base_task_runner.py:98} INFO - Subtask:     
[2018-08-27 14:00:37,659] {base_task_runner.py:98} INFO - Subtask:         echo "2015-07-19"
[2018-08-27 14:00:37,659] {base_task_runner.py:98} INFO - Subtask:         echo "2015-07-26"
[2018-08-27 14:00:37,659] {base_task_runner.py:98} INFO - Subtask:         echo "Parameter I passed in"
[2018-08-27 14:00:37,659] {base_task_runner.py:98} INFO - Subtask:     
[2018-08-27 14:00:37,659] {base_task_runner.py:98} INFO - Subtask:         echo "2015-07-19"
[2018-08-27 14:00:37,659] {base_task_runner.py:98} INFO - Subtask:         echo "2015-07-26"
[2018-08-27 14:00:37,659] {base_task_runner.py:98} INFO - Subtask:         echo "Parameter I passed in"
[2018-08-27 14:00:37,659] {base_task_runner.py:98} INFO - Subtask:     
[2018-08-27 14:00:37,659] {base_task_runner.py:98} INFO - Subtask:         echo "2015-07-19"
[2018-08-27 14:00:37,659] {base_task_runner.py:98} INFO - Subtask:         echo "2015-07-26"
[2018-08-27 14:00:37,659] {base_task_runner.py:98} INFO - Subtask:         echo "Parameter I passed in"
[2018-08-27 14:00:37,659] {base_task_runner.py:98} INFO - Subtask:     
[2018-08-27 14:00:37,660] {base_task_runner.py:98} INFO - Subtask:         echo "2015-07-19"
[2018-08-27 14:00:37,660] {base_task_runner.py:98} INFO - Subtask:         echo "2015-07-26"
[2018-08-27 14:00:37,660] {base_task_runner.py:98} INFO - Subtask:         echo "Parameter I passed in"
[2018-08-27 14:00:37,660] {base_task_runner.py:98} INFO - Subtask:     
[2018-08-27 14:00:37,660] {base_task_runner.py:98} INFO - Subtask:         echo "2015-07-19"
[2018-08-27 14:00:37,660] {base_task_runner.py:98} INFO - Subtask:         echo "2015-07-26"
[2018-08-27 14:00:37,660] {base_task_runner.py:98} INFO - Subtask:         echo "Parameter I passed in"
[2018-08-27 14:00:37,660] {base_task_runner.py:98} INFO - Subtask:     
[2018-08-27 14:00:37,661] {base_task_runner.py:98} INFO - Subtask: [2018-08-27 14:00:37,661] {bash_operator.py:97} INFO - Output:
[2018-08-27 14:00:37,662] {base_task_runner.py:98} INFO - Subtask: [2018-08-27 14:00:37,662] {bash_operator.py:101} INFO - 2015-07-19
[2018-08-27 14:00:37,662] {base_task_runner.py:98} INFO - Subtask: [2018-08-27 14:00:37,662] {bash_operator.py:101} INFO - 2015-07-26
[2018-08-27 14:00:37,662] {base_task_runner.py:98} INFO - Subtask: [2018-08-27 14:00:37,662] {bash_operator.py:101} INFO - Parameter I passed in
[2018-08-27 14:00:37,662] {base_task_runner.py:98} INFO - Subtask: [2018-08-27 14:00:37,662] {bash_operator.py:101} INFO - 2015-07-19
[2018-08-27 14:00:37,662] {base_task_runner.py:98} INFO - Subtask: [2018-08-27 14:00:37,662] {bash_operator.py:101} INFO - 2015-07-26
[2018-08-27 14:00:37,662] {base_task_runner.py:98} INFO - Subtask: [2018-08-27 14:00:37,662] {bash_operator.py:101} INFO - Parameter I passed in
[2018-08-27 14:00:37,662] {base_task_runner.py:98} INFO - Subtask: [2018-08-27 14:00:37,662] {bash_operator.py:101} INFO - 2015-07-19
[2018-08-27 14:00:37,662] {base_task_runner.py:98} INFO - Subtask: [2018-08-27 14:00:37,662] {bash_operator.py:101} INFO - 2015-07-26
[2018-08-27 14:00:37,662] {base_task_runner.py:98} INFO - Subtask: [2018-08-27 14:00:37,662] {bash_operator.py:101} INFO - Parameter I passed in
[2018-08-27 14:00:37,662] {base_task_runner.py:98} INFO - Subtask: [2018-08-27 14:00:37,662] {bash_operator.py:101} INFO - 2015-07-19
[2018-08-27 14:00:37,662] {base_task_runner.py:98} INFO - Subtask: [2018-08-27 14:00:37,662] {bash_operator.py:101} INFO - 2015-07-26
[2018-08-27 14:00:37,663] {base_task_runner.py:98} INFO - Subtask: [2018-08-27 14:00:37,662] {bash_operator.py:101} INFO - Parameter I passed in
[2018-08-27 14:00:37,663] {base_task_runner.py:98} INFO - Subtask: [2018-08-27 14:00:37,662] {bash_operator.py:101} INFO - 2015-07-19
[2018-08-27 14:00:37,663] {base_task_runner.py:98} INFO - Subtask: [2018-08-27 14:00:37,662] {bash_operator.py:101} INFO - 2015-07-26
[2018-08-27 14:00:37,663] {base_task_runner.py:98} INFO - Subtask: [2018-08-27 14:00:37,662] {bash_operator.py:101} INFO - Parameter I passed in
[2018-08-27 14:00:37,663] {base_task_runner.py:98} INFO - Subtask: [2018-08-27 14:00:37,662] {bash_operator.py:105} INFO - Command exited with return code 0
