[2018-08-27 13:44:05,316] {cli.py:374} INFO - Running on host silverlight
[2018-08-27 13:44:05,361] {models.py:1197} INFO - Dependencies all met for <TaskInstance: tutorial.sleep 2015-06-20 00:00:00 [queued]>
[2018-08-27 13:44:05,365] {models.py:1197} INFO - Dependencies all met for <TaskInstance: tutorial.sleep 2015-06-20 00:00:00 [queued]>
[2018-08-27 13:44:05,365] {models.py:1407} INFO - 
--------------------------------------------------------------------------------
Starting attempt 1 of 4
--------------------------------------------------------------------------------

[2018-08-27 13:44:05,463] {models.py:1428} INFO - Executing <Task(BashOperator): sleep> on 2015-06-20 00:00:00
[2018-08-27 13:44:05,463] {base_task_runner.py:115} INFO - Running: ['bash', '-c', 'airflow run tutorial sleep 2015-06-20T00:00:00 --job_id 97 --raw -sd DAGS_FOLDER/tutorial.py']
[2018-08-27 13:44:05,707] {base_task_runner.py:98} INFO - Subtask: [2018-08-27 13:44:05,707] {driver.py:120} INFO - Generating grammar tables from /usr/lib/python3.5/lib2to3/Grammar.txt
[2018-08-27 13:44:05,739] {base_task_runner.py:98} INFO - Subtask: [2018-08-27 13:44:05,739] {driver.py:120} INFO - Generating grammar tables from /usr/lib/python3.5/lib2to3/PatternGrammar.txt
[2018-08-27 13:44:05,849] {base_task_runner.py:98} INFO - Subtask: [2018-08-27 13:44:05,849] {__init__.py:45} INFO - Using executor SequentialExecutor
[2018-08-27 13:44:05,882] {base_task_runner.py:98} INFO - Subtask: [2018-08-27 13:44:05,881] {models.py:189} INFO - Filling up the DagBag from /home/silverlight/Projects/Minikube-deploy/airflow-project/dags/tutorial.py
[2018-08-27 13:44:05,910] {cli.py:374} INFO - Running on host silverlight
[2018-08-27 13:44:05,919] {base_task_runner.py:98} INFO - Subtask: [2018-08-27 13:44:05,919] {bash_operator.py:70} INFO - Tmp dir root location: 
[2018-08-27 13:44:05,919] {base_task_runner.py:98} INFO - Subtask:  /tmp
[2018-08-27 13:44:05,919] {base_task_runner.py:98} INFO - Subtask: [2018-08-27 13:44:05,919] {bash_operator.py:80} INFO - Temporary script location: /tmp/airflowtmpzesigpz1//tmp/airflowtmpzesigpz1/sleepa_g1zdnm
[2018-08-27 13:44:05,919] {base_task_runner.py:98} INFO - Subtask: [2018-08-27 13:44:05,919] {bash_operator.py:88} INFO - Running command: sleep 5
[2018-08-27 13:44:05,922] {base_task_runner.py:98} INFO - Subtask: [2018-08-27 13:44:05,922] {bash_operator.py:97} INFO - Output:
[2018-08-27 13:44:10,926] {base_task_runner.py:98} INFO - Subtask: [2018-08-27 13:44:10,924] {bash_operator.py:105} INFO - Command exited with return code 0
