[2018-08-27 13:33:33,865] {cli.py:374} INFO - Running on host silverlight
[2018-08-27 13:33:33,901] {models.py:1197} INFO - Dependencies all met for <TaskInstance: tutorial.print_date 2015-06-04 00:00:00 [queued]>
[2018-08-27 13:33:33,904] {models.py:1197} INFO - Dependencies all met for <TaskInstance: tutorial.print_date 2015-06-04 00:00:00 [queued]>
[2018-08-27 13:33:33,904] {models.py:1407} INFO - 
--------------------------------------------------------------------------------
Starting attempt 1 of 2
--------------------------------------------------------------------------------

[2018-08-27 13:33:33,933] {models.py:1428} INFO - Executing <Task(BashOperator): print_date> on 2015-06-04 00:00:00
[2018-08-27 13:33:33,933] {base_task_runner.py:115} INFO - Running: ['bash', '-c', 'airflow run tutorial print_date 2015-06-04T00:00:00 --job_id 12 --raw -sd DAGS_FOLDER/tutorial.py']
[2018-08-27 13:33:34,179] {base_task_runner.py:98} INFO - Subtask: [2018-08-27 13:33:34,179] {driver.py:120} INFO - Generating grammar tables from /usr/lib/python3.5/lib2to3/Grammar.txt
[2018-08-27 13:33:34,211] {base_task_runner.py:98} INFO - Subtask: [2018-08-27 13:33:34,211] {driver.py:120} INFO - Generating grammar tables from /usr/lib/python3.5/lib2to3/PatternGrammar.txt
[2018-08-27 13:33:34,314] {base_task_runner.py:98} INFO - Subtask: [2018-08-27 13:33:34,314] {__init__.py:45} INFO - Using executor SequentialExecutor
[2018-08-27 13:33:34,345] {base_task_runner.py:98} INFO - Subtask: [2018-08-27 13:33:34,344] {models.py:189} INFO - Filling up the DagBag from /home/silverlight/Projects/Minikube-deploy/airflow-project/dags/tutorial.py
[2018-08-27 13:33:34,372] {cli.py:374} INFO - Running on host silverlight
[2018-08-27 13:33:34,380] {base_task_runner.py:98} INFO - Subtask: [2018-08-27 13:33:34,380] {bash_operator.py:70} INFO - Tmp dir root location: 
[2018-08-27 13:33:34,380] {base_task_runner.py:98} INFO - Subtask:  /tmp
[2018-08-27 13:33:34,380] {base_task_runner.py:98} INFO - Subtask: [2018-08-27 13:33:34,380] {bash_operator.py:80} INFO - Temporary script location: /tmp/airflowtmp5ds_aq6y//tmp/airflowtmp5ds_aq6y/print_date9kj7xngb
[2018-08-27 13:33:34,380] {base_task_runner.py:98} INFO - Subtask: [2018-08-27 13:33:34,380] {bash_operator.py:88} INFO - Running command: date
[2018-08-27 13:33:34,383] {base_task_runner.py:98} INFO - Subtask: [2018-08-27 13:33:34,382] {bash_operator.py:97} INFO - Output:
[2018-08-27 13:33:34,384] {base_task_runner.py:98} INFO - Subtask: [2018-08-27 13:33:34,384] {bash_operator.py:101} INFO - Thứ hai, 27 Tháng tám năm 2018 13:33:34 +07
[2018-08-27 13:33:34,384] {base_task_runner.py:98} INFO - Subtask: [2018-08-27 13:33:34,384] {bash_operator.py:105} INFO - Command exited with return code 0
