[2018-08-27 13:34:03,425] {cli.py:374} INFO - Running on host silverlight
[2018-08-27 13:34:03,472] {models.py:1197} INFO - Dependencies all met for <TaskInstance: tutorial.sleep 2015-06-03 00:00:00 [queued]>
[2018-08-27 13:34:03,478] {models.py:1197} INFO - Dependencies all met for <TaskInstance: tutorial.sleep 2015-06-03 00:00:00 [queued]>
[2018-08-27 13:34:03,478] {models.py:1407} INFO - 
--------------------------------------------------------------------------------
Starting attempt 1 of 4
--------------------------------------------------------------------------------

[2018-08-27 13:34:03,511] {models.py:1428} INFO - Executing <Task(BashOperator): sleep> on 2015-06-03 00:00:00
[2018-08-27 13:34:03,511] {base_task_runner.py:115} INFO - Running: ['bash', '-c', 'airflow run tutorial sleep 2015-06-03T00:00:00 --job_id 16 --raw -sd DAGS_FOLDER/tutorial.py']
[2018-08-27 13:34:03,753] {base_task_runner.py:98} INFO - Subtask: [2018-08-27 13:34:03,753] {driver.py:120} INFO - Generating grammar tables from /usr/lib/python3.5/lib2to3/Grammar.txt
[2018-08-27 13:34:03,797] {base_task_runner.py:98} INFO - Subtask: [2018-08-27 13:34:03,797] {driver.py:120} INFO - Generating grammar tables from /usr/lib/python3.5/lib2to3/PatternGrammar.txt
[2018-08-27 13:34:03,905] {base_task_runner.py:98} INFO - Subtask: [2018-08-27 13:34:03,904] {__init__.py:45} INFO - Using executor SequentialExecutor
[2018-08-27 13:34:03,939] {base_task_runner.py:98} INFO - Subtask: [2018-08-27 13:34:03,939] {models.py:189} INFO - Filling up the DagBag from /home/silverlight/Projects/Minikube-deploy/airflow-project/dags/tutorial.py
[2018-08-27 13:34:03,966] {cli.py:374} INFO - Running on host silverlight
[2018-08-27 13:34:03,974] {base_task_runner.py:98} INFO - Subtask: [2018-08-27 13:34:03,974] {bash_operator.py:70} INFO - Tmp dir root location: 
[2018-08-27 13:34:03,974] {base_task_runner.py:98} INFO - Subtask:  /tmp
[2018-08-27 13:34:03,974] {base_task_runner.py:98} INFO - Subtask: [2018-08-27 13:34:03,974] {bash_operator.py:80} INFO - Temporary script location: /tmp/airflowtmpahtcu27a//tmp/airflowtmpahtcu27a/sleepuz0aih8b
[2018-08-27 13:34:03,974] {base_task_runner.py:98} INFO - Subtask: [2018-08-27 13:34:03,974] {bash_operator.py:88} INFO - Running command: sleep 5
[2018-08-27 13:34:03,977] {base_task_runner.py:98} INFO - Subtask: [2018-08-27 13:34:03,977] {bash_operator.py:97} INFO - Output:
[2018-08-27 13:34:08,979] {base_task_runner.py:98} INFO - Subtask: [2018-08-27 13:34:08,978] {bash_operator.py:105} INFO - Command exited with return code 0
