[2018-08-27 14:01:00,436] {cli.py:374} INFO - Running on host silverlight
[2018-08-27 14:01:00,530] {models.py:1197} INFO - Dependencies all met for <TaskInstance: tutorial.print_date 2015-07-23 00:00:00 [queued]>
[2018-08-27 14:01:00,532] {models.py:1197} INFO - Dependencies all met for <TaskInstance: tutorial.print_date 2015-07-23 00:00:00 [queued]>
[2018-08-27 14:01:00,532] {models.py:1407} INFO - 
--------------------------------------------------------------------------------
Starting attempt 1 of 2
--------------------------------------------------------------------------------

[2018-08-27 14:01:00,625] {models.py:1428} INFO - Executing <Task(BashOperator): print_date> on 2015-07-23 00:00:00
[2018-08-27 14:01:00,625] {base_task_runner.py:115} INFO - Running: ['bash', '-c', 'airflow run tutorial print_date 2015-07-23T00:00:00 --job_id 229 --raw -sd DAGS_FOLDER/tutorial.py']
[2018-08-27 14:01:00,884] {base_task_runner.py:98} INFO - Subtask: [2018-08-27 14:01:00,883] {driver.py:120} INFO - Generating grammar tables from /usr/lib/python3.5/lib2to3/Grammar.txt
[2018-08-27 14:01:00,923] {base_task_runner.py:98} INFO - Subtask: [2018-08-27 14:01:00,922] {driver.py:120} INFO - Generating grammar tables from /usr/lib/python3.5/lib2to3/PatternGrammar.txt
[2018-08-27 14:01:01,031] {base_task_runner.py:98} INFO - Subtask: [2018-08-27 14:01:01,031] {__init__.py:45} INFO - Using executor SequentialExecutor
[2018-08-27 14:01:01,067] {base_task_runner.py:98} INFO - Subtask: [2018-08-27 14:01:01,067] {models.py:189} INFO - Filling up the DagBag from /home/silverlight/Projects/Minikube-deploy/airflow-project/dags/tutorial.py
[2018-08-27 14:01:01,098] {cli.py:374} INFO - Running on host silverlight
[2018-08-27 14:01:01,111] {base_task_runner.py:98} INFO - Subtask: [2018-08-27 14:01:01,110] {bash_operator.py:70} INFO - Tmp dir root location: 
[2018-08-27 14:01:01,111] {base_task_runner.py:98} INFO - Subtask:  /tmp
[2018-08-27 14:01:01,111] {base_task_runner.py:98} INFO - Subtask: [2018-08-27 14:01:01,111] {bash_operator.py:80} INFO - Temporary script location: /tmp/airflowtmpxyzri5u3//tmp/airflowtmpxyzri5u3/print_date76mcf4zl
[2018-08-27 14:01:01,111] {base_task_runner.py:98} INFO - Subtask: [2018-08-27 14:01:01,111] {bash_operator.py:88} INFO - Running command: date
[2018-08-27 14:01:01,114] {base_task_runner.py:98} INFO - Subtask: [2018-08-27 14:01:01,113] {bash_operator.py:97} INFO - Output:
[2018-08-27 14:01:01,114] {base_task_runner.py:98} INFO - Subtask: [2018-08-27 14:01:01,114] {bash_operator.py:101} INFO - Thứ hai, 27 Tháng tám năm 2018 14:01:01 +07
[2018-08-27 14:01:01,115] {base_task_runner.py:98} INFO - Subtask: [2018-08-27 14:01:01,115] {bash_operator.py:105} INFO - Command exited with return code 0
