[2018-08-27 13:36:27,165] {cli.py:374} INFO - Running on host silverlight
[2018-08-27 13:36:27,335] {models.py:1197} INFO - Dependencies all met for <TaskInstance: tutorial.templated 2015-06-06 00:00:00 [queued]>
[2018-08-27 13:36:27,339] {models.py:1197} INFO - Dependencies all met for <TaskInstance: tutorial.templated 2015-06-06 00:00:00 [queued]>
[2018-08-27 13:36:27,339] {models.py:1407} INFO - 
--------------------------------------------------------------------------------
Starting attempt 1 of 2
--------------------------------------------------------------------------------

[2018-08-27 13:36:27,371] {models.py:1428} INFO - Executing <Task(BashOperator): templated> on 2015-06-06 00:00:00
[2018-08-27 13:36:27,372] {base_task_runner.py:115} INFO - Running: ['bash', '-c', 'airflow run tutorial templated 2015-06-06T00:00:00 --job_id 31 --raw -sd DAGS_FOLDER/tutorial.py']
[2018-08-27 13:36:27,622] {base_task_runner.py:98} INFO - Subtask: [2018-08-27 13:36:27,621] {driver.py:120} INFO - Generating grammar tables from /usr/lib/python3.5/lib2to3/Grammar.txt
[2018-08-27 13:36:27,664] {base_task_runner.py:98} INFO - Subtask: [2018-08-27 13:36:27,664] {driver.py:120} INFO - Generating grammar tables from /usr/lib/python3.5/lib2to3/PatternGrammar.txt
[2018-08-27 13:36:27,774] {base_task_runner.py:98} INFO - Subtask: [2018-08-27 13:36:27,774] {__init__.py:45} INFO - Using executor SequentialExecutor
[2018-08-27 13:36:27,806] {base_task_runner.py:98} INFO - Subtask: [2018-08-27 13:36:27,806] {models.py:189} INFO - Filling up the DagBag from /home/silverlight/Projects/Minikube-deploy/airflow-project/dags/tutorial.py
[2018-08-27 13:36:27,837] {cli.py:374} INFO - Running on host silverlight
[2018-08-27 13:36:27,847] {base_task_runner.py:98} INFO - Subtask: [2018-08-27 13:36:27,847] {bash_operator.py:70} INFO - Tmp dir root location: 
[2018-08-27 13:36:27,847] {base_task_runner.py:98} INFO - Subtask:  /tmp
[2018-08-27 13:36:27,847] {base_task_runner.py:98} INFO - Subtask: [2018-08-27 13:36:27,847] {bash_operator.py:80} INFO - Temporary script location: /tmp/airflowtmpzkg542bo//tmp/airflowtmpzkg542bo/templatedlr4bhn6d
[2018-08-27 13:36:27,847] {base_task_runner.py:98} INFO - Subtask: [2018-08-27 13:36:27,847] {bash_operator.py:88} INFO - Running command: 
[2018-08-27 13:36:27,848] {base_task_runner.py:98} INFO - Subtask:     
[2018-08-27 13:36:27,848] {base_task_runner.py:98} INFO - Subtask:         echo "2015-06-06"
[2018-08-27 13:36:27,848] {base_task_runner.py:98} INFO - Subtask:         echo "2015-06-13"
[2018-08-27 13:36:27,848] {base_task_runner.py:98} INFO - Subtask:         echo "Parameter I passed in"
[2018-08-27 13:36:27,848] {base_task_runner.py:98} INFO - Subtask:     
[2018-08-27 13:36:27,848] {base_task_runner.py:98} INFO - Subtask:         echo "2015-06-06"
[2018-08-27 13:36:27,848] {base_task_runner.py:98} INFO - Subtask:         echo "2015-06-13"
[2018-08-27 13:36:27,848] {base_task_runner.py:98} INFO - Subtask:         echo "Parameter I passed in"
[2018-08-27 13:36:27,848] {base_task_runner.py:98} INFO - Subtask:     
[2018-08-27 13:36:27,848] {base_task_runner.py:98} INFO - Subtask:         echo "2015-06-06"
[2018-08-27 13:36:27,848] {base_task_runner.py:98} INFO - Subtask:         echo "2015-06-13"
[2018-08-27 13:36:27,848] {base_task_runner.py:98} INFO - Subtask:         echo "Parameter I passed in"
[2018-08-27 13:36:27,848] {base_task_runner.py:98} INFO - Subtask:     
[2018-08-27 13:36:27,848] {base_task_runner.py:98} INFO - Subtask:         echo "2015-06-06"
[2018-08-27 13:36:27,848] {base_task_runner.py:98} INFO - Subtask:         echo "2015-06-13"
[2018-08-27 13:36:27,848] {base_task_runner.py:98} INFO - Subtask:         echo "Parameter I passed in"
[2018-08-27 13:36:27,848] {base_task_runner.py:98} INFO - Subtask:     
[2018-08-27 13:36:27,848] {base_task_runner.py:98} INFO - Subtask:         echo "2015-06-06"
[2018-08-27 13:36:27,849] {base_task_runner.py:98} INFO - Subtask:         echo "2015-06-13"
[2018-08-27 13:36:27,849] {base_task_runner.py:98} INFO - Subtask:         echo "Parameter I passed in"
[2018-08-27 13:36:27,849] {base_task_runner.py:98} INFO - Subtask:     
[2018-08-27 13:36:27,850] {base_task_runner.py:98} INFO - Subtask: [2018-08-27 13:36:27,850] {bash_operator.py:97} INFO - Output:
[2018-08-27 13:36:27,851] {base_task_runner.py:98} INFO - Subtask: [2018-08-27 13:36:27,850] {bash_operator.py:101} INFO - 2015-06-06
[2018-08-27 13:36:27,851] {base_task_runner.py:98} INFO - Subtask: [2018-08-27 13:36:27,851] {bash_operator.py:101} INFO - 2015-06-13
[2018-08-27 13:36:27,851] {base_task_runner.py:98} INFO - Subtask: [2018-08-27 13:36:27,851] {bash_operator.py:101} INFO - Parameter I passed in
[2018-08-27 13:36:27,851] {base_task_runner.py:98} INFO - Subtask: [2018-08-27 13:36:27,851] {bash_operator.py:101} INFO - 2015-06-06
[2018-08-27 13:36:27,851] {base_task_runner.py:98} INFO - Subtask: [2018-08-27 13:36:27,851] {bash_operator.py:101} INFO - 2015-06-13
[2018-08-27 13:36:27,851] {base_task_runner.py:98} INFO - Subtask: [2018-08-27 13:36:27,851] {bash_operator.py:101} INFO - Parameter I passed in
[2018-08-27 13:36:27,851] {base_task_runner.py:98} INFO - Subtask: [2018-08-27 13:36:27,851] {bash_operator.py:101} INFO - 2015-06-06
[2018-08-27 13:36:27,851] {base_task_runner.py:98} INFO - Subtask: [2018-08-27 13:36:27,851] {bash_operator.py:101} INFO - 2015-06-13
[2018-08-27 13:36:27,851] {base_task_runner.py:98} INFO - Subtask: [2018-08-27 13:36:27,851] {bash_operator.py:101} INFO - Parameter I passed in
[2018-08-27 13:36:27,851] {base_task_runner.py:98} INFO - Subtask: [2018-08-27 13:36:27,851] {bash_operator.py:101} INFO - 2015-06-06
[2018-08-27 13:36:27,851] {base_task_runner.py:98} INFO - Subtask: [2018-08-27 13:36:27,851] {bash_operator.py:101} INFO - 2015-06-13
[2018-08-27 13:36:27,851] {base_task_runner.py:98} INFO - Subtask: [2018-08-27 13:36:27,851] {bash_operator.py:101} INFO - Parameter I passed in
[2018-08-27 13:36:27,851] {base_task_runner.py:98} INFO - Subtask: [2018-08-27 13:36:27,851] {bash_operator.py:101} INFO - 2015-06-06
[2018-08-27 13:36:27,851] {base_task_runner.py:98} INFO - Subtask: [2018-08-27 13:36:27,851] {bash_operator.py:101} INFO - 2015-06-13
[2018-08-27 13:36:27,852] {base_task_runner.py:98} INFO - Subtask: [2018-08-27 13:36:27,851] {bash_operator.py:101} INFO - Parameter I passed in
[2018-08-27 13:36:27,852] {base_task_runner.py:98} INFO - Subtask: [2018-08-27 13:36:27,851] {bash_operator.py:105} INFO - Command exited with return code 0
