[2018-08-27 13:53:42,637] {cli.py:374} INFO - Running on host silverlight
[2018-08-27 13:53:42,803] {models.py:1197} INFO - Dependencies all met for <TaskInstance: tutorial.templated 2015-07-09 00:00:00 [queued]>
[2018-08-27 13:53:42,809] {models.py:1197} INFO - Dependencies all met for <TaskInstance: tutorial.templated 2015-07-09 00:00:00 [queued]>
[2018-08-27 13:53:42,809] {models.py:1407} INFO - 
--------------------------------------------------------------------------------
Starting attempt 1 of 2
--------------------------------------------------------------------------------

[2018-08-27 13:53:42,868] {models.py:1428} INFO - Executing <Task(BashOperator): templated> on 2015-07-09 00:00:00
[2018-08-27 13:53:42,868] {base_task_runner.py:115} INFO - Running: ['bash', '-c', 'airflow run tutorial templated 2015-07-09T00:00:00 --job_id 176 --raw -sd DAGS_FOLDER/tutorial.py']
[2018-08-27 13:53:43,120] {base_task_runner.py:98} INFO - Subtask: [2018-08-27 13:53:43,120] {driver.py:120} INFO - Generating grammar tables from /usr/lib/python3.5/lib2to3/Grammar.txt
[2018-08-27 13:53:43,164] {base_task_runner.py:98} INFO - Subtask: [2018-08-27 13:53:43,164] {driver.py:120} INFO - Generating grammar tables from /usr/lib/python3.5/lib2to3/PatternGrammar.txt
[2018-08-27 13:53:43,272] {base_task_runner.py:98} INFO - Subtask: [2018-08-27 13:53:43,272] {__init__.py:45} INFO - Using executor SequentialExecutor
[2018-08-27 13:53:43,305] {base_task_runner.py:98} INFO - Subtask: [2018-08-27 13:53:43,305] {models.py:189} INFO - Filling up the DagBag from /home/silverlight/Projects/Minikube-deploy/airflow-project/dags/tutorial.py
[2018-08-27 13:53:43,333] {cli.py:374} INFO - Running on host silverlight
[2018-08-27 13:53:43,345] {base_task_runner.py:98} INFO - Subtask: [2018-08-27 13:53:43,345] {bash_operator.py:70} INFO - Tmp dir root location: 
[2018-08-27 13:53:43,346] {base_task_runner.py:98} INFO - Subtask:  /tmp
[2018-08-27 13:53:43,346] {base_task_runner.py:98} INFO - Subtask: [2018-08-27 13:53:43,345] {bash_operator.py:80} INFO - Temporary script location: /tmp/airflowtmp0g7oe5w8//tmp/airflowtmp0g7oe5w8/templatedo6fztetq
[2018-08-27 13:53:43,346] {base_task_runner.py:98} INFO - Subtask: [2018-08-27 13:53:43,346] {bash_operator.py:88} INFO - Running command: 
[2018-08-27 13:53:43,346] {base_task_runner.py:98} INFO - Subtask:     
[2018-08-27 13:53:43,346] {base_task_runner.py:98} INFO - Subtask:         echo "2015-07-09"
[2018-08-27 13:53:43,346] {base_task_runner.py:98} INFO - Subtask:         echo "2015-07-16"
[2018-08-27 13:53:43,346] {base_task_runner.py:98} INFO - Subtask:         echo "Parameter I passed in"
[2018-08-27 13:53:43,346] {base_task_runner.py:98} INFO - Subtask:     
[2018-08-27 13:53:43,346] {base_task_runner.py:98} INFO - Subtask:         echo "2015-07-09"
[2018-08-27 13:53:43,346] {base_task_runner.py:98} INFO - Subtask:         echo "2015-07-16"
[2018-08-27 13:53:43,346] {base_task_runner.py:98} INFO - Subtask:         echo "Parameter I passed in"
[2018-08-27 13:53:43,346] {base_task_runner.py:98} INFO - Subtask:     
[2018-08-27 13:53:43,347] {base_task_runner.py:98} INFO - Subtask:         echo "2015-07-09"
[2018-08-27 13:53:43,347] {base_task_runner.py:98} INFO - Subtask:         echo "2015-07-16"
[2018-08-27 13:53:43,347] {base_task_runner.py:98} INFO - Subtask:         echo "Parameter I passed in"
[2018-08-27 13:53:43,347] {base_task_runner.py:98} INFO - Subtask:     
[2018-08-27 13:53:43,347] {base_task_runner.py:98} INFO - Subtask:         echo "2015-07-09"
[2018-08-27 13:53:43,347] {base_task_runner.py:98} INFO - Subtask:         echo "2015-07-16"
[2018-08-27 13:53:43,347] {base_task_runner.py:98} INFO - Subtask:         echo "Parameter I passed in"
[2018-08-27 13:53:43,347] {base_task_runner.py:98} INFO - Subtask:     
[2018-08-27 13:53:43,347] {base_task_runner.py:98} INFO - Subtask:         echo "2015-07-09"
[2018-08-27 13:53:43,347] {base_task_runner.py:98} INFO - Subtask:         echo "2015-07-16"
[2018-08-27 13:53:43,347] {base_task_runner.py:98} INFO - Subtask:         echo "Parameter I passed in"
[2018-08-27 13:53:43,347] {base_task_runner.py:98} INFO - Subtask:     
[2018-08-27 13:53:43,350] {base_task_runner.py:98} INFO - Subtask: [2018-08-27 13:53:43,349] {bash_operator.py:97} INFO - Output:
[2018-08-27 13:53:43,350] {base_task_runner.py:98} INFO - Subtask: [2018-08-27 13:53:43,350] {bash_operator.py:101} INFO - 2015-07-09
[2018-08-27 13:53:43,350] {base_task_runner.py:98} INFO - Subtask: [2018-08-27 13:53:43,350] {bash_operator.py:101} INFO - 2015-07-16
[2018-08-27 13:53:43,350] {base_task_runner.py:98} INFO - Subtask: [2018-08-27 13:53:43,350] {bash_operator.py:101} INFO - Parameter I passed in
[2018-08-27 13:53:43,350] {base_task_runner.py:98} INFO - Subtask: [2018-08-27 13:53:43,350] {bash_operator.py:101} INFO - 2015-07-09
[2018-08-27 13:53:43,350] {base_task_runner.py:98} INFO - Subtask: [2018-08-27 13:53:43,350] {bash_operator.py:101} INFO - 2015-07-16
[2018-08-27 13:53:43,350] {base_task_runner.py:98} INFO - Subtask: [2018-08-27 13:53:43,350] {bash_operator.py:101} INFO - Parameter I passed in
[2018-08-27 13:53:43,351] {base_task_runner.py:98} INFO - Subtask: [2018-08-27 13:53:43,350] {bash_operator.py:101} INFO - 2015-07-09
[2018-08-27 13:53:43,351] {base_task_runner.py:98} INFO - Subtask: [2018-08-27 13:53:43,350] {bash_operator.py:101} INFO - 2015-07-16
[2018-08-27 13:53:43,351] {base_task_runner.py:98} INFO - Subtask: [2018-08-27 13:53:43,350] {bash_operator.py:101} INFO - Parameter I passed in
[2018-08-27 13:53:43,351] {base_task_runner.py:98} INFO - Subtask: [2018-08-27 13:53:43,350] {bash_operator.py:101} INFO - 2015-07-09
[2018-08-27 13:53:43,351] {base_task_runner.py:98} INFO - Subtask: [2018-08-27 13:53:43,350] {bash_operator.py:101} INFO - 2015-07-16
[2018-08-27 13:53:43,351] {base_task_runner.py:98} INFO - Subtask: [2018-08-27 13:53:43,350] {bash_operator.py:101} INFO - Parameter I passed in
[2018-08-27 13:53:43,351] {base_task_runner.py:98} INFO - Subtask: [2018-08-27 13:53:43,350] {bash_operator.py:101} INFO - 2015-07-09
[2018-08-27 13:53:43,351] {base_task_runner.py:98} INFO - Subtask: [2018-08-27 13:53:43,350] {bash_operator.py:101} INFO - 2015-07-16
[2018-08-27 13:53:43,351] {base_task_runner.py:98} INFO - Subtask: [2018-08-27 13:53:43,350] {bash_operator.py:101} INFO - Parameter I passed in
[2018-08-27 13:53:43,351] {base_task_runner.py:98} INFO - Subtask: [2018-08-27 13:53:43,351] {bash_operator.py:105} INFO - Command exited with return code 0
