[2018-08-27 13:45:38,804] {cli.py:374} INFO - Running on host silverlight
[2018-08-27 13:45:38,875] {models.py:1197} INFO - Dependencies all met for <TaskInstance: tutorial.print_date 2015-06-25 00:00:00 [queued]>
[2018-08-27 13:45:38,877] {models.py:1197} INFO - Dependencies all met for <TaskInstance: tutorial.print_date 2015-06-25 00:00:00 [queued]>
[2018-08-27 13:45:38,877] {models.py:1407} INFO - 
--------------------------------------------------------------------------------
Starting attempt 1 of 2
--------------------------------------------------------------------------------

[2018-08-27 13:45:38,913] {models.py:1428} INFO - Executing <Task(BashOperator): print_date> on 2015-06-25 00:00:00
[2018-08-27 13:45:38,914] {base_task_runner.py:115} INFO - Running: ['bash', '-c', 'airflow run tutorial print_date 2015-06-25T00:00:00 --job_id 110 --raw -sd DAGS_FOLDER/tutorial.py']
[2018-08-27 13:45:39,191] {base_task_runner.py:98} INFO - Subtask: [2018-08-27 13:45:39,191] {driver.py:120} INFO - Generating grammar tables from /usr/lib/python3.5/lib2to3/Grammar.txt
[2018-08-27 13:45:39,223] {base_task_runner.py:98} INFO - Subtask: [2018-08-27 13:45:39,223] {driver.py:120} INFO - Generating grammar tables from /usr/lib/python3.5/lib2to3/PatternGrammar.txt
[2018-08-27 13:45:39,332] {base_task_runner.py:98} INFO - Subtask: [2018-08-27 13:45:39,332] {__init__.py:45} INFO - Using executor SequentialExecutor
[2018-08-27 13:45:39,366] {base_task_runner.py:98} INFO - Subtask: [2018-08-27 13:45:39,366] {models.py:189} INFO - Filling up the DagBag from /home/silverlight/Projects/Minikube-deploy/airflow-project/dags/tutorial.py
[2018-08-27 13:45:39,394] {cli.py:374} INFO - Running on host silverlight
[2018-08-27 13:45:39,406] {base_task_runner.py:98} INFO - Subtask: [2018-08-27 13:45:39,406] {bash_operator.py:70} INFO - Tmp dir root location: 
[2018-08-27 13:45:39,406] {base_task_runner.py:98} INFO - Subtask:  /tmp
[2018-08-27 13:45:39,406] {base_task_runner.py:98} INFO - Subtask: [2018-08-27 13:45:39,406] {bash_operator.py:80} INFO - Temporary script location: /tmp/airflowtmpkuqaqvu8//tmp/airflowtmpkuqaqvu8/print_date6lhccug3
[2018-08-27 13:45:39,407] {base_task_runner.py:98} INFO - Subtask: [2018-08-27 13:45:39,406] {bash_operator.py:88} INFO - Running command: date
[2018-08-27 13:45:39,411] {base_task_runner.py:98} INFO - Subtask: [2018-08-27 13:45:39,411] {bash_operator.py:97} INFO - Output:
[2018-08-27 13:45:39,413] {base_task_runner.py:98} INFO - Subtask: [2018-08-27 13:45:39,413] {bash_operator.py:101} INFO - Thứ hai, 27 Tháng tám năm 2018 13:45:39 +07
[2018-08-27 13:45:39,413] {base_task_runner.py:98} INFO - Subtask: [2018-08-27 13:45:39,413] {bash_operator.py:105} INFO - Command exited with return code 0
