[2018-08-27 13:53:08,653] {cli.py:374} INFO - Running on host silverlight
[2018-08-27 13:53:08,761] {models.py:1197} INFO - Dependencies all met for <TaskInstance: tutorial.sleep 2015-07-08 00:00:00 [queued]>
[2018-08-27 13:53:08,770] {models.py:1197} INFO - Dependencies all met for <TaskInstance: tutorial.sleep 2015-07-08 00:00:00 [queued]>
[2018-08-27 13:53:08,771] {models.py:1407} INFO - 
--------------------------------------------------------------------------------
Starting attempt 1 of 4
--------------------------------------------------------------------------------

[2018-08-27 13:53:08,850] {models.py:1428} INFO - Executing <Task(BashOperator): sleep> on 2015-07-08 00:00:00
[2018-08-27 13:53:08,851] {base_task_runner.py:115} INFO - Running: ['bash', '-c', 'airflow run tutorial sleep 2015-07-08T00:00:00 --job_id 172 --raw -sd DAGS_FOLDER/tutorial.py']
[2018-08-27 13:53:09,105] {base_task_runner.py:98} INFO - Subtask: [2018-08-27 13:53:09,105] {driver.py:120} INFO - Generating grammar tables from /usr/lib/python3.5/lib2to3/Grammar.txt
[2018-08-27 13:53:09,136] {base_task_runner.py:98} INFO - Subtask: [2018-08-27 13:53:09,136] {driver.py:120} INFO - Generating grammar tables from /usr/lib/python3.5/lib2to3/PatternGrammar.txt
[2018-08-27 13:53:09,243] {base_task_runner.py:98} INFO - Subtask: [2018-08-27 13:53:09,243] {__init__.py:45} INFO - Using executor SequentialExecutor
[2018-08-27 13:53:09,275] {base_task_runner.py:98} INFO - Subtask: [2018-08-27 13:53:09,275] {models.py:189} INFO - Filling up the DagBag from /home/silverlight/Projects/Minikube-deploy/airflow-project/dags/tutorial.py
[2018-08-27 13:53:09,304] {cli.py:374} INFO - Running on host silverlight
[2018-08-27 13:53:09,314] {base_task_runner.py:98} INFO - Subtask: [2018-08-27 13:53:09,313] {bash_operator.py:70} INFO - Tmp dir root location: 
[2018-08-27 13:53:09,314] {base_task_runner.py:98} INFO - Subtask:  /tmp
[2018-08-27 13:53:09,314] {base_task_runner.py:98} INFO - Subtask: [2018-08-27 13:53:09,314] {bash_operator.py:80} INFO - Temporary script location: /tmp/airflowtmp_5syicoj//tmp/airflowtmp_5syicoj/sleepkdha_nm_
[2018-08-27 13:53:09,314] {base_task_runner.py:98} INFO - Subtask: [2018-08-27 13:53:09,314] {bash_operator.py:88} INFO - Running command: sleep 5
[2018-08-27 13:53:09,317] {base_task_runner.py:98} INFO - Subtask: [2018-08-27 13:53:09,316] {bash_operator.py:97} INFO - Output:
[2018-08-27 13:53:14,320] {base_task_runner.py:98} INFO - Subtask: [2018-08-27 13:53:14,318] {bash_operator.py:105} INFO - Command exited with return code 0
