[2018-08-27 13:49:55,352] {cli.py:374} INFO - Running on host silverlight
[2018-08-27 13:49:55,422] {models.py:1197} INFO - Dependencies all met for <TaskInstance: tutorial.templated 2015-06-30 00:00:00 [queued]>
[2018-08-27 13:49:55,427] {models.py:1197} INFO - Dependencies all met for <TaskInstance: tutorial.templated 2015-06-30 00:00:00 [queued]>
[2018-08-27 13:49:55,427] {models.py:1407} INFO - 
--------------------------------------------------------------------------------
Starting attempt 1 of 2
--------------------------------------------------------------------------------

[2018-08-27 13:49:55,492] {models.py:1428} INFO - Executing <Task(BashOperator): templated> on 2015-06-30 00:00:00
[2018-08-27 13:49:55,493] {base_task_runner.py:115} INFO - Running: ['bash', '-c', 'airflow run tutorial templated 2015-06-30T00:00:00 --job_id 147 --raw -sd DAGS_FOLDER/tutorial.py']
[2018-08-27 13:49:55,742] {base_task_runner.py:98} INFO - Subtask: [2018-08-27 13:49:55,742] {driver.py:120} INFO - Generating grammar tables from /usr/lib/python3.5/lib2to3/Grammar.txt
[2018-08-27 13:49:55,786] {base_task_runner.py:98} INFO - Subtask: [2018-08-27 13:49:55,786] {driver.py:120} INFO - Generating grammar tables from /usr/lib/python3.5/lib2to3/PatternGrammar.txt
[2018-08-27 13:49:55,894] {base_task_runner.py:98} INFO - Subtask: [2018-08-27 13:49:55,893] {__init__.py:45} INFO - Using executor SequentialExecutor
[2018-08-27 13:49:55,927] {base_task_runner.py:98} INFO - Subtask: [2018-08-27 13:49:55,927] {models.py:189} INFO - Filling up the DagBag from /home/silverlight/Projects/Minikube-deploy/airflow-project/dags/tutorial.py
[2018-08-27 13:49:55,957] {cli.py:374} INFO - Running on host silverlight
[2018-08-27 13:49:55,968] {base_task_runner.py:98} INFO - Subtask: [2018-08-27 13:49:55,968] {bash_operator.py:70} INFO - Tmp dir root location: 
[2018-08-27 13:49:55,968] {base_task_runner.py:98} INFO - Subtask:  /tmp
[2018-08-27 13:49:55,968] {base_task_runner.py:98} INFO - Subtask: [2018-08-27 13:49:55,968] {bash_operator.py:80} INFO - Temporary script location: /tmp/airflowtmp9_jy8fxa//tmp/airflowtmp9_jy8fxa/templatedb2drf4c4
[2018-08-27 13:49:55,968] {base_task_runner.py:98} INFO - Subtask: [2018-08-27 13:49:55,968] {bash_operator.py:88} INFO - Running command: 
[2018-08-27 13:49:55,968] {base_task_runner.py:98} INFO - Subtask:     
[2018-08-27 13:49:55,968] {base_task_runner.py:98} INFO - Subtask:         echo "2015-06-30"
[2018-08-27 13:49:55,969] {base_task_runner.py:98} INFO - Subtask:         echo "2015-07-07"
[2018-08-27 13:49:55,969] {base_task_runner.py:98} INFO - Subtask:         echo "Parameter I passed in"
[2018-08-27 13:49:55,969] {base_task_runner.py:98} INFO - Subtask:     
[2018-08-27 13:49:55,969] {base_task_runner.py:98} INFO - Subtask:         echo "2015-06-30"
[2018-08-27 13:49:55,969] {base_task_runner.py:98} INFO - Subtask:         echo "2015-07-07"
[2018-08-27 13:49:55,969] {base_task_runner.py:98} INFO - Subtask:         echo "Parameter I passed in"
[2018-08-27 13:49:55,969] {base_task_runner.py:98} INFO - Subtask:     
[2018-08-27 13:49:55,969] {base_task_runner.py:98} INFO - Subtask:         echo "2015-06-30"
[2018-08-27 13:49:55,969] {base_task_runner.py:98} INFO - Subtask:         echo "2015-07-07"
[2018-08-27 13:49:55,969] {base_task_runner.py:98} INFO - Subtask:         echo "Parameter I passed in"
[2018-08-27 13:49:55,969] {base_task_runner.py:98} INFO - Subtask:     
[2018-08-27 13:49:55,969] {base_task_runner.py:98} INFO - Subtask:         echo "2015-06-30"
[2018-08-27 13:49:55,969] {base_task_runner.py:98} INFO - Subtask:         echo "2015-07-07"
[2018-08-27 13:49:55,969] {base_task_runner.py:98} INFO - Subtask:         echo "Parameter I passed in"
[2018-08-27 13:49:55,970] {base_task_runner.py:98} INFO - Subtask:     
[2018-08-27 13:49:55,970] {base_task_runner.py:98} INFO - Subtask:         echo "2015-06-30"
[2018-08-27 13:49:55,970] {base_task_runner.py:98} INFO - Subtask:         echo "2015-07-07"
[2018-08-27 13:49:55,970] {base_task_runner.py:98} INFO - Subtask:         echo "Parameter I passed in"
[2018-08-27 13:49:55,970] {base_task_runner.py:98} INFO - Subtask:     
[2018-08-27 13:49:55,972] {base_task_runner.py:98} INFO - Subtask: [2018-08-27 13:49:55,972] {bash_operator.py:97} INFO - Output:
[2018-08-27 13:49:55,972] {base_task_runner.py:98} INFO - Subtask: [2018-08-27 13:49:55,972] {bash_operator.py:101} INFO - 2015-06-30
[2018-08-27 13:49:55,972] {base_task_runner.py:98} INFO - Subtask: [2018-08-27 13:49:55,972] {bash_operator.py:101} INFO - 2015-07-07
[2018-08-27 13:49:55,972] {base_task_runner.py:98} INFO - Subtask: [2018-08-27 13:49:55,972] {bash_operator.py:101} INFO - Parameter I passed in
[2018-08-27 13:49:55,973] {base_task_runner.py:98} INFO - Subtask: [2018-08-27 13:49:55,972] {bash_operator.py:101} INFO - 2015-06-30
[2018-08-27 13:49:55,973] {base_task_runner.py:98} INFO - Subtask: [2018-08-27 13:49:55,972] {bash_operator.py:101} INFO - 2015-07-07
[2018-08-27 13:49:55,973] {base_task_runner.py:98} INFO - Subtask: [2018-08-27 13:49:55,972] {bash_operator.py:101} INFO - Parameter I passed in
[2018-08-27 13:49:55,973] {base_task_runner.py:98} INFO - Subtask: [2018-08-27 13:49:55,972] {bash_operator.py:101} INFO - 2015-06-30
[2018-08-27 13:49:55,973] {base_task_runner.py:98} INFO - Subtask: [2018-08-27 13:49:55,972] {bash_operator.py:101} INFO - 2015-07-07
[2018-08-27 13:49:55,973] {base_task_runner.py:98} INFO - Subtask: [2018-08-27 13:49:55,973] {bash_operator.py:101} INFO - Parameter I passed in
[2018-08-27 13:49:55,973] {base_task_runner.py:98} INFO - Subtask: [2018-08-27 13:49:55,973] {bash_operator.py:101} INFO - 2015-06-30
[2018-08-27 13:49:55,973] {base_task_runner.py:98} INFO - Subtask: [2018-08-27 13:49:55,973] {bash_operator.py:101} INFO - 2015-07-07
[2018-08-27 13:49:55,973] {base_task_runner.py:98} INFO - Subtask: [2018-08-27 13:49:55,973] {bash_operator.py:101} INFO - Parameter I passed in
[2018-08-27 13:49:55,973] {base_task_runner.py:98} INFO - Subtask: [2018-08-27 13:49:55,973] {bash_operator.py:101} INFO - 2015-06-30
[2018-08-27 13:49:55,973] {base_task_runner.py:98} INFO - Subtask: [2018-08-27 13:49:55,973] {bash_operator.py:101} INFO - 2015-07-07
[2018-08-27 13:49:55,973] {base_task_runner.py:98} INFO - Subtask: [2018-08-27 13:49:55,973] {bash_operator.py:101} INFO - Parameter I passed in
[2018-08-27 13:49:55,973] {base_task_runner.py:98} INFO - Subtask: [2018-08-27 13:49:55,973] {bash_operator.py:105} INFO - Command exited with return code 0
