[2018-08-27 13:55:56,913] {cli.py:374} INFO - Running on host silverlight
[2018-08-27 13:55:56,962] {models.py:1197} INFO - Dependencies all met for <TaskInstance: tutorial.templated 2015-07-14 00:00:00 [queued]>
[2018-08-27 13:55:56,967] {models.py:1197} INFO - Dependencies all met for <TaskInstance: tutorial.templated 2015-07-14 00:00:00 [queued]>
[2018-08-27 13:55:56,967] {models.py:1407} INFO - 
--------------------------------------------------------------------------------
Starting attempt 1 of 2
--------------------------------------------------------------------------------

[2018-08-27 13:55:57,006] {models.py:1428} INFO - Executing <Task(BashOperator): templated> on 2015-07-14 00:00:00
[2018-08-27 13:55:57,006] {base_task_runner.py:115} INFO - Running: ['bash', '-c', 'airflow run tutorial templated 2015-07-14T00:00:00 --job_id 195 --raw -sd DAGS_FOLDER/tutorial.py']
[2018-08-27 13:55:57,252] {base_task_runner.py:98} INFO - Subtask: [2018-08-27 13:55:57,252] {driver.py:120} INFO - Generating grammar tables from /usr/lib/python3.5/lib2to3/Grammar.txt
[2018-08-27 13:55:57,284] {base_task_runner.py:98} INFO - Subtask: [2018-08-27 13:55:57,284] {driver.py:120} INFO - Generating grammar tables from /usr/lib/python3.5/lib2to3/PatternGrammar.txt
[2018-08-27 13:55:57,387] {base_task_runner.py:98} INFO - Subtask: [2018-08-27 13:55:57,387] {__init__.py:45} INFO - Using executor SequentialExecutor
[2018-08-27 13:55:57,418] {base_task_runner.py:98} INFO - Subtask: [2018-08-27 13:55:57,417] {models.py:189} INFO - Filling up the DagBag from /home/silverlight/Projects/Minikube-deploy/airflow-project/dags/tutorial.py
[2018-08-27 13:55:57,443] {cli.py:374} INFO - Running on host silverlight
[2018-08-27 13:55:57,454] {base_task_runner.py:98} INFO - Subtask: [2018-08-27 13:55:57,453] {bash_operator.py:70} INFO - Tmp dir root location: 
[2018-08-27 13:55:57,454] {base_task_runner.py:98} INFO - Subtask:  /tmp
[2018-08-27 13:55:57,454] {base_task_runner.py:98} INFO - Subtask: [2018-08-27 13:55:57,454] {bash_operator.py:80} INFO - Temporary script location: /tmp/airflowtmp49mk_odc//tmp/airflowtmp49mk_odc/templatedl0rjwdu4
[2018-08-27 13:55:57,454] {base_task_runner.py:98} INFO - Subtask: [2018-08-27 13:55:57,454] {bash_operator.py:88} INFO - Running command: 
[2018-08-27 13:55:57,454] {base_task_runner.py:98} INFO - Subtask:     
[2018-08-27 13:55:57,454] {base_task_runner.py:98} INFO - Subtask:         echo "2015-07-14"
[2018-08-27 13:55:57,454] {base_task_runner.py:98} INFO - Subtask:         echo "2015-07-21"
[2018-08-27 13:55:57,454] {base_task_runner.py:98} INFO - Subtask:         echo "Parameter I passed in"
[2018-08-27 13:55:57,454] {base_task_runner.py:98} INFO - Subtask:     
[2018-08-27 13:55:57,454] {base_task_runner.py:98} INFO - Subtask:         echo "2015-07-14"
[2018-08-27 13:55:57,454] {base_task_runner.py:98} INFO - Subtask:         echo "2015-07-21"
[2018-08-27 13:55:57,454] {base_task_runner.py:98} INFO - Subtask:         echo "Parameter I passed in"
[2018-08-27 13:55:57,454] {base_task_runner.py:98} INFO - Subtask:     
[2018-08-27 13:55:57,454] {base_task_runner.py:98} INFO - Subtask:         echo "2015-07-14"
[2018-08-27 13:55:57,455] {base_task_runner.py:98} INFO - Subtask:         echo "2015-07-21"
[2018-08-27 13:55:57,455] {base_task_runner.py:98} INFO - Subtask:         echo "Parameter I passed in"
[2018-08-27 13:55:57,455] {base_task_runner.py:98} INFO - Subtask:     
[2018-08-27 13:55:57,455] {base_task_runner.py:98} INFO - Subtask:         echo "2015-07-14"
[2018-08-27 13:55:57,455] {base_task_runner.py:98} INFO - Subtask:         echo "2015-07-21"
[2018-08-27 13:55:57,455] {base_task_runner.py:98} INFO - Subtask:         echo "Parameter I passed in"
[2018-08-27 13:55:57,455] {base_task_runner.py:98} INFO - Subtask:     
[2018-08-27 13:55:57,455] {base_task_runner.py:98} INFO - Subtask:         echo "2015-07-14"
[2018-08-27 13:55:57,455] {base_task_runner.py:98} INFO - Subtask:         echo "2015-07-21"
[2018-08-27 13:55:57,455] {base_task_runner.py:98} INFO - Subtask:         echo "Parameter I passed in"
[2018-08-27 13:55:57,455] {base_task_runner.py:98} INFO - Subtask:     
[2018-08-27 13:55:57,457] {base_task_runner.py:98} INFO - Subtask: [2018-08-27 13:55:57,457] {bash_operator.py:97} INFO - Output:
[2018-08-27 13:55:57,457] {base_task_runner.py:98} INFO - Subtask: [2018-08-27 13:55:57,457] {bash_operator.py:101} INFO - 2015-07-14
[2018-08-27 13:55:57,457] {base_task_runner.py:98} INFO - Subtask: [2018-08-27 13:55:57,457] {bash_operator.py:101} INFO - 2015-07-21
[2018-08-27 13:55:57,457] {base_task_runner.py:98} INFO - Subtask: [2018-08-27 13:55:57,457] {bash_operator.py:101} INFO - Parameter I passed in
[2018-08-27 13:55:57,458] {base_task_runner.py:98} INFO - Subtask: [2018-08-27 13:55:57,457] {bash_operator.py:101} INFO - 2015-07-14
[2018-08-27 13:55:57,458] {base_task_runner.py:98} INFO - Subtask: [2018-08-27 13:55:57,457] {bash_operator.py:101} INFO - 2015-07-21
[2018-08-27 13:55:57,458] {base_task_runner.py:98} INFO - Subtask: [2018-08-27 13:55:57,457] {bash_operator.py:101} INFO - Parameter I passed in
[2018-08-27 13:55:57,458] {base_task_runner.py:98} INFO - Subtask: [2018-08-27 13:55:57,458] {bash_operator.py:101} INFO - 2015-07-14
[2018-08-27 13:55:57,458] {base_task_runner.py:98} INFO - Subtask: [2018-08-27 13:55:57,458] {bash_operator.py:101} INFO - 2015-07-21
[2018-08-27 13:55:57,458] {base_task_runner.py:98} INFO - Subtask: [2018-08-27 13:55:57,458] {bash_operator.py:101} INFO - Parameter I passed in
[2018-08-27 13:55:57,458] {base_task_runner.py:98} INFO - Subtask: [2018-08-27 13:55:57,458] {bash_operator.py:101} INFO - 2015-07-14
[2018-08-27 13:55:57,458] {base_task_runner.py:98} INFO - Subtask: [2018-08-27 13:55:57,458] {bash_operator.py:101} INFO - 2015-07-21
[2018-08-27 13:55:57,458] {base_task_runner.py:98} INFO - Subtask: [2018-08-27 13:55:57,458] {bash_operator.py:101} INFO - Parameter I passed in
[2018-08-27 13:55:57,458] {base_task_runner.py:98} INFO - Subtask: [2018-08-27 13:55:57,458] {bash_operator.py:101} INFO - 2015-07-14
[2018-08-27 13:55:57,458] {base_task_runner.py:98} INFO - Subtask: [2018-08-27 13:55:57,458] {bash_operator.py:101} INFO - 2015-07-21
[2018-08-27 13:55:57,458] {base_task_runner.py:98} INFO - Subtask: [2018-08-27 13:55:57,458] {bash_operator.py:101} INFO - Parameter I passed in
[2018-08-27 13:55:57,458] {base_task_runner.py:98} INFO - Subtask: [2018-08-27 13:55:57,458] {bash_operator.py:105} INFO - Command exited with return code 0
