[2018-08-27 13:41:34,812] {cli.py:374} INFO - Running on host silverlight
[2018-08-27 13:41:34,852] {models.py:1197} INFO - Dependencies all met for <TaskInstance: tutorial.print_date 2015-06-18 00:00:00 [queued]>
[2018-08-27 13:41:34,855] {models.py:1197} INFO - Dependencies all met for <TaskInstance: tutorial.print_date 2015-06-18 00:00:00 [queued]>
[2018-08-27 13:41:34,855] {models.py:1407} INFO - 
--------------------------------------------------------------------------------
Starting attempt 1 of 2
--------------------------------------------------------------------------------

[2018-08-27 13:41:34,899] {models.py:1428} INFO - Executing <Task(BashOperator): print_date> on 2015-06-18 00:00:00
[2018-08-27 13:41:34,899] {base_task_runner.py:115} INFO - Running: ['bash', '-c', 'airflow run tutorial print_date 2015-06-18T00:00:00 --job_id 75 --raw -sd DAGS_FOLDER/tutorial.py']
[2018-08-27 13:41:35,151] {base_task_runner.py:98} INFO - Subtask: [2018-08-27 13:41:35,150] {driver.py:120} INFO - Generating grammar tables from /usr/lib/python3.5/lib2to3/Grammar.txt
[2018-08-27 13:41:35,183] {base_task_runner.py:98} INFO - Subtask: [2018-08-27 13:41:35,182] {driver.py:120} INFO - Generating grammar tables from /usr/lib/python3.5/lib2to3/PatternGrammar.txt
[2018-08-27 13:41:35,292] {base_task_runner.py:98} INFO - Subtask: [2018-08-27 13:41:35,292] {__init__.py:45} INFO - Using executor SequentialExecutor
[2018-08-27 13:41:35,326] {base_task_runner.py:98} INFO - Subtask: [2018-08-27 13:41:35,326] {models.py:189} INFO - Filling up the DagBag from /home/silverlight/Projects/Minikube-deploy/airflow-project/dags/tutorial.py
[2018-08-27 13:41:35,354] {cli.py:374} INFO - Running on host silverlight
[2018-08-27 13:41:35,364] {base_task_runner.py:98} INFO - Subtask: [2018-08-27 13:41:35,364] {bash_operator.py:70} INFO - Tmp dir root location: 
[2018-08-27 13:41:35,364] {base_task_runner.py:98} INFO - Subtask:  /tmp
[2018-08-27 13:41:35,364] {base_task_runner.py:98} INFO - Subtask: [2018-08-27 13:41:35,364] {bash_operator.py:80} INFO - Temporary script location: /tmp/airflowtmpghhx7k61//tmp/airflowtmpghhx7k61/print_datehoo56jfh
[2018-08-27 13:41:35,364] {base_task_runner.py:98} INFO - Subtask: [2018-08-27 13:41:35,364] {bash_operator.py:88} INFO - Running command: date
[2018-08-27 13:41:35,367] {base_task_runner.py:98} INFO - Subtask: [2018-08-27 13:41:35,366] {bash_operator.py:97} INFO - Output:
[2018-08-27 13:41:35,368] {base_task_runner.py:98} INFO - Subtask: [2018-08-27 13:41:35,368] {bash_operator.py:101} INFO - Thứ hai, 27 Tháng tám năm 2018 13:41:35 +07
[2018-08-27 13:41:35,368] {base_task_runner.py:98} INFO - Subtask: [2018-08-27 13:41:35,368] {bash_operator.py:105} INFO - Command exited with return code 0
