[2018-08-27 13:49:26,126] {cli.py:374} INFO - Running on host silverlight
[2018-08-27 13:49:26,214] {models.py:1197} INFO - Dependencies all met for <TaskInstance: tutorial.templated 2015-06-29 00:00:00 [queued]>
[2018-08-27 13:49:26,220] {models.py:1197} INFO - Dependencies all met for <TaskInstance: tutorial.templated 2015-06-29 00:00:00 [queued]>
[2018-08-27 13:49:26,220] {models.py:1407} INFO - 
--------------------------------------------------------------------------------
Starting attempt 1 of 2
--------------------------------------------------------------------------------

[2018-08-27 13:49:26,295] {models.py:1428} INFO - Executing <Task(BashOperator): templated> on 2015-06-29 00:00:00
[2018-08-27 13:49:26,296] {base_task_runner.py:115} INFO - Running: ['bash', '-c', 'airflow run tutorial templated 2015-06-29T00:00:00 --job_id 143 --raw -sd DAGS_FOLDER/tutorial.py']
[2018-08-27 13:49:26,609] {base_task_runner.py:98} INFO - Subtask: [2018-08-27 13:49:26,609] {driver.py:120} INFO - Generating grammar tables from /usr/lib/python3.5/lib2to3/Grammar.txt
[2018-08-27 13:49:26,659] {base_task_runner.py:98} INFO - Subtask: [2018-08-27 13:49:26,659] {driver.py:120} INFO - Generating grammar tables from /usr/lib/python3.5/lib2to3/PatternGrammar.txt
[2018-08-27 13:49:26,801] {base_task_runner.py:98} INFO - Subtask: [2018-08-27 13:49:26,801] {__init__.py:45} INFO - Using executor SequentialExecutor
[2018-08-27 13:49:26,840] {base_task_runner.py:98} INFO - Subtask: [2018-08-27 13:49:26,840] {models.py:189} INFO - Filling up the DagBag from /home/silverlight/Projects/Minikube-deploy/airflow-project/dags/tutorial.py
[2018-08-27 13:49:26,877] {cli.py:374} INFO - Running on host silverlight
[2018-08-27 13:49:26,893] {base_task_runner.py:98} INFO - Subtask: [2018-08-27 13:49:26,893] {bash_operator.py:70} INFO - Tmp dir root location: 
[2018-08-27 13:49:26,894] {base_task_runner.py:98} INFO - Subtask:  /tmp
[2018-08-27 13:49:26,894] {base_task_runner.py:98} INFO - Subtask: [2018-08-27 13:49:26,894] {bash_operator.py:80} INFO - Temporary script location: /tmp/airflowtmpshmfmip0//tmp/airflowtmpshmfmip0/templatedf0ggbs7z
[2018-08-27 13:49:26,894] {base_task_runner.py:98} INFO - Subtask: [2018-08-27 13:49:26,894] {bash_operator.py:88} INFO - Running command: 
[2018-08-27 13:49:26,894] {base_task_runner.py:98} INFO - Subtask:     
[2018-08-27 13:49:26,894] {base_task_runner.py:98} INFO - Subtask:         echo "2015-06-29"
[2018-08-27 13:49:26,894] {base_task_runner.py:98} INFO - Subtask:         echo "2015-07-06"
[2018-08-27 13:49:26,894] {base_task_runner.py:98} INFO - Subtask:         echo "Parameter I passed in"
[2018-08-27 13:49:26,894] {base_task_runner.py:98} INFO - Subtask:     
[2018-08-27 13:49:26,894] {base_task_runner.py:98} INFO - Subtask:         echo "2015-06-29"
[2018-08-27 13:49:26,894] {base_task_runner.py:98} INFO - Subtask:         echo "2015-07-06"
[2018-08-27 13:49:26,894] {base_task_runner.py:98} INFO - Subtask:         echo "Parameter I passed in"
[2018-08-27 13:49:26,894] {base_task_runner.py:98} INFO - Subtask:     
[2018-08-27 13:49:26,894] {base_task_runner.py:98} INFO - Subtask:         echo "2015-06-29"
[2018-08-27 13:49:26,895] {base_task_runner.py:98} INFO - Subtask:         echo "2015-07-06"
[2018-08-27 13:49:26,895] {base_task_runner.py:98} INFO - Subtask:         echo "Parameter I passed in"
[2018-08-27 13:49:26,895] {base_task_runner.py:98} INFO - Subtask:     
[2018-08-27 13:49:26,895] {base_task_runner.py:98} INFO - Subtask:         echo "2015-06-29"
[2018-08-27 13:49:26,895] {base_task_runner.py:98} INFO - Subtask:         echo "2015-07-06"
[2018-08-27 13:49:26,895] {base_task_runner.py:98} INFO - Subtask:         echo "Parameter I passed in"
[2018-08-27 13:49:26,895] {base_task_runner.py:98} INFO - Subtask:     
[2018-08-27 13:49:26,895] {base_task_runner.py:98} INFO - Subtask:         echo "2015-06-29"
[2018-08-27 13:49:26,895] {base_task_runner.py:98} INFO - Subtask:         echo "2015-07-06"
[2018-08-27 13:49:26,895] {base_task_runner.py:98} INFO - Subtask:         echo "Parameter I passed in"
[2018-08-27 13:49:26,895] {base_task_runner.py:98} INFO - Subtask:     
[2018-08-27 13:49:26,898] {base_task_runner.py:98} INFO - Subtask: [2018-08-27 13:49:26,898] {bash_operator.py:97} INFO - Output:
[2018-08-27 13:49:26,898] {base_task_runner.py:98} INFO - Subtask: [2018-08-27 13:49:26,898] {bash_operator.py:101} INFO - 2015-06-29
[2018-08-27 13:49:26,898] {base_task_runner.py:98} INFO - Subtask: [2018-08-27 13:49:26,898] {bash_operator.py:101} INFO - 2015-07-06
[2018-08-27 13:49:26,898] {base_task_runner.py:98} INFO - Subtask: [2018-08-27 13:49:26,898] {bash_operator.py:101} INFO - Parameter I passed in
[2018-08-27 13:49:26,898] {base_task_runner.py:98} INFO - Subtask: [2018-08-27 13:49:26,898] {bash_operator.py:101} INFO - 2015-06-29
[2018-08-27 13:49:26,898] {base_task_runner.py:98} INFO - Subtask: [2018-08-27 13:49:26,898] {bash_operator.py:101} INFO - 2015-07-06
[2018-08-27 13:49:26,898] {base_task_runner.py:98} INFO - Subtask: [2018-08-27 13:49:26,898] {bash_operator.py:101} INFO - Parameter I passed in
[2018-08-27 13:49:26,899] {base_task_runner.py:98} INFO - Subtask: [2018-08-27 13:49:26,898] {bash_operator.py:101} INFO - 2015-06-29
[2018-08-27 13:49:26,899] {base_task_runner.py:98} INFO - Subtask: [2018-08-27 13:49:26,898] {bash_operator.py:101} INFO - 2015-07-06
[2018-08-27 13:49:26,899] {base_task_runner.py:98} INFO - Subtask: [2018-08-27 13:49:26,898] {bash_operator.py:101} INFO - Parameter I passed in
[2018-08-27 13:49:26,899] {base_task_runner.py:98} INFO - Subtask: [2018-08-27 13:49:26,898] {bash_operator.py:101} INFO - 2015-06-29
[2018-08-27 13:49:26,899] {base_task_runner.py:98} INFO - Subtask: [2018-08-27 13:49:26,898] {bash_operator.py:101} INFO - 2015-07-06
[2018-08-27 13:49:26,899] {base_task_runner.py:98} INFO - Subtask: [2018-08-27 13:49:26,898] {bash_operator.py:101} INFO - Parameter I passed in
[2018-08-27 13:49:26,899] {base_task_runner.py:98} INFO - Subtask: [2018-08-27 13:49:26,898] {bash_operator.py:101} INFO - 2015-06-29
[2018-08-27 13:49:26,899] {base_task_runner.py:98} INFO - Subtask: [2018-08-27 13:49:26,899] {bash_operator.py:101} INFO - 2015-07-06
[2018-08-27 13:49:26,899] {base_task_runner.py:98} INFO - Subtask: [2018-08-27 13:49:26,899] {bash_operator.py:101} INFO - Parameter I passed in
[2018-08-27 13:49:26,899] {base_task_runner.py:98} INFO - Subtask: [2018-08-27 13:49:26,899] {bash_operator.py:105} INFO - Command exited with return code 0
