[2018-08-27 13:48:19,825] {cli.py:374} INFO - Running on host silverlight
[2018-08-27 13:48:19,880] {models.py:1197} INFO - Dependencies all met for <TaskInstance: tutorial.templated 2015-06-27 00:00:00 [queued]>
[2018-08-27 13:48:19,884] {models.py:1197} INFO - Dependencies all met for <TaskInstance: tutorial.templated 2015-06-27 00:00:00 [queued]>
[2018-08-27 13:48:19,884] {models.py:1407} INFO - 
--------------------------------------------------------------------------------
Starting attempt 1 of 2
--------------------------------------------------------------------------------

[2018-08-27 13:48:19,917] {models.py:1428} INFO - Executing <Task(BashOperator): templated> on 2015-06-27 00:00:00
[2018-08-27 13:48:19,917] {base_task_runner.py:115} INFO - Running: ['bash', '-c', 'airflow run tutorial templated 2015-06-27T00:00:00 --job_id 133 --raw -sd DAGS_FOLDER/tutorial.py']
[2018-08-27 13:48:20,169] {base_task_runner.py:98} INFO - Subtask: [2018-08-27 13:48:20,168] {driver.py:120} INFO - Generating grammar tables from /usr/lib/python3.5/lib2to3/Grammar.txt
[2018-08-27 13:48:20,201] {base_task_runner.py:98} INFO - Subtask: [2018-08-27 13:48:20,201] {driver.py:120} INFO - Generating grammar tables from /usr/lib/python3.5/lib2to3/PatternGrammar.txt
[2018-08-27 13:48:20,308] {base_task_runner.py:98} INFO - Subtask: [2018-08-27 13:48:20,308] {__init__.py:45} INFO - Using executor SequentialExecutor
[2018-08-27 13:48:20,341] {base_task_runner.py:98} INFO - Subtask: [2018-08-27 13:48:20,341] {models.py:189} INFO - Filling up the DagBag from /home/silverlight/Projects/Minikube-deploy/airflow-project/dags/tutorial.py
[2018-08-27 13:48:20,367] {cli.py:374} INFO - Running on host silverlight
[2018-08-27 13:48:20,379] {base_task_runner.py:98} INFO - Subtask: [2018-08-27 13:48:20,379] {bash_operator.py:70} INFO - Tmp dir root location: 
[2018-08-27 13:48:20,379] {base_task_runner.py:98} INFO - Subtask:  /tmp
[2018-08-27 13:48:20,380] {base_task_runner.py:98} INFO - Subtask: [2018-08-27 13:48:20,379] {bash_operator.py:80} INFO - Temporary script location: /tmp/airflowtmpyvfjawq3//tmp/airflowtmpyvfjawq3/templatedt8f8ceej
[2018-08-27 13:48:20,380] {base_task_runner.py:98} INFO - Subtask: [2018-08-27 13:48:20,380] {bash_operator.py:88} INFO - Running command: 
[2018-08-27 13:48:20,380] {base_task_runner.py:98} INFO - Subtask:     
[2018-08-27 13:48:20,380] {base_task_runner.py:98} INFO - Subtask:         echo "2015-06-27"
[2018-08-27 13:48:20,380] {base_task_runner.py:98} INFO - Subtask:         echo "2015-07-04"
[2018-08-27 13:48:20,380] {base_task_runner.py:98} INFO - Subtask:         echo "Parameter I passed in"
[2018-08-27 13:48:20,380] {base_task_runner.py:98} INFO - Subtask:     
[2018-08-27 13:48:20,380] {base_task_runner.py:98} INFO - Subtask:         echo "2015-06-27"
[2018-08-27 13:48:20,380] {base_task_runner.py:98} INFO - Subtask:         echo "2015-07-04"
[2018-08-27 13:48:20,380] {base_task_runner.py:98} INFO - Subtask:         echo "Parameter I passed in"
[2018-08-27 13:48:20,380] {base_task_runner.py:98} INFO - Subtask:     
[2018-08-27 13:48:20,380] {base_task_runner.py:98} INFO - Subtask:         echo "2015-06-27"
[2018-08-27 13:48:20,380] {base_task_runner.py:98} INFO - Subtask:         echo "2015-07-04"
[2018-08-27 13:48:20,380] {base_task_runner.py:98} INFO - Subtask:         echo "Parameter I passed in"
[2018-08-27 13:48:20,380] {base_task_runner.py:98} INFO - Subtask:     
[2018-08-27 13:48:20,381] {base_task_runner.py:98} INFO - Subtask:         echo "2015-06-27"
[2018-08-27 13:48:20,381] {base_task_runner.py:98} INFO - Subtask:         echo "2015-07-04"
[2018-08-27 13:48:20,381] {base_task_runner.py:98} INFO - Subtask:         echo "Parameter I passed in"
[2018-08-27 13:48:20,381] {base_task_runner.py:98} INFO - Subtask:     
[2018-08-27 13:48:20,381] {base_task_runner.py:98} INFO - Subtask:         echo "2015-06-27"
[2018-08-27 13:48:20,381] {base_task_runner.py:98} INFO - Subtask:         echo "2015-07-04"
[2018-08-27 13:48:20,381] {base_task_runner.py:98} INFO - Subtask:         echo "Parameter I passed in"
[2018-08-27 13:48:20,381] {base_task_runner.py:98} INFO - Subtask:     
[2018-08-27 13:48:20,383] {base_task_runner.py:98} INFO - Subtask: [2018-08-27 13:48:20,383] {bash_operator.py:97} INFO - Output:
[2018-08-27 13:48:20,384] {base_task_runner.py:98} INFO - Subtask: [2018-08-27 13:48:20,384] {bash_operator.py:101} INFO - 2015-06-27
[2018-08-27 13:48:20,384] {base_task_runner.py:98} INFO - Subtask: [2018-08-27 13:48:20,384] {bash_operator.py:101} INFO - 2015-07-04
[2018-08-27 13:48:20,384] {base_task_runner.py:98} INFO - Subtask: [2018-08-27 13:48:20,384] {bash_operator.py:101} INFO - Parameter I passed in
[2018-08-27 13:48:20,384] {base_task_runner.py:98} INFO - Subtask: [2018-08-27 13:48:20,384] {bash_operator.py:101} INFO - 2015-06-27
[2018-08-27 13:48:20,384] {base_task_runner.py:98} INFO - Subtask: [2018-08-27 13:48:20,384] {bash_operator.py:101} INFO - 2015-07-04
[2018-08-27 13:48:20,384] {base_task_runner.py:98} INFO - Subtask: [2018-08-27 13:48:20,384] {bash_operator.py:101} INFO - Parameter I passed in
[2018-08-27 13:48:20,384] {base_task_runner.py:98} INFO - Subtask: [2018-08-27 13:48:20,384] {bash_operator.py:101} INFO - 2015-06-27
[2018-08-27 13:48:20,384] {base_task_runner.py:98} INFO - Subtask: [2018-08-27 13:48:20,384] {bash_operator.py:101} INFO - 2015-07-04
[2018-08-27 13:48:20,384] {base_task_runner.py:98} INFO - Subtask: [2018-08-27 13:48:20,384] {bash_operator.py:101} INFO - Parameter I passed in
[2018-08-27 13:48:20,384] {base_task_runner.py:98} INFO - Subtask: [2018-08-27 13:48:20,384] {bash_operator.py:101} INFO - 2015-06-27
[2018-08-27 13:48:20,385] {base_task_runner.py:98} INFO - Subtask: [2018-08-27 13:48:20,384] {bash_operator.py:101} INFO - 2015-07-04
[2018-08-27 13:48:20,385] {base_task_runner.py:98} INFO - Subtask: [2018-08-27 13:48:20,384] {bash_operator.py:101} INFO - Parameter I passed in
[2018-08-27 13:48:20,385] {base_task_runner.py:98} INFO - Subtask: [2018-08-27 13:48:20,384] {bash_operator.py:101} INFO - 2015-06-27
[2018-08-27 13:48:20,385] {base_task_runner.py:98} INFO - Subtask: [2018-08-27 13:48:20,384] {bash_operator.py:101} INFO - 2015-07-04
[2018-08-27 13:48:20,385] {base_task_runner.py:98} INFO - Subtask: [2018-08-27 13:48:20,384] {bash_operator.py:101} INFO - Parameter I passed in
[2018-08-27 13:48:20,385] {base_task_runner.py:98} INFO - Subtask: [2018-08-27 13:48:20,384] {bash_operator.py:105} INFO - Command exited with return code 0
