[2018-08-27 13:38:18,142] {cli.py:374} INFO - Running on host silverlight
[2018-08-27 13:38:18,181] {models.py:1197} INFO - Dependencies all met for <TaskInstance: tutorial.sleep 2015-06-10 00:00:00 [queued]>
[2018-08-27 13:38:18,186] {models.py:1197} INFO - Dependencies all met for <TaskInstance: tutorial.sleep 2015-06-10 00:00:00 [queued]>
[2018-08-27 13:38:18,186] {models.py:1407} INFO - 
--------------------------------------------------------------------------------
Starting attempt 1 of 4
--------------------------------------------------------------------------------

[2018-08-27 13:38:18,221] {models.py:1428} INFO - Executing <Task(BashOperator): sleep> on 2015-06-10 00:00:00
[2018-08-27 13:38:18,222] {base_task_runner.py:115} INFO - Running: ['bash', '-c', 'airflow run tutorial sleep 2015-06-10T00:00:00 --job_id 47 --raw -sd DAGS_FOLDER/tutorial.py']
[2018-08-27 13:38:18,467] {base_task_runner.py:98} INFO - Subtask: [2018-08-27 13:38:18,467] {driver.py:120} INFO - Generating grammar tables from /usr/lib/python3.5/lib2to3/Grammar.txt
[2018-08-27 13:38:18,498] {base_task_runner.py:98} INFO - Subtask: [2018-08-27 13:38:18,498] {driver.py:120} INFO - Generating grammar tables from /usr/lib/python3.5/lib2to3/PatternGrammar.txt
[2018-08-27 13:38:18,600] {base_task_runner.py:98} INFO - Subtask: [2018-08-27 13:38:18,600] {__init__.py:45} INFO - Using executor SequentialExecutor
[2018-08-27 13:38:18,630] {base_task_runner.py:98} INFO - Subtask: [2018-08-27 13:38:18,630] {models.py:189} INFO - Filling up the DagBag from /home/silverlight/Projects/Minikube-deploy/airflow-project/dags/tutorial.py
[2018-08-27 13:38:18,655] {cli.py:374} INFO - Running on host silverlight
[2018-08-27 13:38:18,662] {base_task_runner.py:98} INFO - Subtask: [2018-08-27 13:38:18,662] {bash_operator.py:70} INFO - Tmp dir root location: 
[2018-08-27 13:38:18,663] {base_task_runner.py:98} INFO - Subtask:  /tmp
[2018-08-27 13:38:18,663] {base_task_runner.py:98} INFO - Subtask: [2018-08-27 13:38:18,663] {bash_operator.py:80} INFO - Temporary script location: /tmp/airflowtmpru4i7fs4//tmp/airflowtmpru4i7fs4/sleepy2sbzydk
[2018-08-27 13:38:18,663] {base_task_runner.py:98} INFO - Subtask: [2018-08-27 13:38:18,663] {bash_operator.py:88} INFO - Running command: sleep 5
[2018-08-27 13:38:18,665] {base_task_runner.py:98} INFO - Subtask: [2018-08-27 13:38:18,665] {bash_operator.py:97} INFO - Output:
[2018-08-27 13:38:23,669] {base_task_runner.py:98} INFO - Subtask: [2018-08-27 13:38:23,667] {bash_operator.py:105} INFO - Command exited with return code 0
