[2018-08-27 13:35:01,251] {cli.py:374} INFO - Running on host silverlight
[2018-08-27 13:35:01,294] {models.py:1197} INFO - Dependencies all met for <TaskInstance: tutorial.print_date 2015-06-06 00:00:00 [queued]>
[2018-08-27 13:35:01,295] {models.py:1197} INFO - Dependencies all met for <TaskInstance: tutorial.print_date 2015-06-06 00:00:00 [queued]>
[2018-08-27 13:35:01,296] {models.py:1407} INFO - 
--------------------------------------------------------------------------------
Starting attempt 1 of 2
--------------------------------------------------------------------------------

[2018-08-27 13:35:01,327] {models.py:1428} INFO - Executing <Task(BashOperator): print_date> on 2015-06-06 00:00:00
[2018-08-27 13:35:01,327] {base_task_runner.py:115} INFO - Running: ['bash', '-c', 'airflow run tutorial print_date 2015-06-06T00:00:00 --job_id 19 --raw -sd DAGS_FOLDER/tutorial.py']
[2018-08-27 13:35:01,599] {base_task_runner.py:98} INFO - Subtask: [2018-08-27 13:35:01,599] {driver.py:120} INFO - Generating grammar tables from /usr/lib/python3.5/lib2to3/Grammar.txt
[2018-08-27 13:35:01,638] {base_task_runner.py:98} INFO - Subtask: [2018-08-27 13:35:01,637] {driver.py:120} INFO - Generating grammar tables from /usr/lib/python3.5/lib2to3/PatternGrammar.txt
[2018-08-27 13:35:01,749] {base_task_runner.py:98} INFO - Subtask: [2018-08-27 13:35:01,748] {__init__.py:45} INFO - Using executor SequentialExecutor
[2018-08-27 13:35:01,786] {base_task_runner.py:98} INFO - Subtask: [2018-08-27 13:35:01,786] {models.py:189} INFO - Filling up the DagBag from /home/silverlight/Projects/Minikube-deploy/airflow-project/dags/tutorial.py
[2018-08-27 13:35:01,820] {cli.py:374} INFO - Running on host silverlight
[2018-08-27 13:35:01,829] {base_task_runner.py:98} INFO - Subtask: [2018-08-27 13:35:01,829] {bash_operator.py:70} INFO - Tmp dir root location: 
[2018-08-27 13:35:01,829] {base_task_runner.py:98} INFO - Subtask:  /tmp
[2018-08-27 13:35:01,829] {base_task_runner.py:98} INFO - Subtask: [2018-08-27 13:35:01,829] {bash_operator.py:80} INFO - Temporary script location: /tmp/airflowtmpgrihh5rp//tmp/airflowtmpgrihh5rp/print_dateom48_zw6
[2018-08-27 13:35:01,829] {base_task_runner.py:98} INFO - Subtask: [2018-08-27 13:35:01,829] {bash_operator.py:88} INFO - Running command: date
[2018-08-27 13:35:01,832] {base_task_runner.py:98} INFO - Subtask: [2018-08-27 13:35:01,832] {bash_operator.py:97} INFO - Output:
[2018-08-27 13:35:01,833] {base_task_runner.py:98} INFO - Subtask: [2018-08-27 13:35:01,833] {bash_operator.py:101} INFO - Thứ hai, 27 Tháng tám năm 2018 13:35:01 +07
[2018-08-27 13:35:01,833] {base_task_runner.py:98} INFO - Subtask: [2018-08-27 13:35:01,833] {bash_operator.py:105} INFO - Command exited with return code 0
