[2018-08-27 13:50:24,610] {cli.py:374} INFO - Running on host silverlight
[2018-08-27 13:50:24,683] {models.py:1197} INFO - Dependencies all met for <TaskInstance: tutorial.sleep 2015-07-01 00:00:00 [queued]>
[2018-08-27 13:50:24,686] {models.py:1197} INFO - Dependencies all met for <TaskInstance: tutorial.sleep 2015-07-01 00:00:00 [queued]>
[2018-08-27 13:50:24,686] {models.py:1407} INFO - 
--------------------------------------------------------------------------------
Starting attempt 1 of 4
--------------------------------------------------------------------------------

[2018-08-27 13:50:24,728] {models.py:1428} INFO - Executing <Task(BashOperator): sleep> on 2015-07-01 00:00:00
[2018-08-27 13:50:24,728] {base_task_runner.py:115} INFO - Running: ['bash', '-c', 'airflow run tutorial sleep 2015-07-01T00:00:00 --job_id 151 --raw -sd DAGS_FOLDER/tutorial.py']
[2018-08-27 13:50:24,976] {base_task_runner.py:98} INFO - Subtask: [2018-08-27 13:50:24,976] {driver.py:120} INFO - Generating grammar tables from /usr/lib/python3.5/lib2to3/Grammar.txt
[2018-08-27 13:50:25,009] {base_task_runner.py:98} INFO - Subtask: [2018-08-27 13:50:25,009] {driver.py:120} INFO - Generating grammar tables from /usr/lib/python3.5/lib2to3/PatternGrammar.txt
[2018-08-27 13:50:25,120] {base_task_runner.py:98} INFO - Subtask: [2018-08-27 13:50:25,120] {__init__.py:45} INFO - Using executor SequentialExecutor
[2018-08-27 13:50:25,152] {base_task_runner.py:98} INFO - Subtask: [2018-08-27 13:50:25,152] {models.py:189} INFO - Filling up the DagBag from /home/silverlight/Projects/Minikube-deploy/airflow-project/dags/tutorial.py
[2018-08-27 13:50:25,178] {cli.py:374} INFO - Running on host silverlight
[2018-08-27 13:50:25,187] {base_task_runner.py:98} INFO - Subtask: [2018-08-27 13:50:25,187] {bash_operator.py:70} INFO - Tmp dir root location: 
[2018-08-27 13:50:25,187] {base_task_runner.py:98} INFO - Subtask:  /tmp
[2018-08-27 13:50:25,187] {base_task_runner.py:98} INFO - Subtask: [2018-08-27 13:50:25,187] {bash_operator.py:80} INFO - Temporary script location: /tmp/airflowtmprr3hvby5//tmp/airflowtmprr3hvby5/sleep29t8_z58
[2018-08-27 13:50:25,187] {base_task_runner.py:98} INFO - Subtask: [2018-08-27 13:50:25,187] {bash_operator.py:88} INFO - Running command: sleep 5
[2018-08-27 13:50:25,190] {base_task_runner.py:98} INFO - Subtask: [2018-08-27 13:50:25,190] {bash_operator.py:97} INFO - Output:
[2018-08-27 13:50:30,193] {base_task_runner.py:98} INFO - Subtask: [2018-08-27 13:50:30,192] {bash_operator.py:105} INFO - Command exited with return code 0
