[2018-08-27 13:59:33,164] {cli.py:374} INFO - Running on host silverlight
[2018-08-27 13:59:33,250] {models.py:1197} INFO - Dependencies all met for <TaskInstance: tutorial.sleep 2015-07-17 00:00:00 [queued]>
[2018-08-27 13:59:33,255] {models.py:1197} INFO - Dependencies all met for <TaskInstance: tutorial.sleep 2015-07-17 00:00:00 [queued]>
[2018-08-27 13:59:33,255] {models.py:1407} INFO - 
--------------------------------------------------------------------------------
Starting attempt 1 of 4
--------------------------------------------------------------------------------

[2018-08-27 13:59:33,324] {models.py:1428} INFO - Executing <Task(BashOperator): sleep> on 2015-07-17 00:00:00
[2018-08-27 13:59:33,324] {base_task_runner.py:115} INFO - Running: ['bash', '-c', 'airflow run tutorial sleep 2015-07-17T00:00:00 --job_id 217 --raw -sd DAGS_FOLDER/tutorial.py']
[2018-08-27 13:59:33,573] {base_task_runner.py:98} INFO - Subtask: [2018-08-27 13:59:33,573] {driver.py:120} INFO - Generating grammar tables from /usr/lib/python3.5/lib2to3/Grammar.txt
[2018-08-27 13:59:33,616] {base_task_runner.py:98} INFO - Subtask: [2018-08-27 13:59:33,616] {driver.py:120} INFO - Generating grammar tables from /usr/lib/python3.5/lib2to3/PatternGrammar.txt
[2018-08-27 13:59:33,718] {base_task_runner.py:98} INFO - Subtask: [2018-08-27 13:59:33,718] {__init__.py:45} INFO - Using executor SequentialExecutor
[2018-08-27 13:59:33,749] {base_task_runner.py:98} INFO - Subtask: [2018-08-27 13:59:33,749] {models.py:189} INFO - Filling up the DagBag from /home/silverlight/Projects/Minikube-deploy/airflow-project/dags/tutorial.py
[2018-08-27 13:59:33,785] {cli.py:374} INFO - Running on host silverlight
[2018-08-27 13:59:33,796] {base_task_runner.py:98} INFO - Subtask: [2018-08-27 13:59:33,796] {bash_operator.py:70} INFO - Tmp dir root location: 
[2018-08-27 13:59:33,796] {base_task_runner.py:98} INFO - Subtask:  /tmp
[2018-08-27 13:59:33,796] {base_task_runner.py:98} INFO - Subtask: [2018-08-27 13:59:33,796] {bash_operator.py:80} INFO - Temporary script location: /tmp/airflowtmpyqghmuac//tmp/airflowtmpyqghmuac/sleepr46ibdjk
[2018-08-27 13:59:33,796] {base_task_runner.py:98} INFO - Subtask: [2018-08-27 13:59:33,796] {bash_operator.py:88} INFO - Running command: sleep 5
[2018-08-27 13:59:33,799] {base_task_runner.py:98} INFO - Subtask: [2018-08-27 13:59:33,799] {bash_operator.py:97} INFO - Output:
[2018-08-27 13:59:38,801] {base_task_runner.py:98} INFO - Subtask: [2018-08-27 13:59:38,800] {bash_operator.py:105} INFO - Command exited with return code 0
