[2018-08-27 13:43:01,452] {cli.py:374} INFO - Running on host silverlight
[2018-08-27 13:43:01,561] {models.py:1197} INFO - Dependencies all met for <TaskInstance: tutorial.sleep 2015-06-18 00:00:00 [queued]>
[2018-08-27 13:43:01,569] {models.py:1197} INFO - Dependencies all met for <TaskInstance: tutorial.sleep 2015-06-18 00:00:00 [queued]>
[2018-08-27 13:43:01,569] {models.py:1407} INFO - 
--------------------------------------------------------------------------------
Starting attempt 1 of 4
--------------------------------------------------------------------------------

[2018-08-27 13:43:01,620] {models.py:1428} INFO - Executing <Task(BashOperator): sleep> on 2015-06-18 00:00:00
[2018-08-27 13:43:01,621] {base_task_runner.py:115} INFO - Running: ['bash', '-c', 'airflow run tutorial sleep 2015-06-18T00:00:00 --job_id 88 --raw -sd DAGS_FOLDER/tutorial.py']
[2018-08-27 13:43:01,884] {base_task_runner.py:98} INFO - Subtask: [2018-08-27 13:43:01,884] {driver.py:120} INFO - Generating grammar tables from /usr/lib/python3.5/lib2to3/Grammar.txt
[2018-08-27 13:43:01,917] {base_task_runner.py:98} INFO - Subtask: [2018-08-27 13:43:01,917] {driver.py:120} INFO - Generating grammar tables from /usr/lib/python3.5/lib2to3/PatternGrammar.txt
[2018-08-27 13:43:02,054] {base_task_runner.py:98} INFO - Subtask: [2018-08-27 13:43:02,054] {__init__.py:45} INFO - Using executor SequentialExecutor
[2018-08-27 13:43:02,091] {base_task_runner.py:98} INFO - Subtask: [2018-08-27 13:43:02,091] {models.py:189} INFO - Filling up the DagBag from /home/silverlight/Projects/Minikube-deploy/airflow-project/dags/tutorial.py
[2018-08-27 13:43:02,132] {cli.py:374} INFO - Running on host silverlight
[2018-08-27 13:43:02,146] {base_task_runner.py:98} INFO - Subtask: [2018-08-27 13:43:02,146] {bash_operator.py:70} INFO - Tmp dir root location: 
[2018-08-27 13:43:02,147] {base_task_runner.py:98} INFO - Subtask:  /tmp
[2018-08-27 13:43:02,148] {base_task_runner.py:98} INFO - Subtask: [2018-08-27 13:43:02,147] {bash_operator.py:80} INFO - Temporary script location: /tmp/airflowtmpz599b3_a//tmp/airflowtmpz599b3_a/sleep292bfxi7
[2018-08-27 13:43:02,148] {base_task_runner.py:98} INFO - Subtask: [2018-08-27 13:43:02,148] {bash_operator.py:88} INFO - Running command: sleep 5
[2018-08-27 13:43:02,157] {base_task_runner.py:98} INFO - Subtask: [2018-08-27 13:43:02,157] {bash_operator.py:97} INFO - Output:
[2018-08-27 13:43:07,159] {base_task_runner.py:98} INFO - Subtask: [2018-08-27 13:43:07,159] {bash_operator.py:105} INFO - Command exited with return code 0
