[2018-08-27 13:55:33,647] {cli.py:374} INFO - Running on host silverlight
[2018-08-27 13:55:33,979] {models.py:1197} INFO - Dependencies all met for <TaskInstance: tutorial.sleep 2015-07-13 00:00:00 [queued]>
[2018-08-27 13:55:33,982] {models.py:1197} INFO - Dependencies all met for <TaskInstance: tutorial.sleep 2015-07-13 00:00:00 [queued]>
[2018-08-27 13:55:33,983] {models.py:1407} INFO - 
--------------------------------------------------------------------------------
Starting attempt 1 of 4
--------------------------------------------------------------------------------

[2018-08-27 13:55:34,013] {models.py:1428} INFO - Executing <Task(BashOperator): sleep> on 2015-07-13 00:00:00
[2018-08-27 13:55:34,013] {base_task_runner.py:115} INFO - Running: ['bash', '-c', 'airflow run tutorial sleep 2015-07-13T00:00:00 --job_id 192 --raw -sd DAGS_FOLDER/tutorial.py']
[2018-08-27 13:55:34,247] {base_task_runner.py:98} INFO - Subtask: [2018-08-27 13:55:34,246] {driver.py:120} INFO - Generating grammar tables from /usr/lib/python3.5/lib2to3/Grammar.txt
[2018-08-27 13:55:34,276] {base_task_runner.py:98} INFO - Subtask: [2018-08-27 13:55:34,276] {driver.py:120} INFO - Generating grammar tables from /usr/lib/python3.5/lib2to3/PatternGrammar.txt
[2018-08-27 13:55:34,398] {base_task_runner.py:98} INFO - Subtask: [2018-08-27 13:55:34,398] {__init__.py:45} INFO - Using executor SequentialExecutor
[2018-08-27 13:55:34,447] {base_task_runner.py:98} INFO - Subtask: [2018-08-27 13:55:34,447] {models.py:189} INFO - Filling up the DagBag from /home/silverlight/Projects/Minikube-deploy/airflow-project/dags/tutorial.py
[2018-08-27 13:55:34,485] {cli.py:374} INFO - Running on host silverlight
[2018-08-27 13:55:34,498] {base_task_runner.py:98} INFO - Subtask: [2018-08-27 13:55:34,498] {bash_operator.py:70} INFO - Tmp dir root location: 
[2018-08-27 13:55:34,498] {base_task_runner.py:98} INFO - Subtask:  /tmp
[2018-08-27 13:55:34,498] {base_task_runner.py:98} INFO - Subtask: [2018-08-27 13:55:34,498] {bash_operator.py:80} INFO - Temporary script location: /tmp/airflowtmpnkua39rk//tmp/airflowtmpnkua39rk/sleepn4ji2pro
[2018-08-27 13:55:34,499] {base_task_runner.py:98} INFO - Subtask: [2018-08-27 13:55:34,498] {bash_operator.py:88} INFO - Running command: sleep 5
[2018-08-27 13:55:34,504] {base_task_runner.py:98} INFO - Subtask: [2018-08-27 13:55:34,503] {bash_operator.py:97} INFO - Output:
[2018-08-27 13:55:39,506] {base_task_runner.py:98} INFO - Subtask: [2018-08-27 13:55:39,505] {bash_operator.py:105} INFO - Command exited with return code 0
