[2018-08-27 13:33:22,078] {cli.py:374} INFO - Running on host silverlight
[2018-08-27 13:33:22,144] {models.py:1197} INFO - Dependencies all met for <TaskInstance: tutorial.sleep 2015-06-01 00:00:00 [queued]>
[2018-08-27 13:33:22,151] {models.py:1197} INFO - Dependencies all met for <TaskInstance: tutorial.sleep 2015-06-01 00:00:00 [queued]>
[2018-08-27 13:33:22,151] {models.py:1407} INFO - 
--------------------------------------------------------------------------------
Starting attempt 1 of 4
--------------------------------------------------------------------------------

[2018-08-27 13:33:22,180] {models.py:1428} INFO - Executing <Task(BashOperator): sleep> on 2015-06-01 00:00:00
[2018-08-27 13:33:22,180] {base_task_runner.py:115} INFO - Running: ['bash', '-c', 'airflow run tutorial sleep 2015-06-01T00:00:00 --job_id 11 --raw -sd DAGS_FOLDER/tutorial.py']
[2018-08-27 13:33:22,428] {base_task_runner.py:98} INFO - Subtask: [2018-08-27 13:33:22,427] {driver.py:120} INFO - Generating grammar tables from /usr/lib/python3.5/lib2to3/Grammar.txt
[2018-08-27 13:33:22,460] {base_task_runner.py:98} INFO - Subtask: [2018-08-27 13:33:22,460] {driver.py:120} INFO - Generating grammar tables from /usr/lib/python3.5/lib2to3/PatternGrammar.txt
[2018-08-27 13:33:22,565] {base_task_runner.py:98} INFO - Subtask: [2018-08-27 13:33:22,565] {__init__.py:45} INFO - Using executor SequentialExecutor
[2018-08-27 13:33:22,597] {base_task_runner.py:98} INFO - Subtask: [2018-08-27 13:33:22,597] {models.py:189} INFO - Filling up the DagBag from /home/silverlight/Projects/Minikube-deploy/airflow-project/dags/tutorial.py
[2018-08-27 13:33:22,624] {cli.py:374} INFO - Running on host silverlight
[2018-08-27 13:33:22,633] {base_task_runner.py:98} INFO - Subtask: [2018-08-27 13:33:22,633] {bash_operator.py:70} INFO - Tmp dir root location: 
[2018-08-27 13:33:22,633] {base_task_runner.py:98} INFO - Subtask:  /tmp
[2018-08-27 13:33:22,634] {base_task_runner.py:98} INFO - Subtask: [2018-08-27 13:33:22,633] {bash_operator.py:80} INFO - Temporary script location: /tmp/airflowtmpcxt8fpfe//tmp/airflowtmpcxt8fpfe/sleepd8ycyff9
[2018-08-27 13:33:22,634] {base_task_runner.py:98} INFO - Subtask: [2018-08-27 13:33:22,634] {bash_operator.py:88} INFO - Running command: sleep 5
[2018-08-27 13:33:22,638] {base_task_runner.py:98} INFO - Subtask: [2018-08-27 13:33:22,637] {bash_operator.py:97} INFO - Output:
[2018-08-27 13:33:27,640] {base_task_runner.py:98} INFO - Subtask: [2018-08-27 13:33:27,639] {bash_operator.py:105} INFO - Command exited with return code 0
