[2018-08-27 13:39:38,313] {cli.py:374} INFO - Running on host silverlight
[2018-08-27 13:39:38,487] {models.py:1197} INFO - Dependencies all met for <TaskInstance: tutorial.templated 2015-06-12 00:00:00 [queued]>
[2018-08-27 13:39:38,492] {models.py:1197} INFO - Dependencies all met for <TaskInstance: tutorial.templated 2015-06-12 00:00:00 [queued]>
[2018-08-27 13:39:38,492] {models.py:1407} INFO - 
--------------------------------------------------------------------------------
Starting attempt 1 of 2
--------------------------------------------------------------------------------

[2018-08-27 13:39:38,525] {models.py:1428} INFO - Executing <Task(BashOperator): templated> on 2015-06-12 00:00:00
[2018-08-27 13:39:38,525] {base_task_runner.py:115} INFO - Running: ['bash', '-c', 'airflow run tutorial templated 2015-06-12T00:00:00 --job_id 58 --raw -sd DAGS_FOLDER/tutorial.py']
[2018-08-27 13:39:38,805] {base_task_runner.py:98} INFO - Subtask: [2018-08-27 13:39:38,805] {driver.py:120} INFO - Generating grammar tables from /usr/lib/python3.5/lib2to3/Grammar.txt
[2018-08-27 13:39:38,860] {base_task_runner.py:98} INFO - Subtask: [2018-08-27 13:39:38,860] {driver.py:120} INFO - Generating grammar tables from /usr/lib/python3.5/lib2to3/PatternGrammar.txt
[2018-08-27 13:39:38,977] {base_task_runner.py:98} INFO - Subtask: [2018-08-27 13:39:38,977] {__init__.py:45} INFO - Using executor SequentialExecutor
[2018-08-27 13:39:39,012] {base_task_runner.py:98} INFO - Subtask: [2018-08-27 13:39:39,011] {models.py:189} INFO - Filling up the DagBag from /home/silverlight/Projects/Minikube-deploy/airflow-project/dags/tutorial.py
[2018-08-27 13:39:39,038] {cli.py:374} INFO - Running on host silverlight
[2018-08-27 13:39:39,051] {base_task_runner.py:98} INFO - Subtask: [2018-08-27 13:39:39,051] {bash_operator.py:70} INFO - Tmp dir root location: 
[2018-08-27 13:39:39,051] {base_task_runner.py:98} INFO - Subtask:  /tmp
[2018-08-27 13:39:39,051] {base_task_runner.py:98} INFO - Subtask: [2018-08-27 13:39:39,051] {bash_operator.py:80} INFO - Temporary script location: /tmp/airflowtmpfd11he0q//tmp/airflowtmpfd11he0q/templatedx1xyxe9b
[2018-08-27 13:39:39,051] {base_task_runner.py:98} INFO - Subtask: [2018-08-27 13:39:39,051] {bash_operator.py:88} INFO - Running command: 
[2018-08-27 13:39:39,051] {base_task_runner.py:98} INFO - Subtask:     
[2018-08-27 13:39:39,051] {base_task_runner.py:98} INFO - Subtask:         echo "2015-06-12"
[2018-08-27 13:39:39,051] {base_task_runner.py:98} INFO - Subtask:         echo "2015-06-19"
[2018-08-27 13:39:39,051] {base_task_runner.py:98} INFO - Subtask:         echo "Parameter I passed in"
[2018-08-27 13:39:39,051] {base_task_runner.py:98} INFO - Subtask:     
[2018-08-27 13:39:39,052] {base_task_runner.py:98} INFO - Subtask:         echo "2015-06-12"
[2018-08-27 13:39:39,052] {base_task_runner.py:98} INFO - Subtask:         echo "2015-06-19"
[2018-08-27 13:39:39,052] {base_task_runner.py:98} INFO - Subtask:         echo "Parameter I passed in"
[2018-08-27 13:39:39,052] {base_task_runner.py:98} INFO - Subtask:     
[2018-08-27 13:39:39,052] {base_task_runner.py:98} INFO - Subtask:         echo "2015-06-12"
[2018-08-27 13:39:39,052] {base_task_runner.py:98} INFO - Subtask:         echo "2015-06-19"
[2018-08-27 13:39:39,052] {base_task_runner.py:98} INFO - Subtask:         echo "Parameter I passed in"
[2018-08-27 13:39:39,052] {base_task_runner.py:98} INFO - Subtask:     
[2018-08-27 13:39:39,052] {base_task_runner.py:98} INFO - Subtask:         echo "2015-06-12"
[2018-08-27 13:39:39,052] {base_task_runner.py:98} INFO - Subtask:         echo "2015-06-19"
[2018-08-27 13:39:39,052] {base_task_runner.py:98} INFO - Subtask:         echo "Parameter I passed in"
[2018-08-27 13:39:39,052] {base_task_runner.py:98} INFO - Subtask:     
[2018-08-27 13:39:39,052] {base_task_runner.py:98} INFO - Subtask:         echo "2015-06-12"
[2018-08-27 13:39:39,052] {base_task_runner.py:98} INFO - Subtask:         echo "2015-06-19"
[2018-08-27 13:39:39,052] {base_task_runner.py:98} INFO - Subtask:         echo "Parameter I passed in"
[2018-08-27 13:39:39,053] {base_task_runner.py:98} INFO - Subtask:     
[2018-08-27 13:39:39,054] {base_task_runner.py:98} INFO - Subtask: [2018-08-27 13:39:39,054] {bash_operator.py:97} INFO - Output:
[2018-08-27 13:39:39,055] {base_task_runner.py:98} INFO - Subtask: [2018-08-27 13:39:39,055] {bash_operator.py:101} INFO - 2015-06-12
[2018-08-27 13:39:39,055] {base_task_runner.py:98} INFO - Subtask: [2018-08-27 13:39:39,055] {bash_operator.py:101} INFO - 2015-06-19
[2018-08-27 13:39:39,055] {base_task_runner.py:98} INFO - Subtask: [2018-08-27 13:39:39,055] {bash_operator.py:101} INFO - Parameter I passed in
[2018-08-27 13:39:39,055] {base_task_runner.py:98} INFO - Subtask: [2018-08-27 13:39:39,055] {bash_operator.py:101} INFO - 2015-06-12
[2018-08-27 13:39:39,056] {base_task_runner.py:98} INFO - Subtask: [2018-08-27 13:39:39,055] {bash_operator.py:101} INFO - 2015-06-19
[2018-08-27 13:39:39,056] {base_task_runner.py:98} INFO - Subtask: [2018-08-27 13:39:39,055] {bash_operator.py:101} INFO - Parameter I passed in
[2018-08-27 13:39:39,056] {base_task_runner.py:98} INFO - Subtask: [2018-08-27 13:39:39,055] {bash_operator.py:101} INFO - 2015-06-12
[2018-08-27 13:39:39,056] {base_task_runner.py:98} INFO - Subtask: [2018-08-27 13:39:39,055] {bash_operator.py:101} INFO - 2015-06-19
[2018-08-27 13:39:39,056] {base_task_runner.py:98} INFO - Subtask: [2018-08-27 13:39:39,055] {bash_operator.py:101} INFO - Parameter I passed in
[2018-08-27 13:39:39,056] {base_task_runner.py:98} INFO - Subtask: [2018-08-27 13:39:39,055] {bash_operator.py:101} INFO - 2015-06-12
[2018-08-27 13:39:39,056] {base_task_runner.py:98} INFO - Subtask: [2018-08-27 13:39:39,056] {bash_operator.py:101} INFO - 2015-06-19
[2018-08-27 13:39:39,056] {base_task_runner.py:98} INFO - Subtask: [2018-08-27 13:39:39,056] {bash_operator.py:101} INFO - Parameter I passed in
[2018-08-27 13:39:39,056] {base_task_runner.py:98} INFO - Subtask: [2018-08-27 13:39:39,056] {bash_operator.py:101} INFO - 2015-06-12
[2018-08-27 13:39:39,056] {base_task_runner.py:98} INFO - Subtask: [2018-08-27 13:39:39,056] {bash_operator.py:101} INFO - 2015-06-19
[2018-08-27 13:39:39,056] {base_task_runner.py:98} INFO - Subtask: [2018-08-27 13:39:39,056] {bash_operator.py:101} INFO - Parameter I passed in
[2018-08-27 13:39:39,056] {base_task_runner.py:98} INFO - Subtask: [2018-08-27 13:39:39,056] {bash_operator.py:105} INFO - Command exited with return code 0
