[2018-08-27 13:43:42,137] {cli.py:374} INFO - Running on host silverlight
[2018-08-27 13:43:42,218] {models.py:1197} INFO - Dependencies all met for <TaskInstance: tutorial.sleep 2015-06-19 00:00:00 [queued]>
[2018-08-27 13:43:42,223] {models.py:1197} INFO - Dependencies all met for <TaskInstance: tutorial.sleep 2015-06-19 00:00:00 [queued]>
[2018-08-27 13:43:42,223] {models.py:1407} INFO - 
--------------------------------------------------------------------------------
Starting attempt 1 of 4
--------------------------------------------------------------------------------

[2018-08-27 13:43:42,251] {models.py:1428} INFO - Executing <Task(BashOperator): sleep> on 2015-06-19 00:00:00
[2018-08-27 13:43:42,251] {base_task_runner.py:115} INFO - Running: ['bash', '-c', 'airflow run tutorial sleep 2015-06-19T00:00:00 --job_id 94 --raw -sd DAGS_FOLDER/tutorial.py']
[2018-08-27 13:43:42,502] {base_task_runner.py:98} INFO - Subtask: [2018-08-27 13:43:42,502] {driver.py:120} INFO - Generating grammar tables from /usr/lib/python3.5/lib2to3/Grammar.txt
[2018-08-27 13:43:42,535] {base_task_runner.py:98} INFO - Subtask: [2018-08-27 13:43:42,535] {driver.py:120} INFO - Generating grammar tables from /usr/lib/python3.5/lib2to3/PatternGrammar.txt
[2018-08-27 13:43:42,642] {base_task_runner.py:98} INFO - Subtask: [2018-08-27 13:43:42,642] {__init__.py:45} INFO - Using executor SequentialExecutor
[2018-08-27 13:43:42,673] {base_task_runner.py:98} INFO - Subtask: [2018-08-27 13:43:42,673] {models.py:189} INFO - Filling up the DagBag from /home/silverlight/Projects/Minikube-deploy/airflow-project/dags/tutorial.py
[2018-08-27 13:43:42,704] {cli.py:374} INFO - Running on host silverlight
[2018-08-27 13:43:42,713] {base_task_runner.py:98} INFO - Subtask: [2018-08-27 13:43:42,712] {bash_operator.py:70} INFO - Tmp dir root location: 
[2018-08-27 13:43:42,713] {base_task_runner.py:98} INFO - Subtask:  /tmp
[2018-08-27 13:43:42,713] {base_task_runner.py:98} INFO - Subtask: [2018-08-27 13:43:42,713] {bash_operator.py:80} INFO - Temporary script location: /tmp/airflowtmpr_3ktbht//tmp/airflowtmpr_3ktbht/sleephr_44pdf
[2018-08-27 13:43:42,713] {base_task_runner.py:98} INFO - Subtask: [2018-08-27 13:43:42,713] {bash_operator.py:88} INFO - Running command: sleep 5
[2018-08-27 13:43:42,717] {base_task_runner.py:98} INFO - Subtask: [2018-08-27 13:43:42,717] {bash_operator.py:97} INFO - Output:
[2018-08-27 13:43:47,720] {base_task_runner.py:98} INFO - Subtask: [2018-08-27 13:43:47,719] {bash_operator.py:105} INFO - Command exited with return code 0
