[2018-08-27 13:51:58,486] {cli.py:374} INFO - Running on host silverlight
[2018-08-27 13:51:58,602] {models.py:1197} INFO - Dependencies all met for <TaskInstance: tutorial.templated 2015-07-05 00:00:00 [queued]>
[2018-08-27 13:51:58,605] {models.py:1197} INFO - Dependencies all met for <TaskInstance: tutorial.templated 2015-07-05 00:00:00 [queued]>
[2018-08-27 13:51:58,605] {models.py:1407} INFO - 
--------------------------------------------------------------------------------
Starting attempt 1 of 2
--------------------------------------------------------------------------------

[2018-08-27 13:51:58,672] {models.py:1428} INFO - Executing <Task(BashOperator): templated> on 2015-07-05 00:00:00
[2018-08-27 13:51:58,673] {base_task_runner.py:115} INFO - Running: ['bash', '-c', 'airflow run tutorial templated 2015-07-05T00:00:00 --job_id 163 --raw -sd DAGS_FOLDER/tutorial.py']
[2018-08-27 13:51:58,918] {base_task_runner.py:98} INFO - Subtask: [2018-08-27 13:51:58,917] {driver.py:120} INFO - Generating grammar tables from /usr/lib/python3.5/lib2to3/Grammar.txt
[2018-08-27 13:51:58,952] {base_task_runner.py:98} INFO - Subtask: [2018-08-27 13:51:58,952] {driver.py:120} INFO - Generating grammar tables from /usr/lib/python3.5/lib2to3/PatternGrammar.txt
[2018-08-27 13:51:59,057] {base_task_runner.py:98} INFO - Subtask: [2018-08-27 13:51:59,057] {__init__.py:45} INFO - Using executor SequentialExecutor
[2018-08-27 13:51:59,089] {base_task_runner.py:98} INFO - Subtask: [2018-08-27 13:51:59,089] {models.py:189} INFO - Filling up the DagBag from /home/silverlight/Projects/Minikube-deploy/airflow-project/dags/tutorial.py
[2018-08-27 13:51:59,115] {cli.py:374} INFO - Running on host silverlight
[2018-08-27 13:51:59,125] {base_task_runner.py:98} INFO - Subtask: [2018-08-27 13:51:59,125] {bash_operator.py:70} INFO - Tmp dir root location: 
[2018-08-27 13:51:59,125] {base_task_runner.py:98} INFO - Subtask:  /tmp
[2018-08-27 13:51:59,125] {base_task_runner.py:98} INFO - Subtask: [2018-08-27 13:51:59,125] {bash_operator.py:80} INFO - Temporary script location: /tmp/airflowtmpaas0e9jw//tmp/airflowtmpaas0e9jw/templated67c4p95k
[2018-08-27 13:51:59,125] {base_task_runner.py:98} INFO - Subtask: [2018-08-27 13:51:59,125] {bash_operator.py:88} INFO - Running command: 
[2018-08-27 13:51:59,125] {base_task_runner.py:98} INFO - Subtask:     
[2018-08-27 13:51:59,125] {base_task_runner.py:98} INFO - Subtask:         echo "2015-07-05"
[2018-08-27 13:51:59,125] {base_task_runner.py:98} INFO - Subtask:         echo "2015-07-12"
[2018-08-27 13:51:59,125] {base_task_runner.py:98} INFO - Subtask:         echo "Parameter I passed in"
[2018-08-27 13:51:59,125] {base_task_runner.py:98} INFO - Subtask:     
[2018-08-27 13:51:59,125] {base_task_runner.py:98} INFO - Subtask:         echo "2015-07-05"
[2018-08-27 13:51:59,126] {base_task_runner.py:98} INFO - Subtask:         echo "2015-07-12"
[2018-08-27 13:51:59,126] {base_task_runner.py:98} INFO - Subtask:         echo "Parameter I passed in"
[2018-08-27 13:51:59,126] {base_task_runner.py:98} INFO - Subtask:     
[2018-08-27 13:51:59,126] {base_task_runner.py:98} INFO - Subtask:         echo "2015-07-05"
[2018-08-27 13:51:59,126] {base_task_runner.py:98} INFO - Subtask:         echo "2015-07-12"
[2018-08-27 13:51:59,126] {base_task_runner.py:98} INFO - Subtask:         echo "Parameter I passed in"
[2018-08-27 13:51:59,126] {base_task_runner.py:98} INFO - Subtask:     
[2018-08-27 13:51:59,126] {base_task_runner.py:98} INFO - Subtask:         echo "2015-07-05"
[2018-08-27 13:51:59,126] {base_task_runner.py:98} INFO - Subtask:         echo "2015-07-12"
[2018-08-27 13:51:59,126] {base_task_runner.py:98} INFO - Subtask:         echo "Parameter I passed in"
[2018-08-27 13:51:59,126] {base_task_runner.py:98} INFO - Subtask:     
[2018-08-27 13:51:59,126] {base_task_runner.py:98} INFO - Subtask:         echo "2015-07-05"
[2018-08-27 13:51:59,126] {base_task_runner.py:98} INFO - Subtask:         echo "2015-07-12"
[2018-08-27 13:51:59,126] {base_task_runner.py:98} INFO - Subtask:         echo "Parameter I passed in"
[2018-08-27 13:51:59,126] {base_task_runner.py:98} INFO - Subtask:     
[2018-08-27 13:51:59,128] {base_task_runner.py:98} INFO - Subtask: [2018-08-27 13:51:59,128] {bash_operator.py:97} INFO - Output:
[2018-08-27 13:51:59,129] {base_task_runner.py:98} INFO - Subtask: [2018-08-27 13:51:59,128] {bash_operator.py:101} INFO - 2015-07-05
[2018-08-27 13:51:59,129] {base_task_runner.py:98} INFO - Subtask: [2018-08-27 13:51:59,129] {bash_operator.py:101} INFO - 2015-07-12
[2018-08-27 13:51:59,129] {base_task_runner.py:98} INFO - Subtask: [2018-08-27 13:51:59,129] {bash_operator.py:101} INFO - Parameter I passed in
[2018-08-27 13:51:59,129] {base_task_runner.py:98} INFO - Subtask: [2018-08-27 13:51:59,129] {bash_operator.py:101} INFO - 2015-07-05
[2018-08-27 13:51:59,129] {base_task_runner.py:98} INFO - Subtask: [2018-08-27 13:51:59,129] {bash_operator.py:101} INFO - 2015-07-12
[2018-08-27 13:51:59,129] {base_task_runner.py:98} INFO - Subtask: [2018-08-27 13:51:59,129] {bash_operator.py:101} INFO - Parameter I passed in
[2018-08-27 13:51:59,129] {base_task_runner.py:98} INFO - Subtask: [2018-08-27 13:51:59,129] {bash_operator.py:101} INFO - 2015-07-05
[2018-08-27 13:51:59,129] {base_task_runner.py:98} INFO - Subtask: [2018-08-27 13:51:59,129] {bash_operator.py:101} INFO - 2015-07-12
[2018-08-27 13:51:59,129] {base_task_runner.py:98} INFO - Subtask: [2018-08-27 13:51:59,129] {bash_operator.py:101} INFO - Parameter I passed in
[2018-08-27 13:51:59,129] {base_task_runner.py:98} INFO - Subtask: [2018-08-27 13:51:59,129] {bash_operator.py:101} INFO - 2015-07-05
[2018-08-27 13:51:59,129] {base_task_runner.py:98} INFO - Subtask: [2018-08-27 13:51:59,129] {bash_operator.py:101} INFO - 2015-07-12
[2018-08-27 13:51:59,129] {base_task_runner.py:98} INFO - Subtask: [2018-08-27 13:51:59,129] {bash_operator.py:101} INFO - Parameter I passed in
[2018-08-27 13:51:59,129] {base_task_runner.py:98} INFO - Subtask: [2018-08-27 13:51:59,129] {bash_operator.py:101} INFO - 2015-07-05
[2018-08-27 13:51:59,129] {base_task_runner.py:98} INFO - Subtask: [2018-08-27 13:51:59,129] {bash_operator.py:101} INFO - 2015-07-12
[2018-08-27 13:51:59,129] {base_task_runner.py:98} INFO - Subtask: [2018-08-27 13:51:59,129] {bash_operator.py:101} INFO - Parameter I passed in
[2018-08-27 13:51:59,130] {base_task_runner.py:98} INFO - Subtask: [2018-08-27 13:51:59,129] {bash_operator.py:105} INFO - Command exited with return code 0
