[2018-08-27 13:56:55,138] {cli.py:374} INFO - Running on host silverlight
[2018-08-27 13:56:55,206] {models.py:1197} INFO - Dependencies all met for <TaskInstance: tutorial.print_date 2015-07-18 00:00:00 [queued]>
[2018-08-27 13:56:55,208] {models.py:1197} INFO - Dependencies all met for <TaskInstance: tutorial.print_date 2015-07-18 00:00:00 [queued]>
[2018-08-27 13:56:55,208] {models.py:1407} INFO - 
--------------------------------------------------------------------------------
Starting attempt 1 of 2
--------------------------------------------------------------------------------

[2018-08-27 13:56:55,253] {models.py:1428} INFO - Executing <Task(BashOperator): print_date> on 2015-07-18 00:00:00
[2018-08-27 13:56:55,253] {base_task_runner.py:115} INFO - Running: ['bash', '-c', 'airflow run tutorial print_date 2015-07-18T00:00:00 --job_id 203 --raw -sd DAGS_FOLDER/tutorial.py']
[2018-08-27 13:56:55,491] {base_task_runner.py:98} INFO - Subtask: [2018-08-27 13:56:55,490] {driver.py:120} INFO - Generating grammar tables from /usr/lib/python3.5/lib2to3/Grammar.txt
[2018-08-27 13:56:55,521] {base_task_runner.py:98} INFO - Subtask: [2018-08-27 13:56:55,521] {driver.py:120} INFO - Generating grammar tables from /usr/lib/python3.5/lib2to3/PatternGrammar.txt
[2018-08-27 13:56:55,622] {base_task_runner.py:98} INFO - Subtask: [2018-08-27 13:56:55,621] {__init__.py:45} INFO - Using executor SequentialExecutor
[2018-08-27 13:56:55,651] {base_task_runner.py:98} INFO - Subtask: [2018-08-27 13:56:55,651] {models.py:189} INFO - Filling up the DagBag from /home/silverlight/Projects/Minikube-deploy/airflow-project/dags/tutorial.py
[2018-08-27 13:56:55,678] {cli.py:374} INFO - Running on host silverlight
[2018-08-27 13:56:55,689] {base_task_runner.py:98} INFO - Subtask: [2018-08-27 13:56:55,688] {bash_operator.py:70} INFO - Tmp dir root location: 
[2018-08-27 13:56:55,689] {base_task_runner.py:98} INFO - Subtask:  /tmp
[2018-08-27 13:56:55,689] {base_task_runner.py:98} INFO - Subtask: [2018-08-27 13:56:55,689] {bash_operator.py:80} INFO - Temporary script location: /tmp/airflowtmp8h2lx0rp//tmp/airflowtmp8h2lx0rp/print_date_as_5jaj
[2018-08-27 13:56:55,689] {base_task_runner.py:98} INFO - Subtask: [2018-08-27 13:56:55,689] {bash_operator.py:88} INFO - Running command: date
[2018-08-27 13:56:55,691] {base_task_runner.py:98} INFO - Subtask: [2018-08-27 13:56:55,691] {bash_operator.py:97} INFO - Output:
[2018-08-27 13:56:55,692] {base_task_runner.py:98} INFO - Subtask: [2018-08-27 13:56:55,692] {bash_operator.py:101} INFO - Thứ hai, 27 Tháng tám năm 2018 13:56:55 +07
[2018-08-27 13:56:55,693] {base_task_runner.py:98} INFO - Subtask: [2018-08-27 13:56:55,692] {bash_operator.py:105} INFO - Command exited with return code 0
