[2018-08-27 13:47:46,046] {cli.py:374} INFO - Running on host silverlight
[2018-08-27 13:47:46,117] {models.py:1197} INFO - Dependencies all met for <TaskInstance: tutorial.sleep 2015-06-26 00:00:00 [queued]>
[2018-08-27 13:47:46,121] {models.py:1197} INFO - Dependencies all met for <TaskInstance: tutorial.sleep 2015-06-26 00:00:00 [queued]>
[2018-08-27 13:47:46,122] {models.py:1407} INFO - 
--------------------------------------------------------------------------------
Starting attempt 1 of 4
--------------------------------------------------------------------------------

[2018-08-27 13:47:46,189] {models.py:1428} INFO - Executing <Task(BashOperator): sleep> on 2015-06-26 00:00:00
[2018-08-27 13:47:46,189] {base_task_runner.py:115} INFO - Running: ['bash', '-c', 'airflow run tutorial sleep 2015-06-26T00:00:00 --job_id 129 --raw -sd DAGS_FOLDER/tutorial.py']
[2018-08-27 13:47:46,470] {base_task_runner.py:98} INFO - Subtask: [2018-08-27 13:47:46,470] {driver.py:120} INFO - Generating grammar tables from /usr/lib/python3.5/lib2to3/Grammar.txt
[2018-08-27 13:47:46,504] {base_task_runner.py:98} INFO - Subtask: [2018-08-27 13:47:46,504] {driver.py:120} INFO - Generating grammar tables from /usr/lib/python3.5/lib2to3/PatternGrammar.txt
[2018-08-27 13:47:46,628] {base_task_runner.py:98} INFO - Subtask: [2018-08-27 13:47:46,627] {__init__.py:45} INFO - Using executor SequentialExecutor
[2018-08-27 13:47:46,662] {base_task_runner.py:98} INFO - Subtask: [2018-08-27 13:47:46,662] {models.py:189} INFO - Filling up the DagBag from /home/silverlight/Projects/Minikube-deploy/airflow-project/dags/tutorial.py
[2018-08-27 13:47:46,691] {cli.py:374} INFO - Running on host silverlight
[2018-08-27 13:47:46,699] {base_task_runner.py:98} INFO - Subtask: [2018-08-27 13:47:46,699] {bash_operator.py:70} INFO - Tmp dir root location: 
[2018-08-27 13:47:46,699] {base_task_runner.py:98} INFO - Subtask:  /tmp
[2018-08-27 13:47:46,700] {base_task_runner.py:98} INFO - Subtask: [2018-08-27 13:47:46,700] {bash_operator.py:80} INFO - Temporary script location: /tmp/airflowtmpkgg00q11//tmp/airflowtmpkgg00q11/sleep9yyax7_q
[2018-08-27 13:47:46,700] {base_task_runner.py:98} INFO - Subtask: [2018-08-27 13:47:46,700] {bash_operator.py:88} INFO - Running command: sleep 5
[2018-08-27 13:47:46,702] {base_task_runner.py:98} INFO - Subtask: [2018-08-27 13:47:46,702] {bash_operator.py:97} INFO - Output:
[2018-08-27 13:47:51,711] {base_task_runner.py:98} INFO - Subtask: [2018-08-27 13:47:51,711] {bash_operator.py:105} INFO - Command exited with return code 0
