[2018-08-27 13:50:18,927] {cli.py:374} INFO - Running on host silverlight
[2018-08-27 13:50:18,974] {models.py:1197} INFO - Dependencies all met for <TaskInstance: tutorial.print_date 2015-07-03 00:00:00 [queued]>
[2018-08-27 13:50:18,976] {models.py:1197} INFO - Dependencies all met for <TaskInstance: tutorial.print_date 2015-07-03 00:00:00 [queued]>
[2018-08-27 13:50:18,976] {models.py:1407} INFO - 
--------------------------------------------------------------------------------
Starting attempt 1 of 2
--------------------------------------------------------------------------------

[2018-08-27 13:50:19,017] {models.py:1428} INFO - Executing <Task(BashOperator): print_date> on 2015-07-03 00:00:00
[2018-08-27 13:50:19,018] {base_task_runner.py:115} INFO - Running: ['bash', '-c', 'airflow run tutorial print_date 2015-07-03T00:00:00 --job_id 150 --raw -sd DAGS_FOLDER/tutorial.py']
[2018-08-27 13:50:19,261] {base_task_runner.py:98} INFO - Subtask: [2018-08-27 13:50:19,261] {driver.py:120} INFO - Generating grammar tables from /usr/lib/python3.5/lib2to3/Grammar.txt
[2018-08-27 13:50:19,297] {base_task_runner.py:98} INFO - Subtask: [2018-08-27 13:50:19,297] {driver.py:120} INFO - Generating grammar tables from /usr/lib/python3.5/lib2to3/PatternGrammar.txt
[2018-08-27 13:50:19,401] {base_task_runner.py:98} INFO - Subtask: [2018-08-27 13:50:19,401] {__init__.py:45} INFO - Using executor SequentialExecutor
[2018-08-27 13:50:19,435] {base_task_runner.py:98} INFO - Subtask: [2018-08-27 13:50:19,435] {models.py:189} INFO - Filling up the DagBag from /home/silverlight/Projects/Minikube-deploy/airflow-project/dags/tutorial.py
[2018-08-27 13:50:19,466] {cli.py:374} INFO - Running on host silverlight
[2018-08-27 13:50:19,476] {base_task_runner.py:98} INFO - Subtask: [2018-08-27 13:50:19,476] {bash_operator.py:70} INFO - Tmp dir root location: 
[2018-08-27 13:50:19,477] {base_task_runner.py:98} INFO - Subtask:  /tmp
[2018-08-27 13:50:19,477] {base_task_runner.py:98} INFO - Subtask: [2018-08-27 13:50:19,477] {bash_operator.py:80} INFO - Temporary script location: /tmp/airflowtmp4_305zq2//tmp/airflowtmp4_305zq2/print_datelup4uyqe
[2018-08-27 13:50:19,477] {base_task_runner.py:98} INFO - Subtask: [2018-08-27 13:50:19,477] {bash_operator.py:88} INFO - Running command: date
[2018-08-27 13:50:19,482] {base_task_runner.py:98} INFO - Subtask: [2018-08-27 13:50:19,482] {bash_operator.py:97} INFO - Output:
[2018-08-27 13:50:19,484] {base_task_runner.py:98} INFO - Subtask: [2018-08-27 13:50:19,483] {bash_operator.py:101} INFO - Thứ hai, 27 Tháng tám năm 2018 13:50:19 +07
[2018-08-27 13:50:19,484] {base_task_runner.py:98} INFO - Subtask: [2018-08-27 13:50:19,484] {bash_operator.py:105} INFO - Command exited with return code 0
