[2018-08-27 13:35:12,597] {cli.py:374} INFO - Running on host silverlight
[2018-08-27 13:35:12,661] {models.py:1197} INFO - Dependencies all met for <TaskInstance: tutorial.sleep 2015-06-05 00:00:00 [queued]>
[2018-08-27 13:35:12,665] {models.py:1197} INFO - Dependencies all met for <TaskInstance: tutorial.sleep 2015-06-05 00:00:00 [queued]>
[2018-08-27 13:35:12,665] {models.py:1407} INFO - 
--------------------------------------------------------------------------------
Starting attempt 1 of 4
--------------------------------------------------------------------------------

[2018-08-27 13:35:12,699] {models.py:1428} INFO - Executing <Task(BashOperator): sleep> on 2015-06-05 00:00:00
[2018-08-27 13:35:12,699] {base_task_runner.py:115} INFO - Running: ['bash', '-c', 'airflow run tutorial sleep 2015-06-05T00:00:00 --job_id 21 --raw -sd DAGS_FOLDER/tutorial.py']
[2018-08-27 13:35:12,948] {base_task_runner.py:98} INFO - Subtask: [2018-08-27 13:35:12,947] {driver.py:120} INFO - Generating grammar tables from /usr/lib/python3.5/lib2to3/Grammar.txt
[2018-08-27 13:35:12,985] {base_task_runner.py:98} INFO - Subtask: [2018-08-27 13:35:12,985] {driver.py:120} INFO - Generating grammar tables from /usr/lib/python3.5/lib2to3/PatternGrammar.txt
[2018-08-27 13:35:13,093] {base_task_runner.py:98} INFO - Subtask: [2018-08-27 13:35:13,093] {__init__.py:45} INFO - Using executor SequentialExecutor
[2018-08-27 13:35:13,124] {base_task_runner.py:98} INFO - Subtask: [2018-08-27 13:35:13,124] {models.py:189} INFO - Filling up the DagBag from /home/silverlight/Projects/Minikube-deploy/airflow-project/dags/tutorial.py
[2018-08-27 13:35:13,151] {cli.py:374} INFO - Running on host silverlight
[2018-08-27 13:35:13,159] {base_task_runner.py:98} INFO - Subtask: [2018-08-27 13:35:13,159] {bash_operator.py:70} INFO - Tmp dir root location: 
[2018-08-27 13:35:13,160] {base_task_runner.py:98} INFO - Subtask:  /tmp
[2018-08-27 13:35:13,160] {base_task_runner.py:98} INFO - Subtask: [2018-08-27 13:35:13,160] {bash_operator.py:80} INFO - Temporary script location: /tmp/airflowtmpcgrcjg2e//tmp/airflowtmpcgrcjg2e/sleepw7zq94rn
[2018-08-27 13:35:13,160] {base_task_runner.py:98} INFO - Subtask: [2018-08-27 13:35:13,160] {bash_operator.py:88} INFO - Running command: sleep 5
[2018-08-27 13:35:13,163] {base_task_runner.py:98} INFO - Subtask: [2018-08-27 13:35:13,162] {bash_operator.py:97} INFO - Output:
[2018-08-27 13:35:18,167] {base_task_runner.py:98} INFO - Subtask: [2018-08-27 13:35:18,165] {bash_operator.py:105} INFO - Command exited with return code 0
