[2018-08-27 13:56:02,612] {cli.py:374} INFO - Running on host silverlight
[2018-08-27 13:56:02,696] {models.py:1197} INFO - Dependencies all met for <TaskInstance: tutorial.sleep 2015-07-14 00:00:00 [queued]>
[2018-08-27 13:56:02,700] {models.py:1197} INFO - Dependencies all met for <TaskInstance: tutorial.sleep 2015-07-14 00:00:00 [queued]>
[2018-08-27 13:56:02,700] {models.py:1407} INFO - 
--------------------------------------------------------------------------------
Starting attempt 1 of 4
--------------------------------------------------------------------------------

[2018-08-27 13:56:02,755] {models.py:1428} INFO - Executing <Task(BashOperator): sleep> on 2015-07-14 00:00:00
[2018-08-27 13:56:02,756] {base_task_runner.py:115} INFO - Running: ['bash', '-c', 'airflow run tutorial sleep 2015-07-14T00:00:00 --job_id 196 --raw -sd DAGS_FOLDER/tutorial.py']
[2018-08-27 13:56:03,002] {base_task_runner.py:98} INFO - Subtask: [2018-08-27 13:56:03,001] {driver.py:120} INFO - Generating grammar tables from /usr/lib/python3.5/lib2to3/Grammar.txt
[2018-08-27 13:56:03,034] {base_task_runner.py:98} INFO - Subtask: [2018-08-27 13:56:03,033] {driver.py:120} INFO - Generating grammar tables from /usr/lib/python3.5/lib2to3/PatternGrammar.txt
[2018-08-27 13:56:03,139] {base_task_runner.py:98} INFO - Subtask: [2018-08-27 13:56:03,139] {__init__.py:45} INFO - Using executor SequentialExecutor
[2018-08-27 13:56:03,169] {base_task_runner.py:98} INFO - Subtask: [2018-08-27 13:56:03,169] {models.py:189} INFO - Filling up the DagBag from /home/silverlight/Projects/Minikube-deploy/airflow-project/dags/tutorial.py
[2018-08-27 13:56:03,194] {cli.py:374} INFO - Running on host silverlight
[2018-08-27 13:56:03,203] {base_task_runner.py:98} INFO - Subtask: [2018-08-27 13:56:03,202] {bash_operator.py:70} INFO - Tmp dir root location: 
[2018-08-27 13:56:03,203] {base_task_runner.py:98} INFO - Subtask:  /tmp
[2018-08-27 13:56:03,203] {base_task_runner.py:98} INFO - Subtask: [2018-08-27 13:56:03,203] {bash_operator.py:80} INFO - Temporary script location: /tmp/airflowtmp6849g8h7//tmp/airflowtmp6849g8h7/sleepd1_7jkkg
[2018-08-27 13:56:03,203] {base_task_runner.py:98} INFO - Subtask: [2018-08-27 13:56:03,203] {bash_operator.py:88} INFO - Running command: sleep 5
[2018-08-27 13:56:03,206] {base_task_runner.py:98} INFO - Subtask: [2018-08-27 13:56:03,206] {bash_operator.py:97} INFO - Output:
[2018-08-27 13:56:08,208] {base_task_runner.py:98} INFO - Subtask: [2018-08-27 13:56:08,207] {bash_operator.py:105} INFO - Command exited with return code 0
