[2018-08-27 14:01:23,129] {cli.py:374} INFO - Running on host silverlight
[2018-08-27 14:01:23,275] {models.py:1197} INFO - Dependencies all met for <TaskInstance: tutorial.sleep 2015-07-21 00:00:00 [queued]>
[2018-08-27 14:01:23,281] {models.py:1197} INFO - Dependencies all met for <TaskInstance: tutorial.sleep 2015-07-21 00:00:00 [queued]>
[2018-08-27 14:01:23,281] {models.py:1407} INFO - 
--------------------------------------------------------------------------------
Starting attempt 1 of 4
--------------------------------------------------------------------------------

[2018-08-27 14:01:23,310] {models.py:1428} INFO - Executing <Task(BashOperator): sleep> on 2015-07-21 00:00:00
[2018-08-27 14:01:23,310] {base_task_runner.py:115} INFO - Running: ['bash', '-c', 'airflow run tutorial sleep 2015-07-21T00:00:00 --job_id 233 --raw -sd DAGS_FOLDER/tutorial.py']
[2018-08-27 14:01:23,564] {base_task_runner.py:98} INFO - Subtask: [2018-08-27 14:01:23,564] {driver.py:120} INFO - Generating grammar tables from /usr/lib/python3.5/lib2to3/Grammar.txt
[2018-08-27 14:01:23,604] {base_task_runner.py:98} INFO - Subtask: [2018-08-27 14:01:23,603] {driver.py:120} INFO - Generating grammar tables from /usr/lib/python3.5/lib2to3/PatternGrammar.txt
[2018-08-27 14:01:23,735] {base_task_runner.py:98} INFO - Subtask: [2018-08-27 14:01:23,735] {__init__.py:45} INFO - Using executor SequentialExecutor
[2018-08-27 14:01:23,773] {base_task_runner.py:98} INFO - Subtask: [2018-08-27 14:01:23,772] {models.py:189} INFO - Filling up the DagBag from /home/silverlight/Projects/Minikube-deploy/airflow-project/dags/tutorial.py
[2018-08-27 14:01:23,805] {cli.py:374} INFO - Running on host silverlight
[2018-08-27 14:01:23,818] {base_task_runner.py:98} INFO - Subtask: [2018-08-27 14:01:23,818] {bash_operator.py:70} INFO - Tmp dir root location: 
[2018-08-27 14:01:23,819] {base_task_runner.py:98} INFO - Subtask:  /tmp
[2018-08-27 14:01:23,819] {base_task_runner.py:98} INFO - Subtask: [2018-08-27 14:01:23,819] {bash_operator.py:80} INFO - Temporary script location: /tmp/airflowtmproitukr8//tmp/airflowtmproitukr8/sleepb0gv3u9n
[2018-08-27 14:01:23,819] {base_task_runner.py:98} INFO - Subtask: [2018-08-27 14:01:23,819] {bash_operator.py:88} INFO - Running command: sleep 5
[2018-08-27 14:01:23,825] {base_task_runner.py:98} INFO - Subtask: [2018-08-27 14:01:23,825] {bash_operator.py:97} INFO - Output:
[2018-08-27 14:01:28,827] {base_task_runner.py:98} INFO - Subtask: [2018-08-27 14:01:28,826] {bash_operator.py:105} INFO - Command exited with return code 0
