[2018-08-27 13:43:12,130] {cli.py:374} INFO - Running on host silverlight
[2018-08-27 13:43:12,196] {models.py:1197} INFO - Dependencies all met for <TaskInstance: tutorial.templated 2015-06-18 00:00:00 [queued]>
[2018-08-27 13:43:12,200] {models.py:1197} INFO - Dependencies all met for <TaskInstance: tutorial.templated 2015-06-18 00:00:00 [queued]>
[2018-08-27 13:43:12,200] {models.py:1407} INFO - 
--------------------------------------------------------------------------------
Starting attempt 1 of 2
--------------------------------------------------------------------------------

[2018-08-27 13:43:12,271] {models.py:1428} INFO - Executing <Task(BashOperator): templated> on 2015-06-18 00:00:00
[2018-08-27 13:43:12,272] {base_task_runner.py:115} INFO - Running: ['bash', '-c', 'airflow run tutorial templated 2015-06-18T00:00:00 --job_id 89 --raw -sd DAGS_FOLDER/tutorial.py']
[2018-08-27 13:43:12,518] {base_task_runner.py:98} INFO - Subtask: [2018-08-27 13:43:12,518] {driver.py:120} INFO - Generating grammar tables from /usr/lib/python3.5/lib2to3/Grammar.txt
[2018-08-27 13:43:12,567] {base_task_runner.py:98} INFO - Subtask: [2018-08-27 13:43:12,567] {driver.py:120} INFO - Generating grammar tables from /usr/lib/python3.5/lib2to3/PatternGrammar.txt
[2018-08-27 13:43:12,678] {base_task_runner.py:98} INFO - Subtask: [2018-08-27 13:43:12,678] {__init__.py:45} INFO - Using executor SequentialExecutor
[2018-08-27 13:43:12,712] {base_task_runner.py:98} INFO - Subtask: [2018-08-27 13:43:12,711] {models.py:189} INFO - Filling up the DagBag from /home/silverlight/Projects/Minikube-deploy/airflow-project/dags/tutorial.py
[2018-08-27 13:43:12,740] {cli.py:374} INFO - Running on host silverlight
[2018-08-27 13:43:12,752] {base_task_runner.py:98} INFO - Subtask: [2018-08-27 13:43:12,752] {bash_operator.py:70} INFO - Tmp dir root location: 
[2018-08-27 13:43:12,752] {base_task_runner.py:98} INFO - Subtask:  /tmp
[2018-08-27 13:43:12,752] {base_task_runner.py:98} INFO - Subtask: [2018-08-27 13:43:12,752] {bash_operator.py:80} INFO - Temporary script location: /tmp/airflowtmpm6p5pwg2//tmp/airflowtmpm6p5pwg2/templated_ptodo8s
[2018-08-27 13:43:12,752] {base_task_runner.py:98} INFO - Subtask: [2018-08-27 13:43:12,752] {bash_operator.py:88} INFO - Running command: 
[2018-08-27 13:43:12,752] {base_task_runner.py:98} INFO - Subtask:     
[2018-08-27 13:43:12,752] {base_task_runner.py:98} INFO - Subtask:         echo "2015-06-18"
[2018-08-27 13:43:12,752] {base_task_runner.py:98} INFO - Subtask:         echo "2015-06-25"
[2018-08-27 13:43:12,752] {base_task_runner.py:98} INFO - Subtask:         echo "Parameter I passed in"
[2018-08-27 13:43:12,752] {base_task_runner.py:98} INFO - Subtask:     
[2018-08-27 13:43:12,753] {base_task_runner.py:98} INFO - Subtask:         echo "2015-06-18"
[2018-08-27 13:43:12,753] {base_task_runner.py:98} INFO - Subtask:         echo "2015-06-25"
[2018-08-27 13:43:12,753] {base_task_runner.py:98} INFO - Subtask:         echo "Parameter I passed in"
[2018-08-27 13:43:12,753] {base_task_runner.py:98} INFO - Subtask:     
[2018-08-27 13:43:12,753] {base_task_runner.py:98} INFO - Subtask:         echo "2015-06-18"
[2018-08-27 13:43:12,753] {base_task_runner.py:98} INFO - Subtask:         echo "2015-06-25"
[2018-08-27 13:43:12,753] {base_task_runner.py:98} INFO - Subtask:         echo "Parameter I passed in"
[2018-08-27 13:43:12,753] {base_task_runner.py:98} INFO - Subtask:     
[2018-08-27 13:43:12,753] {base_task_runner.py:98} INFO - Subtask:         echo "2015-06-18"
[2018-08-27 13:43:12,753] {base_task_runner.py:98} INFO - Subtask:         echo "2015-06-25"
[2018-08-27 13:43:12,753] {base_task_runner.py:98} INFO - Subtask:         echo "Parameter I passed in"
[2018-08-27 13:43:12,753] {base_task_runner.py:98} INFO - Subtask:     
[2018-08-27 13:43:12,753] {base_task_runner.py:98} INFO - Subtask:         echo "2015-06-18"
[2018-08-27 13:43:12,753] {base_task_runner.py:98} INFO - Subtask:         echo "2015-06-25"
[2018-08-27 13:43:12,753] {base_task_runner.py:98} INFO - Subtask:         echo "Parameter I passed in"
[2018-08-27 13:43:12,753] {base_task_runner.py:98} INFO - Subtask:     
[2018-08-27 13:43:12,755] {base_task_runner.py:98} INFO - Subtask: [2018-08-27 13:43:12,755] {bash_operator.py:97} INFO - Output:
[2018-08-27 13:43:12,755] {base_task_runner.py:98} INFO - Subtask: [2018-08-27 13:43:12,755] {bash_operator.py:101} INFO - 2015-06-18
[2018-08-27 13:43:12,755] {base_task_runner.py:98} INFO - Subtask: [2018-08-27 13:43:12,755] {bash_operator.py:101} INFO - 2015-06-25
[2018-08-27 13:43:12,755] {base_task_runner.py:98} INFO - Subtask: [2018-08-27 13:43:12,755] {bash_operator.py:101} INFO - Parameter I passed in
[2018-08-27 13:43:12,755] {base_task_runner.py:98} INFO - Subtask: [2018-08-27 13:43:12,755] {bash_operator.py:101} INFO - 2015-06-18
[2018-08-27 13:43:12,755] {base_task_runner.py:98} INFO - Subtask: [2018-08-27 13:43:12,755] {bash_operator.py:101} INFO - 2015-06-25
[2018-08-27 13:43:12,756] {base_task_runner.py:98} INFO - Subtask: [2018-08-27 13:43:12,755] {bash_operator.py:101} INFO - Parameter I passed in
[2018-08-27 13:43:12,756] {base_task_runner.py:98} INFO - Subtask: [2018-08-27 13:43:12,755] {bash_operator.py:101} INFO - 2015-06-18
[2018-08-27 13:43:12,756] {base_task_runner.py:98} INFO - Subtask: [2018-08-27 13:43:12,755] {bash_operator.py:101} INFO - 2015-06-25
[2018-08-27 13:43:12,756] {base_task_runner.py:98} INFO - Subtask: [2018-08-27 13:43:12,755] {bash_operator.py:101} INFO - Parameter I passed in
[2018-08-27 13:43:12,756] {base_task_runner.py:98} INFO - Subtask: [2018-08-27 13:43:12,756] {bash_operator.py:101} INFO - 2015-06-18
[2018-08-27 13:43:12,756] {base_task_runner.py:98} INFO - Subtask: [2018-08-27 13:43:12,756] {bash_operator.py:101} INFO - 2015-06-25
[2018-08-27 13:43:12,756] {base_task_runner.py:98} INFO - Subtask: [2018-08-27 13:43:12,756] {bash_operator.py:101} INFO - Parameter I passed in
[2018-08-27 13:43:12,756] {base_task_runner.py:98} INFO - Subtask: [2018-08-27 13:43:12,756] {bash_operator.py:101} INFO - 2015-06-18
[2018-08-27 13:43:12,756] {base_task_runner.py:98} INFO - Subtask: [2018-08-27 13:43:12,756] {bash_operator.py:101} INFO - 2015-06-25
[2018-08-27 13:43:12,756] {base_task_runner.py:98} INFO - Subtask: [2018-08-27 13:43:12,756] {bash_operator.py:101} INFO - Parameter I passed in
[2018-08-27 13:43:12,756] {base_task_runner.py:98} INFO - Subtask: [2018-08-27 13:43:12,756] {bash_operator.py:105} INFO - Command exited with return code 0
