[2018-08-27 13:42:44,379] {cli.py:374} INFO - Running on host silverlight
[2018-08-27 13:42:44,413] {models.py:1197} INFO - Dependencies all met for <TaskInstance: tutorial.print_date 2015-06-20 00:00:00 [queued]>
[2018-08-27 13:42:44,415] {models.py:1197} INFO - Dependencies all met for <TaskInstance: tutorial.print_date 2015-06-20 00:00:00 [queued]>
[2018-08-27 13:42:44,415] {models.py:1407} INFO - 
--------------------------------------------------------------------------------
Starting attempt 1 of 2
--------------------------------------------------------------------------------

[2018-08-27 13:42:44,484] {models.py:1428} INFO - Executing <Task(BashOperator): print_date> on 2015-06-20 00:00:00
[2018-08-27 13:42:44,484] {base_task_runner.py:115} INFO - Running: ['bash', '-c', 'airflow run tutorial print_date 2015-06-20T00:00:00 --job_id 85 --raw -sd DAGS_FOLDER/tutorial.py']
[2018-08-27 13:42:44,763] {base_task_runner.py:98} INFO - Subtask: [2018-08-27 13:42:44,763] {driver.py:120} INFO - Generating grammar tables from /usr/lib/python3.5/lib2to3/Grammar.txt
[2018-08-27 13:42:44,798] {base_task_runner.py:98} INFO - Subtask: [2018-08-27 13:42:44,797] {driver.py:120} INFO - Generating grammar tables from /usr/lib/python3.5/lib2to3/PatternGrammar.txt
[2018-08-27 13:42:44,924] {base_task_runner.py:98} INFO - Subtask: [2018-08-27 13:42:44,924] {__init__.py:45} INFO - Using executor SequentialExecutor
[2018-08-27 13:42:44,969] {base_task_runner.py:98} INFO - Subtask: [2018-08-27 13:42:44,969] {models.py:189} INFO - Filling up the DagBag from /home/silverlight/Projects/Minikube-deploy/airflow-project/dags/tutorial.py
[2018-08-27 13:42:45,006] {cli.py:374} INFO - Running on host silverlight
[2018-08-27 13:42:45,020] {base_task_runner.py:98} INFO - Subtask: [2018-08-27 13:42:45,019] {bash_operator.py:70} INFO - Tmp dir root location: 
[2018-08-27 13:42:45,020] {base_task_runner.py:98} INFO - Subtask:  /tmp
[2018-08-27 13:42:45,020] {base_task_runner.py:98} INFO - Subtask: [2018-08-27 13:42:45,020] {bash_operator.py:80} INFO - Temporary script location: /tmp/airflowtmpm_sgtvtg//tmp/airflowtmpm_sgtvtg/print_datesrw3vqfu
[2018-08-27 13:42:45,020] {base_task_runner.py:98} INFO - Subtask: [2018-08-27 13:42:45,020] {bash_operator.py:88} INFO - Running command: date
[2018-08-27 13:42:45,022] {base_task_runner.py:98} INFO - Subtask: [2018-08-27 13:42:45,022] {bash_operator.py:97} INFO - Output:
[2018-08-27 13:42:45,023] {base_task_runner.py:98} INFO - Subtask: [2018-08-27 13:42:45,023] {bash_operator.py:101} INFO - Thứ hai, 27 Tháng tám năm 2018 13:42:45 +07
[2018-08-27 13:42:45,024] {base_task_runner.py:98} INFO - Subtask: [2018-08-27 13:42:45,023] {bash_operator.py:105} INFO - Command exited with return code 0
