[2018-08-27 13:41:27,666] {cli.py:374} INFO - Running on host silverlight
[2018-08-27 13:41:27,720] {models.py:1197} INFO - Dependencies all met for <TaskInstance: tutorial.templated 2015-06-15 00:00:00 [queued]>
[2018-08-27 13:41:27,728] {models.py:1197} INFO - Dependencies all met for <TaskInstance: tutorial.templated 2015-06-15 00:00:00 [queued]>
[2018-08-27 13:41:27,728] {models.py:1407} INFO - 
--------------------------------------------------------------------------------
Starting attempt 1 of 2
--------------------------------------------------------------------------------

[2018-08-27 13:41:27,784] {models.py:1428} INFO - Executing <Task(BashOperator): templated> on 2015-06-15 00:00:00
[2018-08-27 13:41:27,784] {base_task_runner.py:115} INFO - Running: ['bash', '-c', 'airflow run tutorial templated 2015-06-15T00:00:00 --job_id 74 --raw -sd DAGS_FOLDER/tutorial.py']
[2018-08-27 13:41:28,068] {base_task_runner.py:98} INFO - Subtask: [2018-08-27 13:41:28,068] {driver.py:120} INFO - Generating grammar tables from /usr/lib/python3.5/lib2to3/Grammar.txt
[2018-08-27 13:41:28,116] {base_task_runner.py:98} INFO - Subtask: [2018-08-27 13:41:28,116] {driver.py:120} INFO - Generating grammar tables from /usr/lib/python3.5/lib2to3/PatternGrammar.txt
[2018-08-27 13:41:28,239] {base_task_runner.py:98} INFO - Subtask: [2018-08-27 13:41:28,238] {__init__.py:45} INFO - Using executor SequentialExecutor
[2018-08-27 13:41:28,275] {base_task_runner.py:98} INFO - Subtask: [2018-08-27 13:41:28,274] {models.py:189} INFO - Filling up the DagBag from /home/silverlight/Projects/Minikube-deploy/airflow-project/dags/tutorial.py
[2018-08-27 13:41:28,308] {cli.py:374} INFO - Running on host silverlight
[2018-08-27 13:41:28,323] {base_task_runner.py:98} INFO - Subtask: [2018-08-27 13:41:28,323] {bash_operator.py:70} INFO - Tmp dir root location: 
[2018-08-27 13:41:28,324] {base_task_runner.py:98} INFO - Subtask:  /tmp
[2018-08-27 13:41:28,324] {base_task_runner.py:98} INFO - Subtask: [2018-08-27 13:41:28,324] {bash_operator.py:80} INFO - Temporary script location: /tmp/airflowtmp0r7qmtxf//tmp/airflowtmp0r7qmtxf/templatedtfuzcfo3
[2018-08-27 13:41:28,324] {base_task_runner.py:98} INFO - Subtask: [2018-08-27 13:41:28,324] {bash_operator.py:88} INFO - Running command: 
[2018-08-27 13:41:28,324] {base_task_runner.py:98} INFO - Subtask:     
[2018-08-27 13:41:28,324] {base_task_runner.py:98} INFO - Subtask:         echo "2015-06-15"
[2018-08-27 13:41:28,324] {base_task_runner.py:98} INFO - Subtask:         echo "2015-06-22"
[2018-08-27 13:41:28,324] {base_task_runner.py:98} INFO - Subtask:         echo "Parameter I passed in"
[2018-08-27 13:41:28,324] {base_task_runner.py:98} INFO - Subtask:     
[2018-08-27 13:41:28,324] {base_task_runner.py:98} INFO - Subtask:         echo "2015-06-15"
[2018-08-27 13:41:28,325] {base_task_runner.py:98} INFO - Subtask:         echo "2015-06-22"
[2018-08-27 13:41:28,325] {base_task_runner.py:98} INFO - Subtask:         echo "Parameter I passed in"
[2018-08-27 13:41:28,325] {base_task_runner.py:98} INFO - Subtask:     
[2018-08-27 13:41:28,325] {base_task_runner.py:98} INFO - Subtask:         echo "2015-06-15"
[2018-08-27 13:41:28,325] {base_task_runner.py:98} INFO - Subtask:         echo "2015-06-22"
[2018-08-27 13:41:28,325] {base_task_runner.py:98} INFO - Subtask:         echo "Parameter I passed in"
[2018-08-27 13:41:28,325] {base_task_runner.py:98} INFO - Subtask:     
[2018-08-27 13:41:28,325] {base_task_runner.py:98} INFO - Subtask:         echo "2015-06-15"
[2018-08-27 13:41:28,325] {base_task_runner.py:98} INFO - Subtask:         echo "2015-06-22"
[2018-08-27 13:41:28,325] {base_task_runner.py:98} INFO - Subtask:         echo "Parameter I passed in"
[2018-08-27 13:41:28,325] {base_task_runner.py:98} INFO - Subtask:     
[2018-08-27 13:41:28,325] {base_task_runner.py:98} INFO - Subtask:         echo "2015-06-15"
[2018-08-27 13:41:28,325] {base_task_runner.py:98} INFO - Subtask:         echo "2015-06-22"
[2018-08-27 13:41:28,325] {base_task_runner.py:98} INFO - Subtask:         echo "Parameter I passed in"
[2018-08-27 13:41:28,326] {base_task_runner.py:98} INFO - Subtask:     
[2018-08-27 13:41:28,330] {base_task_runner.py:98} INFO - Subtask: [2018-08-27 13:41:28,330] {bash_operator.py:97} INFO - Output:
[2018-08-27 13:41:28,331] {base_task_runner.py:98} INFO - Subtask: [2018-08-27 13:41:28,331] {bash_operator.py:101} INFO - 2015-06-15
[2018-08-27 13:41:28,331] {base_task_runner.py:98} INFO - Subtask: [2018-08-27 13:41:28,331] {bash_operator.py:101} INFO - 2015-06-22
[2018-08-27 13:41:28,331] {base_task_runner.py:98} INFO - Subtask: [2018-08-27 13:41:28,331] {bash_operator.py:101} INFO - Parameter I passed in
[2018-08-27 13:41:28,331] {base_task_runner.py:98} INFO - Subtask: [2018-08-27 13:41:28,331] {bash_operator.py:101} INFO - 2015-06-15
[2018-08-27 13:41:28,331] {base_task_runner.py:98} INFO - Subtask: [2018-08-27 13:41:28,331] {bash_operator.py:101} INFO - 2015-06-22
[2018-08-27 13:41:28,331] {base_task_runner.py:98} INFO - Subtask: [2018-08-27 13:41:28,331] {bash_operator.py:101} INFO - Parameter I passed in
[2018-08-27 13:41:28,331] {base_task_runner.py:98} INFO - Subtask: [2018-08-27 13:41:28,331] {bash_operator.py:101} INFO - 2015-06-15
[2018-08-27 13:41:28,331] {base_task_runner.py:98} INFO - Subtask: [2018-08-27 13:41:28,331] {bash_operator.py:101} INFO - 2015-06-22
[2018-08-27 13:41:28,331] {base_task_runner.py:98} INFO - Subtask: [2018-08-27 13:41:28,331] {bash_operator.py:101} INFO - Parameter I passed in
[2018-08-27 13:41:28,331] {base_task_runner.py:98} INFO - Subtask: [2018-08-27 13:41:28,331] {bash_operator.py:101} INFO - 2015-06-15
[2018-08-27 13:41:28,331] {base_task_runner.py:98} INFO - Subtask: [2018-08-27 13:41:28,331] {bash_operator.py:101} INFO - 2015-06-22
[2018-08-27 13:41:28,331] {base_task_runner.py:98} INFO - Subtask: [2018-08-27 13:41:28,331] {bash_operator.py:101} INFO - Parameter I passed in
[2018-08-27 13:41:28,331] {base_task_runner.py:98} INFO - Subtask: [2018-08-27 13:41:28,331] {bash_operator.py:101} INFO - 2015-06-15
[2018-08-27 13:41:28,331] {base_task_runner.py:98} INFO - Subtask: [2018-08-27 13:41:28,331] {bash_operator.py:101} INFO - 2015-06-22
[2018-08-27 13:41:28,332] {base_task_runner.py:98} INFO - Subtask: [2018-08-27 13:41:28,331] {bash_operator.py:101} INFO - Parameter I passed in
[2018-08-27 13:41:28,332] {base_task_runner.py:98} INFO - Subtask: [2018-08-27 13:41:28,331] {bash_operator.py:105} INFO - Command exited with return code 0
