[2018-08-27 13:44:46,025] {cli.py:374} INFO - Running on host silverlight
[2018-08-27 13:44:46,080] {models.py:1197} INFO - Dependencies all met for <TaskInstance: tutorial.sleep 2015-06-21 00:00:00 [queued]>
[2018-08-27 13:44:46,083] {models.py:1197} INFO - Dependencies all met for <TaskInstance: tutorial.sleep 2015-06-21 00:00:00 [queued]>
[2018-08-27 13:44:46,083] {models.py:1407} INFO - 
--------------------------------------------------------------------------------
Starting attempt 1 of 4
--------------------------------------------------------------------------------

[2018-08-27 13:44:46,164] {models.py:1428} INFO - Executing <Task(BashOperator): sleep> on 2015-06-21 00:00:00
[2018-08-27 13:44:46,164] {base_task_runner.py:115} INFO - Running: ['bash', '-c', 'airflow run tutorial sleep 2015-06-21T00:00:00 --job_id 103 --raw -sd DAGS_FOLDER/tutorial.py']
[2018-08-27 13:44:46,472] {base_task_runner.py:98} INFO - Subtask: [2018-08-27 13:44:46,471] {driver.py:120} INFO - Generating grammar tables from /usr/lib/python3.5/lib2to3/Grammar.txt
[2018-08-27 13:44:46,513] {base_task_runner.py:98} INFO - Subtask: [2018-08-27 13:44:46,512] {driver.py:120} INFO - Generating grammar tables from /usr/lib/python3.5/lib2to3/PatternGrammar.txt
[2018-08-27 13:44:46,622] {base_task_runner.py:98} INFO - Subtask: [2018-08-27 13:44:46,622] {__init__.py:45} INFO - Using executor SequentialExecutor
[2018-08-27 13:44:46,654] {base_task_runner.py:98} INFO - Subtask: [2018-08-27 13:44:46,653] {models.py:189} INFO - Filling up the DagBag from /home/silverlight/Projects/Minikube-deploy/airflow-project/dags/tutorial.py
[2018-08-27 13:44:46,686] {cli.py:374} INFO - Running on host silverlight
[2018-08-27 13:44:46,699] {base_task_runner.py:98} INFO - Subtask: [2018-08-27 13:44:46,699] {bash_operator.py:70} INFO - Tmp dir root location: 
[2018-08-27 13:44:46,699] {base_task_runner.py:98} INFO - Subtask:  /tmp
[2018-08-27 13:44:46,699] {base_task_runner.py:98} INFO - Subtask: [2018-08-27 13:44:46,699] {bash_operator.py:80} INFO - Temporary script location: /tmp/airflowtmperufpu_f//tmp/airflowtmperufpu_f/sleep7wwxltys
[2018-08-27 13:44:46,699] {base_task_runner.py:98} INFO - Subtask: [2018-08-27 13:44:46,699] {bash_operator.py:88} INFO - Running command: sleep 5
[2018-08-27 13:44:46,702] {base_task_runner.py:98} INFO - Subtask: [2018-08-27 13:44:46,701] {bash_operator.py:97} INFO - Output:
[2018-08-27 13:44:51,706] {base_task_runner.py:98} INFO - Subtask: [2018-08-27 13:44:51,704] {bash_operator.py:105} INFO - Command exited with return code 0
