[2018-08-27 13:35:34,034] {cli.py:374} INFO - Running on host silverlight
[2018-08-27 13:35:34,099] {models.py:1197} INFO - Dependencies all met for <TaskInstance: tutorial.templated 2015-06-05 00:00:00 [queued]>
[2018-08-27 13:35:34,103] {models.py:1197} INFO - Dependencies all met for <TaskInstance: tutorial.templated 2015-06-05 00:00:00 [queued]>
[2018-08-27 13:35:34,103] {models.py:1407} INFO - 
--------------------------------------------------------------------------------
Starting attempt 1 of 2
--------------------------------------------------------------------------------

[2018-08-27 13:35:34,144] {models.py:1428} INFO - Executing <Task(BashOperator): templated> on 2015-06-05 00:00:00
[2018-08-27 13:35:34,144] {base_task_runner.py:115} INFO - Running: ['bash', '-c', 'airflow run tutorial templated 2015-06-05T00:00:00 --job_id 23 --raw -sd DAGS_FOLDER/tutorial.py']
[2018-08-27 13:35:34,384] {base_task_runner.py:98} INFO - Subtask: [2018-08-27 13:35:34,384] {driver.py:120} INFO - Generating grammar tables from /usr/lib/python3.5/lib2to3/Grammar.txt
[2018-08-27 13:35:34,417] {base_task_runner.py:98} INFO - Subtask: [2018-08-27 13:35:34,416] {driver.py:120} INFO - Generating grammar tables from /usr/lib/python3.5/lib2to3/PatternGrammar.txt
[2018-08-27 13:35:34,520] {base_task_runner.py:98} INFO - Subtask: [2018-08-27 13:35:34,520] {__init__.py:45} INFO - Using executor SequentialExecutor
[2018-08-27 13:35:34,551] {base_task_runner.py:98} INFO - Subtask: [2018-08-27 13:35:34,551] {models.py:189} INFO - Filling up the DagBag from /home/silverlight/Projects/Minikube-deploy/airflow-project/dags/tutorial.py
[2018-08-27 13:35:34,581] {cli.py:374} INFO - Running on host silverlight
[2018-08-27 13:35:34,594] {base_task_runner.py:98} INFO - Subtask: [2018-08-27 13:35:34,594] {bash_operator.py:70} INFO - Tmp dir root location: 
[2018-08-27 13:35:34,594] {base_task_runner.py:98} INFO - Subtask:  /tmp
[2018-08-27 13:35:34,594] {base_task_runner.py:98} INFO - Subtask: [2018-08-27 13:35:34,594] {bash_operator.py:80} INFO - Temporary script location: /tmp/airflowtmpnqrb1zo7//tmp/airflowtmpnqrb1zo7/templatednoljs2g5
[2018-08-27 13:35:34,594] {base_task_runner.py:98} INFO - Subtask: [2018-08-27 13:35:34,594] {bash_operator.py:88} INFO - Running command: 
[2018-08-27 13:35:34,594] {base_task_runner.py:98} INFO - Subtask:     
[2018-08-27 13:35:34,594] {base_task_runner.py:98} INFO - Subtask:         echo "2015-06-05"
[2018-08-27 13:35:34,594] {base_task_runner.py:98} INFO - Subtask:         echo "2015-06-12"
[2018-08-27 13:35:34,594] {base_task_runner.py:98} INFO - Subtask:         echo "Parameter I passed in"
[2018-08-27 13:35:34,594] {base_task_runner.py:98} INFO - Subtask:     
[2018-08-27 13:35:34,594] {base_task_runner.py:98} INFO - Subtask:         echo "2015-06-05"
[2018-08-27 13:35:34,594] {base_task_runner.py:98} INFO - Subtask:         echo "2015-06-12"
[2018-08-27 13:35:34,595] {base_task_runner.py:98} INFO - Subtask:         echo "Parameter I passed in"
[2018-08-27 13:35:34,595] {base_task_runner.py:98} INFO - Subtask:     
[2018-08-27 13:35:34,595] {base_task_runner.py:98} INFO - Subtask:         echo "2015-06-05"
[2018-08-27 13:35:34,604] {base_task_runner.py:98} INFO - Subtask:         echo "2015-06-12"
[2018-08-27 13:35:34,604] {base_task_runner.py:98} INFO - Subtask:         echo "Parameter I passed in"
[2018-08-27 13:35:34,604] {base_task_runner.py:98} INFO - Subtask:     
[2018-08-27 13:35:34,604] {base_task_runner.py:98} INFO - Subtask:         echo "2015-06-05"
[2018-08-27 13:35:34,604] {base_task_runner.py:98} INFO - Subtask:         echo "2015-06-12"
[2018-08-27 13:35:34,604] {base_task_runner.py:98} INFO - Subtask:         echo "Parameter I passed in"
[2018-08-27 13:35:34,604] {base_task_runner.py:98} INFO - Subtask:     
[2018-08-27 13:35:34,604] {base_task_runner.py:98} INFO - Subtask:         echo "2015-06-05"
[2018-08-27 13:35:34,604] {base_task_runner.py:98} INFO - Subtask:         echo "2015-06-12"
[2018-08-27 13:35:34,605] {base_task_runner.py:98} INFO - Subtask:         echo "Parameter I passed in"
[2018-08-27 13:35:34,605] {base_task_runner.py:98} INFO - Subtask:     
[2018-08-27 13:35:34,606] {base_task_runner.py:98} INFO - Subtask: [2018-08-27 13:35:34,606] {bash_operator.py:97} INFO - Output:
[2018-08-27 13:35:34,607] {base_task_runner.py:98} INFO - Subtask: [2018-08-27 13:35:34,607] {bash_operator.py:101} INFO - 2015-06-05
[2018-08-27 13:35:34,607] {base_task_runner.py:98} INFO - Subtask: [2018-08-27 13:35:34,607] {bash_operator.py:101} INFO - 2015-06-12
[2018-08-27 13:35:34,607] {base_task_runner.py:98} INFO - Subtask: [2018-08-27 13:35:34,607] {bash_operator.py:101} INFO - Parameter I passed in
[2018-08-27 13:35:34,607] {base_task_runner.py:98} INFO - Subtask: [2018-08-27 13:35:34,607] {bash_operator.py:101} INFO - 2015-06-05
[2018-08-27 13:35:34,607] {base_task_runner.py:98} INFO - Subtask: [2018-08-27 13:35:34,607] {bash_operator.py:101} INFO - 2015-06-12
[2018-08-27 13:35:34,607] {base_task_runner.py:98} INFO - Subtask: [2018-08-27 13:35:34,607] {bash_operator.py:101} INFO - Parameter I passed in
[2018-08-27 13:35:34,607] {base_task_runner.py:98} INFO - Subtask: [2018-08-27 13:35:34,607] {bash_operator.py:101} INFO - 2015-06-05
[2018-08-27 13:35:34,607] {base_task_runner.py:98} INFO - Subtask: [2018-08-27 13:35:34,607] {bash_operator.py:101} INFO - 2015-06-12
[2018-08-27 13:35:34,607] {base_task_runner.py:98} INFO - Subtask: [2018-08-27 13:35:34,607] {bash_operator.py:101} INFO - Parameter I passed in
[2018-08-27 13:35:34,607] {base_task_runner.py:98} INFO - Subtask: [2018-08-27 13:35:34,607] {bash_operator.py:101} INFO - 2015-06-05
[2018-08-27 13:35:34,607] {base_task_runner.py:98} INFO - Subtask: [2018-08-27 13:35:34,607] {bash_operator.py:101} INFO - 2015-06-12
[2018-08-27 13:35:34,608] {base_task_runner.py:98} INFO - Subtask: [2018-08-27 13:35:34,607] {bash_operator.py:101} INFO - Parameter I passed in
[2018-08-27 13:35:34,608] {base_task_runner.py:98} INFO - Subtask: [2018-08-27 13:35:34,607] {bash_operator.py:101} INFO - 2015-06-05
[2018-08-27 13:35:34,608] {base_task_runner.py:98} INFO - Subtask: [2018-08-27 13:35:34,607] {bash_operator.py:101} INFO - 2015-06-12
[2018-08-27 13:35:34,608] {base_task_runner.py:98} INFO - Subtask: [2018-08-27 13:35:34,607] {bash_operator.py:101} INFO - Parameter I passed in
[2018-08-27 13:35:34,608] {base_task_runner.py:98} INFO - Subtask: [2018-08-27 13:35:34,607] {bash_operator.py:105} INFO - Command exited with return code 0
