[2018-08-27 13:46:35,622] {cli.py:374} INFO - Running on host silverlight
[2018-08-27 13:46:35,658] {models.py:1197} INFO - Dependencies all met for <TaskInstance: tutorial.templated 2015-06-24 00:00:00 [queued]>
[2018-08-27 13:46:35,661] {models.py:1197} INFO - Dependencies all met for <TaskInstance: tutorial.templated 2015-06-24 00:00:00 [queued]>
[2018-08-27 13:46:35,662] {models.py:1407} INFO - 
--------------------------------------------------------------------------------
Starting attempt 1 of 2
--------------------------------------------------------------------------------

[2018-08-27 13:46:35,740] {models.py:1428} INFO - Executing <Task(BashOperator): templated> on 2015-06-24 00:00:00
[2018-08-27 13:46:35,740] {base_task_runner.py:115} INFO - Running: ['bash', '-c', 'airflow run tutorial templated 2015-06-24T00:00:00 --job_id 118 --raw -sd DAGS_FOLDER/tutorial.py']
[2018-08-27 13:46:35,997] {base_task_runner.py:98} INFO - Subtask: [2018-08-27 13:46:35,996] {driver.py:120} INFO - Generating grammar tables from /usr/lib/python3.5/lib2to3/Grammar.txt
[2018-08-27 13:46:36,032] {base_task_runner.py:98} INFO - Subtask: [2018-08-27 13:46:36,031] {driver.py:120} INFO - Generating grammar tables from /usr/lib/python3.5/lib2to3/PatternGrammar.txt
[2018-08-27 13:46:36,154] {base_task_runner.py:98} INFO - Subtask: [2018-08-27 13:46:36,154] {__init__.py:45} INFO - Using executor SequentialExecutor
[2018-08-27 13:46:36,191] {base_task_runner.py:98} INFO - Subtask: [2018-08-27 13:46:36,191] {models.py:189} INFO - Filling up the DagBag from /home/silverlight/Projects/Minikube-deploy/airflow-project/dags/tutorial.py
[2018-08-27 13:46:36,220] {cli.py:374} INFO - Running on host silverlight
[2018-08-27 13:46:36,232] {base_task_runner.py:98} INFO - Subtask: [2018-08-27 13:46:36,232] {bash_operator.py:70} INFO - Tmp dir root location: 
[2018-08-27 13:46:36,232] {base_task_runner.py:98} INFO - Subtask:  /tmp
[2018-08-27 13:46:36,232] {base_task_runner.py:98} INFO - Subtask: [2018-08-27 13:46:36,232] {bash_operator.py:80} INFO - Temporary script location: /tmp/airflowtmpq8y_haji//tmp/airflowtmpq8y_haji/templatedj1vf_qdx
[2018-08-27 13:46:36,233] {base_task_runner.py:98} INFO - Subtask: [2018-08-27 13:46:36,232] {bash_operator.py:88} INFO - Running command: 
[2018-08-27 13:46:36,233] {base_task_runner.py:98} INFO - Subtask:     
[2018-08-27 13:46:36,233] {base_task_runner.py:98} INFO - Subtask:         echo "2015-06-24"
[2018-08-27 13:46:36,233] {base_task_runner.py:98} INFO - Subtask:         echo "2015-07-01"
[2018-08-27 13:46:36,233] {base_task_runner.py:98} INFO - Subtask:         echo "Parameter I passed in"
[2018-08-27 13:46:36,233] {base_task_runner.py:98} INFO - Subtask:     
[2018-08-27 13:46:36,233] {base_task_runner.py:98} INFO - Subtask:         echo "2015-06-24"
[2018-08-27 13:46:36,233] {base_task_runner.py:98} INFO - Subtask:         echo "2015-07-01"
[2018-08-27 13:46:36,233] {base_task_runner.py:98} INFO - Subtask:         echo "Parameter I passed in"
[2018-08-27 13:46:36,233] {base_task_runner.py:98} INFO - Subtask:     
[2018-08-27 13:46:36,233] {base_task_runner.py:98} INFO - Subtask:         echo "2015-06-24"
[2018-08-27 13:46:36,233] {base_task_runner.py:98} INFO - Subtask:         echo "2015-07-01"
[2018-08-27 13:46:36,233] {base_task_runner.py:98} INFO - Subtask:         echo "Parameter I passed in"
[2018-08-27 13:46:36,233] {base_task_runner.py:98} INFO - Subtask:     
[2018-08-27 13:46:36,233] {base_task_runner.py:98} INFO - Subtask:         echo "2015-06-24"
[2018-08-27 13:46:36,234] {base_task_runner.py:98} INFO - Subtask:         echo "2015-07-01"
[2018-08-27 13:46:36,234] {base_task_runner.py:98} INFO - Subtask:         echo "Parameter I passed in"
[2018-08-27 13:46:36,234] {base_task_runner.py:98} INFO - Subtask:     
[2018-08-27 13:46:36,234] {base_task_runner.py:98} INFO - Subtask:         echo "2015-06-24"
[2018-08-27 13:46:36,234] {base_task_runner.py:98} INFO - Subtask:         echo "2015-07-01"
[2018-08-27 13:46:36,234] {base_task_runner.py:98} INFO - Subtask:         echo "Parameter I passed in"
[2018-08-27 13:46:36,234] {base_task_runner.py:98} INFO - Subtask:     
[2018-08-27 13:46:36,239] {base_task_runner.py:98} INFO - Subtask: [2018-08-27 13:46:36,239] {bash_operator.py:97} INFO - Output:
[2018-08-27 13:46:36,240] {base_task_runner.py:98} INFO - Subtask: [2018-08-27 13:46:36,240] {bash_operator.py:101} INFO - 2015-06-24
[2018-08-27 13:46:36,241] {base_task_runner.py:98} INFO - Subtask: [2018-08-27 13:46:36,240] {bash_operator.py:101} INFO - 2015-07-01
[2018-08-27 13:46:36,241] {base_task_runner.py:98} INFO - Subtask: [2018-08-27 13:46:36,240] {bash_operator.py:101} INFO - Parameter I passed in
[2018-08-27 13:46:36,241] {base_task_runner.py:98} INFO - Subtask: [2018-08-27 13:46:36,240] {bash_operator.py:101} INFO - 2015-06-24
[2018-08-27 13:46:36,241] {base_task_runner.py:98} INFO - Subtask: [2018-08-27 13:46:36,240] {bash_operator.py:101} INFO - 2015-07-01
[2018-08-27 13:46:36,241] {base_task_runner.py:98} INFO - Subtask: [2018-08-27 13:46:36,240] {bash_operator.py:101} INFO - Parameter I passed in
[2018-08-27 13:46:36,241] {base_task_runner.py:98} INFO - Subtask: [2018-08-27 13:46:36,241] {bash_operator.py:101} INFO - 2015-06-24
[2018-08-27 13:46:36,241] {base_task_runner.py:98} INFO - Subtask: [2018-08-27 13:46:36,241] {bash_operator.py:101} INFO - 2015-07-01
[2018-08-27 13:46:36,241] {base_task_runner.py:98} INFO - Subtask: [2018-08-27 13:46:36,241] {bash_operator.py:101} INFO - Parameter I passed in
[2018-08-27 13:46:36,241] {base_task_runner.py:98} INFO - Subtask: [2018-08-27 13:46:36,241] {bash_operator.py:101} INFO - 2015-06-24
[2018-08-27 13:46:36,241] {base_task_runner.py:98} INFO - Subtask: [2018-08-27 13:46:36,241] {bash_operator.py:101} INFO - 2015-07-01
[2018-08-27 13:46:36,241] {base_task_runner.py:98} INFO - Subtask: [2018-08-27 13:46:36,241] {bash_operator.py:101} INFO - Parameter I passed in
[2018-08-27 13:46:36,242] {base_task_runner.py:98} INFO - Subtask: [2018-08-27 13:46:36,241] {bash_operator.py:101} INFO - 2015-06-24
[2018-08-27 13:46:36,242] {base_task_runner.py:98} INFO - Subtask: [2018-08-27 13:46:36,241] {bash_operator.py:101} INFO - 2015-07-01
[2018-08-27 13:46:36,242] {base_task_runner.py:98} INFO - Subtask: [2018-08-27 13:46:36,241] {bash_operator.py:101} INFO - Parameter I passed in
[2018-08-27 13:46:36,242] {base_task_runner.py:98} INFO - Subtask: [2018-08-27 13:46:36,241] {bash_operator.py:105} INFO - Command exited with return code 0
