[2018-08-27 13:46:24,846] {cli.py:374} INFO - Running on host silverlight
[2018-08-27 13:46:24,899] {models.py:1197} INFO - Dependencies all met for <TaskInstance: tutorial.sleep 2015-06-24 00:00:00 [queued]>
[2018-08-27 13:46:24,904] {models.py:1197} INFO - Dependencies all met for <TaskInstance: tutorial.sleep 2015-06-24 00:00:00 [queued]>
[2018-08-27 13:46:24,904] {models.py:1407} INFO - 
--------------------------------------------------------------------------------
Starting attempt 1 of 4
--------------------------------------------------------------------------------

[2018-08-27 13:46:24,953] {models.py:1428} INFO - Executing <Task(BashOperator): sleep> on 2015-06-24 00:00:00
[2018-08-27 13:46:24,954] {base_task_runner.py:115} INFO - Running: ['bash', '-c', 'airflow run tutorial sleep 2015-06-24T00:00:00 --job_id 117 --raw -sd DAGS_FOLDER/tutorial.py']
[2018-08-27 13:46:25,206] {base_task_runner.py:98} INFO - Subtask: [2018-08-27 13:46:25,205] {driver.py:120} INFO - Generating grammar tables from /usr/lib/python3.5/lib2to3/Grammar.txt
[2018-08-27 13:46:25,246] {base_task_runner.py:98} INFO - Subtask: [2018-08-27 13:46:25,246] {driver.py:120} INFO - Generating grammar tables from /usr/lib/python3.5/lib2to3/PatternGrammar.txt
[2018-08-27 13:46:25,353] {base_task_runner.py:98} INFO - Subtask: [2018-08-27 13:46:25,353] {__init__.py:45} INFO - Using executor SequentialExecutor
[2018-08-27 13:46:25,388] {base_task_runner.py:98} INFO - Subtask: [2018-08-27 13:46:25,388] {models.py:189} INFO - Filling up the DagBag from /home/silverlight/Projects/Minikube-deploy/airflow-project/dags/tutorial.py
[2018-08-27 13:46:25,417] {cli.py:374} INFO - Running on host silverlight
[2018-08-27 13:46:25,430] {base_task_runner.py:98} INFO - Subtask: [2018-08-27 13:46:25,430] {bash_operator.py:70} INFO - Tmp dir root location: 
[2018-08-27 13:46:25,430] {base_task_runner.py:98} INFO - Subtask:  /tmp
[2018-08-27 13:46:25,430] {base_task_runner.py:98} INFO - Subtask: [2018-08-27 13:46:25,430] {bash_operator.py:80} INFO - Temporary script location: /tmp/airflowtmpc75i4szb//tmp/airflowtmpc75i4szb/sleepl_qb44hv
[2018-08-27 13:46:25,430] {base_task_runner.py:98} INFO - Subtask: [2018-08-27 13:46:25,430] {bash_operator.py:88} INFO - Running command: sleep 5
[2018-08-27 13:46:25,433] {base_task_runner.py:98} INFO - Subtask: [2018-08-27 13:46:25,433] {bash_operator.py:97} INFO - Output:
[2018-08-27 13:46:30,436] {base_task_runner.py:98} INFO - Subtask: [2018-08-27 13:46:30,435] {bash_operator.py:105} INFO - Command exited with return code 0
