[2018-08-27 13:52:16,227] {cli.py:374} INFO - Running on host silverlight
[2018-08-27 13:52:16,336] {models.py:1197} INFO - Dependencies all met for <TaskInstance: tutorial.print_date 2015-07-08 00:00:00 [queued]>
[2018-08-27 13:52:16,339] {models.py:1197} INFO - Dependencies all met for <TaskInstance: tutorial.print_date 2015-07-08 00:00:00 [queued]>
[2018-08-27 13:52:16,340] {models.py:1407} INFO - 
--------------------------------------------------------------------------------
Starting attempt 1 of 2
--------------------------------------------------------------------------------

[2018-08-27 13:52:16,402] {models.py:1428} INFO - Executing <Task(BashOperator): print_date> on 2015-07-08 00:00:00
[2018-08-27 13:52:16,402] {base_task_runner.py:115} INFO - Running: ['bash', '-c', 'airflow run tutorial print_date 2015-07-08T00:00:00 --job_id 165 --raw -sd DAGS_FOLDER/tutorial.py']
[2018-08-27 13:52:16,679] {base_task_runner.py:98} INFO - Subtask: [2018-08-27 13:52:16,679] {driver.py:120} INFO - Generating grammar tables from /usr/lib/python3.5/lib2to3/Grammar.txt
[2018-08-27 13:52:16,724] {base_task_runner.py:98} INFO - Subtask: [2018-08-27 13:52:16,724] {driver.py:120} INFO - Generating grammar tables from /usr/lib/python3.5/lib2to3/PatternGrammar.txt
[2018-08-27 13:52:16,861] {base_task_runner.py:98} INFO - Subtask: [2018-08-27 13:52:16,861] {__init__.py:45} INFO - Using executor SequentialExecutor
[2018-08-27 13:52:16,899] {base_task_runner.py:98} INFO - Subtask: [2018-08-27 13:52:16,899] {models.py:189} INFO - Filling up the DagBag from /home/silverlight/Projects/Minikube-deploy/airflow-project/dags/tutorial.py
[2018-08-27 13:52:16,928] {cli.py:374} INFO - Running on host silverlight
[2018-08-27 13:52:16,942] {base_task_runner.py:98} INFO - Subtask: [2018-08-27 13:52:16,941] {bash_operator.py:70} INFO - Tmp dir root location: 
[2018-08-27 13:52:16,942] {base_task_runner.py:98} INFO - Subtask:  /tmp
[2018-08-27 13:52:16,942] {base_task_runner.py:98} INFO - Subtask: [2018-08-27 13:52:16,942] {bash_operator.py:80} INFO - Temporary script location: /tmp/airflowtmp_lgh2q_b//tmp/airflowtmp_lgh2q_b/print_datexl632hgj
[2018-08-27 13:52:16,942] {base_task_runner.py:98} INFO - Subtask: [2018-08-27 13:52:16,942] {bash_operator.py:88} INFO - Running command: date
[2018-08-27 13:52:16,947] {base_task_runner.py:98} INFO - Subtask: [2018-08-27 13:52:16,947] {bash_operator.py:97} INFO - Output:
[2018-08-27 13:52:16,948] {base_task_runner.py:98} INFO - Subtask: [2018-08-27 13:52:16,948] {bash_operator.py:101} INFO - Thứ hai, 27 Tháng tám năm 2018 13:52:16 +07
[2018-08-27 13:52:16,949] {base_task_runner.py:98} INFO - Subtask: [2018-08-27 13:52:16,948] {bash_operator.py:105} INFO - Command exited with return code 0
