[2018-08-27 13:35:23,425] {cli.py:374} INFO - Running on host silverlight
[2018-08-27 13:35:23,473] {models.py:1197} INFO - Dependencies all met for <TaskInstance: tutorial.sleep 2015-06-04 00:00:00 [queued]>
[2018-08-27 13:35:23,477] {models.py:1197} INFO - Dependencies all met for <TaskInstance: tutorial.sleep 2015-06-04 00:00:00 [queued]>
[2018-08-27 13:35:23,477] {models.py:1407} INFO - 
--------------------------------------------------------------------------------
Starting attempt 1 of 4
--------------------------------------------------------------------------------

[2018-08-27 13:35:23,535] {models.py:1428} INFO - Executing <Task(BashOperator): sleep> on 2015-06-04 00:00:00
[2018-08-27 13:35:23,535] {base_task_runner.py:115} INFO - Running: ['bash', '-c', 'airflow run tutorial sleep 2015-06-04T00:00:00 --job_id 22 --raw -sd DAGS_FOLDER/tutorial.py']
[2018-08-27 13:35:23,790] {base_task_runner.py:98} INFO - Subtask: [2018-08-27 13:35:23,790] {driver.py:120} INFO - Generating grammar tables from /usr/lib/python3.5/lib2to3/Grammar.txt
[2018-08-27 13:35:23,824] {base_task_runner.py:98} INFO - Subtask: [2018-08-27 13:35:23,824] {driver.py:120} INFO - Generating grammar tables from /usr/lib/python3.5/lib2to3/PatternGrammar.txt
[2018-08-27 13:35:23,934] {base_task_runner.py:98} INFO - Subtask: [2018-08-27 13:35:23,934] {__init__.py:45} INFO - Using executor SequentialExecutor
[2018-08-27 13:35:23,968] {base_task_runner.py:98} INFO - Subtask: [2018-08-27 13:35:23,967] {models.py:189} INFO - Filling up the DagBag from /home/silverlight/Projects/Minikube-deploy/airflow-project/dags/tutorial.py
[2018-08-27 13:35:24,000] {cli.py:374} INFO - Running on host silverlight
[2018-08-27 13:35:24,009] {base_task_runner.py:98} INFO - Subtask: [2018-08-27 13:35:24,008] {bash_operator.py:70} INFO - Tmp dir root location: 
[2018-08-27 13:35:24,009] {base_task_runner.py:98} INFO - Subtask:  /tmp
[2018-08-27 13:35:24,009] {base_task_runner.py:98} INFO - Subtask: [2018-08-27 13:35:24,009] {bash_operator.py:80} INFO - Temporary script location: /tmp/airflowtmplgxwwoq6//tmp/airflowtmplgxwwoq6/sleepbdo__4u9
[2018-08-27 13:35:24,009] {base_task_runner.py:98} INFO - Subtask: [2018-08-27 13:35:24,009] {bash_operator.py:88} INFO - Running command: sleep 5
[2018-08-27 13:35:24,012] {base_task_runner.py:98} INFO - Subtask: [2018-08-27 13:35:24,012] {bash_operator.py:97} INFO - Output:
[2018-08-27 13:35:29,014] {base_task_runner.py:98} INFO - Subtask: [2018-08-27 13:35:29,013] {bash_operator.py:105} INFO - Command exited with return code 0
