[2018-08-27 13:55:22,378] {cli.py:374} INFO - Running on host silverlight
[2018-08-27 13:55:22,458] {models.py:1197} INFO - Dependencies all met for <TaskInstance: tutorial.templated 2015-07-13 00:00:00 [queued]>
[2018-08-27 13:55:22,467] {models.py:1197} INFO - Dependencies all met for <TaskInstance: tutorial.templated 2015-07-13 00:00:00 [queued]>
[2018-08-27 13:55:22,468] {models.py:1407} INFO - 
--------------------------------------------------------------------------------
Starting attempt 1 of 2
--------------------------------------------------------------------------------

[2018-08-27 13:55:22,573] {models.py:1428} INFO - Executing <Task(BashOperator): templated> on 2015-07-13 00:00:00
[2018-08-27 13:55:22,574] {base_task_runner.py:115} INFO - Running: ['bash', '-c', 'airflow run tutorial templated 2015-07-13T00:00:00 --job_id 190 --raw -sd DAGS_FOLDER/tutorial.py']
[2018-08-27 13:55:22,900] {base_task_runner.py:98} INFO - Subtask: [2018-08-27 13:55:22,900] {driver.py:120} INFO - Generating grammar tables from /usr/lib/python3.5/lib2to3/Grammar.txt
[2018-08-27 13:55:22,946] {base_task_runner.py:98} INFO - Subtask: [2018-08-27 13:55:22,946] {driver.py:120} INFO - Generating grammar tables from /usr/lib/python3.5/lib2to3/PatternGrammar.txt
[2018-08-27 13:55:23,078] {base_task_runner.py:98} INFO - Subtask: [2018-08-27 13:55:23,078] {__init__.py:45} INFO - Using executor SequentialExecutor
[2018-08-27 13:55:23,110] {base_task_runner.py:98} INFO - Subtask: [2018-08-27 13:55:23,110] {models.py:189} INFO - Filling up the DagBag from /home/silverlight/Projects/Minikube-deploy/airflow-project/dags/tutorial.py
[2018-08-27 13:55:23,135] {cli.py:374} INFO - Running on host silverlight
[2018-08-27 13:55:23,146] {base_task_runner.py:98} INFO - Subtask: [2018-08-27 13:55:23,146] {bash_operator.py:70} INFO - Tmp dir root location: 
[2018-08-27 13:55:23,146] {base_task_runner.py:98} INFO - Subtask:  /tmp
[2018-08-27 13:55:23,146] {base_task_runner.py:98} INFO - Subtask: [2018-08-27 13:55:23,146] {bash_operator.py:80} INFO - Temporary script location: /tmp/airflowtmpw4vqyk4y//tmp/airflowtmpw4vqyk4y/templatedv7csi6rn
[2018-08-27 13:55:23,146] {base_task_runner.py:98} INFO - Subtask: [2018-08-27 13:55:23,146] {bash_operator.py:88} INFO - Running command: 
[2018-08-27 13:55:23,146] {base_task_runner.py:98} INFO - Subtask:     
[2018-08-27 13:55:23,146] {base_task_runner.py:98} INFO - Subtask:         echo "2015-07-13"
[2018-08-27 13:55:23,146] {base_task_runner.py:98} INFO - Subtask:         echo "2015-07-20"
[2018-08-27 13:55:23,146] {base_task_runner.py:98} INFO - Subtask:         echo "Parameter I passed in"
[2018-08-27 13:55:23,147] {base_task_runner.py:98} INFO - Subtask:     
[2018-08-27 13:55:23,147] {base_task_runner.py:98} INFO - Subtask:         echo "2015-07-13"
[2018-08-27 13:55:23,147] {base_task_runner.py:98} INFO - Subtask:         echo "2015-07-20"
[2018-08-27 13:55:23,147] {base_task_runner.py:98} INFO - Subtask:         echo "Parameter I passed in"
[2018-08-27 13:55:23,147] {base_task_runner.py:98} INFO - Subtask:     
[2018-08-27 13:55:23,147] {base_task_runner.py:98} INFO - Subtask:         echo "2015-07-13"
[2018-08-27 13:55:23,147] {base_task_runner.py:98} INFO - Subtask:         echo "2015-07-20"
[2018-08-27 13:55:23,147] {base_task_runner.py:98} INFO - Subtask:         echo "Parameter I passed in"
[2018-08-27 13:55:23,147] {base_task_runner.py:98} INFO - Subtask:     
[2018-08-27 13:55:23,147] {base_task_runner.py:98} INFO - Subtask:         echo "2015-07-13"
[2018-08-27 13:55:23,147] {base_task_runner.py:98} INFO - Subtask:         echo "2015-07-20"
[2018-08-27 13:55:23,147] {base_task_runner.py:98} INFO - Subtask:         echo "Parameter I passed in"
[2018-08-27 13:55:23,147] {base_task_runner.py:98} INFO - Subtask:     
[2018-08-27 13:55:23,147] {base_task_runner.py:98} INFO - Subtask:         echo "2015-07-13"
[2018-08-27 13:55:23,147] {base_task_runner.py:98} INFO - Subtask:         echo "2015-07-20"
[2018-08-27 13:55:23,147] {base_task_runner.py:98} INFO - Subtask:         echo "Parameter I passed in"
[2018-08-27 13:55:23,148] {base_task_runner.py:98} INFO - Subtask:     
[2018-08-27 13:55:23,149] {base_task_runner.py:98} INFO - Subtask: [2018-08-27 13:55:23,149] {bash_operator.py:97} INFO - Output:
[2018-08-27 13:55:23,149] {base_task_runner.py:98} INFO - Subtask: [2018-08-27 13:55:23,149] {bash_operator.py:101} INFO - 2015-07-13
[2018-08-27 13:55:23,150] {base_task_runner.py:98} INFO - Subtask: [2018-08-27 13:55:23,149] {bash_operator.py:101} INFO - 2015-07-20
[2018-08-27 13:55:23,150] {base_task_runner.py:98} INFO - Subtask: [2018-08-27 13:55:23,149] {bash_operator.py:101} INFO - Parameter I passed in
[2018-08-27 13:55:23,150] {base_task_runner.py:98} INFO - Subtask: [2018-08-27 13:55:23,150] {bash_operator.py:101} INFO - 2015-07-13
[2018-08-27 13:55:23,150] {base_task_runner.py:98} INFO - Subtask: [2018-08-27 13:55:23,150] {bash_operator.py:101} INFO - 2015-07-20
[2018-08-27 13:55:23,150] {base_task_runner.py:98} INFO - Subtask: [2018-08-27 13:55:23,150] {bash_operator.py:101} INFO - Parameter I passed in
[2018-08-27 13:55:23,150] {base_task_runner.py:98} INFO - Subtask: [2018-08-27 13:55:23,150] {bash_operator.py:101} INFO - 2015-07-13
[2018-08-27 13:55:23,150] {base_task_runner.py:98} INFO - Subtask: [2018-08-27 13:55:23,150] {bash_operator.py:101} INFO - 2015-07-20
[2018-08-27 13:55:23,150] {base_task_runner.py:98} INFO - Subtask: [2018-08-27 13:55:23,150] {bash_operator.py:101} INFO - Parameter I passed in
[2018-08-27 13:55:23,150] {base_task_runner.py:98} INFO - Subtask: [2018-08-27 13:55:23,150] {bash_operator.py:101} INFO - 2015-07-13
[2018-08-27 13:55:23,150] {base_task_runner.py:98} INFO - Subtask: [2018-08-27 13:55:23,150] {bash_operator.py:101} INFO - 2015-07-20
[2018-08-27 13:55:23,150] {base_task_runner.py:98} INFO - Subtask: [2018-08-27 13:55:23,150] {bash_operator.py:101} INFO - Parameter I passed in
[2018-08-27 13:55:23,150] {base_task_runner.py:98} INFO - Subtask: [2018-08-27 13:55:23,150] {bash_operator.py:101} INFO - 2015-07-13
[2018-08-27 13:55:23,150] {base_task_runner.py:98} INFO - Subtask: [2018-08-27 13:55:23,150] {bash_operator.py:101} INFO - 2015-07-20
[2018-08-27 13:55:23,150] {base_task_runner.py:98} INFO - Subtask: [2018-08-27 13:55:23,150] {bash_operator.py:101} INFO - Parameter I passed in
[2018-08-27 13:55:23,151] {base_task_runner.py:98} INFO - Subtask: [2018-08-27 13:55:23,150] {bash_operator.py:105} INFO - Command exited with return code 0
