[2018-08-27 13:54:59,706] {cli.py:374} INFO - Running on host silverlight
[2018-08-27 13:54:59,778] {models.py:1197} INFO - Dependencies all met for <TaskInstance: tutorial.print_date 2015-07-15 00:00:00 [queued]>
[2018-08-27 13:54:59,780] {models.py:1197} INFO - Dependencies all met for <TaskInstance: tutorial.print_date 2015-07-15 00:00:00 [queued]>
[2018-08-27 13:54:59,780] {models.py:1407} INFO - 
--------------------------------------------------------------------------------
Starting attempt 1 of 2
--------------------------------------------------------------------------------

[2018-08-27 13:54:59,815] {models.py:1428} INFO - Executing <Task(BashOperator): print_date> on 2015-07-15 00:00:00
[2018-08-27 13:54:59,815] {base_task_runner.py:115} INFO - Running: ['bash', '-c', 'airflow run tutorial print_date 2015-07-15T00:00:00 --job_id 186 --raw -sd DAGS_FOLDER/tutorial.py']
[2018-08-27 13:55:00,065] {base_task_runner.py:98} INFO - Subtask: [2018-08-27 13:55:00,064] {driver.py:120} INFO - Generating grammar tables from /usr/lib/python3.5/lib2to3/Grammar.txt
[2018-08-27 13:55:00,097] {base_task_runner.py:98} INFO - Subtask: [2018-08-27 13:55:00,096] {driver.py:120} INFO - Generating grammar tables from /usr/lib/python3.5/lib2to3/PatternGrammar.txt
[2018-08-27 13:55:00,201] {base_task_runner.py:98} INFO - Subtask: [2018-08-27 13:55:00,201] {__init__.py:45} INFO - Using executor SequentialExecutor
[2018-08-27 13:55:00,233] {base_task_runner.py:98} INFO - Subtask: [2018-08-27 13:55:00,233] {models.py:189} INFO - Filling up the DagBag from /home/silverlight/Projects/Minikube-deploy/airflow-project/dags/tutorial.py
[2018-08-27 13:55:00,257] {cli.py:374} INFO - Running on host silverlight
[2018-08-27 13:55:00,265] {base_task_runner.py:98} INFO - Subtask: [2018-08-27 13:55:00,265] {bash_operator.py:70} INFO - Tmp dir root location: 
[2018-08-27 13:55:00,266] {base_task_runner.py:98} INFO - Subtask:  /tmp
[2018-08-27 13:55:00,266] {base_task_runner.py:98} INFO - Subtask: [2018-08-27 13:55:00,266] {bash_operator.py:80} INFO - Temporary script location: /tmp/airflowtmpig2egzkd//tmp/airflowtmpig2egzkd/print_datew4xwitou
[2018-08-27 13:55:00,266] {base_task_runner.py:98} INFO - Subtask: [2018-08-27 13:55:00,266] {bash_operator.py:88} INFO - Running command: date
[2018-08-27 13:55:00,268] {base_task_runner.py:98} INFO - Subtask: [2018-08-27 13:55:00,268] {bash_operator.py:97} INFO - Output:
[2018-08-27 13:55:00,269] {base_task_runner.py:98} INFO - Subtask: [2018-08-27 13:55:00,269] {bash_operator.py:101} INFO - Thứ hai, 27 Tháng tám năm 2018 13:55:00 +07
[2018-08-27 13:55:00,270] {base_task_runner.py:98} INFO - Subtask: [2018-08-27 13:55:00,269] {bash_operator.py:105} INFO - Command exited with return code 0
