[2018-08-27 13:53:02,983] {cli.py:374} INFO - Running on host silverlight
[2018-08-27 13:53:03,059] {models.py:1197} INFO - Dependencies all met for <TaskInstance: tutorial.print_date 2015-07-10 00:00:00 [queued]>
[2018-08-27 13:53:03,061] {models.py:1197} INFO - Dependencies all met for <TaskInstance: tutorial.print_date 2015-07-10 00:00:00 [queued]>
[2018-08-27 13:53:03,061] {models.py:1407} INFO - 
--------------------------------------------------------------------------------
Starting attempt 1 of 2
--------------------------------------------------------------------------------

[2018-08-27 13:53:03,133] {models.py:1428} INFO - Executing <Task(BashOperator): print_date> on 2015-07-10 00:00:00
[2018-08-27 13:53:03,133] {base_task_runner.py:115} INFO - Running: ['bash', '-c', 'airflow run tutorial print_date 2015-07-10T00:00:00 --job_id 171 --raw -sd DAGS_FOLDER/tutorial.py']
[2018-08-27 13:53:03,383] {base_task_runner.py:98} INFO - Subtask: [2018-08-27 13:53:03,382] {driver.py:120} INFO - Generating grammar tables from /usr/lib/python3.5/lib2to3/Grammar.txt
[2018-08-27 13:53:03,425] {base_task_runner.py:98} INFO - Subtask: [2018-08-27 13:53:03,425] {driver.py:120} INFO - Generating grammar tables from /usr/lib/python3.5/lib2to3/PatternGrammar.txt
[2018-08-27 13:53:03,543] {base_task_runner.py:98} INFO - Subtask: [2018-08-27 13:53:03,543] {__init__.py:45} INFO - Using executor SequentialExecutor
[2018-08-27 13:53:03,576] {base_task_runner.py:98} INFO - Subtask: [2018-08-27 13:53:03,576] {models.py:189} INFO - Filling up the DagBag from /home/silverlight/Projects/Minikube-deploy/airflow-project/dags/tutorial.py
[2018-08-27 13:53:03,608] {cli.py:374} INFO - Running on host silverlight
[2018-08-27 13:53:03,621] {base_task_runner.py:98} INFO - Subtask: [2018-08-27 13:53:03,620] {bash_operator.py:70} INFO - Tmp dir root location: 
[2018-08-27 13:53:03,621] {base_task_runner.py:98} INFO - Subtask:  /tmp
[2018-08-27 13:53:03,621] {base_task_runner.py:98} INFO - Subtask: [2018-08-27 13:53:03,621] {bash_operator.py:80} INFO - Temporary script location: /tmp/airflowtmp7xhdb9u7//tmp/airflowtmp7xhdb9u7/print_dateftgeuy6v
[2018-08-27 13:53:03,621] {base_task_runner.py:98} INFO - Subtask: [2018-08-27 13:53:03,621] {bash_operator.py:88} INFO - Running command: date
[2018-08-27 13:53:03,626] {base_task_runner.py:98} INFO - Subtask: [2018-08-27 13:53:03,626] {bash_operator.py:97} INFO - Output:
[2018-08-27 13:53:03,627] {base_task_runner.py:98} INFO - Subtask: [2018-08-27 13:53:03,627] {bash_operator.py:101} INFO - Thứ hai, 27 Tháng tám năm 2018 13:53:03 +07
[2018-08-27 13:53:03,628] {base_task_runner.py:98} INFO - Subtask: [2018-08-27 13:53:03,627] {bash_operator.py:105} INFO - Command exited with return code 0
