[2018-08-27 13:52:04,168] {cli.py:374} INFO - Running on host silverlight
[2018-08-27 13:52:04,227] {models.py:1197} INFO - Dependencies all met for <TaskInstance: tutorial.sleep 2015-07-05 00:00:00 [queued]>
[2018-08-27 13:52:04,231] {models.py:1197} INFO - Dependencies all met for <TaskInstance: tutorial.sleep 2015-07-05 00:00:00 [queued]>
[2018-08-27 13:52:04,231] {models.py:1407} INFO - 
--------------------------------------------------------------------------------
Starting attempt 1 of 4
--------------------------------------------------------------------------------

[2018-08-27 13:52:04,299] {models.py:1428} INFO - Executing <Task(BashOperator): sleep> on 2015-07-05 00:00:00
[2018-08-27 13:52:04,300] {base_task_runner.py:115} INFO - Running: ['bash', '-c', 'airflow run tutorial sleep 2015-07-05T00:00:00 --job_id 164 --raw -sd DAGS_FOLDER/tutorial.py']
[2018-08-27 13:52:04,544] {base_task_runner.py:98} INFO - Subtask: [2018-08-27 13:52:04,544] {driver.py:120} INFO - Generating grammar tables from /usr/lib/python3.5/lib2to3/Grammar.txt
[2018-08-27 13:52:04,577] {base_task_runner.py:98} INFO - Subtask: [2018-08-27 13:52:04,577] {driver.py:120} INFO - Generating grammar tables from /usr/lib/python3.5/lib2to3/PatternGrammar.txt
[2018-08-27 13:52:04,684] {base_task_runner.py:98} INFO - Subtask: [2018-08-27 13:52:04,684] {__init__.py:45} INFO - Using executor SequentialExecutor
[2018-08-27 13:52:04,719] {base_task_runner.py:98} INFO - Subtask: [2018-08-27 13:52:04,719] {models.py:189} INFO - Filling up the DagBag from /home/silverlight/Projects/Minikube-deploy/airflow-project/dags/tutorial.py
[2018-08-27 13:52:04,747] {cli.py:374} INFO - Running on host silverlight
[2018-08-27 13:52:04,755] {base_task_runner.py:98} INFO - Subtask: [2018-08-27 13:52:04,755] {bash_operator.py:70} INFO - Tmp dir root location: 
[2018-08-27 13:52:04,755] {base_task_runner.py:98} INFO - Subtask:  /tmp
[2018-08-27 13:52:04,755] {base_task_runner.py:98} INFO - Subtask: [2018-08-27 13:52:04,755] {bash_operator.py:80} INFO - Temporary script location: /tmp/airflowtmpk2z0sx4m//tmp/airflowtmpk2z0sx4m/sleepnqdetke3
[2018-08-27 13:52:04,755] {base_task_runner.py:98} INFO - Subtask: [2018-08-27 13:52:04,755] {bash_operator.py:88} INFO - Running command: sleep 5
[2018-08-27 13:52:04,758] {base_task_runner.py:98} INFO - Subtask: [2018-08-27 13:52:04,758] {bash_operator.py:97} INFO - Output:
[2018-08-27 13:52:09,760] {base_task_runner.py:98} INFO - Subtask: [2018-08-27 13:52:09,759] {bash_operator.py:105} INFO - Command exited with return code 0
