[2018-08-27 13:46:13,471] {cli.py:374} INFO - Running on host silverlight
[2018-08-27 13:46:13,542] {models.py:1197} INFO - Dependencies all met for <TaskInstance: tutorial.print_date 2015-06-26 00:00:00 [queued]>
[2018-08-27 13:46:13,544] {models.py:1197} INFO - Dependencies all met for <TaskInstance: tutorial.print_date 2015-06-26 00:00:00 [queued]>
[2018-08-27 13:46:13,544] {models.py:1407} INFO - 
--------------------------------------------------------------------------------
Starting attempt 1 of 2
--------------------------------------------------------------------------------

[2018-08-27 13:46:13,578] {models.py:1428} INFO - Executing <Task(BashOperator): print_date> on 2015-06-26 00:00:00
[2018-08-27 13:46:13,579] {base_task_runner.py:115} INFO - Running: ['bash', '-c', 'airflow run tutorial print_date 2015-06-26T00:00:00 --job_id 115 --raw -sd DAGS_FOLDER/tutorial.py']
[2018-08-27 13:46:13,822] {base_task_runner.py:98} INFO - Subtask: [2018-08-27 13:46:13,822] {driver.py:120} INFO - Generating grammar tables from /usr/lib/python3.5/lib2to3/Grammar.txt
[2018-08-27 13:46:13,857] {base_task_runner.py:98} INFO - Subtask: [2018-08-27 13:46:13,857] {driver.py:120} INFO - Generating grammar tables from /usr/lib/python3.5/lib2to3/PatternGrammar.txt
[2018-08-27 13:46:13,962] {base_task_runner.py:98} INFO - Subtask: [2018-08-27 13:46:13,962] {__init__.py:45} INFO - Using executor SequentialExecutor
[2018-08-27 13:46:13,994] {base_task_runner.py:98} INFO - Subtask: [2018-08-27 13:46:13,994] {models.py:189} INFO - Filling up the DagBag from /home/silverlight/Projects/Minikube-deploy/airflow-project/dags/tutorial.py
[2018-08-27 13:46:14,021] {cli.py:374} INFO - Running on host silverlight
[2018-08-27 13:46:14,030] {base_task_runner.py:98} INFO - Subtask: [2018-08-27 13:46:14,030] {bash_operator.py:70} INFO - Tmp dir root location: 
[2018-08-27 13:46:14,030] {base_task_runner.py:98} INFO - Subtask:  /tmp
[2018-08-27 13:46:14,031] {base_task_runner.py:98} INFO - Subtask: [2018-08-27 13:46:14,030] {bash_operator.py:80} INFO - Temporary script location: /tmp/airflowtmpdtzfbzao//tmp/airflowtmpdtzfbzao/print_datekdz1qv4m
[2018-08-27 13:46:14,031] {base_task_runner.py:98} INFO - Subtask: [2018-08-27 13:46:14,031] {bash_operator.py:88} INFO - Running command: date
[2018-08-27 13:46:14,033] {base_task_runner.py:98} INFO - Subtask: [2018-08-27 13:46:14,033] {bash_operator.py:97} INFO - Output:
[2018-08-27 13:46:14,034] {base_task_runner.py:98} INFO - Subtask: [2018-08-27 13:46:14,034] {bash_operator.py:101} INFO - Thứ hai, 27 Tháng tám năm 2018 13:46:14 +07
[2018-08-27 13:46:14,035] {base_task_runner.py:98} INFO - Subtask: [2018-08-27 13:46:14,034] {bash_operator.py:105} INFO - Command exited with return code 0
