[2018-08-27 14:02:27,505] {cli.py:374} INFO - Running on host silverlight
[2018-08-27 14:02:27,644] {models.py:1197} INFO - Dependencies all met for <TaskInstance: tutorial.sleep 2015-07-24 00:00:00 [queued]>
[2018-08-27 14:02:27,647] {models.py:1197} INFO - Dependencies all met for <TaskInstance: tutorial.sleep 2015-07-24 00:00:00 [queued]>
[2018-08-27 14:02:27,647] {models.py:1407} INFO - 
--------------------------------------------------------------------------------
Starting attempt 1 of 4
--------------------------------------------------------------------------------

[2018-08-27 14:02:27,712] {models.py:1428} INFO - Executing <Task(BashOperator): sleep> on 2015-07-24 00:00:00
[2018-08-27 14:02:27,712] {base_task_runner.py:115} INFO - Running: ['bash', '-c', 'airflow run tutorial sleep 2015-07-24T00:00:00 --job_id 241 --raw -sd DAGS_FOLDER/tutorial.py']
[2018-08-27 14:02:27,957] {base_task_runner.py:98} INFO - Subtask: [2018-08-27 14:02:27,956] {driver.py:120} INFO - Generating grammar tables from /usr/lib/python3.5/lib2to3/Grammar.txt
[2018-08-27 14:02:28,001] {base_task_runner.py:98} INFO - Subtask: [2018-08-27 14:02:28,001] {driver.py:120} INFO - Generating grammar tables from /usr/lib/python3.5/lib2to3/PatternGrammar.txt
[2018-08-27 14:02:28,109] {base_task_runner.py:98} INFO - Subtask: [2018-08-27 14:02:28,108] {__init__.py:45} INFO - Using executor SequentialExecutor
[2018-08-27 14:02:28,143] {base_task_runner.py:98} INFO - Subtask: [2018-08-27 14:02:28,143] {models.py:189} INFO - Filling up the DagBag from /home/silverlight/Projects/Minikube-deploy/airflow-project/dags/tutorial.py
[2018-08-27 14:02:28,171] {cli.py:374} INFO - Running on host silverlight
[2018-08-27 14:02:28,179] {base_task_runner.py:98} INFO - Subtask: [2018-08-27 14:02:28,178] {bash_operator.py:70} INFO - Tmp dir root location: 
[2018-08-27 14:02:28,179] {base_task_runner.py:98} INFO - Subtask:  /tmp
[2018-08-27 14:02:28,179] {base_task_runner.py:98} INFO - Subtask: [2018-08-27 14:02:28,179] {bash_operator.py:80} INFO - Temporary script location: /tmp/airflowtmp9vklc53g//tmp/airflowtmp9vklc53g/sleepuawfdf6d
[2018-08-27 14:02:28,179] {base_task_runner.py:98} INFO - Subtask: [2018-08-27 14:02:28,179] {bash_operator.py:88} INFO - Running command: sleep 5
[2018-08-27 14:02:28,181] {base_task_runner.py:98} INFO - Subtask: [2018-08-27 14:02:28,181] {bash_operator.py:97} INFO - Output:
[2018-08-27 14:02:33,184] {base_task_runner.py:98} INFO - Subtask: [2018-08-27 14:02:33,183] {bash_operator.py:105} INFO - Command exited with return code 0
