[2018-08-27 13:51:45,853] {cli.py:374} INFO - Running on host silverlight
[2018-08-27 13:51:45,927] {models.py:1197} INFO - Dependencies all met for <TaskInstance: tutorial.templated 2015-07-04 00:00:00 [queued]>
[2018-08-27 13:51:45,931] {models.py:1197} INFO - Dependencies all met for <TaskInstance: tutorial.templated 2015-07-04 00:00:00 [queued]>
[2018-08-27 13:51:45,931] {models.py:1407} INFO - 
--------------------------------------------------------------------------------
Starting attempt 1 of 2
--------------------------------------------------------------------------------

[2018-08-27 13:51:46,004] {models.py:1428} INFO - Executing <Task(BashOperator): templated> on 2015-07-04 00:00:00
[2018-08-27 13:51:46,004] {base_task_runner.py:115} INFO - Running: ['bash', '-c', 'airflow run tutorial templated 2015-07-04T00:00:00 --job_id 161 --raw -sd DAGS_FOLDER/tutorial.py']
[2018-08-27 13:51:46,271] {base_task_runner.py:98} INFO - Subtask: [2018-08-27 13:51:46,271] {driver.py:120} INFO - Generating grammar tables from /usr/lib/python3.5/lib2to3/Grammar.txt
[2018-08-27 13:51:46,306] {base_task_runner.py:98} INFO - Subtask: [2018-08-27 13:51:46,306] {driver.py:120} INFO - Generating grammar tables from /usr/lib/python3.5/lib2to3/PatternGrammar.txt
[2018-08-27 13:51:46,417] {base_task_runner.py:98} INFO - Subtask: [2018-08-27 13:51:46,417] {__init__.py:45} INFO - Using executor SequentialExecutor
[2018-08-27 13:51:46,456] {base_task_runner.py:98} INFO - Subtask: [2018-08-27 13:51:46,455] {models.py:189} INFO - Filling up the DagBag from /home/silverlight/Projects/Minikube-deploy/airflow-project/dags/tutorial.py
[2018-08-27 13:51:46,491] {cli.py:374} INFO - Running on host silverlight
[2018-08-27 13:51:46,512] {base_task_runner.py:98} INFO - Subtask: [2018-08-27 13:51:46,512] {bash_operator.py:70} INFO - Tmp dir root location: 
[2018-08-27 13:51:46,513] {base_task_runner.py:98} INFO - Subtask:  /tmp
[2018-08-27 13:51:46,513] {base_task_runner.py:98} INFO - Subtask: [2018-08-27 13:51:46,513] {bash_operator.py:80} INFO - Temporary script location: /tmp/airflowtmp1h17pxhr//tmp/airflowtmp1h17pxhr/templated5qj5c9n2
[2018-08-27 13:51:46,513] {base_task_runner.py:98} INFO - Subtask: [2018-08-27 13:51:46,513] {bash_operator.py:88} INFO - Running command: 
[2018-08-27 13:51:46,513] {base_task_runner.py:98} INFO - Subtask:     
[2018-08-27 13:51:46,513] {base_task_runner.py:98} INFO - Subtask:         echo "2015-07-04"
[2018-08-27 13:51:46,513] {base_task_runner.py:98} INFO - Subtask:         echo "2015-07-11"
[2018-08-27 13:51:46,513] {base_task_runner.py:98} INFO - Subtask:         echo "Parameter I passed in"
[2018-08-27 13:51:46,514] {base_task_runner.py:98} INFO - Subtask:     
[2018-08-27 13:51:46,514] {base_task_runner.py:98} INFO - Subtask:         echo "2015-07-04"
[2018-08-27 13:51:46,514] {base_task_runner.py:98} INFO - Subtask:         echo "2015-07-11"
[2018-08-27 13:51:46,514] {base_task_runner.py:98} INFO - Subtask:         echo "Parameter I passed in"
[2018-08-27 13:51:46,514] {base_task_runner.py:98} INFO - Subtask:     
[2018-08-27 13:51:46,514] {base_task_runner.py:98} INFO - Subtask:         echo "2015-07-04"
[2018-08-27 13:51:46,514] {base_task_runner.py:98} INFO - Subtask:         echo "2015-07-11"
[2018-08-27 13:51:46,514] {base_task_runner.py:98} INFO - Subtask:         echo "Parameter I passed in"
[2018-08-27 13:51:46,514] {base_task_runner.py:98} INFO - Subtask:     
[2018-08-27 13:51:46,514] {base_task_runner.py:98} INFO - Subtask:         echo "2015-07-04"
[2018-08-27 13:51:46,514] {base_task_runner.py:98} INFO - Subtask:         echo "2015-07-11"
[2018-08-27 13:51:46,514] {base_task_runner.py:98} INFO - Subtask:         echo "Parameter I passed in"
[2018-08-27 13:51:46,514] {base_task_runner.py:98} INFO - Subtask:     
[2018-08-27 13:51:46,514] {base_task_runner.py:98} INFO - Subtask:         echo "2015-07-04"
[2018-08-27 13:51:46,514] {base_task_runner.py:98} INFO - Subtask:         echo "2015-07-11"
[2018-08-27 13:51:46,514] {base_task_runner.py:98} INFO - Subtask:         echo "Parameter I passed in"
[2018-08-27 13:51:46,514] {base_task_runner.py:98} INFO - Subtask:     
[2018-08-27 13:51:46,519] {base_task_runner.py:98} INFO - Subtask: [2018-08-27 13:51:46,519] {bash_operator.py:97} INFO - Output:
[2018-08-27 13:51:46,520] {base_task_runner.py:98} INFO - Subtask: [2018-08-27 13:51:46,520] {bash_operator.py:101} INFO - 2015-07-04
[2018-08-27 13:51:46,520] {base_task_runner.py:98} INFO - Subtask: [2018-08-27 13:51:46,520] {bash_operator.py:101} INFO - 2015-07-11
[2018-08-27 13:51:46,520] {base_task_runner.py:98} INFO - Subtask: [2018-08-27 13:51:46,520] {bash_operator.py:101} INFO - Parameter I passed in
[2018-08-27 13:51:46,520] {base_task_runner.py:98} INFO - Subtask: [2018-08-27 13:51:46,520] {bash_operator.py:101} INFO - 2015-07-04
[2018-08-27 13:51:46,520] {base_task_runner.py:98} INFO - Subtask: [2018-08-27 13:51:46,520] {bash_operator.py:101} INFO - 2015-07-11
[2018-08-27 13:51:46,521] {base_task_runner.py:98} INFO - Subtask: [2018-08-27 13:51:46,520] {bash_operator.py:101} INFO - Parameter I passed in
[2018-08-27 13:51:46,521] {base_task_runner.py:98} INFO - Subtask: [2018-08-27 13:51:46,520] {bash_operator.py:101} INFO - 2015-07-04
[2018-08-27 13:51:46,521] {base_task_runner.py:98} INFO - Subtask: [2018-08-27 13:51:46,520] {bash_operator.py:101} INFO - 2015-07-11
[2018-08-27 13:51:46,521] {base_task_runner.py:98} INFO - Subtask: [2018-08-27 13:51:46,520] {bash_operator.py:101} INFO - Parameter I passed in
[2018-08-27 13:51:46,521] {base_task_runner.py:98} INFO - Subtask: [2018-08-27 13:51:46,521] {bash_operator.py:101} INFO - 2015-07-04
[2018-08-27 13:51:46,521] {base_task_runner.py:98} INFO - Subtask: [2018-08-27 13:51:46,521] {bash_operator.py:101} INFO - 2015-07-11
[2018-08-27 13:51:46,521] {base_task_runner.py:98} INFO - Subtask: [2018-08-27 13:51:46,521] {bash_operator.py:101} INFO - Parameter I passed in
[2018-08-27 13:51:46,522] {base_task_runner.py:98} INFO - Subtask: [2018-08-27 13:51:46,521] {bash_operator.py:101} INFO - 2015-07-04
[2018-08-27 13:51:46,522] {base_task_runner.py:98} INFO - Subtask: [2018-08-27 13:51:46,521] {bash_operator.py:101} INFO - 2015-07-11
[2018-08-27 13:51:46,522] {base_task_runner.py:98} INFO - Subtask: [2018-08-27 13:51:46,521] {bash_operator.py:101} INFO - Parameter I passed in
[2018-08-27 13:51:46,522] {base_task_runner.py:98} INFO - Subtask: [2018-08-27 13:51:46,521] {bash_operator.py:105} INFO - Command exited with return code 0
