[2018-08-27 13:50:53,943] {cli.py:374} INFO - Running on host silverlight
[2018-08-27 13:50:54,042] {models.py:1197} INFO - Dependencies all met for <TaskInstance: tutorial.sleep 2015-07-02 00:00:00 [queued]>
[2018-08-27 13:50:54,049] {models.py:1197} INFO - Dependencies all met for <TaskInstance: tutorial.sleep 2015-07-02 00:00:00 [queued]>
[2018-08-27 13:50:54,050] {models.py:1407} INFO - 
--------------------------------------------------------------------------------
Starting attempt 1 of 4
--------------------------------------------------------------------------------

[2018-08-27 13:50:54,085] {models.py:1428} INFO - Executing <Task(BashOperator): sleep> on 2015-07-02 00:00:00
[2018-08-27 13:50:54,085] {base_task_runner.py:115} INFO - Running: ['bash', '-c', 'airflow run tutorial sleep 2015-07-02T00:00:00 --job_id 155 --raw -sd DAGS_FOLDER/tutorial.py']
[2018-08-27 13:50:54,349] {base_task_runner.py:98} INFO - Subtask: [2018-08-27 13:50:54,348] {driver.py:120} INFO - Generating grammar tables from /usr/lib/python3.5/lib2to3/Grammar.txt
[2018-08-27 13:50:54,399] {base_task_runner.py:98} INFO - Subtask: [2018-08-27 13:50:54,399] {driver.py:120} INFO - Generating grammar tables from /usr/lib/python3.5/lib2to3/PatternGrammar.txt
[2018-08-27 13:50:54,584] {base_task_runner.py:98} INFO - Subtask: [2018-08-27 13:50:54,583] {__init__.py:45} INFO - Using executor SequentialExecutor
[2018-08-27 13:50:54,637] {base_task_runner.py:98} INFO - Subtask: [2018-08-27 13:50:54,637] {models.py:189} INFO - Filling up the DagBag from /home/silverlight/Projects/Minikube-deploy/airflow-project/dags/tutorial.py
[2018-08-27 13:50:54,691] {cli.py:374} INFO - Running on host silverlight
[2018-08-27 13:50:54,703] {base_task_runner.py:98} INFO - Subtask: [2018-08-27 13:50:54,702] {bash_operator.py:70} INFO - Tmp dir root location: 
[2018-08-27 13:50:54,703] {base_task_runner.py:98} INFO - Subtask:  /tmp
[2018-08-27 13:50:54,704] {base_task_runner.py:98} INFO - Subtask: [2018-08-27 13:50:54,704] {bash_operator.py:80} INFO - Temporary script location: /tmp/airflowtmpslv8_hyb//tmp/airflowtmpslv8_hyb/sleepnj0g16ox
[2018-08-27 13:50:54,705] {base_task_runner.py:98} INFO - Subtask: [2018-08-27 13:50:54,705] {bash_operator.py:88} INFO - Running command: sleep 5
[2018-08-27 13:50:54,712] {base_task_runner.py:98} INFO - Subtask: [2018-08-27 13:50:54,711] {bash_operator.py:97} INFO - Output:
[2018-08-27 13:50:59,715] {base_task_runner.py:98} INFO - Subtask: [2018-08-27 13:50:59,714] {bash_operator.py:105} INFO - Command exited with return code 0
