[2018-08-27 13:52:50,915] {cli.py:374} INFO - Running on host silverlight
[2018-08-27 13:52:50,979] {models.py:1197} INFO - Dependencies all met for <TaskInstance: tutorial.sleep 2015-07-07 00:00:00 [queued]>
[2018-08-27 13:52:50,983] {models.py:1197} INFO - Dependencies all met for <TaskInstance: tutorial.sleep 2015-07-07 00:00:00 [queued]>
[2018-08-27 13:52:50,983] {models.py:1407} INFO - 
--------------------------------------------------------------------------------
Starting attempt 1 of 4
--------------------------------------------------------------------------------

[2018-08-27 13:52:51,036] {models.py:1428} INFO - Executing <Task(BashOperator): sleep> on 2015-07-07 00:00:00
[2018-08-27 13:52:51,036] {base_task_runner.py:115} INFO - Running: ['bash', '-c', 'airflow run tutorial sleep 2015-07-07T00:00:00 --job_id 170 --raw -sd DAGS_FOLDER/tutorial.py']
[2018-08-27 13:52:51,283] {base_task_runner.py:98} INFO - Subtask: [2018-08-27 13:52:51,283] {driver.py:120} INFO - Generating grammar tables from /usr/lib/python3.5/lib2to3/Grammar.txt
[2018-08-27 13:52:51,314] {base_task_runner.py:98} INFO - Subtask: [2018-08-27 13:52:51,314] {driver.py:120} INFO - Generating grammar tables from /usr/lib/python3.5/lib2to3/PatternGrammar.txt
[2018-08-27 13:52:51,421] {base_task_runner.py:98} INFO - Subtask: [2018-08-27 13:52:51,421] {__init__.py:45} INFO - Using executor SequentialExecutor
[2018-08-27 13:52:51,453] {base_task_runner.py:98} INFO - Subtask: [2018-08-27 13:52:51,453] {models.py:189} INFO - Filling up the DagBag from /home/silverlight/Projects/Minikube-deploy/airflow-project/dags/tutorial.py
[2018-08-27 13:52:51,481] {cli.py:374} INFO - Running on host silverlight
[2018-08-27 13:52:51,490] {base_task_runner.py:98} INFO - Subtask: [2018-08-27 13:52:51,490] {bash_operator.py:70} INFO - Tmp dir root location: 
[2018-08-27 13:52:51,491] {base_task_runner.py:98} INFO - Subtask:  /tmp
[2018-08-27 13:52:51,491] {base_task_runner.py:98} INFO - Subtask: [2018-08-27 13:52:51,491] {bash_operator.py:80} INFO - Temporary script location: /tmp/airflowtmp7gc1qz9x//tmp/airflowtmp7gc1qz9x/sleep3nccm2mm
[2018-08-27 13:52:51,491] {base_task_runner.py:98} INFO - Subtask: [2018-08-27 13:52:51,491] {bash_operator.py:88} INFO - Running command: sleep 5
[2018-08-27 13:52:51,494] {base_task_runner.py:98} INFO - Subtask: [2018-08-27 13:52:51,493] {bash_operator.py:97} INFO - Output:
[2018-08-27 13:52:56,497] {base_task_runner.py:98} INFO - Subtask: [2018-08-27 13:52:56,496] {bash_operator.py:105} INFO - Command exited with return code 0
