[2018-08-27 13:45:03,743] {cli.py:374} INFO - Running on host silverlight
[2018-08-27 13:45:03,783] {models.py:1197} INFO - Dependencies all met for <TaskInstance: tutorial.print_date 2015-06-24 00:00:00 [queued]>
[2018-08-27 13:45:03,785] {models.py:1197} INFO - Dependencies all met for <TaskInstance: tutorial.print_date 2015-06-24 00:00:00 [queued]>
[2018-08-27 13:45:03,785] {models.py:1407} INFO - 
--------------------------------------------------------------------------------
Starting attempt 1 of 2
--------------------------------------------------------------------------------

[2018-08-27 13:45:03,828] {models.py:1428} INFO - Executing <Task(BashOperator): print_date> on 2015-06-24 00:00:00
[2018-08-27 13:45:03,829] {base_task_runner.py:115} INFO - Running: ['bash', '-c', 'airflow run tutorial print_date 2015-06-24T00:00:00 --job_id 105 --raw -sd DAGS_FOLDER/tutorial.py']
[2018-08-27 13:45:04,071] {base_task_runner.py:98} INFO - Subtask: [2018-08-27 13:45:04,070] {driver.py:120} INFO - Generating grammar tables from /usr/lib/python3.5/lib2to3/Grammar.txt
[2018-08-27 13:45:04,105] {base_task_runner.py:98} INFO - Subtask: [2018-08-27 13:45:04,105] {driver.py:120} INFO - Generating grammar tables from /usr/lib/python3.5/lib2to3/PatternGrammar.txt
[2018-08-27 13:45:04,209] {base_task_runner.py:98} INFO - Subtask: [2018-08-27 13:45:04,209] {__init__.py:45} INFO - Using executor SequentialExecutor
[2018-08-27 13:45:04,241] {base_task_runner.py:98} INFO - Subtask: [2018-08-27 13:45:04,241] {models.py:189} INFO - Filling up the DagBag from /home/silverlight/Projects/Minikube-deploy/airflow-project/dags/tutorial.py
[2018-08-27 13:45:04,268] {cli.py:374} INFO - Running on host silverlight
[2018-08-27 13:45:04,277] {base_task_runner.py:98} INFO - Subtask: [2018-08-27 13:45:04,277] {bash_operator.py:70} INFO - Tmp dir root location: 
[2018-08-27 13:45:04,277] {base_task_runner.py:98} INFO - Subtask:  /tmp
[2018-08-27 13:45:04,277] {base_task_runner.py:98} INFO - Subtask: [2018-08-27 13:45:04,277] {bash_operator.py:80} INFO - Temporary script location: /tmp/airflowtmpmretvg99//tmp/airflowtmpmretvg99/print_date8_yh3ndn
[2018-08-27 13:45:04,277] {base_task_runner.py:98} INFO - Subtask: [2018-08-27 13:45:04,277] {bash_operator.py:88} INFO - Running command: date
[2018-08-27 13:45:04,280] {base_task_runner.py:98} INFO - Subtask: [2018-08-27 13:45:04,280] {bash_operator.py:97} INFO - Output:
[2018-08-27 13:45:04,281] {base_task_runner.py:98} INFO - Subtask: [2018-08-27 13:45:04,281] {bash_operator.py:101} INFO - Thứ hai, 27 Tháng tám năm 2018 13:45:04 +07
[2018-08-27 13:45:04,282] {base_task_runner.py:98} INFO - Subtask: [2018-08-27 13:45:04,281] {bash_operator.py:105} INFO - Command exited with return code 0
