[2018-08-27 13:45:31,767] {cli.py:374} INFO - Running on host silverlight
[2018-08-27 13:45:31,834] {models.py:1197} INFO - Dependencies all met for <TaskInstance: tutorial.templated 2015-06-22 00:00:00 [queued]>
[2018-08-27 13:45:31,837] {models.py:1197} INFO - Dependencies all met for <TaskInstance: tutorial.templated 2015-06-22 00:00:00 [queued]>
[2018-08-27 13:45:31,837] {models.py:1407} INFO - 
--------------------------------------------------------------------------------
Starting attempt 1 of 2
--------------------------------------------------------------------------------

[2018-08-27 13:45:31,921] {models.py:1428} INFO - Executing <Task(BashOperator): templated> on 2015-06-22 00:00:00
[2018-08-27 13:45:31,922] {base_task_runner.py:115} INFO - Running: ['bash', '-c', 'airflow run tutorial templated 2015-06-22T00:00:00 --job_id 109 --raw -sd DAGS_FOLDER/tutorial.py']
[2018-08-27 13:45:32,163] {base_task_runner.py:98} INFO - Subtask: [2018-08-27 13:45:32,162] {driver.py:120} INFO - Generating grammar tables from /usr/lib/python3.5/lib2to3/Grammar.txt
[2018-08-27 13:45:32,197] {base_task_runner.py:98} INFO - Subtask: [2018-08-27 13:45:32,196] {driver.py:120} INFO - Generating grammar tables from /usr/lib/python3.5/lib2to3/PatternGrammar.txt
[2018-08-27 13:45:32,304] {base_task_runner.py:98} INFO - Subtask: [2018-08-27 13:45:32,304] {__init__.py:45} INFO - Using executor SequentialExecutor
[2018-08-27 13:45:32,335] {base_task_runner.py:98} INFO - Subtask: [2018-08-27 13:45:32,335] {models.py:189} INFO - Filling up the DagBag from /home/silverlight/Projects/Minikube-deploy/airflow-project/dags/tutorial.py
[2018-08-27 13:45:32,362] {cli.py:374} INFO - Running on host silverlight
[2018-08-27 13:45:32,372] {base_task_runner.py:98} INFO - Subtask: [2018-08-27 13:45:32,372] {bash_operator.py:70} INFO - Tmp dir root location: 
[2018-08-27 13:45:32,372] {base_task_runner.py:98} INFO - Subtask:  /tmp
[2018-08-27 13:45:32,372] {base_task_runner.py:98} INFO - Subtask: [2018-08-27 13:45:32,372] {bash_operator.py:80} INFO - Temporary script location: /tmp/airflowtmp79fphvwq//tmp/airflowtmp79fphvwq/templatedw9jlk57e
[2018-08-27 13:45:32,372] {base_task_runner.py:98} INFO - Subtask: [2018-08-27 13:45:32,372] {bash_operator.py:88} INFO - Running command: 
[2018-08-27 13:45:32,372] {base_task_runner.py:98} INFO - Subtask:     
[2018-08-27 13:45:32,372] {base_task_runner.py:98} INFO - Subtask:         echo "2015-06-22"
[2018-08-27 13:45:32,372] {base_task_runner.py:98} INFO - Subtask:         echo "2015-06-29"
[2018-08-27 13:45:32,372] {base_task_runner.py:98} INFO - Subtask:         echo "Parameter I passed in"
[2018-08-27 13:45:32,372] {base_task_runner.py:98} INFO - Subtask:     
[2018-08-27 13:45:32,373] {base_task_runner.py:98} INFO - Subtask:         echo "2015-06-22"
[2018-08-27 13:45:32,373] {base_task_runner.py:98} INFO - Subtask:         echo "2015-06-29"
[2018-08-27 13:45:32,373] {base_task_runner.py:98} INFO - Subtask:         echo "Parameter I passed in"
[2018-08-27 13:45:32,373] {base_task_runner.py:98} INFO - Subtask:     
[2018-08-27 13:45:32,373] {base_task_runner.py:98} INFO - Subtask:         echo "2015-06-22"
[2018-08-27 13:45:32,373] {base_task_runner.py:98} INFO - Subtask:         echo "2015-06-29"
[2018-08-27 13:45:32,373] {base_task_runner.py:98} INFO - Subtask:         echo "Parameter I passed in"
[2018-08-27 13:45:32,373] {base_task_runner.py:98} INFO - Subtask:     
[2018-08-27 13:45:32,373] {base_task_runner.py:98} INFO - Subtask:         echo "2015-06-22"
[2018-08-27 13:45:32,373] {base_task_runner.py:98} INFO - Subtask:         echo "2015-06-29"
[2018-08-27 13:45:32,373] {base_task_runner.py:98} INFO - Subtask:         echo "Parameter I passed in"
[2018-08-27 13:45:32,373] {base_task_runner.py:98} INFO - Subtask:     
[2018-08-27 13:45:32,373] {base_task_runner.py:98} INFO - Subtask:         echo "2015-06-22"
[2018-08-27 13:45:32,373] {base_task_runner.py:98} INFO - Subtask:         echo "2015-06-29"
[2018-08-27 13:45:32,373] {base_task_runner.py:98} INFO - Subtask:         echo "Parameter I passed in"
[2018-08-27 13:45:32,373] {base_task_runner.py:98} INFO - Subtask:     
[2018-08-27 13:45:32,375] {base_task_runner.py:98} INFO - Subtask: [2018-08-27 13:45:32,375] {bash_operator.py:97} INFO - Output:
[2018-08-27 13:45:32,376] {base_task_runner.py:98} INFO - Subtask: [2018-08-27 13:45:32,376] {bash_operator.py:101} INFO - 2015-06-22
[2018-08-27 13:45:32,376] {base_task_runner.py:98} INFO - Subtask: [2018-08-27 13:45:32,376] {bash_operator.py:101} INFO - 2015-06-29
[2018-08-27 13:45:32,376] {base_task_runner.py:98} INFO - Subtask: [2018-08-27 13:45:32,376] {bash_operator.py:101} INFO - Parameter I passed in
[2018-08-27 13:45:32,376] {base_task_runner.py:98} INFO - Subtask: [2018-08-27 13:45:32,376] {bash_operator.py:101} INFO - 2015-06-22
[2018-08-27 13:45:32,376] {base_task_runner.py:98} INFO - Subtask: [2018-08-27 13:45:32,376] {bash_operator.py:101} INFO - 2015-06-29
[2018-08-27 13:45:32,376] {base_task_runner.py:98} INFO - Subtask: [2018-08-27 13:45:32,376] {bash_operator.py:101} INFO - Parameter I passed in
[2018-08-27 13:45:32,376] {base_task_runner.py:98} INFO - Subtask: [2018-08-27 13:45:32,376] {bash_operator.py:101} INFO - 2015-06-22
[2018-08-27 13:45:32,376] {base_task_runner.py:98} INFO - Subtask: [2018-08-27 13:45:32,376] {bash_operator.py:101} INFO - 2015-06-29
[2018-08-27 13:45:32,376] {base_task_runner.py:98} INFO - Subtask: [2018-08-27 13:45:32,376] {bash_operator.py:101} INFO - Parameter I passed in
[2018-08-27 13:45:32,376] {base_task_runner.py:98} INFO - Subtask: [2018-08-27 13:45:32,376] {bash_operator.py:101} INFO - 2015-06-22
[2018-08-27 13:45:32,376] {base_task_runner.py:98} INFO - Subtask: [2018-08-27 13:45:32,376] {bash_operator.py:101} INFO - 2015-06-29
[2018-08-27 13:45:32,376] {base_task_runner.py:98} INFO - Subtask: [2018-08-27 13:45:32,376] {bash_operator.py:101} INFO - Parameter I passed in
[2018-08-27 13:45:32,376] {base_task_runner.py:98} INFO - Subtask: [2018-08-27 13:45:32,376] {bash_operator.py:101} INFO - 2015-06-22
[2018-08-27 13:45:32,377] {base_task_runner.py:98} INFO - Subtask: [2018-08-27 13:45:32,376] {bash_operator.py:101} INFO - 2015-06-29
[2018-08-27 13:45:32,377] {base_task_runner.py:98} INFO - Subtask: [2018-08-27 13:45:32,376] {bash_operator.py:101} INFO - Parameter I passed in
[2018-08-27 13:45:32,377] {base_task_runner.py:98} INFO - Subtask: [2018-08-27 13:45:32,376] {bash_operator.py:105} INFO - Command exited with return code 0
