[2018-08-27 13:51:29,530] {cli.py:374} INFO - Running on host silverlight
[2018-08-27 13:51:29,634] {models.py:1197} INFO - Dependencies all met for <TaskInstance: tutorial.print_date 2015-07-06 00:00:00 [queued]>
[2018-08-27 13:51:29,636] {models.py:1197} INFO - Dependencies all met for <TaskInstance: tutorial.print_date 2015-07-06 00:00:00 [queued]>
[2018-08-27 13:51:29,636] {models.py:1407} INFO - 
--------------------------------------------------------------------------------
Starting attempt 1 of 2
--------------------------------------------------------------------------------

[2018-08-27 13:51:29,699] {models.py:1428} INFO - Executing <Task(BashOperator): print_date> on 2015-07-06 00:00:00
[2018-08-27 13:51:29,699] {base_task_runner.py:115} INFO - Running: ['bash', '-c', 'airflow run tutorial print_date 2015-07-06T00:00:00 --job_id 159 --raw -sd DAGS_FOLDER/tutorial.py']
[2018-08-27 13:51:29,944] {base_task_runner.py:98} INFO - Subtask: [2018-08-27 13:51:29,944] {driver.py:120} INFO - Generating grammar tables from /usr/lib/python3.5/lib2to3/Grammar.txt
[2018-08-27 13:51:29,987] {base_task_runner.py:98} INFO - Subtask: [2018-08-27 13:51:29,987] {driver.py:120} INFO - Generating grammar tables from /usr/lib/python3.5/lib2to3/PatternGrammar.txt
[2018-08-27 13:51:30,101] {base_task_runner.py:98} INFO - Subtask: [2018-08-27 13:51:30,101] {__init__.py:45} INFO - Using executor SequentialExecutor
[2018-08-27 13:51:30,133] {base_task_runner.py:98} INFO - Subtask: [2018-08-27 13:51:30,132] {models.py:189} INFO - Filling up the DagBag from /home/silverlight/Projects/Minikube-deploy/airflow-project/dags/tutorial.py
[2018-08-27 13:51:30,162] {cli.py:374} INFO - Running on host silverlight
[2018-08-27 13:51:30,171] {base_task_runner.py:98} INFO - Subtask: [2018-08-27 13:51:30,171] {bash_operator.py:70} INFO - Tmp dir root location: 
[2018-08-27 13:51:30,171] {base_task_runner.py:98} INFO - Subtask:  /tmp
[2018-08-27 13:51:30,171] {base_task_runner.py:98} INFO - Subtask: [2018-08-27 13:51:30,171] {bash_operator.py:80} INFO - Temporary script location: /tmp/airflowtmp32ovjrv2//tmp/airflowtmp32ovjrv2/print_date8610fowf
[2018-08-27 13:51:30,171] {base_task_runner.py:98} INFO - Subtask: [2018-08-27 13:51:30,171] {bash_operator.py:88} INFO - Running command: date
[2018-08-27 13:51:30,175] {base_task_runner.py:98} INFO - Subtask: [2018-08-27 13:51:30,175] {bash_operator.py:97} INFO - Output:
[2018-08-27 13:51:30,177] {base_task_runner.py:98} INFO - Subtask: [2018-08-27 13:51:30,177] {bash_operator.py:101} INFO - Thứ hai, 27 Tháng tám năm 2018 13:51:30 +07
[2018-08-27 13:51:30,177] {base_task_runner.py:98} INFO - Subtask: [2018-08-27 13:51:30,177] {bash_operator.py:105} INFO - Command exited with return code 0
