[2018-08-27 13:40:36,869] {cli.py:374} INFO - Running on host silverlight
[2018-08-27 13:40:36,965] {models.py:1197} INFO - Dependencies all met for <TaskInstance: tutorial.templated 2015-06-14 00:00:00 [queued]>
[2018-08-27 13:40:36,973] {models.py:1197} INFO - Dependencies all met for <TaskInstance: tutorial.templated 2015-06-14 00:00:00 [queued]>
[2018-08-27 13:40:36,973] {models.py:1407} INFO - 
--------------------------------------------------------------------------------
Starting attempt 1 of 2
--------------------------------------------------------------------------------

[2018-08-27 13:40:37,003] {models.py:1428} INFO - Executing <Task(BashOperator): templated> on 2015-06-14 00:00:00
[2018-08-27 13:40:37,003] {base_task_runner.py:115} INFO - Running: ['bash', '-c', 'airflow run tutorial templated 2015-06-14T00:00:00 --job_id 67 --raw -sd DAGS_FOLDER/tutorial.py']
[2018-08-27 13:40:37,321] {base_task_runner.py:98} INFO - Subtask: [2018-08-27 13:40:37,320] {driver.py:120} INFO - Generating grammar tables from /usr/lib/python3.5/lib2to3/Grammar.txt
[2018-08-27 13:40:37,370] {base_task_runner.py:98} INFO - Subtask: [2018-08-27 13:40:37,370] {driver.py:120} INFO - Generating grammar tables from /usr/lib/python3.5/lib2to3/PatternGrammar.txt
[2018-08-27 13:40:37,508] {base_task_runner.py:98} INFO - Subtask: [2018-08-27 13:40:37,507] {__init__.py:45} INFO - Using executor SequentialExecutor
[2018-08-27 13:40:37,548] {base_task_runner.py:98} INFO - Subtask: [2018-08-27 13:40:37,548] {models.py:189} INFO - Filling up the DagBag from /home/silverlight/Projects/Minikube-deploy/airflow-project/dags/tutorial.py
[2018-08-27 13:40:37,584] {cli.py:374} INFO - Running on host silverlight
[2018-08-27 13:40:37,603] {base_task_runner.py:98} INFO - Subtask: [2018-08-27 13:40:37,603] {bash_operator.py:70} INFO - Tmp dir root location: 
[2018-08-27 13:40:37,603] {base_task_runner.py:98} INFO - Subtask:  /tmp
[2018-08-27 13:40:37,605] {base_task_runner.py:98} INFO - Subtask: [2018-08-27 13:40:37,605] {bash_operator.py:80} INFO - Temporary script location: /tmp/airflowtmp1wkuru0i//tmp/airflowtmp1wkuru0i/templatedi4sotvfm
[2018-08-27 13:40:37,606] {base_task_runner.py:98} INFO - Subtask: [2018-08-27 13:40:37,605] {bash_operator.py:88} INFO - Running command: 
[2018-08-27 13:40:37,606] {base_task_runner.py:98} INFO - Subtask:     
[2018-08-27 13:40:37,606] {base_task_runner.py:98} INFO - Subtask:         echo "2015-06-14"
[2018-08-27 13:40:37,606] {base_task_runner.py:98} INFO - Subtask:         echo "2015-06-21"
[2018-08-27 13:40:37,606] {base_task_runner.py:98} INFO - Subtask:         echo "Parameter I passed in"
[2018-08-27 13:40:37,606] {base_task_runner.py:98} INFO - Subtask:     
[2018-08-27 13:40:37,606] {base_task_runner.py:98} INFO - Subtask:         echo "2015-06-14"
[2018-08-27 13:40:37,606] {base_task_runner.py:98} INFO - Subtask:         echo "2015-06-21"
[2018-08-27 13:40:37,606] {base_task_runner.py:98} INFO - Subtask:         echo "Parameter I passed in"
[2018-08-27 13:40:37,607] {base_task_runner.py:98} INFO - Subtask:     
[2018-08-27 13:40:37,607] {base_task_runner.py:98} INFO - Subtask:         echo "2015-06-14"
[2018-08-27 13:40:37,607] {base_task_runner.py:98} INFO - Subtask:         echo "2015-06-21"
[2018-08-27 13:40:37,607] {base_task_runner.py:98} INFO - Subtask:         echo "Parameter I passed in"
[2018-08-27 13:40:37,607] {base_task_runner.py:98} INFO - Subtask:     
[2018-08-27 13:40:37,607] {base_task_runner.py:98} INFO - Subtask:         echo "2015-06-14"
[2018-08-27 13:40:37,607] {base_task_runner.py:98} INFO - Subtask:         echo "2015-06-21"
[2018-08-27 13:40:37,607] {base_task_runner.py:98} INFO - Subtask:         echo "Parameter I passed in"
[2018-08-27 13:40:37,608] {base_task_runner.py:98} INFO - Subtask:     
[2018-08-27 13:40:37,608] {base_task_runner.py:98} INFO - Subtask:         echo "2015-06-14"
[2018-08-27 13:40:37,608] {base_task_runner.py:98} INFO - Subtask:         echo "2015-06-21"
[2018-08-27 13:40:37,608] {base_task_runner.py:98} INFO - Subtask:         echo "Parameter I passed in"
[2018-08-27 13:40:37,608] {base_task_runner.py:98} INFO - Subtask:     
[2018-08-27 13:40:37,616] {base_task_runner.py:98} INFO - Subtask: [2018-08-27 13:40:37,616] {bash_operator.py:97} INFO - Output:
[2018-08-27 13:40:37,617] {base_task_runner.py:98} INFO - Subtask: [2018-08-27 13:40:37,617] {bash_operator.py:101} INFO - 2015-06-14
[2018-08-27 13:40:37,617] {base_task_runner.py:98} INFO - Subtask: [2018-08-27 13:40:37,617] {bash_operator.py:101} INFO - 2015-06-21
[2018-08-27 13:40:37,617] {base_task_runner.py:98} INFO - Subtask: [2018-08-27 13:40:37,617] {bash_operator.py:101} INFO - Parameter I passed in
[2018-08-27 13:40:37,617] {base_task_runner.py:98} INFO - Subtask: [2018-08-27 13:40:37,617] {bash_operator.py:101} INFO - 2015-06-14
[2018-08-27 13:40:37,617] {base_task_runner.py:98} INFO - Subtask: [2018-08-27 13:40:37,617] {bash_operator.py:101} INFO - 2015-06-21
[2018-08-27 13:40:37,617] {base_task_runner.py:98} INFO - Subtask: [2018-08-27 13:40:37,617] {bash_operator.py:101} INFO - Parameter I passed in
[2018-08-27 13:40:37,617] {base_task_runner.py:98} INFO - Subtask: [2018-08-27 13:40:37,617] {bash_operator.py:101} INFO - 2015-06-14
[2018-08-27 13:40:37,617] {base_task_runner.py:98} INFO - Subtask: [2018-08-27 13:40:37,617] {bash_operator.py:101} INFO - 2015-06-21
[2018-08-27 13:40:37,617] {base_task_runner.py:98} INFO - Subtask: [2018-08-27 13:40:37,617] {bash_operator.py:101} INFO - Parameter I passed in
[2018-08-27 13:40:37,618] {base_task_runner.py:98} INFO - Subtask: [2018-08-27 13:40:37,617] {bash_operator.py:101} INFO - 2015-06-14
[2018-08-27 13:40:37,618] {base_task_runner.py:98} INFO - Subtask: [2018-08-27 13:40:37,617] {bash_operator.py:101} INFO - 2015-06-21
[2018-08-27 13:40:37,618] {base_task_runner.py:98} INFO - Subtask: [2018-08-27 13:40:37,617] {bash_operator.py:101} INFO - Parameter I passed in
[2018-08-27 13:40:37,618] {base_task_runner.py:98} INFO - Subtask: [2018-08-27 13:40:37,617] {bash_operator.py:101} INFO - 2015-06-14
[2018-08-27 13:40:37,618] {base_task_runner.py:98} INFO - Subtask: [2018-08-27 13:40:37,617] {bash_operator.py:101} INFO - 2015-06-21
[2018-08-27 13:40:37,618] {base_task_runner.py:98} INFO - Subtask: [2018-08-27 13:40:37,617] {bash_operator.py:101} INFO - Parameter I passed in
[2018-08-27 13:40:37,618] {base_task_runner.py:98} INFO - Subtask: [2018-08-27 13:40:37,617] {bash_operator.py:105} INFO - Command exited with return code 0
