[2018-08-27 14:00:26,246] {cli.py:374} INFO - Running on host silverlight
[2018-08-27 14:00:26,300] {models.py:1197} INFO - Dependencies all met for <TaskInstance: tutorial.sleep 2015-07-20 00:00:00 [queued]>
[2018-08-27 14:00:26,304] {models.py:1197} INFO - Dependencies all met for <TaskInstance: tutorial.sleep 2015-07-20 00:00:00 [queued]>
[2018-08-27 14:00:26,304] {models.py:1407} INFO - 
--------------------------------------------------------------------------------
Starting attempt 1 of 4
--------------------------------------------------------------------------------

[2018-08-27 14:00:26,409] {models.py:1428} INFO - Executing <Task(BashOperator): sleep> on 2015-07-20 00:00:00
[2018-08-27 14:00:26,409] {base_task_runner.py:115} INFO - Running: ['bash', '-c', 'airflow run tutorial sleep 2015-07-20T00:00:00 --job_id 225 --raw -sd DAGS_FOLDER/tutorial.py']
[2018-08-27 14:00:26,674] {base_task_runner.py:98} INFO - Subtask: [2018-08-27 14:00:26,674] {driver.py:120} INFO - Generating grammar tables from /usr/lib/python3.5/lib2to3/Grammar.txt
[2018-08-27 14:00:26,715] {base_task_runner.py:98} INFO - Subtask: [2018-08-27 14:00:26,715] {driver.py:120} INFO - Generating grammar tables from /usr/lib/python3.5/lib2to3/PatternGrammar.txt
[2018-08-27 14:00:26,832] {base_task_runner.py:98} INFO - Subtask: [2018-08-27 14:00:26,832] {__init__.py:45} INFO - Using executor SequentialExecutor
[2018-08-27 14:00:26,867] {base_task_runner.py:98} INFO - Subtask: [2018-08-27 14:00:26,867] {models.py:189} INFO - Filling up the DagBag from /home/silverlight/Projects/Minikube-deploy/airflow-project/dags/tutorial.py
[2018-08-27 14:00:26,910] {cli.py:374} INFO - Running on host silverlight
[2018-08-27 14:00:26,919] {base_task_runner.py:98} INFO - Subtask: [2018-08-27 14:00:26,919] {bash_operator.py:70} INFO - Tmp dir root location: 
[2018-08-27 14:00:26,920] {base_task_runner.py:98} INFO - Subtask:  /tmp
[2018-08-27 14:00:26,920] {base_task_runner.py:98} INFO - Subtask: [2018-08-27 14:00:26,919] {bash_operator.py:80} INFO - Temporary script location: /tmp/airflowtmp7d12vv_o//tmp/airflowtmp7d12vv_o/sleep2l7o763t
[2018-08-27 14:00:26,920] {base_task_runner.py:98} INFO - Subtask: [2018-08-27 14:00:26,919] {bash_operator.py:88} INFO - Running command: sleep 5
[2018-08-27 14:00:26,930] {base_task_runner.py:98} INFO - Subtask: [2018-08-27 14:00:26,930] {bash_operator.py:97} INFO - Output:
[2018-08-27 14:00:31,932] {base_task_runner.py:98} INFO - Subtask: [2018-08-27 14:00:31,931] {bash_operator.py:105} INFO - Command exited with return code 0
