[2018-08-27 13:35:52,388] {cli.py:374} INFO - Running on host silverlight
[2018-08-27 13:35:52,438] {models.py:1197} INFO - Dependencies all met for <TaskInstance: tutorial.print_date 2015-06-08 00:00:00 [queued]>
[2018-08-27 13:35:52,441] {models.py:1197} INFO - Dependencies all met for <TaskInstance: tutorial.print_date 2015-06-08 00:00:00 [queued]>
[2018-08-27 13:35:52,441] {models.py:1407} INFO - 
--------------------------------------------------------------------------------
Starting attempt 1 of 2
--------------------------------------------------------------------------------

[2018-08-27 13:35:52,501] {models.py:1428} INFO - Executing <Task(BashOperator): print_date> on 2015-06-08 00:00:00
[2018-08-27 13:35:52,502] {base_task_runner.py:115} INFO - Running: ['bash', '-c', 'airflow run tutorial print_date 2015-06-08T00:00:00 --job_id 26 --raw -sd DAGS_FOLDER/tutorial.py']
[2018-08-27 13:35:52,821] {base_task_runner.py:98} INFO - Subtask: [2018-08-27 13:35:52,821] {driver.py:120} INFO - Generating grammar tables from /usr/lib/python3.5/lib2to3/Grammar.txt
[2018-08-27 13:35:52,856] {base_task_runner.py:98} INFO - Subtask: [2018-08-27 13:35:52,856] {driver.py:120} INFO - Generating grammar tables from /usr/lib/python3.5/lib2to3/PatternGrammar.txt
[2018-08-27 13:35:52,994] {base_task_runner.py:98} INFO - Subtask: [2018-08-27 13:35:52,994] {__init__.py:45} INFO - Using executor SequentialExecutor
[2018-08-27 13:35:53,028] {base_task_runner.py:98} INFO - Subtask: [2018-08-27 13:35:53,027] {models.py:189} INFO - Filling up the DagBag from /home/silverlight/Projects/Minikube-deploy/airflow-project/dags/tutorial.py
[2018-08-27 13:35:53,054] {cli.py:374} INFO - Running on host silverlight
[2018-08-27 13:35:53,063] {base_task_runner.py:98} INFO - Subtask: [2018-08-27 13:35:53,063] {bash_operator.py:70} INFO - Tmp dir root location: 
[2018-08-27 13:35:53,063] {base_task_runner.py:98} INFO - Subtask:  /tmp
[2018-08-27 13:35:53,063] {base_task_runner.py:98} INFO - Subtask: [2018-08-27 13:35:53,063] {bash_operator.py:80} INFO - Temporary script location: /tmp/airflowtmp3h15thuh//tmp/airflowtmp3h15thuh/print_date3x_njke7
[2018-08-27 13:35:53,063] {base_task_runner.py:98} INFO - Subtask: [2018-08-27 13:35:53,063] {bash_operator.py:88} INFO - Running command: date
[2018-08-27 13:35:53,066] {base_task_runner.py:98} INFO - Subtask: [2018-08-27 13:35:53,066] {bash_operator.py:97} INFO - Output:
[2018-08-27 13:35:53,067] {base_task_runner.py:98} INFO - Subtask: [2018-08-27 13:35:53,067] {bash_operator.py:101} INFO - Thứ hai, 27 Tháng tám năm 2018 13:35:53 +07
[2018-08-27 13:35:53,068] {base_task_runner.py:98} INFO - Subtask: [2018-08-27 13:35:53,067] {bash_operator.py:105} INFO - Command exited with return code 0
