[2018-08-27 13:35:45,397] {cli.py:374} INFO - Running on host silverlight
[2018-08-27 13:35:45,442] {models.py:1197} INFO - Dependencies all met for <TaskInstance: tutorial.templated 2015-06-03 00:00:00 [queued]>
[2018-08-27 13:35:45,448] {models.py:1197} INFO - Dependencies all met for <TaskInstance: tutorial.templated 2015-06-03 00:00:00 [queued]>
[2018-08-27 13:35:45,448] {models.py:1407} INFO - 
--------------------------------------------------------------------------------
Starting attempt 1 of 2
--------------------------------------------------------------------------------

[2018-08-27 13:35:45,480] {models.py:1428} INFO - Executing <Task(BashOperator): templated> on 2015-06-03 00:00:00
[2018-08-27 13:35:45,481] {base_task_runner.py:115} INFO - Running: ['bash', '-c', 'airflow run tutorial templated 2015-06-03T00:00:00 --job_id 25 --raw -sd DAGS_FOLDER/tutorial.py']
[2018-08-27 13:35:45,727] {base_task_runner.py:98} INFO - Subtask: [2018-08-27 13:35:45,727] {driver.py:120} INFO - Generating grammar tables from /usr/lib/python3.5/lib2to3/Grammar.txt
[2018-08-27 13:35:45,761] {base_task_runner.py:98} INFO - Subtask: [2018-08-27 13:35:45,761] {driver.py:120} INFO - Generating grammar tables from /usr/lib/python3.5/lib2to3/PatternGrammar.txt
[2018-08-27 13:35:45,876] {base_task_runner.py:98} INFO - Subtask: [2018-08-27 13:35:45,876] {__init__.py:45} INFO - Using executor SequentialExecutor
[2018-08-27 13:35:45,910] {base_task_runner.py:98} INFO - Subtask: [2018-08-27 13:35:45,909] {models.py:189} INFO - Filling up the DagBag from /home/silverlight/Projects/Minikube-deploy/airflow-project/dags/tutorial.py
[2018-08-27 13:35:45,943] {cli.py:374} INFO - Running on host silverlight
[2018-08-27 13:35:45,958] {base_task_runner.py:98} INFO - Subtask: [2018-08-27 13:35:45,958] {bash_operator.py:70} INFO - Tmp dir root location: 
[2018-08-27 13:35:45,959] {base_task_runner.py:98} INFO - Subtask:  /tmp
[2018-08-27 13:35:45,959] {base_task_runner.py:98} INFO - Subtask: [2018-08-27 13:35:45,959] {bash_operator.py:80} INFO - Temporary script location: /tmp/airflowtmp0lm6e6ty//tmp/airflowtmp0lm6e6ty/templatedg8zxsrzc
[2018-08-27 13:35:45,959] {base_task_runner.py:98} INFO - Subtask: [2018-08-27 13:35:45,959] {bash_operator.py:88} INFO - Running command: 
[2018-08-27 13:35:45,959] {base_task_runner.py:98} INFO - Subtask:     
[2018-08-27 13:35:45,959] {base_task_runner.py:98} INFO - Subtask:         echo "2015-06-03"
[2018-08-27 13:35:45,959] {base_task_runner.py:98} INFO - Subtask:         echo "2015-06-10"
[2018-08-27 13:35:45,959] {base_task_runner.py:98} INFO - Subtask:         echo "Parameter I passed in"
[2018-08-27 13:35:45,959] {base_task_runner.py:98} INFO - Subtask:     
[2018-08-27 13:35:45,959] {base_task_runner.py:98} INFO - Subtask:         echo "2015-06-03"
[2018-08-27 13:35:45,959] {base_task_runner.py:98} INFO - Subtask:         echo "2015-06-10"
[2018-08-27 13:35:45,959] {base_task_runner.py:98} INFO - Subtask:         echo "Parameter I passed in"
[2018-08-27 13:35:45,959] {base_task_runner.py:98} INFO - Subtask:     
[2018-08-27 13:35:45,960] {base_task_runner.py:98} INFO - Subtask:         echo "2015-06-03"
[2018-08-27 13:35:45,960] {base_task_runner.py:98} INFO - Subtask:         echo "2015-06-10"
[2018-08-27 13:35:45,960] {base_task_runner.py:98} INFO - Subtask:         echo "Parameter I passed in"
[2018-08-27 13:35:45,960] {base_task_runner.py:98} INFO - Subtask:     
[2018-08-27 13:35:45,960] {base_task_runner.py:98} INFO - Subtask:         echo "2015-06-03"
[2018-08-27 13:35:45,960] {base_task_runner.py:98} INFO - Subtask:         echo "2015-06-10"
[2018-08-27 13:35:45,960] {base_task_runner.py:98} INFO - Subtask:         echo "Parameter I passed in"
[2018-08-27 13:35:45,960] {base_task_runner.py:98} INFO - Subtask:     
[2018-08-27 13:35:45,960] {base_task_runner.py:98} INFO - Subtask:         echo "2015-06-03"
[2018-08-27 13:35:45,960] {base_task_runner.py:98} INFO - Subtask:         echo "2015-06-10"
[2018-08-27 13:35:45,960] {base_task_runner.py:98} INFO - Subtask:         echo "Parameter I passed in"
[2018-08-27 13:35:45,960] {base_task_runner.py:98} INFO - Subtask:     
[2018-08-27 13:35:45,961] {base_task_runner.py:98} INFO - Subtask: [2018-08-27 13:35:45,961] {bash_operator.py:97} INFO - Output:
[2018-08-27 13:35:45,962] {base_task_runner.py:98} INFO - Subtask: [2018-08-27 13:35:45,962] {bash_operator.py:101} INFO - 2015-06-03
[2018-08-27 13:35:45,962] {base_task_runner.py:98} INFO - Subtask: [2018-08-27 13:35:45,962] {bash_operator.py:101} INFO - 2015-06-10
[2018-08-27 13:35:45,962] {base_task_runner.py:98} INFO - Subtask: [2018-08-27 13:35:45,962] {bash_operator.py:101} INFO - Parameter I passed in
[2018-08-27 13:35:45,962] {base_task_runner.py:98} INFO - Subtask: [2018-08-27 13:35:45,962] {bash_operator.py:101} INFO - 2015-06-03
[2018-08-27 13:35:45,962] {base_task_runner.py:98} INFO - Subtask: [2018-08-27 13:35:45,962] {bash_operator.py:101} INFO - 2015-06-10
[2018-08-27 13:35:45,962] {base_task_runner.py:98} INFO - Subtask: [2018-08-27 13:35:45,962] {bash_operator.py:101} INFO - Parameter I passed in
[2018-08-27 13:35:45,962] {base_task_runner.py:98} INFO - Subtask: [2018-08-27 13:35:45,962] {bash_operator.py:101} INFO - 2015-06-03
[2018-08-27 13:35:45,962] {base_task_runner.py:98} INFO - Subtask: [2018-08-27 13:35:45,962] {bash_operator.py:101} INFO - 2015-06-10
[2018-08-27 13:35:45,962] {base_task_runner.py:98} INFO - Subtask: [2018-08-27 13:35:45,962] {bash_operator.py:101} INFO - Parameter I passed in
[2018-08-27 13:35:45,962] {base_task_runner.py:98} INFO - Subtask: [2018-08-27 13:35:45,962] {bash_operator.py:101} INFO - 2015-06-03
[2018-08-27 13:35:45,962] {base_task_runner.py:98} INFO - Subtask: [2018-08-27 13:35:45,962] {bash_operator.py:101} INFO - 2015-06-10
[2018-08-27 13:35:45,963] {base_task_runner.py:98} INFO - Subtask: [2018-08-27 13:35:45,962] {bash_operator.py:101} INFO - Parameter I passed in
[2018-08-27 13:35:45,963] {base_task_runner.py:98} INFO - Subtask: [2018-08-27 13:35:45,962] {bash_operator.py:101} INFO - 2015-06-03
[2018-08-27 13:35:45,963] {base_task_runner.py:98} INFO - Subtask: [2018-08-27 13:35:45,962] {bash_operator.py:101} INFO - 2015-06-10
[2018-08-27 13:35:45,963] {base_task_runner.py:98} INFO - Subtask: [2018-08-27 13:35:45,962] {bash_operator.py:101} INFO - Parameter I passed in
[2018-08-27 13:35:45,963] {base_task_runner.py:98} INFO - Subtask: [2018-08-27 13:35:45,962] {bash_operator.py:105} INFO - Command exited with return code 0
