[2018-08-27 13:33:39,470] {cli.py:374} INFO - Running on host silverlight
[2018-08-27 13:33:39,509] {models.py:1197} INFO - Dependencies all met for <TaskInstance: tutorial.templated 2015-06-02 00:00:00 [queued]>
[2018-08-27 13:33:39,513] {models.py:1197} INFO - Dependencies all met for <TaskInstance: tutorial.templated 2015-06-02 00:00:00 [queued]>
[2018-08-27 13:33:39,513] {models.py:1407} INFO - 
--------------------------------------------------------------------------------
Starting attempt 1 of 2
--------------------------------------------------------------------------------

[2018-08-27 13:33:39,572] {models.py:1428} INFO - Executing <Task(BashOperator): templated> on 2015-06-02 00:00:00
[2018-08-27 13:33:39,573] {base_task_runner.py:115} INFO - Running: ['bash', '-c', 'airflow run tutorial templated 2015-06-02T00:00:00 --job_id 13 --raw -sd DAGS_FOLDER/tutorial.py']
[2018-08-27 13:33:39,809] {base_task_runner.py:98} INFO - Subtask: [2018-08-27 13:33:39,808] {driver.py:120} INFO - Generating grammar tables from /usr/lib/python3.5/lib2to3/Grammar.txt
[2018-08-27 13:33:39,844] {base_task_runner.py:98} INFO - Subtask: [2018-08-27 13:33:39,843] {driver.py:120} INFO - Generating grammar tables from /usr/lib/python3.5/lib2to3/PatternGrammar.txt
[2018-08-27 13:33:39,947] {base_task_runner.py:98} INFO - Subtask: [2018-08-27 13:33:39,947] {__init__.py:45} INFO - Using executor SequentialExecutor
[2018-08-27 13:33:39,980] {base_task_runner.py:98} INFO - Subtask: [2018-08-27 13:33:39,979] {models.py:189} INFO - Filling up the DagBag from /home/silverlight/Projects/Minikube-deploy/airflow-project/dags/tutorial.py
[2018-08-27 13:33:40,006] {cli.py:374} INFO - Running on host silverlight
[2018-08-27 13:33:40,018] {base_task_runner.py:98} INFO - Subtask: [2018-08-27 13:33:40,018] {bash_operator.py:70} INFO - Tmp dir root location: 
[2018-08-27 13:33:40,018] {base_task_runner.py:98} INFO - Subtask:  /tmp
[2018-08-27 13:33:40,018] {base_task_runner.py:98} INFO - Subtask: [2018-08-27 13:33:40,018] {bash_operator.py:80} INFO - Temporary script location: /tmp/airflowtmprfknqmy1//tmp/airflowtmprfknqmy1/templateda42k4f20
[2018-08-27 13:33:40,019] {base_task_runner.py:98} INFO - Subtask: [2018-08-27 13:33:40,018] {bash_operator.py:88} INFO - Running command: 
[2018-08-27 13:33:40,019] {base_task_runner.py:98} INFO - Subtask:     
[2018-08-27 13:33:40,019] {base_task_runner.py:98} INFO - Subtask:         echo "2015-06-02"
[2018-08-27 13:33:40,019] {base_task_runner.py:98} INFO - Subtask:         echo "2015-06-09"
[2018-08-27 13:33:40,019] {base_task_runner.py:98} INFO - Subtask:         echo "Parameter I passed in"
[2018-08-27 13:33:40,019] {base_task_runner.py:98} INFO - Subtask:     
[2018-08-27 13:33:40,019] {base_task_runner.py:98} INFO - Subtask:         echo "2015-06-02"
[2018-08-27 13:33:40,019] {base_task_runner.py:98} INFO - Subtask:         echo "2015-06-09"
[2018-08-27 13:33:40,019] {base_task_runner.py:98} INFO - Subtask:         echo "Parameter I passed in"
[2018-08-27 13:33:40,019] {base_task_runner.py:98} INFO - Subtask:     
[2018-08-27 13:33:40,019] {base_task_runner.py:98} INFO - Subtask:         echo "2015-06-02"
[2018-08-27 13:33:40,019] {base_task_runner.py:98} INFO - Subtask:         echo "2015-06-09"
[2018-08-27 13:33:40,019] {base_task_runner.py:98} INFO - Subtask:         echo "Parameter I passed in"
[2018-08-27 13:33:40,019] {base_task_runner.py:98} INFO - Subtask:     
[2018-08-27 13:33:40,019] {base_task_runner.py:98} INFO - Subtask:         echo "2015-06-02"
[2018-08-27 13:33:40,019] {base_task_runner.py:98} INFO - Subtask:         echo "2015-06-09"
[2018-08-27 13:33:40,020] {base_task_runner.py:98} INFO - Subtask:         echo "Parameter I passed in"
[2018-08-27 13:33:40,020] {base_task_runner.py:98} INFO - Subtask:     
[2018-08-27 13:33:40,020] {base_task_runner.py:98} INFO - Subtask:         echo "2015-06-02"
[2018-08-27 13:33:40,020] {base_task_runner.py:98} INFO - Subtask:         echo "2015-06-09"
[2018-08-27 13:33:40,020] {base_task_runner.py:98} INFO - Subtask:         echo "Parameter I passed in"
[2018-08-27 13:33:40,020] {base_task_runner.py:98} INFO - Subtask:     
[2018-08-27 13:33:40,022] {base_task_runner.py:98} INFO - Subtask: [2018-08-27 13:33:40,022] {bash_operator.py:97} INFO - Output:
[2018-08-27 13:33:40,023] {base_task_runner.py:98} INFO - Subtask: [2018-08-27 13:33:40,023] {bash_operator.py:101} INFO - 2015-06-02
[2018-08-27 13:33:40,023] {base_task_runner.py:98} INFO - Subtask: [2018-08-27 13:33:40,023] {bash_operator.py:101} INFO - 2015-06-09
[2018-08-27 13:33:40,023] {base_task_runner.py:98} INFO - Subtask: [2018-08-27 13:33:40,023] {bash_operator.py:101} INFO - Parameter I passed in
[2018-08-27 13:33:40,023] {base_task_runner.py:98} INFO - Subtask: [2018-08-27 13:33:40,023] {bash_operator.py:101} INFO - 2015-06-02
[2018-08-27 13:33:40,023] {base_task_runner.py:98} INFO - Subtask: [2018-08-27 13:33:40,023] {bash_operator.py:101} INFO - 2015-06-09
[2018-08-27 13:33:40,023] {base_task_runner.py:98} INFO - Subtask: [2018-08-27 13:33:40,023] {bash_operator.py:101} INFO - Parameter I passed in
[2018-08-27 13:33:40,023] {base_task_runner.py:98} INFO - Subtask: [2018-08-27 13:33:40,023] {bash_operator.py:101} INFO - 2015-06-02
[2018-08-27 13:33:40,023] {base_task_runner.py:98} INFO - Subtask: [2018-08-27 13:33:40,023] {bash_operator.py:101} INFO - 2015-06-09
[2018-08-27 13:33:40,023] {base_task_runner.py:98} INFO - Subtask: [2018-08-27 13:33:40,023] {bash_operator.py:101} INFO - Parameter I passed in
[2018-08-27 13:33:40,023] {base_task_runner.py:98} INFO - Subtask: [2018-08-27 13:33:40,023] {bash_operator.py:101} INFO - 2015-06-02
[2018-08-27 13:33:40,024] {base_task_runner.py:98} INFO - Subtask: [2018-08-27 13:33:40,023] {bash_operator.py:101} INFO - 2015-06-09
[2018-08-27 13:33:40,024] {base_task_runner.py:98} INFO - Subtask: [2018-08-27 13:33:40,023] {bash_operator.py:101} INFO - Parameter I passed in
[2018-08-27 13:33:40,024] {base_task_runner.py:98} INFO - Subtask: [2018-08-27 13:33:40,023] {bash_operator.py:101} INFO - 2015-06-02
[2018-08-27 13:33:40,024] {base_task_runner.py:98} INFO - Subtask: [2018-08-27 13:33:40,023] {bash_operator.py:101} INFO - 2015-06-09
[2018-08-27 13:33:40,024] {base_task_runner.py:98} INFO - Subtask: [2018-08-27 13:33:40,023] {bash_operator.py:101} INFO - Parameter I passed in
[2018-08-27 13:33:40,024] {base_task_runner.py:98} INFO - Subtask: [2018-08-27 13:33:40,023] {bash_operator.py:105} INFO - Command exited with return code 0
