[2018-08-27 13:46:48,118] {cli.py:374} INFO - Running on host silverlight
[2018-08-27 13:46:48,213] {models.py:1197} INFO - Dependencies all met for <TaskInstance: tutorial.print_date 2015-06-27 00:00:00 [queued]>
[2018-08-27 13:46:48,216] {models.py:1197} INFO - Dependencies all met for <TaskInstance: tutorial.print_date 2015-06-27 00:00:00 [queued]>
[2018-08-27 13:46:48,217] {models.py:1407} INFO - 
--------------------------------------------------------------------------------
Starting attempt 1 of 2
--------------------------------------------------------------------------------

[2018-08-27 13:46:48,256] {models.py:1428} INFO - Executing <Task(BashOperator): print_date> on 2015-06-27 00:00:00
[2018-08-27 13:46:48,257] {base_task_runner.py:115} INFO - Running: ['bash', '-c', 'airflow run tutorial print_date 2015-06-27T00:00:00 --job_id 120 --raw -sd DAGS_FOLDER/tutorial.py']
[2018-08-27 13:46:48,505] {base_task_runner.py:98} INFO - Subtask: [2018-08-27 13:46:48,505] {driver.py:120} INFO - Generating grammar tables from /usr/lib/python3.5/lib2to3/Grammar.txt
[2018-08-27 13:46:48,538] {base_task_runner.py:98} INFO - Subtask: [2018-08-27 13:46:48,538] {driver.py:120} INFO - Generating grammar tables from /usr/lib/python3.5/lib2to3/PatternGrammar.txt
[2018-08-27 13:46:48,646] {base_task_runner.py:98} INFO - Subtask: [2018-08-27 13:46:48,646] {__init__.py:45} INFO - Using executor SequentialExecutor
[2018-08-27 13:46:48,678] {base_task_runner.py:98} INFO - Subtask: [2018-08-27 13:46:48,678] {models.py:189} INFO - Filling up the DagBag from /home/silverlight/Projects/Minikube-deploy/airflow-project/dags/tutorial.py
[2018-08-27 13:46:48,706] {cli.py:374} INFO - Running on host silverlight
[2018-08-27 13:46:48,715] {base_task_runner.py:98} INFO - Subtask: [2018-08-27 13:46:48,714] {bash_operator.py:70} INFO - Tmp dir root location: 
[2018-08-27 13:46:48,715] {base_task_runner.py:98} INFO - Subtask:  /tmp
[2018-08-27 13:46:48,715] {base_task_runner.py:98} INFO - Subtask: [2018-08-27 13:46:48,715] {bash_operator.py:80} INFO - Temporary script location: /tmp/airflowtmpnqvesmom//tmp/airflowtmpnqvesmom/print_dated8qyz3_z
[2018-08-27 13:46:48,715] {base_task_runner.py:98} INFO - Subtask: [2018-08-27 13:46:48,715] {bash_operator.py:88} INFO - Running command: date
[2018-08-27 13:46:48,718] {base_task_runner.py:98} INFO - Subtask: [2018-08-27 13:46:48,717] {bash_operator.py:97} INFO - Output:
[2018-08-27 13:46:48,719] {base_task_runner.py:98} INFO - Subtask: [2018-08-27 13:46:48,718] {bash_operator.py:101} INFO - Thứ hai, 27 Tháng tám năm 2018 13:46:48 +07
[2018-08-27 13:46:48,719] {base_task_runner.py:98} INFO - Subtask: [2018-08-27 13:46:48,719] {bash_operator.py:105} INFO - Command exited with return code 0
