[2018-08-27 13:36:04,932] {cli.py:374} INFO - Running on host silverlight
[2018-08-27 13:36:04,976] {models.py:1197} INFO - Dependencies all met for <TaskInstance: tutorial.print_date 2015-06-09 00:00:00 [queued]>
[2018-08-27 13:36:04,978] {models.py:1197} INFO - Dependencies all met for <TaskInstance: tutorial.print_date 2015-06-09 00:00:00 [queued]>
[2018-08-27 13:36:04,978] {models.py:1407} INFO - 
--------------------------------------------------------------------------------
Starting attempt 1 of 2
--------------------------------------------------------------------------------

[2018-08-27 13:36:05,007] {models.py:1428} INFO - Executing <Task(BashOperator): print_date> on 2015-06-09 00:00:00
[2018-08-27 13:36:05,008] {base_task_runner.py:115} INFO - Running: ['bash', '-c', 'airflow run tutorial print_date 2015-06-09T00:00:00 --job_id 28 --raw -sd DAGS_FOLDER/tutorial.py']
[2018-08-27 13:36:05,263] {base_task_runner.py:98} INFO - Subtask: [2018-08-27 13:36:05,263] {driver.py:120} INFO - Generating grammar tables from /usr/lib/python3.5/lib2to3/Grammar.txt
[2018-08-27 13:36:05,305] {base_task_runner.py:98} INFO - Subtask: [2018-08-27 13:36:05,305] {driver.py:120} INFO - Generating grammar tables from /usr/lib/python3.5/lib2to3/PatternGrammar.txt
[2018-08-27 13:36:05,410] {base_task_runner.py:98} INFO - Subtask: [2018-08-27 13:36:05,409] {__init__.py:45} INFO - Using executor SequentialExecutor
[2018-08-27 13:36:05,440] {base_task_runner.py:98} INFO - Subtask: [2018-08-27 13:36:05,440] {models.py:189} INFO - Filling up the DagBag from /home/silverlight/Projects/Minikube-deploy/airflow-project/dags/tutorial.py
[2018-08-27 13:36:05,467] {cli.py:374} INFO - Running on host silverlight
[2018-08-27 13:36:05,478] {base_task_runner.py:98} INFO - Subtask: [2018-08-27 13:36:05,478] {bash_operator.py:70} INFO - Tmp dir root location: 
[2018-08-27 13:36:05,478] {base_task_runner.py:98} INFO - Subtask:  /tmp
[2018-08-27 13:36:05,478] {base_task_runner.py:98} INFO - Subtask: [2018-08-27 13:36:05,478] {bash_operator.py:80} INFO - Temporary script location: /tmp/airflowtmp__u_he1_//tmp/airflowtmp__u_he1_/print_dateevuwvfk9
[2018-08-27 13:36:05,478] {base_task_runner.py:98} INFO - Subtask: [2018-08-27 13:36:05,478] {bash_operator.py:88} INFO - Running command: date
[2018-08-27 13:36:05,481] {base_task_runner.py:98} INFO - Subtask: [2018-08-27 13:36:05,480] {bash_operator.py:97} INFO - Output:
[2018-08-27 13:36:05,481] {base_task_runner.py:98} INFO - Subtask: [2018-08-27 13:36:05,481] {bash_operator.py:101} INFO - Thứ hai, 27 Tháng tám năm 2018 13:36:05 +07
[2018-08-27 13:36:05,482] {base_task_runner.py:98} INFO - Subtask: [2018-08-27 13:36:05,482] {bash_operator.py:105} INFO - Command exited with return code 0
