[2018-08-27 13:43:19,257] {cli.py:374} INFO - Running on host silverlight
[2018-08-27 13:43:19,333] {models.py:1197} INFO - Dependencies all met for <TaskInstance: tutorial.print_date 2015-06-21 00:00:00 [queued]>
[2018-08-27 13:43:19,336] {models.py:1197} INFO - Dependencies all met for <TaskInstance: tutorial.print_date 2015-06-21 00:00:00 [queued]>
[2018-08-27 13:43:19,336] {models.py:1407} INFO - 
--------------------------------------------------------------------------------
Starting attempt 1 of 2
--------------------------------------------------------------------------------

[2018-08-27 13:43:19,373] {models.py:1428} INFO - Executing <Task(BashOperator): print_date> on 2015-06-21 00:00:00
[2018-08-27 13:43:19,374] {base_task_runner.py:115} INFO - Running: ['bash', '-c', 'airflow run tutorial print_date 2015-06-21T00:00:00 --job_id 90 --raw -sd DAGS_FOLDER/tutorial.py']
[2018-08-27 13:43:19,621] {base_task_runner.py:98} INFO - Subtask: [2018-08-27 13:43:19,621] {driver.py:120} INFO - Generating grammar tables from /usr/lib/python3.5/lib2to3/Grammar.txt
[2018-08-27 13:43:19,654] {base_task_runner.py:98} INFO - Subtask: [2018-08-27 13:43:19,654] {driver.py:120} INFO - Generating grammar tables from /usr/lib/python3.5/lib2to3/PatternGrammar.txt
[2018-08-27 13:43:19,773] {base_task_runner.py:98} INFO - Subtask: [2018-08-27 13:43:19,773] {__init__.py:45} INFO - Using executor SequentialExecutor
[2018-08-27 13:43:19,805] {base_task_runner.py:98} INFO - Subtask: [2018-08-27 13:43:19,805] {models.py:189} INFO - Filling up the DagBag from /home/silverlight/Projects/Minikube-deploy/airflow-project/dags/tutorial.py
[2018-08-27 13:43:19,834] {cli.py:374} INFO - Running on host silverlight
[2018-08-27 13:43:19,841] {base_task_runner.py:98} INFO - Subtask: [2018-08-27 13:43:19,841] {bash_operator.py:70} INFO - Tmp dir root location: 
[2018-08-27 13:43:19,842] {base_task_runner.py:98} INFO - Subtask:  /tmp
[2018-08-27 13:43:19,842] {base_task_runner.py:98} INFO - Subtask: [2018-08-27 13:43:19,842] {bash_operator.py:80} INFO - Temporary script location: /tmp/airflowtmpnkuq3ijn//tmp/airflowtmpnkuq3ijn/print_datexrv2qnrw
[2018-08-27 13:43:19,842] {base_task_runner.py:98} INFO - Subtask: [2018-08-27 13:43:19,842] {bash_operator.py:88} INFO - Running command: date
[2018-08-27 13:43:19,844] {base_task_runner.py:98} INFO - Subtask: [2018-08-27 13:43:19,844] {bash_operator.py:97} INFO - Output:
[2018-08-27 13:43:19,845] {base_task_runner.py:98} INFO - Subtask: [2018-08-27 13:43:19,845] {bash_operator.py:101} INFO - Thứ hai, 27 Tháng tám năm 2018 13:43:19 +07
[2018-08-27 13:43:19,846] {base_task_runner.py:98} INFO - Subtask: [2018-08-27 13:43:19,845] {bash_operator.py:105} INFO - Command exited with return code 0
