[2018-08-27 13:47:57,890] {cli.py:374} INFO - Running on host silverlight
[2018-08-27 13:47:57,964] {models.py:1197} INFO - Dependencies all met for <TaskInstance: tutorial.print_date 2015-06-29 00:00:00 [queued]>
[2018-08-27 13:47:57,966] {models.py:1197} INFO - Dependencies all met for <TaskInstance: tutorial.print_date 2015-06-29 00:00:00 [queued]>
[2018-08-27 13:47:57,967] {models.py:1407} INFO - 
--------------------------------------------------------------------------------
Starting attempt 1 of 2
--------------------------------------------------------------------------------

[2018-08-27 13:47:58,010] {models.py:1428} INFO - Executing <Task(BashOperator): print_date> on 2015-06-29 00:00:00
[2018-08-27 13:47:58,011] {base_task_runner.py:115} INFO - Running: ['bash', '-c', 'airflow run tutorial print_date 2015-06-29T00:00:00 --job_id 130 --raw -sd DAGS_FOLDER/tutorial.py']
[2018-08-27 13:47:58,260] {base_task_runner.py:98} INFO - Subtask: [2018-08-27 13:47:58,260] {driver.py:120} INFO - Generating grammar tables from /usr/lib/python3.5/lib2to3/Grammar.txt
[2018-08-27 13:47:58,298] {base_task_runner.py:98} INFO - Subtask: [2018-08-27 13:47:58,298] {driver.py:120} INFO - Generating grammar tables from /usr/lib/python3.5/lib2to3/PatternGrammar.txt
[2018-08-27 13:47:58,407] {base_task_runner.py:98} INFO - Subtask: [2018-08-27 13:47:58,407] {__init__.py:45} INFO - Using executor SequentialExecutor
[2018-08-27 13:47:58,439] {base_task_runner.py:98} INFO - Subtask: [2018-08-27 13:47:58,439] {models.py:189} INFO - Filling up the DagBag from /home/silverlight/Projects/Minikube-deploy/airflow-project/dags/tutorial.py
[2018-08-27 13:47:58,466] {cli.py:374} INFO - Running on host silverlight
[2018-08-27 13:47:58,474] {base_task_runner.py:98} INFO - Subtask: [2018-08-27 13:47:58,474] {bash_operator.py:70} INFO - Tmp dir root location: 
[2018-08-27 13:47:58,475] {base_task_runner.py:98} INFO - Subtask:  /tmp
[2018-08-27 13:47:58,475] {base_task_runner.py:98} INFO - Subtask: [2018-08-27 13:47:58,475] {bash_operator.py:80} INFO - Temporary script location: /tmp/airflowtmp4bvo2pf3//tmp/airflowtmp4bvo2pf3/print_datee_vhm16e
[2018-08-27 13:47:58,475] {base_task_runner.py:98} INFO - Subtask: [2018-08-27 13:47:58,475] {bash_operator.py:88} INFO - Running command: date
[2018-08-27 13:47:58,479] {base_task_runner.py:98} INFO - Subtask: [2018-08-27 13:47:58,478] {bash_operator.py:97} INFO - Output:
[2018-08-27 13:47:58,480] {base_task_runner.py:98} INFO - Subtask: [2018-08-27 13:47:58,480] {bash_operator.py:101} INFO - Thứ hai, 27 Tháng tám năm 2018 13:47:58 +07
[2018-08-27 13:47:58,481] {base_task_runner.py:98} INFO - Subtask: [2018-08-27 13:47:58,481] {bash_operator.py:105} INFO - Command exited with return code 0
