[2018-08-27 13:54:42,057] {cli.py:374} INFO - Running on host silverlight
[2018-08-27 13:54:42,128] {models.py:1197} INFO - Dependencies all met for <TaskInstance: tutorial.sleep 2015-07-12 00:00:00 [queued]>
[2018-08-27 13:54:42,132] {models.py:1197} INFO - Dependencies all met for <TaskInstance: tutorial.sleep 2015-07-12 00:00:00 [queued]>
[2018-08-27 13:54:42,132] {models.py:1407} INFO - 
--------------------------------------------------------------------------------
Starting attempt 1 of 4
--------------------------------------------------------------------------------

[2018-08-27 13:54:42,166] {models.py:1428} INFO - Executing <Task(BashOperator): sleep> on 2015-07-12 00:00:00
[2018-08-27 13:54:42,166] {base_task_runner.py:115} INFO - Running: ['bash', '-c', 'airflow run tutorial sleep 2015-07-12T00:00:00 --job_id 184 --raw -sd DAGS_FOLDER/tutorial.py']
[2018-08-27 13:54:42,407] {base_task_runner.py:98} INFO - Subtask: [2018-08-27 13:54:42,407] {driver.py:120} INFO - Generating grammar tables from /usr/lib/python3.5/lib2to3/Grammar.txt
[2018-08-27 13:54:42,449] {base_task_runner.py:98} INFO - Subtask: [2018-08-27 13:54:42,448] {driver.py:120} INFO - Generating grammar tables from /usr/lib/python3.5/lib2to3/PatternGrammar.txt
[2018-08-27 13:54:42,555] {base_task_runner.py:98} INFO - Subtask: [2018-08-27 13:54:42,555] {__init__.py:45} INFO - Using executor SequentialExecutor
[2018-08-27 13:54:42,587] {base_task_runner.py:98} INFO - Subtask: [2018-08-27 13:54:42,587] {models.py:189} INFO - Filling up the DagBag from /home/silverlight/Projects/Minikube-deploy/airflow-project/dags/tutorial.py
[2018-08-27 13:54:42,616] {cli.py:374} INFO - Running on host silverlight
[2018-08-27 13:54:42,625] {base_task_runner.py:98} INFO - Subtask: [2018-08-27 13:54:42,624] {bash_operator.py:70} INFO - Tmp dir root location: 
[2018-08-27 13:54:42,625] {base_task_runner.py:98} INFO - Subtask:  /tmp
[2018-08-27 13:54:42,625] {base_task_runner.py:98} INFO - Subtask: [2018-08-27 13:54:42,625] {bash_operator.py:80} INFO - Temporary script location: /tmp/airflowtmpx_rzs67n//tmp/airflowtmpx_rzs67n/sleep7ajclceq
[2018-08-27 13:54:42,625] {base_task_runner.py:98} INFO - Subtask: [2018-08-27 13:54:42,625] {bash_operator.py:88} INFO - Running command: sleep 5
[2018-08-27 13:54:42,627] {base_task_runner.py:98} INFO - Subtask: [2018-08-27 13:54:42,627] {bash_operator.py:97} INFO - Output:
[2018-08-27 13:54:47,630] {base_task_runner.py:98} INFO - Subtask: [2018-08-27 13:54:47,629] {bash_operator.py:105} INFO - Command exited with return code 0
