[2018-08-27 14:00:03,437] {cli.py:374} INFO - Running on host silverlight
[2018-08-27 14:00:03,490] {models.py:1197} INFO - Dependencies all met for <TaskInstance: tutorial.print_date 2015-07-22 00:00:00 [queued]>
[2018-08-27 14:00:03,494] {models.py:1197} INFO - Dependencies all met for <TaskInstance: tutorial.print_date 2015-07-22 00:00:00 [queued]>
[2018-08-27 14:00:03,494] {models.py:1407} INFO - 
--------------------------------------------------------------------------------
Starting attempt 1 of 2
--------------------------------------------------------------------------------

[2018-08-27 14:00:03,535] {models.py:1428} INFO - Executing <Task(BashOperator): print_date> on 2015-07-22 00:00:00
[2018-08-27 14:00:03,535] {base_task_runner.py:115} INFO - Running: ['bash', '-c', 'airflow run tutorial print_date 2015-07-22T00:00:00 --job_id 221 --raw -sd DAGS_FOLDER/tutorial.py']
[2018-08-27 14:00:03,797] {base_task_runner.py:98} INFO - Subtask: [2018-08-27 14:00:03,796] {driver.py:120} INFO - Generating grammar tables from /usr/lib/python3.5/lib2to3/Grammar.txt
[2018-08-27 14:00:03,831] {base_task_runner.py:98} INFO - Subtask: [2018-08-27 14:00:03,830] {driver.py:120} INFO - Generating grammar tables from /usr/lib/python3.5/lib2to3/PatternGrammar.txt
[2018-08-27 14:00:03,939] {base_task_runner.py:98} INFO - Subtask: [2018-08-27 14:00:03,939] {__init__.py:45} INFO - Using executor SequentialExecutor
[2018-08-27 14:00:03,971] {base_task_runner.py:98} INFO - Subtask: [2018-08-27 14:00:03,970] {models.py:189} INFO - Filling up the DagBag from /home/silverlight/Projects/Minikube-deploy/airflow-project/dags/tutorial.py
[2018-08-27 14:00:03,998] {cli.py:374} INFO - Running on host silverlight
[2018-08-27 14:00:04,009] {base_task_runner.py:98} INFO - Subtask: [2018-08-27 14:00:04,009] {bash_operator.py:70} INFO - Tmp dir root location: 
[2018-08-27 14:00:04,009] {base_task_runner.py:98} INFO - Subtask:  /tmp
[2018-08-27 14:00:04,009] {base_task_runner.py:98} INFO - Subtask: [2018-08-27 14:00:04,009] {bash_operator.py:80} INFO - Temporary script location: /tmp/airflowtmpelfcpoko//tmp/airflowtmpelfcpoko/print_date5su82a04
[2018-08-27 14:00:04,009] {base_task_runner.py:98} INFO - Subtask: [2018-08-27 14:00:04,009] {bash_operator.py:88} INFO - Running command: date
[2018-08-27 14:00:04,012] {base_task_runner.py:98} INFO - Subtask: [2018-08-27 14:00:04,012] {bash_operator.py:97} INFO - Output:
[2018-08-27 14:00:04,014] {base_task_runner.py:98} INFO - Subtask: [2018-08-27 14:00:04,014] {bash_operator.py:101} INFO - Thứ hai, 27 Tháng tám năm 2018 14:00:04 +07
[2018-08-27 14:00:04,014] {base_task_runner.py:98} INFO - Subtask: [2018-08-27 14:00:04,014] {bash_operator.py:105} INFO - Command exited with return code 0
