[2018-08-27 13:38:41,514] {cli.py:374} INFO - Running on host silverlight
[2018-08-27 13:38:41,559] {models.py:1197} INFO - Dependencies all met for <TaskInstance: tutorial.print_date 2015-06-13 00:00:00 [queued]>
[2018-08-27 13:38:41,562] {models.py:1197} INFO - Dependencies all met for <TaskInstance: tutorial.print_date 2015-06-13 00:00:00 [queued]>
[2018-08-27 13:38:41,562] {models.py:1407} INFO - 
--------------------------------------------------------------------------------
Starting attempt 1 of 2
--------------------------------------------------------------------------------

[2018-08-27 13:38:41,590] {models.py:1428} INFO - Executing <Task(BashOperator): print_date> on 2015-06-13 00:00:00
[2018-08-27 13:38:41,590] {base_task_runner.py:115} INFO - Running: ['bash', '-c', 'airflow run tutorial print_date 2015-06-13T00:00:00 --job_id 50 --raw -sd DAGS_FOLDER/tutorial.py']
[2018-08-27 13:38:41,829] {base_task_runner.py:98} INFO - Subtask: [2018-08-27 13:38:41,829] {driver.py:120} INFO - Generating grammar tables from /usr/lib/python3.5/lib2to3/Grammar.txt
[2018-08-27 13:38:41,861] {base_task_runner.py:98} INFO - Subtask: [2018-08-27 13:38:41,861] {driver.py:120} INFO - Generating grammar tables from /usr/lib/python3.5/lib2to3/PatternGrammar.txt
[2018-08-27 13:38:41,964] {base_task_runner.py:98} INFO - Subtask: [2018-08-27 13:38:41,964] {__init__.py:45} INFO - Using executor SequentialExecutor
[2018-08-27 13:38:41,995] {base_task_runner.py:98} INFO - Subtask: [2018-08-27 13:38:41,995] {models.py:189} INFO - Filling up the DagBag from /home/silverlight/Projects/Minikube-deploy/airflow-project/dags/tutorial.py
[2018-08-27 13:38:42,020] {cli.py:374} INFO - Running on host silverlight
[2018-08-27 13:38:42,029] {base_task_runner.py:98} INFO - Subtask: [2018-08-27 13:38:42,029] {bash_operator.py:70} INFO - Tmp dir root location: 
[2018-08-27 13:38:42,029] {base_task_runner.py:98} INFO - Subtask:  /tmp
[2018-08-27 13:38:42,029] {base_task_runner.py:98} INFO - Subtask: [2018-08-27 13:38:42,029] {bash_operator.py:80} INFO - Temporary script location: /tmp/airflowtmppgmh3lp_//tmp/airflowtmppgmh3lp_/print_dateyog5zxei
[2018-08-27 13:38:42,029] {base_task_runner.py:98} INFO - Subtask: [2018-08-27 13:38:42,029] {bash_operator.py:88} INFO - Running command: date
[2018-08-27 13:38:42,032] {base_task_runner.py:98} INFO - Subtask: [2018-08-27 13:38:42,031] {bash_operator.py:97} INFO - Output:
[2018-08-27 13:38:42,033] {base_task_runner.py:98} INFO - Subtask: [2018-08-27 13:38:42,033] {bash_operator.py:101} INFO - Thứ hai, 27 Tháng tám năm 2018 13:38:42 +07
[2018-08-27 13:38:42,033] {base_task_runner.py:98} INFO - Subtask: [2018-08-27 13:38:42,033] {bash_operator.py:105} INFO - Command exited with return code 0
