[2018-08-27 13:33:45,428] {cli.py:374} INFO - Running on host silverlight
[2018-08-27 13:33:45,481] {models.py:1197} INFO - Dependencies all met for <TaskInstance: tutorial.sleep 2015-06-02 00:00:00 [queued]>
[2018-08-27 13:33:45,487] {models.py:1197} INFO - Dependencies all met for <TaskInstance: tutorial.sleep 2015-06-02 00:00:00 [queued]>
[2018-08-27 13:33:45,487] {models.py:1407} INFO - 
--------------------------------------------------------------------------------
Starting attempt 1 of 4
--------------------------------------------------------------------------------

[2018-08-27 13:33:45,521] {models.py:1428} INFO - Executing <Task(BashOperator): sleep> on 2015-06-02 00:00:00
[2018-08-27 13:33:45,521] {base_task_runner.py:115} INFO - Running: ['bash', '-c', 'airflow run tutorial sleep 2015-06-02T00:00:00 --job_id 14 --raw -sd DAGS_FOLDER/tutorial.py']
[2018-08-27 13:33:45,830] {base_task_runner.py:98} INFO - Subtask: [2018-08-27 13:33:45,829] {driver.py:120} INFO - Generating grammar tables from /usr/lib/python3.5/lib2to3/Grammar.txt
[2018-08-27 13:33:45,864] {base_task_runner.py:98} INFO - Subtask: [2018-08-27 13:33:45,864] {driver.py:120} INFO - Generating grammar tables from /usr/lib/python3.5/lib2to3/PatternGrammar.txt
[2018-08-27 13:33:45,981] {base_task_runner.py:98} INFO - Subtask: [2018-08-27 13:33:45,981] {__init__.py:45} INFO - Using executor SequentialExecutor
[2018-08-27 13:33:46,014] {base_task_runner.py:98} INFO - Subtask: [2018-08-27 13:33:46,014] {models.py:189} INFO - Filling up the DagBag from /home/silverlight/Projects/Minikube-deploy/airflow-project/dags/tutorial.py
[2018-08-27 13:33:46,042] {cli.py:374} INFO - Running on host silverlight
[2018-08-27 13:33:46,052] {base_task_runner.py:98} INFO - Subtask: [2018-08-27 13:33:46,052] {bash_operator.py:70} INFO - Tmp dir root location: 
[2018-08-27 13:33:46,052] {base_task_runner.py:98} INFO - Subtask:  /tmp
[2018-08-27 13:33:46,052] {base_task_runner.py:98} INFO - Subtask: [2018-08-27 13:33:46,052] {bash_operator.py:80} INFO - Temporary script location: /tmp/airflowtmpf9143u1z//tmp/airflowtmpf9143u1z/sleep_osphyg0
[2018-08-27 13:33:46,053] {base_task_runner.py:98} INFO - Subtask: [2018-08-27 13:33:46,052] {bash_operator.py:88} INFO - Running command: sleep 5
[2018-08-27 13:33:46,055] {base_task_runner.py:98} INFO - Subtask: [2018-08-27 13:33:46,055] {bash_operator.py:97} INFO - Output:
[2018-08-27 13:33:51,058] {base_task_runner.py:98} INFO - Subtask: [2018-08-27 13:33:51,057] {bash_operator.py:105} INFO - Command exited with return code 0
