[2018-08-27 13:32:40,256] {cli.py:374} INFO - Running on host silverlight
[2018-08-27 13:32:40,289] {models.py:1197} INFO - Dependencies all met for <TaskInstance: tutorial.print_date 2018-08-27 04:47:29.101671 [queued]>
[2018-08-27 13:32:40,291] {models.py:1197} INFO - Dependencies all met for <TaskInstance: tutorial.print_date 2018-08-27 04:47:29.101671 [queued]>
[2018-08-27 13:32:40,291] {models.py:1407} INFO - 
--------------------------------------------------------------------------------
Starting attempt 1 of 2
--------------------------------------------------------------------------------

[2018-08-27 13:32:40,322] {models.py:1428} INFO - Executing <Task(BashOperator): print_date> on 2018-08-27 04:47:29.101671
[2018-08-27 13:32:40,323] {base_task_runner.py:115} INFO - Running: ['bash', '-c', 'airflow run tutorial print_date 2018-08-27T04:47:29.101671 --job_id 5 --raw -sd DAGS_FOLDER/tutorial.py']
[2018-08-27 13:32:40,564] {base_task_runner.py:98} INFO - Subtask: [2018-08-27 13:32:40,564] {driver.py:120} INFO - Generating grammar tables from /usr/lib/python3.5/lib2to3/Grammar.txt
[2018-08-27 13:32:40,606] {base_task_runner.py:98} INFO - Subtask: [2018-08-27 13:32:40,606] {driver.py:120} INFO - Generating grammar tables from /usr/lib/python3.5/lib2to3/PatternGrammar.txt
[2018-08-27 13:32:40,712] {base_task_runner.py:98} INFO - Subtask: [2018-08-27 13:32:40,712] {__init__.py:45} INFO - Using executor SequentialExecutor
[2018-08-27 13:32:40,747] {base_task_runner.py:98} INFO - Subtask: [2018-08-27 13:32:40,746] {models.py:189} INFO - Filling up the DagBag from /home/silverlight/Projects/Minikube-deploy/airflow-project/dags/tutorial.py
[2018-08-27 13:32:40,774] {cli.py:374} INFO - Running on host silverlight
[2018-08-27 13:32:40,781] {base_task_runner.py:98} INFO - Subtask: [2018-08-27 13:32:40,781] {bash_operator.py:70} INFO - Tmp dir root location: 
[2018-08-27 13:32:40,782] {base_task_runner.py:98} INFO - Subtask:  /tmp
[2018-08-27 13:32:40,782] {base_task_runner.py:98} INFO - Subtask: [2018-08-27 13:32:40,782] {bash_operator.py:80} INFO - Temporary script location: /tmp/airflowtmp9gbr1hpo//tmp/airflowtmp9gbr1hpo/print_datezrxo27cg
[2018-08-27 13:32:40,782] {base_task_runner.py:98} INFO - Subtask: [2018-08-27 13:32:40,782] {bash_operator.py:88} INFO - Running command: date
[2018-08-27 13:32:40,784] {base_task_runner.py:98} INFO - Subtask: [2018-08-27 13:32:40,784] {bash_operator.py:97} INFO - Output:
[2018-08-27 13:32:40,785] {base_task_runner.py:98} INFO - Subtask: [2018-08-27 13:32:40,785] {bash_operator.py:101} INFO - Thứ hai, 27 Tháng tám năm 2018 13:32:40 +07
[2018-08-27 13:32:40,786] {base_task_runner.py:98} INFO - Subtask: [2018-08-27 13:32:40,785] {bash_operator.py:105} INFO - Command exited with return code 0
