[2018-08-27 13:57:06,423] {cli.py:374} INFO - Running on host silverlight
[2018-08-27 13:57:06,529] {models.py:1197} INFO - Dependencies all met for <TaskInstance: tutorial.sleep 2015-07-16 00:00:00 [queued]>
[2018-08-27 13:57:06,534] {models.py:1197} INFO - Dependencies all met for <TaskInstance: tutorial.sleep 2015-07-16 00:00:00 [queued]>
[2018-08-27 13:57:06,534] {models.py:1407} INFO - 
--------------------------------------------------------------------------------
Starting attempt 1 of 4
--------------------------------------------------------------------------------

[2018-08-27 13:57:06,590] {models.py:1428} INFO - Executing <Task(BashOperator): sleep> on 2015-07-16 00:00:00
[2018-08-27 13:57:06,590] {base_task_runner.py:115} INFO - Running: ['bash', '-c', 'airflow run tutorial sleep 2015-07-16T00:00:00 --job_id 205 --raw -sd DAGS_FOLDER/tutorial.py']
[2018-08-27 13:57:06,859] {base_task_runner.py:98} INFO - Subtask: [2018-08-27 13:57:06,859] {driver.py:120} INFO - Generating grammar tables from /usr/lib/python3.5/lib2to3/Grammar.txt
[2018-08-27 13:57:06,890] {base_task_runner.py:98} INFO - Subtask: [2018-08-27 13:57:06,890] {driver.py:120} INFO - Generating grammar tables from /usr/lib/python3.5/lib2to3/PatternGrammar.txt
[2018-08-27 13:57:06,994] {base_task_runner.py:98} INFO - Subtask: [2018-08-27 13:57:06,994] {__init__.py:45} INFO - Using executor SequentialExecutor
[2018-08-27 13:57:07,024] {base_task_runner.py:98} INFO - Subtask: [2018-08-27 13:57:07,024] {models.py:189} INFO - Filling up the DagBag from /home/silverlight/Projects/Minikube-deploy/airflow-project/dags/tutorial.py
[2018-08-27 13:57:07,049] {cli.py:374} INFO - Running on host silverlight
[2018-08-27 13:57:07,057] {base_task_runner.py:98} INFO - Subtask: [2018-08-27 13:57:07,057] {bash_operator.py:70} INFO - Tmp dir root location: 
[2018-08-27 13:57:07,057] {base_task_runner.py:98} INFO - Subtask:  /tmp
[2018-08-27 13:57:07,057] {base_task_runner.py:98} INFO - Subtask: [2018-08-27 13:57:07,057] {bash_operator.py:80} INFO - Temporary script location: /tmp/airflowtmplucz52hj//tmp/airflowtmplucz52hj/sleepru_gke4o
[2018-08-27 13:57:07,058] {base_task_runner.py:98} INFO - Subtask: [2018-08-27 13:57:07,057] {bash_operator.py:88} INFO - Running command: sleep 5
[2018-08-27 13:57:07,060] {base_task_runner.py:98} INFO - Subtask: [2018-08-27 13:57:07,060] {bash_operator.py:97} INFO - Output:
[2018-08-27 13:57:12,062] {base_task_runner.py:98} INFO - Subtask: [2018-08-27 13:57:12,061] {bash_operator.py:105} INFO - Command exited with return code 0
