[2018-08-27 13:51:06,228] {cli.py:374} INFO - Running on host silverlight
[2018-08-27 13:51:06,279] {models.py:1197} INFO - Dependencies all met for <TaskInstance: tutorial.print_date 2015-07-05 00:00:00 [queued]>
[2018-08-27 13:51:06,282] {models.py:1197} INFO - Dependencies all met for <TaskInstance: tutorial.print_date 2015-07-05 00:00:00 [queued]>
[2018-08-27 13:51:06,282] {models.py:1407} INFO - 
--------------------------------------------------------------------------------
Starting attempt 1 of 2
--------------------------------------------------------------------------------

[2018-08-27 13:51:06,330] {models.py:1428} INFO - Executing <Task(BashOperator): print_date> on 2015-07-05 00:00:00
[2018-08-27 13:51:06,331] {base_task_runner.py:115} INFO - Running: ['bash', '-c', 'airflow run tutorial print_date 2015-07-05T00:00:00 --job_id 156 --raw -sd DAGS_FOLDER/tutorial.py']
[2018-08-27 13:51:06,629] {base_task_runner.py:98} INFO - Subtask: [2018-08-27 13:51:06,629] {driver.py:120} INFO - Generating grammar tables from /usr/lib/python3.5/lib2to3/Grammar.txt
[2018-08-27 13:51:06,663] {base_task_runner.py:98} INFO - Subtask: [2018-08-27 13:51:06,663] {driver.py:120} INFO - Generating grammar tables from /usr/lib/python3.5/lib2to3/PatternGrammar.txt
[2018-08-27 13:51:06,780] {base_task_runner.py:98} INFO - Subtask: [2018-08-27 13:51:06,780] {__init__.py:45} INFO - Using executor SequentialExecutor
[2018-08-27 13:51:06,811] {base_task_runner.py:98} INFO - Subtask: [2018-08-27 13:51:06,811] {models.py:189} INFO - Filling up the DagBag from /home/silverlight/Projects/Minikube-deploy/airflow-project/dags/tutorial.py
[2018-08-27 13:51:06,837] {cli.py:374} INFO - Running on host silverlight
[2018-08-27 13:51:06,848] {base_task_runner.py:98} INFO - Subtask: [2018-08-27 13:51:06,848] {bash_operator.py:70} INFO - Tmp dir root location: 
[2018-08-27 13:51:06,849] {base_task_runner.py:98} INFO - Subtask:  /tmp
[2018-08-27 13:51:06,849] {base_task_runner.py:98} INFO - Subtask: [2018-08-27 13:51:06,849] {bash_operator.py:80} INFO - Temporary script location: /tmp/airflowtmpsbqzf64n//tmp/airflowtmpsbqzf64n/print_datei5s_z_sy
[2018-08-27 13:51:06,849] {base_task_runner.py:98} INFO - Subtask: [2018-08-27 13:51:06,849] {bash_operator.py:88} INFO - Running command: date
[2018-08-27 13:51:06,854] {base_task_runner.py:98} INFO - Subtask: [2018-08-27 13:51:06,854] {bash_operator.py:97} INFO - Output:
[2018-08-27 13:51:06,870] {base_task_runner.py:98} INFO - Subtask: [2018-08-27 13:51:06,870] {bash_operator.py:101} INFO - Thứ hai, 27 Tháng tám năm 2018 13:51:06 +07
[2018-08-27 13:51:06,870] {base_task_runner.py:98} INFO - Subtask: [2018-08-27 13:51:06,870] {bash_operator.py:105} INFO - Command exited with return code 0
