[2018-08-27 13:53:19,311] {cli.py:374} INFO - Running on host silverlight
[2018-08-27 13:53:19,381] {models.py:1197} INFO - Dependencies all met for <TaskInstance: tutorial.templated 2015-07-08 00:00:00 [queued]>
[2018-08-27 13:53:19,388] {models.py:1197} INFO - Dependencies all met for <TaskInstance: tutorial.templated 2015-07-08 00:00:00 [queued]>
[2018-08-27 13:53:19,388] {models.py:1407} INFO - 
--------------------------------------------------------------------------------
Starting attempt 1 of 2
--------------------------------------------------------------------------------

[2018-08-27 13:53:19,464] {models.py:1428} INFO - Executing <Task(BashOperator): templated> on 2015-07-08 00:00:00
[2018-08-27 13:53:19,464] {base_task_runner.py:115} INFO - Running: ['bash', '-c', 'airflow run tutorial templated 2015-07-08T00:00:00 --job_id 173 --raw -sd DAGS_FOLDER/tutorial.py']
[2018-08-27 13:53:19,708] {base_task_runner.py:98} INFO - Subtask: [2018-08-27 13:53:19,708] {driver.py:120} INFO - Generating grammar tables from /usr/lib/python3.5/lib2to3/Grammar.txt
[2018-08-27 13:53:19,741] {base_task_runner.py:98} INFO - Subtask: [2018-08-27 13:53:19,741] {driver.py:120} INFO - Generating grammar tables from /usr/lib/python3.5/lib2to3/PatternGrammar.txt
[2018-08-27 13:53:19,846] {base_task_runner.py:98} INFO - Subtask: [2018-08-27 13:53:19,846] {__init__.py:45} INFO - Using executor SequentialExecutor
[2018-08-27 13:53:19,877] {base_task_runner.py:98} INFO - Subtask: [2018-08-27 13:53:19,877] {models.py:189} INFO - Filling up the DagBag from /home/silverlight/Projects/Minikube-deploy/airflow-project/dags/tutorial.py
[2018-08-27 13:53:19,903] {cli.py:374} INFO - Running on host silverlight
[2018-08-27 13:53:19,915] {base_task_runner.py:98} INFO - Subtask: [2018-08-27 13:53:19,915] {bash_operator.py:70} INFO - Tmp dir root location: 
[2018-08-27 13:53:19,915] {base_task_runner.py:98} INFO - Subtask:  /tmp
[2018-08-27 13:53:19,915] {base_task_runner.py:98} INFO - Subtask: [2018-08-27 13:53:19,915] {bash_operator.py:80} INFO - Temporary script location: /tmp/airflowtmp68unpydo//tmp/airflowtmp68unpydo/templated9lpo816x
[2018-08-27 13:53:19,915] {base_task_runner.py:98} INFO - Subtask: [2018-08-27 13:53:19,915] {bash_operator.py:88} INFO - Running command: 
[2018-08-27 13:53:19,915] {base_task_runner.py:98} INFO - Subtask:     
[2018-08-27 13:53:19,915] {base_task_runner.py:98} INFO - Subtask:         echo "2015-07-08"
[2018-08-27 13:53:19,915] {base_task_runner.py:98} INFO - Subtask:         echo "2015-07-15"
[2018-08-27 13:53:19,915] {base_task_runner.py:98} INFO - Subtask:         echo "Parameter I passed in"
[2018-08-27 13:53:19,915] {base_task_runner.py:98} INFO - Subtask:     
[2018-08-27 13:53:19,915] {base_task_runner.py:98} INFO - Subtask:         echo "2015-07-08"
[2018-08-27 13:53:19,915] {base_task_runner.py:98} INFO - Subtask:         echo "2015-07-15"
[2018-08-27 13:53:19,915] {base_task_runner.py:98} INFO - Subtask:         echo "Parameter I passed in"
[2018-08-27 13:53:19,915] {base_task_runner.py:98} INFO - Subtask:     
[2018-08-27 13:53:19,916] {base_task_runner.py:98} INFO - Subtask:         echo "2015-07-08"
[2018-08-27 13:53:19,916] {base_task_runner.py:98} INFO - Subtask:         echo "2015-07-15"
[2018-08-27 13:53:19,916] {base_task_runner.py:98} INFO - Subtask:         echo "Parameter I passed in"
[2018-08-27 13:53:19,916] {base_task_runner.py:98} INFO - Subtask:     
[2018-08-27 13:53:19,916] {base_task_runner.py:98} INFO - Subtask:         echo "2015-07-08"
[2018-08-27 13:53:19,916] {base_task_runner.py:98} INFO - Subtask:         echo "2015-07-15"
[2018-08-27 13:53:19,916] {base_task_runner.py:98} INFO - Subtask:         echo "Parameter I passed in"
[2018-08-27 13:53:19,916] {base_task_runner.py:98} INFO - Subtask:     
[2018-08-27 13:53:19,916] {base_task_runner.py:98} INFO - Subtask:         echo "2015-07-08"
[2018-08-27 13:53:19,916] {base_task_runner.py:98} INFO - Subtask:         echo "2015-07-15"
[2018-08-27 13:53:19,916] {base_task_runner.py:98} INFO - Subtask:         echo "Parameter I passed in"
[2018-08-27 13:53:19,916] {base_task_runner.py:98} INFO - Subtask:     
[2018-08-27 13:53:19,917] {base_task_runner.py:98} INFO - Subtask: [2018-08-27 13:53:19,917] {bash_operator.py:97} INFO - Output:
[2018-08-27 13:53:19,918] {base_task_runner.py:98} INFO - Subtask: [2018-08-27 13:53:19,918] {bash_operator.py:101} INFO - 2015-07-08
[2018-08-27 13:53:19,918] {base_task_runner.py:98} INFO - Subtask: [2018-08-27 13:53:19,918] {bash_operator.py:101} INFO - 2015-07-15
[2018-08-27 13:53:19,918] {base_task_runner.py:98} INFO - Subtask: [2018-08-27 13:53:19,918] {bash_operator.py:101} INFO - Parameter I passed in
[2018-08-27 13:53:19,918] {base_task_runner.py:98} INFO - Subtask: [2018-08-27 13:53:19,918] {bash_operator.py:101} INFO - 2015-07-08
[2018-08-27 13:53:19,918] {base_task_runner.py:98} INFO - Subtask: [2018-08-27 13:53:19,918] {bash_operator.py:101} INFO - 2015-07-15
[2018-08-27 13:53:19,918] {base_task_runner.py:98} INFO - Subtask: [2018-08-27 13:53:19,918] {bash_operator.py:101} INFO - Parameter I passed in
[2018-08-27 13:53:19,918] {base_task_runner.py:98} INFO - Subtask: [2018-08-27 13:53:19,918] {bash_operator.py:101} INFO - 2015-07-08
[2018-08-27 13:53:19,919] {base_task_runner.py:98} INFO - Subtask: [2018-08-27 13:53:19,918] {bash_operator.py:101} INFO - 2015-07-15
[2018-08-27 13:53:19,919] {base_task_runner.py:98} INFO - Subtask: [2018-08-27 13:53:19,918] {bash_operator.py:101} INFO - Parameter I passed in
[2018-08-27 13:53:19,919] {base_task_runner.py:98} INFO - Subtask: [2018-08-27 13:53:19,918] {bash_operator.py:101} INFO - 2015-07-08
[2018-08-27 13:53:19,919] {base_task_runner.py:98} INFO - Subtask: [2018-08-27 13:53:19,918] {bash_operator.py:101} INFO - 2015-07-15
[2018-08-27 13:53:19,919] {base_task_runner.py:98} INFO - Subtask: [2018-08-27 13:53:19,918] {bash_operator.py:101} INFO - Parameter I passed in
[2018-08-27 13:53:19,919] {base_task_runner.py:98} INFO - Subtask: [2018-08-27 13:53:19,918] {bash_operator.py:101} INFO - 2015-07-08
[2018-08-27 13:53:19,919] {base_task_runner.py:98} INFO - Subtask: [2018-08-27 13:53:19,918] {bash_operator.py:101} INFO - 2015-07-15
[2018-08-27 13:53:19,919] {base_task_runner.py:98} INFO - Subtask: [2018-08-27 13:53:19,918] {bash_operator.py:101} INFO - Parameter I passed in
[2018-08-27 13:53:19,919] {base_task_runner.py:98} INFO - Subtask: [2018-08-27 13:53:19,919] {bash_operator.py:105} INFO - Command exited with return code 0
