[2018-08-27 13:33:57,814] {cli.py:374} INFO - Running on host silverlight
[2018-08-27 13:33:57,919] {models.py:1197} INFO - Dependencies all met for <TaskInstance: tutorial.print_date 2015-06-05 00:00:00 [queued]>
[2018-08-27 13:33:57,922] {models.py:1197} INFO - Dependencies all met for <TaskInstance: tutorial.print_date 2015-06-05 00:00:00 [queued]>
[2018-08-27 13:33:57,924] {models.py:1407} INFO - 
--------------------------------------------------------------------------------
Starting attempt 1 of 2
--------------------------------------------------------------------------------

[2018-08-27 13:33:57,994] {models.py:1428} INFO - Executing <Task(BashOperator): print_date> on 2015-06-05 00:00:00
[2018-08-27 13:33:57,994] {base_task_runner.py:115} INFO - Running: ['bash', '-c', 'airflow run tutorial print_date 2015-06-05T00:00:00 --job_id 15 --raw -sd DAGS_FOLDER/tutorial.py']
[2018-08-27 13:33:58,281] {base_task_runner.py:98} INFO - Subtask: [2018-08-27 13:33:58,281] {driver.py:120} INFO - Generating grammar tables from /usr/lib/python3.5/lib2to3/Grammar.txt
[2018-08-27 13:33:58,317] {base_task_runner.py:98} INFO - Subtask: [2018-08-27 13:33:58,317] {driver.py:120} INFO - Generating grammar tables from /usr/lib/python3.5/lib2to3/PatternGrammar.txt
[2018-08-27 13:33:58,425] {base_task_runner.py:98} INFO - Subtask: [2018-08-27 13:33:58,424] {__init__.py:45} INFO - Using executor SequentialExecutor
[2018-08-27 13:33:58,456] {base_task_runner.py:98} INFO - Subtask: [2018-08-27 13:33:58,455] {models.py:189} INFO - Filling up the DagBag from /home/silverlight/Projects/Minikube-deploy/airflow-project/dags/tutorial.py
[2018-08-27 13:33:58,482] {cli.py:374} INFO - Running on host silverlight
[2018-08-27 13:33:58,491] {base_task_runner.py:98} INFO - Subtask: [2018-08-27 13:33:58,490] {bash_operator.py:70} INFO - Tmp dir root location: 
[2018-08-27 13:33:58,491] {base_task_runner.py:98} INFO - Subtask:  /tmp
[2018-08-27 13:33:58,491] {base_task_runner.py:98} INFO - Subtask: [2018-08-27 13:33:58,491] {bash_operator.py:80} INFO - Temporary script location: /tmp/airflowtmpmwmuccgh//tmp/airflowtmpmwmuccgh/print_dater4f1ve3a
[2018-08-27 13:33:58,491] {base_task_runner.py:98} INFO - Subtask: [2018-08-27 13:33:58,491] {bash_operator.py:88} INFO - Running command: date
[2018-08-27 13:33:58,494] {base_task_runner.py:98} INFO - Subtask: [2018-08-27 13:33:58,493] {bash_operator.py:97} INFO - Output:
[2018-08-27 13:33:58,495] {base_task_runner.py:98} INFO - Subtask: [2018-08-27 13:33:58,495] {bash_operator.py:101} INFO - Thứ hai, 27 Tháng tám năm 2018 13:33:58 +07
[2018-08-27 13:33:58,496] {base_task_runner.py:98} INFO - Subtask: [2018-08-27 13:33:58,495] {bash_operator.py:105} INFO - Command exited with return code 0
