[2018-08-27 14:01:34,996] {cli.py:374} INFO - Running on host silverlight
[2018-08-27 14:01:35,065] {models.py:1197} INFO - Dependencies all met for <TaskInstance: tutorial.print_date 2015-07-24 00:00:00 [queued]>
[2018-08-27 14:01:35,066] {models.py:1197} INFO - Dependencies all met for <TaskInstance: tutorial.print_date 2015-07-24 00:00:00 [queued]>
[2018-08-27 14:01:35,066] {models.py:1407} INFO - 
--------------------------------------------------------------------------------
Starting attempt 1 of 2
--------------------------------------------------------------------------------

[2018-08-27 14:01:35,113] {models.py:1428} INFO - Executing <Task(BashOperator): print_date> on 2015-07-24 00:00:00
[2018-08-27 14:01:35,113] {base_task_runner.py:115} INFO - Running: ['bash', '-c', 'airflow run tutorial print_date 2015-07-24T00:00:00 --job_id 234 --raw -sd DAGS_FOLDER/tutorial.py']
[2018-08-27 14:01:35,353] {base_task_runner.py:98} INFO - Subtask: [2018-08-27 14:01:35,352] {driver.py:120} INFO - Generating grammar tables from /usr/lib/python3.5/lib2to3/Grammar.txt
[2018-08-27 14:01:35,385] {base_task_runner.py:98} INFO - Subtask: [2018-08-27 14:01:35,384] {driver.py:120} INFO - Generating grammar tables from /usr/lib/python3.5/lib2to3/PatternGrammar.txt
[2018-08-27 14:01:35,494] {base_task_runner.py:98} INFO - Subtask: [2018-08-27 14:01:35,493] {__init__.py:45} INFO - Using executor SequentialExecutor
[2018-08-27 14:01:35,526] {base_task_runner.py:98} INFO - Subtask: [2018-08-27 14:01:35,526] {models.py:189} INFO - Filling up the DagBag from /home/silverlight/Projects/Minikube-deploy/airflow-project/dags/tutorial.py
[2018-08-27 14:01:35,553] {cli.py:374} INFO - Running on host silverlight
[2018-08-27 14:01:35,562] {base_task_runner.py:98} INFO - Subtask: [2018-08-27 14:01:35,562] {bash_operator.py:70} INFO - Tmp dir root location: 
[2018-08-27 14:01:35,562] {base_task_runner.py:98} INFO - Subtask:  /tmp
[2018-08-27 14:01:35,562] {base_task_runner.py:98} INFO - Subtask: [2018-08-27 14:01:35,562] {bash_operator.py:80} INFO - Temporary script location: /tmp/airflowtmpoer5gow1//tmp/airflowtmpoer5gow1/print_datehtcht0m7
[2018-08-27 14:01:35,562] {base_task_runner.py:98} INFO - Subtask: [2018-08-27 14:01:35,562] {bash_operator.py:88} INFO - Running command: date
[2018-08-27 14:01:35,565] {base_task_runner.py:98} INFO - Subtask: [2018-08-27 14:01:35,565] {bash_operator.py:97} INFO - Output:
[2018-08-27 14:01:35,566] {base_task_runner.py:98} INFO - Subtask: [2018-08-27 14:01:35,566] {bash_operator.py:101} INFO - Thứ hai, 27 Tháng tám năm 2018 14:01:35 +07
[2018-08-27 14:01:35,567] {base_task_runner.py:98} INFO - Subtask: [2018-08-27 14:01:35,566] {bash_operator.py:105} INFO - Command exited with return code 0
