[2018-08-27 13:32:47,016] {cli.py:374} INFO - Running on host silverlight
[2018-08-27 13:32:47,056] {models.py:1197} INFO - Dependencies all met for <TaskInstance: tutorial.print_date 2015-06-02 00:00:00 [queued]>
[2018-08-27 13:32:47,058] {models.py:1197} INFO - Dependencies all met for <TaskInstance: tutorial.print_date 2015-06-02 00:00:00 [queued]>
[2018-08-27 13:32:47,058] {models.py:1407} INFO - 
--------------------------------------------------------------------------------
Starting attempt 1 of 2
--------------------------------------------------------------------------------

[2018-08-27 13:32:47,088] {models.py:1428} INFO - Executing <Task(BashOperator): print_date> on 2015-06-02 00:00:00
[2018-08-27 13:32:47,088] {base_task_runner.py:115} INFO - Running: ['bash', '-c', 'airflow run tutorial print_date 2015-06-02T00:00:00 --job_id 6 --raw -sd DAGS_FOLDER/tutorial.py']
[2018-08-27 13:32:47,328] {base_task_runner.py:98} INFO - Subtask: [2018-08-27 13:32:47,328] {driver.py:120} INFO - Generating grammar tables from /usr/lib/python3.5/lib2to3/Grammar.txt
[2018-08-27 13:32:47,362] {base_task_runner.py:98} INFO - Subtask: [2018-08-27 13:32:47,362] {driver.py:120} INFO - Generating grammar tables from /usr/lib/python3.5/lib2to3/PatternGrammar.txt
[2018-08-27 13:32:47,473] {base_task_runner.py:98} INFO - Subtask: [2018-08-27 13:32:47,473] {__init__.py:45} INFO - Using executor SequentialExecutor
[2018-08-27 13:32:47,505] {base_task_runner.py:98} INFO - Subtask: [2018-08-27 13:32:47,505] {models.py:189} INFO - Filling up the DagBag from /home/silverlight/Projects/Minikube-deploy/airflow-project/dags/tutorial.py
[2018-08-27 13:32:47,538] {cli.py:374} INFO - Running on host silverlight
[2018-08-27 13:32:47,554] {base_task_runner.py:98} INFO - Subtask: [2018-08-27 13:32:47,554] {bash_operator.py:70} INFO - Tmp dir root location: 
[2018-08-27 13:32:47,554] {base_task_runner.py:98} INFO - Subtask:  /tmp
[2018-08-27 13:32:47,554] {base_task_runner.py:98} INFO - Subtask: [2018-08-27 13:32:47,554] {bash_operator.py:80} INFO - Temporary script location: /tmp/airflowtmpy7ti6y6p//tmp/airflowtmpy7ti6y6p/print_datecym1omhv
[2018-08-27 13:32:47,554] {base_task_runner.py:98} INFO - Subtask: [2018-08-27 13:32:47,554] {bash_operator.py:88} INFO - Running command: date
[2018-08-27 13:32:47,557] {base_task_runner.py:98} INFO - Subtask: [2018-08-27 13:32:47,557] {bash_operator.py:97} INFO - Output:
[2018-08-27 13:32:47,558] {base_task_runner.py:98} INFO - Subtask: [2018-08-27 13:32:47,558] {bash_operator.py:101} INFO - Thứ hai, 27 Tháng tám năm 2018 13:32:47 +07
[2018-08-27 13:32:47,559] {base_task_runner.py:98} INFO - Subtask: [2018-08-27 13:32:47,558] {bash_operator.py:105} INFO - Command exited with return code 0
