[2018-08-27 13:39:50,944] {cli.py:374} INFO - Running on host silverlight
[2018-08-27 13:39:50,980] {models.py:1197} INFO - Dependencies all met for <TaskInstance: tutorial.print_date 2015-06-15 00:00:00 [queued]>
[2018-08-27 13:39:50,984] {models.py:1197} INFO - Dependencies all met for <TaskInstance: tutorial.print_date 2015-06-15 00:00:00 [queued]>
[2018-08-27 13:39:50,984] {models.py:1407} INFO - 
--------------------------------------------------------------------------------
Starting attempt 1 of 2
--------------------------------------------------------------------------------

[2018-08-27 13:39:51,051] {models.py:1428} INFO - Executing <Task(BashOperator): print_date> on 2015-06-15 00:00:00
[2018-08-27 13:39:51,051] {base_task_runner.py:115} INFO - Running: ['bash', '-c', 'airflow run tutorial print_date 2015-06-15T00:00:00 --job_id 60 --raw -sd DAGS_FOLDER/tutorial.py']
[2018-08-27 13:39:51,290] {base_task_runner.py:98} INFO - Subtask: [2018-08-27 13:39:51,290] {driver.py:120} INFO - Generating grammar tables from /usr/lib/python3.5/lib2to3/Grammar.txt
[2018-08-27 13:39:51,323] {base_task_runner.py:98} INFO - Subtask: [2018-08-27 13:39:51,322] {driver.py:120} INFO - Generating grammar tables from /usr/lib/python3.5/lib2to3/PatternGrammar.txt
[2018-08-27 13:39:51,428] {base_task_runner.py:98} INFO - Subtask: [2018-08-27 13:39:51,428] {__init__.py:45} INFO - Using executor SequentialExecutor
[2018-08-27 13:39:51,461] {base_task_runner.py:98} INFO - Subtask: [2018-08-27 13:39:51,461] {models.py:189} INFO - Filling up the DagBag from /home/silverlight/Projects/Minikube-deploy/airflow-project/dags/tutorial.py
[2018-08-27 13:39:51,487] {cli.py:374} INFO - Running on host silverlight
[2018-08-27 13:39:51,497] {base_task_runner.py:98} INFO - Subtask: [2018-08-27 13:39:51,497] {bash_operator.py:70} INFO - Tmp dir root location: 
[2018-08-27 13:39:51,497] {base_task_runner.py:98} INFO - Subtask:  /tmp
[2018-08-27 13:39:51,497] {base_task_runner.py:98} INFO - Subtask: [2018-08-27 13:39:51,497] {bash_operator.py:80} INFO - Temporary script location: /tmp/airflowtmpa88zshri//tmp/airflowtmpa88zshri/print_dateaiv3ujeh
[2018-08-27 13:39:51,497] {base_task_runner.py:98} INFO - Subtask: [2018-08-27 13:39:51,497] {bash_operator.py:88} INFO - Running command: date
[2018-08-27 13:39:51,500] {base_task_runner.py:98} INFO - Subtask: [2018-08-27 13:39:51,500] {bash_operator.py:97} INFO - Output:
[2018-08-27 13:39:51,501] {base_task_runner.py:98} INFO - Subtask: [2018-08-27 13:39:51,501] {bash_operator.py:101} INFO - Thứ hai, 27 Tháng tám năm 2018 13:39:51 +07
[2018-08-27 13:39:51,502] {base_task_runner.py:98} INFO - Subtask: [2018-08-27 13:39:51,501] {bash_operator.py:105} INFO - Command exited with return code 0
