[2018-08-27 14:02:04,333] {cli.py:374} INFO - Running on host silverlight
[2018-08-27 14:02:04,373] {models.py:1197} INFO - Dependencies all met for <TaskInstance: tutorial.templated 2015-07-23 00:00:00 [queued]>
[2018-08-27 14:02:04,379] {models.py:1197} INFO - Dependencies all met for <TaskInstance: tutorial.templated 2015-07-23 00:00:00 [queued]>
[2018-08-27 14:02:04,379] {models.py:1407} INFO - 
--------------------------------------------------------------------------------
Starting attempt 1 of 2
--------------------------------------------------------------------------------

[2018-08-27 14:02:04,457] {models.py:1428} INFO - Executing <Task(BashOperator): templated> on 2015-07-23 00:00:00
[2018-08-27 14:02:04,457] {base_task_runner.py:115} INFO - Running: ['bash', '-c', 'airflow run tutorial templated 2015-07-23T00:00:00 --job_id 238 --raw -sd DAGS_FOLDER/tutorial.py']
[2018-08-27 14:02:04,719] {base_task_runner.py:98} INFO - Subtask: [2018-08-27 14:02:04,719] {driver.py:120} INFO - Generating grammar tables from /usr/lib/python3.5/lib2to3/Grammar.txt
[2018-08-27 14:02:04,756] {base_task_runner.py:98} INFO - Subtask: [2018-08-27 14:02:04,756] {driver.py:120} INFO - Generating grammar tables from /usr/lib/python3.5/lib2to3/PatternGrammar.txt
[2018-08-27 14:02:04,871] {base_task_runner.py:98} INFO - Subtask: [2018-08-27 14:02:04,871] {__init__.py:45} INFO - Using executor SequentialExecutor
[2018-08-27 14:02:04,905] {base_task_runner.py:98} INFO - Subtask: [2018-08-27 14:02:04,905] {models.py:189} INFO - Filling up the DagBag from /home/silverlight/Projects/Minikube-deploy/airflow-project/dags/tutorial.py
[2018-08-27 14:02:04,936] {cli.py:374} INFO - Running on host silverlight
[2018-08-27 14:02:04,948] {base_task_runner.py:98} INFO - Subtask: [2018-08-27 14:02:04,948] {bash_operator.py:70} INFO - Tmp dir root location: 
[2018-08-27 14:02:04,948] {base_task_runner.py:98} INFO - Subtask:  /tmp
[2018-08-27 14:02:04,949] {base_task_runner.py:98} INFO - Subtask: [2018-08-27 14:02:04,949] {bash_operator.py:80} INFO - Temporary script location: /tmp/airflowtmpq5ktqnuj//tmp/airflowtmpq5ktqnuj/templateduinnzsz6
[2018-08-27 14:02:04,949] {base_task_runner.py:98} INFO - Subtask: [2018-08-27 14:02:04,949] {bash_operator.py:88} INFO - Running command: 
[2018-08-27 14:02:04,949] {base_task_runner.py:98} INFO - Subtask:     
[2018-08-27 14:02:04,949] {base_task_runner.py:98} INFO - Subtask:         echo "2015-07-23"
[2018-08-27 14:02:04,949] {base_task_runner.py:98} INFO - Subtask:         echo "2015-07-30"
[2018-08-27 14:02:04,949] {base_task_runner.py:98} INFO - Subtask:         echo "Parameter I passed in"
[2018-08-27 14:02:04,949] {base_task_runner.py:98} INFO - Subtask:     
[2018-08-27 14:02:04,950] {base_task_runner.py:98} INFO - Subtask:         echo "2015-07-23"
[2018-08-27 14:02:04,950] {base_task_runner.py:98} INFO - Subtask:         echo "2015-07-30"
[2018-08-27 14:02:04,950] {base_task_runner.py:98} INFO - Subtask:         echo "Parameter I passed in"
[2018-08-27 14:02:04,950] {base_task_runner.py:98} INFO - Subtask:     
[2018-08-27 14:02:04,950] {base_task_runner.py:98} INFO - Subtask:         echo "2015-07-23"
[2018-08-27 14:02:04,950] {base_task_runner.py:98} INFO - Subtask:         echo "2015-07-30"
[2018-08-27 14:02:04,950] {base_task_runner.py:98} INFO - Subtask:         echo "Parameter I passed in"
[2018-08-27 14:02:04,950] {base_task_runner.py:98} INFO - Subtask:     
[2018-08-27 14:02:04,950] {base_task_runner.py:98} INFO - Subtask:         echo "2015-07-23"
[2018-08-27 14:02:04,950] {base_task_runner.py:98} INFO - Subtask:         echo "2015-07-30"
[2018-08-27 14:02:04,950] {base_task_runner.py:98} INFO - Subtask:         echo "Parameter I passed in"
[2018-08-27 14:02:04,950] {base_task_runner.py:98} INFO - Subtask:     
[2018-08-27 14:02:04,950] {base_task_runner.py:98} INFO - Subtask:         echo "2015-07-23"
[2018-08-27 14:02:04,950] {base_task_runner.py:98} INFO - Subtask:         echo "2015-07-30"
[2018-08-27 14:02:04,950] {base_task_runner.py:98} INFO - Subtask:         echo "Parameter I passed in"
[2018-08-27 14:02:04,950] {base_task_runner.py:98} INFO - Subtask:     
[2018-08-27 14:02:04,953] {base_task_runner.py:98} INFO - Subtask: [2018-08-27 14:02:04,952] {bash_operator.py:97} INFO - Output:
[2018-08-27 14:02:04,953] {base_task_runner.py:98} INFO - Subtask: [2018-08-27 14:02:04,953] {bash_operator.py:101} INFO - 2015-07-23
[2018-08-27 14:02:04,953] {base_task_runner.py:98} INFO - Subtask: [2018-08-27 14:02:04,953] {bash_operator.py:101} INFO - 2015-07-30
[2018-08-27 14:02:04,953] {base_task_runner.py:98} INFO - Subtask: [2018-08-27 14:02:04,953] {bash_operator.py:101} INFO - Parameter I passed in
[2018-08-27 14:02:04,953] {base_task_runner.py:98} INFO - Subtask: [2018-08-27 14:02:04,953] {bash_operator.py:101} INFO - 2015-07-23
[2018-08-27 14:02:04,953] {base_task_runner.py:98} INFO - Subtask: [2018-08-27 14:02:04,953] {bash_operator.py:101} INFO - 2015-07-30
[2018-08-27 14:02:04,954] {base_task_runner.py:98} INFO - Subtask: [2018-08-27 14:02:04,953] {bash_operator.py:101} INFO - Parameter I passed in
[2018-08-27 14:02:04,954] {base_task_runner.py:98} INFO - Subtask: [2018-08-27 14:02:04,953] {bash_operator.py:101} INFO - 2015-07-23
[2018-08-27 14:02:04,954] {base_task_runner.py:98} INFO - Subtask: [2018-08-27 14:02:04,953] {bash_operator.py:101} INFO - 2015-07-30
[2018-08-27 14:02:04,954] {base_task_runner.py:98} INFO - Subtask: [2018-08-27 14:02:04,953] {bash_operator.py:101} INFO - Parameter I passed in
[2018-08-27 14:02:04,954] {base_task_runner.py:98} INFO - Subtask: [2018-08-27 14:02:04,953] {bash_operator.py:101} INFO - 2015-07-23
[2018-08-27 14:02:04,954] {base_task_runner.py:98} INFO - Subtask: [2018-08-27 14:02:04,953] {bash_operator.py:101} INFO - 2015-07-30
[2018-08-27 14:02:04,954] {base_task_runner.py:98} INFO - Subtask: [2018-08-27 14:02:04,954] {bash_operator.py:101} INFO - Parameter I passed in
[2018-08-27 14:02:04,954] {base_task_runner.py:98} INFO - Subtask: [2018-08-27 14:02:04,954] {bash_operator.py:101} INFO - 2015-07-23
[2018-08-27 14:02:04,954] {base_task_runner.py:98} INFO - Subtask: [2018-08-27 14:02:04,954] {bash_operator.py:101} INFO - 2015-07-30
[2018-08-27 14:02:04,954] {base_task_runner.py:98} INFO - Subtask: [2018-08-27 14:02:04,954] {bash_operator.py:101} INFO - Parameter I passed in
[2018-08-27 14:02:04,954] {base_task_runner.py:98} INFO - Subtask: [2018-08-27 14:02:04,954] {bash_operator.py:105} INFO - Command exited with return code 0
