[2018-08-27 13:48:45,399] {cli.py:374} INFO - Running on host silverlight
[2018-08-27 13:48:45,481] {models.py:1197} INFO - Dependencies all met for <TaskInstance: tutorial.templated 2015-06-28 00:00:00 [queued]>
[2018-08-27 13:48:45,490] {models.py:1197} INFO - Dependencies all met for <TaskInstance: tutorial.templated 2015-06-28 00:00:00 [queued]>
[2018-08-27 13:48:45,490] {models.py:1407} INFO - 
--------------------------------------------------------------------------------
Starting attempt 1 of 2
--------------------------------------------------------------------------------

[2018-08-27 13:48:45,544] {models.py:1428} INFO - Executing <Task(BashOperator): templated> on 2015-06-28 00:00:00
[2018-08-27 13:48:45,544] {base_task_runner.py:115} INFO - Running: ['bash', '-c', 'airflow run tutorial templated 2015-06-28T00:00:00 --job_id 137 --raw -sd DAGS_FOLDER/tutorial.py']
[2018-08-27 13:48:45,844] {base_task_runner.py:98} INFO - Subtask: [2018-08-27 13:48:45,844] {driver.py:120} INFO - Generating grammar tables from /usr/lib/python3.5/lib2to3/Grammar.txt
[2018-08-27 13:48:45,890] {base_task_runner.py:98} INFO - Subtask: [2018-08-27 13:48:45,890] {driver.py:120} INFO - Generating grammar tables from /usr/lib/python3.5/lib2to3/PatternGrammar.txt
[2018-08-27 13:48:46,013] {base_task_runner.py:98} INFO - Subtask: [2018-08-27 13:48:46,013] {__init__.py:45} INFO - Using executor SequentialExecutor
[2018-08-27 13:48:46,054] {base_task_runner.py:98} INFO - Subtask: [2018-08-27 13:48:46,053] {models.py:189} INFO - Filling up the DagBag from /home/silverlight/Projects/Minikube-deploy/airflow-project/dags/tutorial.py
[2018-08-27 13:48:46,090] {cli.py:374} INFO - Running on host silverlight
[2018-08-27 13:48:46,130] {base_task_runner.py:98} INFO - Subtask: [2018-08-27 13:48:46,130] {bash_operator.py:70} INFO - Tmp dir root location: 
[2018-08-27 13:48:46,130] {base_task_runner.py:98} INFO - Subtask:  /tmp
[2018-08-27 13:48:46,130] {base_task_runner.py:98} INFO - Subtask: [2018-08-27 13:48:46,130] {bash_operator.py:80} INFO - Temporary script location: /tmp/airflowtmpbsclp6ge//tmp/airflowtmpbsclp6ge/templatedhb_csuoi
[2018-08-27 13:48:46,130] {base_task_runner.py:98} INFO - Subtask: [2018-08-27 13:48:46,130] {bash_operator.py:88} INFO - Running command: 
[2018-08-27 13:48:46,131] {base_task_runner.py:98} INFO - Subtask:     
[2018-08-27 13:48:46,131] {base_task_runner.py:98} INFO - Subtask:         echo "2015-06-28"
[2018-08-27 13:48:46,131] {base_task_runner.py:98} INFO - Subtask:         echo "2015-07-05"
[2018-08-27 13:48:46,131] {base_task_runner.py:98} INFO - Subtask:         echo "Parameter I passed in"
[2018-08-27 13:48:46,131] {base_task_runner.py:98} INFO - Subtask:     
[2018-08-27 13:48:46,131] {base_task_runner.py:98} INFO - Subtask:         echo "2015-06-28"
[2018-08-27 13:48:46,131] {base_task_runner.py:98} INFO - Subtask:         echo "2015-07-05"
[2018-08-27 13:48:46,131] {base_task_runner.py:98} INFO - Subtask:         echo "Parameter I passed in"
[2018-08-27 13:48:46,131] {base_task_runner.py:98} INFO - Subtask:     
[2018-08-27 13:48:46,131] {base_task_runner.py:98} INFO - Subtask:         echo "2015-06-28"
[2018-08-27 13:48:46,131] {base_task_runner.py:98} INFO - Subtask:         echo "2015-07-05"
[2018-08-27 13:48:46,131] {base_task_runner.py:98} INFO - Subtask:         echo "Parameter I passed in"
[2018-08-27 13:48:46,131] {base_task_runner.py:98} INFO - Subtask:     
[2018-08-27 13:48:46,131] {base_task_runner.py:98} INFO - Subtask:         echo "2015-06-28"
[2018-08-27 13:48:46,131] {base_task_runner.py:98} INFO - Subtask:         echo "2015-07-05"
[2018-08-27 13:48:46,131] {base_task_runner.py:98} INFO - Subtask:         echo "Parameter I passed in"
[2018-08-27 13:48:46,132] {base_task_runner.py:98} INFO - Subtask:     
[2018-08-27 13:48:46,132] {base_task_runner.py:98} INFO - Subtask:         echo "2015-06-28"
[2018-08-27 13:48:46,132] {base_task_runner.py:98} INFO - Subtask:         echo "2015-07-05"
[2018-08-27 13:48:46,132] {base_task_runner.py:98} INFO - Subtask:         echo "Parameter I passed in"
[2018-08-27 13:48:46,132] {base_task_runner.py:98} INFO - Subtask:     
[2018-08-27 13:48:46,134] {base_task_runner.py:98} INFO - Subtask: [2018-08-27 13:48:46,134] {bash_operator.py:97} INFO - Output:
[2018-08-27 13:48:46,134] {base_task_runner.py:98} INFO - Subtask: [2018-08-27 13:48:46,134] {bash_operator.py:101} INFO - 2015-06-28
[2018-08-27 13:48:46,135] {base_task_runner.py:98} INFO - Subtask: [2018-08-27 13:48:46,134] {bash_operator.py:101} INFO - 2015-07-05
[2018-08-27 13:48:46,135] {base_task_runner.py:98} INFO - Subtask: [2018-08-27 13:48:46,135] {bash_operator.py:101} INFO - Parameter I passed in
[2018-08-27 13:48:46,135] {base_task_runner.py:98} INFO - Subtask: [2018-08-27 13:48:46,135] {bash_operator.py:101} INFO - 2015-06-28
[2018-08-27 13:48:46,135] {base_task_runner.py:98} INFO - Subtask: [2018-08-27 13:48:46,135] {bash_operator.py:101} INFO - 2015-07-05
[2018-08-27 13:48:46,135] {base_task_runner.py:98} INFO - Subtask: [2018-08-27 13:48:46,135] {bash_operator.py:101} INFO - Parameter I passed in
[2018-08-27 13:48:46,135] {base_task_runner.py:98} INFO - Subtask: [2018-08-27 13:48:46,135] {bash_operator.py:101} INFO - 2015-06-28
[2018-08-27 13:48:46,135] {base_task_runner.py:98} INFO - Subtask: [2018-08-27 13:48:46,135] {bash_operator.py:101} INFO - 2015-07-05
[2018-08-27 13:48:46,135] {base_task_runner.py:98} INFO - Subtask: [2018-08-27 13:48:46,135] {bash_operator.py:101} INFO - Parameter I passed in
[2018-08-27 13:48:46,135] {base_task_runner.py:98} INFO - Subtask: [2018-08-27 13:48:46,135] {bash_operator.py:101} INFO - 2015-06-28
[2018-08-27 13:48:46,135] {base_task_runner.py:98} INFO - Subtask: [2018-08-27 13:48:46,135] {bash_operator.py:101} INFO - 2015-07-05
[2018-08-27 13:48:46,135] {base_task_runner.py:98} INFO - Subtask: [2018-08-27 13:48:46,135] {bash_operator.py:101} INFO - Parameter I passed in
[2018-08-27 13:48:46,135] {base_task_runner.py:98} INFO - Subtask: [2018-08-27 13:48:46,135] {bash_operator.py:101} INFO - 2015-06-28
[2018-08-27 13:48:46,135] {base_task_runner.py:98} INFO - Subtask: [2018-08-27 13:48:46,135] {bash_operator.py:101} INFO - 2015-07-05
[2018-08-27 13:48:46,136] {base_task_runner.py:98} INFO - Subtask: [2018-08-27 13:48:46,135] {bash_operator.py:101} INFO - Parameter I passed in
[2018-08-27 13:48:46,136] {base_task_runner.py:98} INFO - Subtask: [2018-08-27 13:48:46,135] {bash_operator.py:105} INFO - Command exited with return code 0
