[2018-08-27 13:52:27,468] {cli.py:374} INFO - Running on host silverlight
[2018-08-27 13:52:27,531] {models.py:1197} INFO - Dependencies all met for <TaskInstance: tutorial.sleep 2015-07-06 00:00:00 [queued]>
[2018-08-27 13:52:27,536] {models.py:1197} INFO - Dependencies all met for <TaskInstance: tutorial.sleep 2015-07-06 00:00:00 [queued]>
[2018-08-27 13:52:27,536] {models.py:1407} INFO - 
--------------------------------------------------------------------------------
Starting attempt 1 of 4
--------------------------------------------------------------------------------

[2018-08-27 13:52:27,568] {models.py:1428} INFO - Executing <Task(BashOperator): sleep> on 2015-07-06 00:00:00
[2018-08-27 13:52:27,569] {base_task_runner.py:115} INFO - Running: ['bash', '-c', 'airflow run tutorial sleep 2015-07-06T00:00:00 --job_id 167 --raw -sd DAGS_FOLDER/tutorial.py']
[2018-08-27 13:52:27,817] {base_task_runner.py:98} INFO - Subtask: [2018-08-27 13:52:27,816] {driver.py:120} INFO - Generating grammar tables from /usr/lib/python3.5/lib2to3/Grammar.txt
[2018-08-27 13:52:27,857] {base_task_runner.py:98} INFO - Subtask: [2018-08-27 13:52:27,857] {driver.py:120} INFO - Generating grammar tables from /usr/lib/python3.5/lib2to3/PatternGrammar.txt
[2018-08-27 13:52:27,965] {base_task_runner.py:98} INFO - Subtask: [2018-08-27 13:52:27,965] {__init__.py:45} INFO - Using executor SequentialExecutor
[2018-08-27 13:52:27,996] {base_task_runner.py:98} INFO - Subtask: [2018-08-27 13:52:27,996] {models.py:189} INFO - Filling up the DagBag from /home/silverlight/Projects/Minikube-deploy/airflow-project/dags/tutorial.py
[2018-08-27 13:52:28,023] {cli.py:374} INFO - Running on host silverlight
[2018-08-27 13:52:28,031] {base_task_runner.py:98} INFO - Subtask: [2018-08-27 13:52:28,031] {bash_operator.py:70} INFO - Tmp dir root location: 
[2018-08-27 13:52:28,031] {base_task_runner.py:98} INFO - Subtask:  /tmp
[2018-08-27 13:52:28,031] {base_task_runner.py:98} INFO - Subtask: [2018-08-27 13:52:28,031] {bash_operator.py:80} INFO - Temporary script location: /tmp/airflowtmp6i2mn8aq//tmp/airflowtmp6i2mn8aq/sleep05mwpbo0
[2018-08-27 13:52:28,031] {base_task_runner.py:98} INFO - Subtask: [2018-08-27 13:52:28,031] {bash_operator.py:88} INFO - Running command: sleep 5
[2018-08-27 13:52:28,034] {base_task_runner.py:98} INFO - Subtask: [2018-08-27 13:52:28,034] {bash_operator.py:97} INFO - Output:
[2018-08-27 13:52:33,036] {base_task_runner.py:98} INFO - Subtask: [2018-08-27 13:52:33,035] {bash_operator.py:105} INFO - Command exited with return code 0
