[2018-08-27 13:35:39,637] {cli.py:374} INFO - Running on host silverlight
[2018-08-27 13:35:39,683] {models.py:1197} INFO - Dependencies all met for <TaskInstance: tutorial.templated 2015-06-04 00:00:00 [queued]>
[2018-08-27 13:35:39,689] {models.py:1197} INFO - Dependencies all met for <TaskInstance: tutorial.templated 2015-06-04 00:00:00 [queued]>
[2018-08-27 13:35:39,690] {models.py:1407} INFO - 
--------------------------------------------------------------------------------
Starting attempt 1 of 2
--------------------------------------------------------------------------------

[2018-08-27 13:35:39,747] {models.py:1428} INFO - Executing <Task(BashOperator): templated> on 2015-06-04 00:00:00
[2018-08-27 13:35:39,747] {base_task_runner.py:115} INFO - Running: ['bash', '-c', 'airflow run tutorial templated 2015-06-04T00:00:00 --job_id 24 --raw -sd DAGS_FOLDER/tutorial.py']
[2018-08-27 13:35:40,006] {base_task_runner.py:98} INFO - Subtask: [2018-08-27 13:35:40,006] {driver.py:120} INFO - Generating grammar tables from /usr/lib/python3.5/lib2to3/Grammar.txt
[2018-08-27 13:35:40,040] {base_task_runner.py:98} INFO - Subtask: [2018-08-27 13:35:40,040] {driver.py:120} INFO - Generating grammar tables from /usr/lib/python3.5/lib2to3/PatternGrammar.txt
[2018-08-27 13:35:40,153] {base_task_runner.py:98} INFO - Subtask: [2018-08-27 13:35:40,153] {__init__.py:45} INFO - Using executor SequentialExecutor
[2018-08-27 13:35:40,184] {base_task_runner.py:98} INFO - Subtask: [2018-08-27 13:35:40,183] {models.py:189} INFO - Filling up the DagBag from /home/silverlight/Projects/Minikube-deploy/airflow-project/dags/tutorial.py
[2018-08-27 13:35:40,213] {cli.py:374} INFO - Running on host silverlight
[2018-08-27 13:35:40,225] {base_task_runner.py:98} INFO - Subtask: [2018-08-27 13:35:40,224] {bash_operator.py:70} INFO - Tmp dir root location: 
[2018-08-27 13:35:40,225] {base_task_runner.py:98} INFO - Subtask:  /tmp
[2018-08-27 13:35:40,225] {base_task_runner.py:98} INFO - Subtask: [2018-08-27 13:35:40,225] {bash_operator.py:80} INFO - Temporary script location: /tmp/airflowtmpk7dv8d8a//tmp/airflowtmpk7dv8d8a/templated915uya_f
[2018-08-27 13:35:40,225] {base_task_runner.py:98} INFO - Subtask: [2018-08-27 13:35:40,225] {bash_operator.py:88} INFO - Running command: 
[2018-08-27 13:35:40,225] {base_task_runner.py:98} INFO - Subtask:     
[2018-08-27 13:35:40,225] {base_task_runner.py:98} INFO - Subtask:         echo "2015-06-04"
[2018-08-27 13:35:40,225] {base_task_runner.py:98} INFO - Subtask:         echo "2015-06-11"
[2018-08-27 13:35:40,225] {base_task_runner.py:98} INFO - Subtask:         echo "Parameter I passed in"
[2018-08-27 13:35:40,225] {base_task_runner.py:98} INFO - Subtask:     
[2018-08-27 13:35:40,226] {base_task_runner.py:98} INFO - Subtask:         echo "2015-06-04"
[2018-08-27 13:35:40,226] {base_task_runner.py:98} INFO - Subtask:         echo "2015-06-11"
[2018-08-27 13:35:40,226] {base_task_runner.py:98} INFO - Subtask:         echo "Parameter I passed in"
[2018-08-27 13:35:40,226] {base_task_runner.py:98} INFO - Subtask:     
[2018-08-27 13:35:40,226] {base_task_runner.py:98} INFO - Subtask:         echo "2015-06-04"
[2018-08-27 13:35:40,226] {base_task_runner.py:98} INFO - Subtask:         echo "2015-06-11"
[2018-08-27 13:35:40,226] {base_task_runner.py:98} INFO - Subtask:         echo "Parameter I passed in"
[2018-08-27 13:35:40,226] {base_task_runner.py:98} INFO - Subtask:     
[2018-08-27 13:35:40,226] {base_task_runner.py:98} INFO - Subtask:         echo "2015-06-04"
[2018-08-27 13:35:40,226] {base_task_runner.py:98} INFO - Subtask:         echo "2015-06-11"
[2018-08-27 13:35:40,226] {base_task_runner.py:98} INFO - Subtask:         echo "Parameter I passed in"
[2018-08-27 13:35:40,226] {base_task_runner.py:98} INFO - Subtask:     
[2018-08-27 13:35:40,226] {base_task_runner.py:98} INFO - Subtask:         echo "2015-06-04"
[2018-08-27 13:35:40,226] {base_task_runner.py:98} INFO - Subtask:         echo "2015-06-11"
[2018-08-27 13:35:40,226] {base_task_runner.py:98} INFO - Subtask:         echo "Parameter I passed in"
[2018-08-27 13:35:40,226] {base_task_runner.py:98} INFO - Subtask:     
[2018-08-27 13:35:40,228] {base_task_runner.py:98} INFO - Subtask: [2018-08-27 13:35:40,227] {bash_operator.py:97} INFO - Output:
[2018-08-27 13:35:40,228] {base_task_runner.py:98} INFO - Subtask: [2018-08-27 13:35:40,228] {bash_operator.py:101} INFO - 2015-06-04
[2018-08-27 13:35:40,228] {base_task_runner.py:98} INFO - Subtask: [2018-08-27 13:35:40,228] {bash_operator.py:101} INFO - 2015-06-11
[2018-08-27 13:35:40,228] {base_task_runner.py:98} INFO - Subtask: [2018-08-27 13:35:40,228] {bash_operator.py:101} INFO - Parameter I passed in
[2018-08-27 13:35:40,228] {base_task_runner.py:98} INFO - Subtask: [2018-08-27 13:35:40,228] {bash_operator.py:101} INFO - 2015-06-04
[2018-08-27 13:35:40,228] {base_task_runner.py:98} INFO - Subtask: [2018-08-27 13:35:40,228] {bash_operator.py:101} INFO - 2015-06-11
[2018-08-27 13:35:40,229] {base_task_runner.py:98} INFO - Subtask: [2018-08-27 13:35:40,228] {bash_operator.py:101} INFO - Parameter I passed in
[2018-08-27 13:35:40,229] {base_task_runner.py:98} INFO - Subtask: [2018-08-27 13:35:40,228] {bash_operator.py:101} INFO - 2015-06-04
[2018-08-27 13:35:40,229] {base_task_runner.py:98} INFO - Subtask: [2018-08-27 13:35:40,228] {bash_operator.py:101} INFO - 2015-06-11
[2018-08-27 13:35:40,229] {base_task_runner.py:98} INFO - Subtask: [2018-08-27 13:35:40,228] {bash_operator.py:101} INFO - Parameter I passed in
[2018-08-27 13:35:40,229] {base_task_runner.py:98} INFO - Subtask: [2018-08-27 13:35:40,228] {bash_operator.py:101} INFO - 2015-06-04
[2018-08-27 13:35:40,229] {base_task_runner.py:98} INFO - Subtask: [2018-08-27 13:35:40,228] {bash_operator.py:101} INFO - 2015-06-11
[2018-08-27 13:35:40,229] {base_task_runner.py:98} INFO - Subtask: [2018-08-27 13:35:40,228] {bash_operator.py:101} INFO - Parameter I passed in
[2018-08-27 13:35:40,229] {base_task_runner.py:98} INFO - Subtask: [2018-08-27 13:35:40,229] {bash_operator.py:101} INFO - 2015-06-04
[2018-08-27 13:35:40,229] {base_task_runner.py:98} INFO - Subtask: [2018-08-27 13:35:40,229] {bash_operator.py:101} INFO - 2015-06-11
[2018-08-27 13:35:40,229] {base_task_runner.py:98} INFO - Subtask: [2018-08-27 13:35:40,229] {bash_operator.py:101} INFO - Parameter I passed in
[2018-08-27 13:35:40,229] {base_task_runner.py:98} INFO - Subtask: [2018-08-27 13:35:40,229] {bash_operator.py:105} INFO - Command exited with return code 0
