[2018-08-27 13:47:23,028] {cli.py:374} INFO - Running on host silverlight
[2018-08-27 13:47:23,070] {models.py:1197} INFO - Dependencies all met for <TaskInstance: tutorial.print_date 2015-06-28 00:00:00 [queued]>
[2018-08-27 13:47:23,072] {models.py:1197} INFO - Dependencies all met for <TaskInstance: tutorial.print_date 2015-06-28 00:00:00 [queued]>
[2018-08-27 13:47:23,072] {models.py:1407} INFO - 
--------------------------------------------------------------------------------
Starting attempt 1 of 2
--------------------------------------------------------------------------------

[2018-08-27 13:47:23,102] {models.py:1428} INFO - Executing <Task(BashOperator): print_date> on 2015-06-28 00:00:00
[2018-08-27 13:47:23,102] {base_task_runner.py:115} INFO - Running: ['bash', '-c', 'airflow run tutorial print_date 2015-06-28T00:00:00 --job_id 125 --raw -sd DAGS_FOLDER/tutorial.py']
[2018-08-27 13:47:23,377] {base_task_runner.py:98} INFO - Subtask: [2018-08-27 13:47:23,377] {driver.py:120} INFO - Generating grammar tables from /usr/lib/python3.5/lib2to3/Grammar.txt
[2018-08-27 13:47:23,408] {base_task_runner.py:98} INFO - Subtask: [2018-08-27 13:47:23,408] {driver.py:120} INFO - Generating grammar tables from /usr/lib/python3.5/lib2to3/PatternGrammar.txt
[2018-08-27 13:47:23,511] {base_task_runner.py:98} INFO - Subtask: [2018-08-27 13:47:23,511] {__init__.py:45} INFO - Using executor SequentialExecutor
[2018-08-27 13:47:23,541] {base_task_runner.py:98} INFO - Subtask: [2018-08-27 13:47:23,541] {models.py:189} INFO - Filling up the DagBag from /home/silverlight/Projects/Minikube-deploy/airflow-project/dags/tutorial.py
[2018-08-27 13:47:23,565] {cli.py:374} INFO - Running on host silverlight
[2018-08-27 13:47:23,573] {base_task_runner.py:98} INFO - Subtask: [2018-08-27 13:47:23,573] {bash_operator.py:70} INFO - Tmp dir root location: 
[2018-08-27 13:47:23,573] {base_task_runner.py:98} INFO - Subtask:  /tmp
[2018-08-27 13:47:23,573] {base_task_runner.py:98} INFO - Subtask: [2018-08-27 13:47:23,573] {bash_operator.py:80} INFO - Temporary script location: /tmp/airflowtmp_k9zj_7i//tmp/airflowtmp_k9zj_7i/print_date6cwqwrxj
[2018-08-27 13:47:23,573] {base_task_runner.py:98} INFO - Subtask: [2018-08-27 13:47:23,573] {bash_operator.py:88} INFO - Running command: date
[2018-08-27 13:47:23,576] {base_task_runner.py:98} INFO - Subtask: [2018-08-27 13:47:23,576] {bash_operator.py:97} INFO - Output:
[2018-08-27 13:47:23,577] {base_task_runner.py:98} INFO - Subtask: [2018-08-27 13:47:23,577] {bash_operator.py:101} INFO - Thứ hai, 27 Tháng tám năm 2018 13:47:23 +07
[2018-08-27 13:47:23,577] {base_task_runner.py:98} INFO - Subtask: [2018-08-27 13:47:23,577] {bash_operator.py:105} INFO - Command exited with return code 0
