[2018-08-27 13:54:36,398] {cli.py:374} INFO - Running on host silverlight
[2018-08-27 13:54:36,479] {models.py:1197} INFO - Dependencies all met for <TaskInstance: tutorial.print_date 2015-07-14 00:00:00 [queued]>
[2018-08-27 13:54:36,481] {models.py:1197} INFO - Dependencies all met for <TaskInstance: tutorial.print_date 2015-07-14 00:00:00 [queued]>
[2018-08-27 13:54:36,481] {models.py:1407} INFO - 
--------------------------------------------------------------------------------
Starting attempt 1 of 2
--------------------------------------------------------------------------------

[2018-08-27 13:54:36,544] {models.py:1428} INFO - Executing <Task(BashOperator): print_date> on 2015-07-14 00:00:00
[2018-08-27 13:54:36,545] {base_task_runner.py:115} INFO - Running: ['bash', '-c', 'airflow run tutorial print_date 2015-07-14T00:00:00 --job_id 183 --raw -sd DAGS_FOLDER/tutorial.py']
[2018-08-27 13:54:36,785] {base_task_runner.py:98} INFO - Subtask: [2018-08-27 13:54:36,784] {driver.py:120} INFO - Generating grammar tables from /usr/lib/python3.5/lib2to3/Grammar.txt
[2018-08-27 13:54:36,819] {base_task_runner.py:98} INFO - Subtask: [2018-08-27 13:54:36,818] {driver.py:120} INFO - Generating grammar tables from /usr/lib/python3.5/lib2to3/PatternGrammar.txt
[2018-08-27 13:54:36,924] {base_task_runner.py:98} INFO - Subtask: [2018-08-27 13:54:36,924] {__init__.py:45} INFO - Using executor SequentialExecutor
[2018-08-27 13:54:36,959] {base_task_runner.py:98} INFO - Subtask: [2018-08-27 13:54:36,959] {models.py:189} INFO - Filling up the DagBag from /home/silverlight/Projects/Minikube-deploy/airflow-project/dags/tutorial.py
[2018-08-27 13:54:36,994] {cli.py:374} INFO - Running on host silverlight
[2018-08-27 13:54:37,004] {base_task_runner.py:98} INFO - Subtask: [2018-08-27 13:54:37,004] {bash_operator.py:70} INFO - Tmp dir root location: 
[2018-08-27 13:54:37,004] {base_task_runner.py:98} INFO - Subtask:  /tmp
[2018-08-27 13:54:37,004] {base_task_runner.py:98} INFO - Subtask: [2018-08-27 13:54:37,004] {bash_operator.py:80} INFO - Temporary script location: /tmp/airflowtmpmxjler8u//tmp/airflowtmpmxjler8u/print_datec9laaof4
[2018-08-27 13:54:37,004] {base_task_runner.py:98} INFO - Subtask: [2018-08-27 13:54:37,004] {bash_operator.py:88} INFO - Running command: date
[2018-08-27 13:54:37,007] {base_task_runner.py:98} INFO - Subtask: [2018-08-27 13:54:37,007] {bash_operator.py:97} INFO - Output:
[2018-08-27 13:54:37,008] {base_task_runner.py:98} INFO - Subtask: [2018-08-27 13:54:37,008] {bash_operator.py:101} INFO - Thứ hai, 27 Tháng tám năm 2018 13:54:37 +07
[2018-08-27 13:54:37,009] {base_task_runner.py:98} INFO - Subtask: [2018-08-27 13:54:37,008] {bash_operator.py:105} INFO - Command exited with return code 0
