[2018-08-27 14:01:11,782] {cli.py:374} INFO - Running on host silverlight
[2018-08-27 14:01:11,901] {models.py:1197} INFO - Dependencies all met for <TaskInstance: tutorial.templated 2015-07-21 00:00:00 [queued]>
[2018-08-27 14:01:11,905] {models.py:1197} INFO - Dependencies all met for <TaskInstance: tutorial.templated 2015-07-21 00:00:00 [queued]>
[2018-08-27 14:01:11,906] {models.py:1407} INFO - 
--------------------------------------------------------------------------------
Starting attempt 1 of 2
--------------------------------------------------------------------------------

[2018-08-27 14:01:11,933] {models.py:1428} INFO - Executing <Task(BashOperator): templated> on 2015-07-21 00:00:00
[2018-08-27 14:01:11,933] {base_task_runner.py:115} INFO - Running: ['bash', '-c', 'airflow run tutorial templated 2015-07-21T00:00:00 --job_id 231 --raw -sd DAGS_FOLDER/tutorial.py']
[2018-08-27 14:01:12,179] {base_task_runner.py:98} INFO - Subtask: [2018-08-27 14:01:12,179] {driver.py:120} INFO - Generating grammar tables from /usr/lib/python3.5/lib2to3/Grammar.txt
[2018-08-27 14:01:12,212] {base_task_runner.py:98} INFO - Subtask: [2018-08-27 14:01:12,212] {driver.py:120} INFO - Generating grammar tables from /usr/lib/python3.5/lib2to3/PatternGrammar.txt
[2018-08-27 14:01:12,325] {base_task_runner.py:98} INFO - Subtask: [2018-08-27 14:01:12,325] {__init__.py:45} INFO - Using executor SequentialExecutor
[2018-08-27 14:01:12,356] {base_task_runner.py:98} INFO - Subtask: [2018-08-27 14:01:12,356] {models.py:189} INFO - Filling up the DagBag from /home/silverlight/Projects/Minikube-deploy/airflow-project/dags/tutorial.py
[2018-08-27 14:01:12,387] {cli.py:374} INFO - Running on host silverlight
[2018-08-27 14:01:12,398] {base_task_runner.py:98} INFO - Subtask: [2018-08-27 14:01:12,398] {bash_operator.py:70} INFO - Tmp dir root location: 
[2018-08-27 14:01:12,398] {base_task_runner.py:98} INFO - Subtask:  /tmp
[2018-08-27 14:01:12,399] {base_task_runner.py:98} INFO - Subtask: [2018-08-27 14:01:12,398] {bash_operator.py:80} INFO - Temporary script location: /tmp/airflowtmp3n9atpe9//tmp/airflowtmp3n9atpe9/templatedviw450_7
[2018-08-27 14:01:12,399] {base_task_runner.py:98} INFO - Subtask: [2018-08-27 14:01:12,399] {bash_operator.py:88} INFO - Running command: 
[2018-08-27 14:01:12,399] {base_task_runner.py:98} INFO - Subtask:     
[2018-08-27 14:01:12,399] {base_task_runner.py:98} INFO - Subtask:         echo "2015-07-21"
[2018-08-27 14:01:12,399] {base_task_runner.py:98} INFO - Subtask:         echo "2015-07-28"
[2018-08-27 14:01:12,399] {base_task_runner.py:98} INFO - Subtask:         echo "Parameter I passed in"
[2018-08-27 14:01:12,399] {base_task_runner.py:98} INFO - Subtask:     
[2018-08-27 14:01:12,399] {base_task_runner.py:98} INFO - Subtask:         echo "2015-07-21"
[2018-08-27 14:01:12,399] {base_task_runner.py:98} INFO - Subtask:         echo "2015-07-28"
[2018-08-27 14:01:12,399] {base_task_runner.py:98} INFO - Subtask:         echo "Parameter I passed in"
[2018-08-27 14:01:12,399] {base_task_runner.py:98} INFO - Subtask:     
[2018-08-27 14:01:12,399] {base_task_runner.py:98} INFO - Subtask:         echo "2015-07-21"
[2018-08-27 14:01:12,399] {base_task_runner.py:98} INFO - Subtask:         echo "2015-07-28"
[2018-08-27 14:01:12,400] {base_task_runner.py:98} INFO - Subtask:         echo "Parameter I passed in"
[2018-08-27 14:01:12,400] {base_task_runner.py:98} INFO - Subtask:     
[2018-08-27 14:01:12,400] {base_task_runner.py:98} INFO - Subtask:         echo "2015-07-21"
[2018-08-27 14:01:12,400] {base_task_runner.py:98} INFO - Subtask:         echo "2015-07-28"
[2018-08-27 14:01:12,400] {base_task_runner.py:98} INFO - Subtask:         echo "Parameter I passed in"
[2018-08-27 14:01:12,400] {base_task_runner.py:98} INFO - Subtask:     
[2018-08-27 14:01:12,400] {base_task_runner.py:98} INFO - Subtask:         echo "2015-07-21"
[2018-08-27 14:01:12,400] {base_task_runner.py:98} INFO - Subtask:         echo "2015-07-28"
[2018-08-27 14:01:12,400] {base_task_runner.py:98} INFO - Subtask:         echo "Parameter I passed in"
[2018-08-27 14:01:12,400] {base_task_runner.py:98} INFO - Subtask:     
[2018-08-27 14:01:12,402] {base_task_runner.py:98} INFO - Subtask: [2018-08-27 14:01:12,402] {bash_operator.py:97} INFO - Output:
[2018-08-27 14:01:12,403] {base_task_runner.py:98} INFO - Subtask: [2018-08-27 14:01:12,403] {bash_operator.py:101} INFO - 2015-07-21
[2018-08-27 14:01:12,403] {base_task_runner.py:98} INFO - Subtask: [2018-08-27 14:01:12,403] {bash_operator.py:101} INFO - 2015-07-28
[2018-08-27 14:01:12,403] {base_task_runner.py:98} INFO - Subtask: [2018-08-27 14:01:12,403] {bash_operator.py:101} INFO - Parameter I passed in
[2018-08-27 14:01:12,403] {base_task_runner.py:98} INFO - Subtask: [2018-08-27 14:01:12,403] {bash_operator.py:101} INFO - 2015-07-21
[2018-08-27 14:01:12,403] {base_task_runner.py:98} INFO - Subtask: [2018-08-27 14:01:12,403] {bash_operator.py:101} INFO - 2015-07-28
[2018-08-27 14:01:12,403] {base_task_runner.py:98} INFO - Subtask: [2018-08-27 14:01:12,403] {bash_operator.py:101} INFO - Parameter I passed in
[2018-08-27 14:01:12,403] {base_task_runner.py:98} INFO - Subtask: [2018-08-27 14:01:12,403] {bash_operator.py:101} INFO - 2015-07-21
[2018-08-27 14:01:12,403] {base_task_runner.py:98} INFO - Subtask: [2018-08-27 14:01:12,403] {bash_operator.py:101} INFO - 2015-07-28
[2018-08-27 14:01:12,403] {base_task_runner.py:98} INFO - Subtask: [2018-08-27 14:01:12,403] {bash_operator.py:101} INFO - Parameter I passed in
[2018-08-27 14:01:12,403] {base_task_runner.py:98} INFO - Subtask: [2018-08-27 14:01:12,403] {bash_operator.py:101} INFO - 2015-07-21
[2018-08-27 14:01:12,404] {base_task_runner.py:98} INFO - Subtask: [2018-08-27 14:01:12,403] {bash_operator.py:101} INFO - 2015-07-28
[2018-08-27 14:01:12,404] {base_task_runner.py:98} INFO - Subtask: [2018-08-27 14:01:12,403] {bash_operator.py:101} INFO - Parameter I passed in
[2018-08-27 14:01:12,404] {base_task_runner.py:98} INFO - Subtask: [2018-08-27 14:01:12,403] {bash_operator.py:101} INFO - 2015-07-21
[2018-08-27 14:01:12,404] {base_task_runner.py:98} INFO - Subtask: [2018-08-27 14:01:12,403] {bash_operator.py:101} INFO - 2015-07-28
[2018-08-27 14:01:12,404] {base_task_runner.py:98} INFO - Subtask: [2018-08-27 14:01:12,403] {bash_operator.py:101} INFO - Parameter I passed in
[2018-08-27 14:01:12,404] {base_task_runner.py:98} INFO - Subtask: [2018-08-27 14:01:12,403] {bash_operator.py:105} INFO - Command exited with return code 0
