[2018-08-27 14:01:46,284] {cli.py:374} INFO - Running on host silverlight
[2018-08-27 14:01:46,368] {models.py:1197} INFO - Dependencies all met for <TaskInstance: tutorial.sleep 2015-07-22 00:00:00 [queued]>
[2018-08-27 14:01:46,372] {models.py:1197} INFO - Dependencies all met for <TaskInstance: tutorial.sleep 2015-07-22 00:00:00 [queued]>
[2018-08-27 14:01:46,373] {models.py:1407} INFO - 
--------------------------------------------------------------------------------
Starting attempt 1 of 4
--------------------------------------------------------------------------------

[2018-08-27 14:01:46,434] {models.py:1428} INFO - Executing <Task(BashOperator): sleep> on 2015-07-22 00:00:00
[2018-08-27 14:01:46,435] {base_task_runner.py:115} INFO - Running: ['bash', '-c', 'airflow run tutorial sleep 2015-07-22T00:00:00 --job_id 236 --raw -sd DAGS_FOLDER/tutorial.py']
[2018-08-27 14:01:46,674] {base_task_runner.py:98} INFO - Subtask: [2018-08-27 14:01:46,674] {driver.py:120} INFO - Generating grammar tables from /usr/lib/python3.5/lib2to3/Grammar.txt
[2018-08-27 14:01:46,708] {base_task_runner.py:98} INFO - Subtask: [2018-08-27 14:01:46,708] {driver.py:120} INFO - Generating grammar tables from /usr/lib/python3.5/lib2to3/PatternGrammar.txt
[2018-08-27 14:01:46,814] {base_task_runner.py:98} INFO - Subtask: [2018-08-27 14:01:46,814] {__init__.py:45} INFO - Using executor SequentialExecutor
[2018-08-27 14:01:46,846] {base_task_runner.py:98} INFO - Subtask: [2018-08-27 14:01:46,845] {models.py:189} INFO - Filling up the DagBag from /home/silverlight/Projects/Minikube-deploy/airflow-project/dags/tutorial.py
[2018-08-27 14:01:46,874] {cli.py:374} INFO - Running on host silverlight
[2018-08-27 14:01:46,882] {base_task_runner.py:98} INFO - Subtask: [2018-08-27 14:01:46,882] {bash_operator.py:70} INFO - Tmp dir root location: 
[2018-08-27 14:01:46,882] {base_task_runner.py:98} INFO - Subtask:  /tmp
[2018-08-27 14:01:46,882] {base_task_runner.py:98} INFO - Subtask: [2018-08-27 14:01:46,882] {bash_operator.py:80} INFO - Temporary script location: /tmp/airflowtmpv8rig2je//tmp/airflowtmpv8rig2je/sleepcg0zl95o
[2018-08-27 14:01:46,882] {base_task_runner.py:98} INFO - Subtask: [2018-08-27 14:01:46,882] {bash_operator.py:88} INFO - Running command: sleep 5
[2018-08-27 14:01:46,885] {base_task_runner.py:98} INFO - Subtask: [2018-08-27 14:01:46,885] {bash_operator.py:97} INFO - Output:
[2018-08-27 14:01:51,889] {base_task_runner.py:98} INFO - Subtask: [2018-08-27 14:01:51,887] {bash_operator.py:105} INFO - Command exited with return code 0
