[2018-08-27 14:02:45,542] {cli.py:374} INFO - Running on host silverlight
[2018-08-27 14:02:45,589] {models.py:1197} INFO - Dependencies all met for <TaskInstance: tutorial.print_date 2015-07-27 00:00:00 [queued]>
[2018-08-27 14:02:45,591] {models.py:1197} INFO - Dependencies all met for <TaskInstance: tutorial.print_date 2015-07-27 00:00:00 [queued]>
[2018-08-27 14:02:45,591] {models.py:1407} INFO - 
--------------------------------------------------------------------------------
Starting attempt 1 of 2
--------------------------------------------------------------------------------

[2018-08-27 14:02:45,619] {models.py:1428} INFO - Executing <Task(BashOperator): print_date> on 2015-07-27 00:00:00
[2018-08-27 14:02:45,619] {base_task_runner.py:115} INFO - Running: ['bash', '-c', 'airflow run tutorial print_date 2015-07-27T00:00:00 --job_id 243 --raw -sd DAGS_FOLDER/tutorial.py']
[2018-08-27 14:02:45,864] {base_task_runner.py:98} INFO - Subtask: [2018-08-27 14:02:45,863] {driver.py:120} INFO - Generating grammar tables from /usr/lib/python3.5/lib2to3/Grammar.txt
[2018-08-27 14:02:45,895] {base_task_runner.py:98} INFO - Subtask: [2018-08-27 14:02:45,895] {driver.py:120} INFO - Generating grammar tables from /usr/lib/python3.5/lib2to3/PatternGrammar.txt
[2018-08-27 14:02:46,022] {base_task_runner.py:98} INFO - Subtask: [2018-08-27 14:02:46,022] {__init__.py:45} INFO - Using executor SequentialExecutor
[2018-08-27 14:02:46,058] {base_task_runner.py:98} INFO - Subtask: [2018-08-27 14:02:46,058] {models.py:189} INFO - Filling up the DagBag from /home/silverlight/Projects/Minikube-deploy/airflow-project/dags/tutorial.py
[2018-08-27 14:02:46,091] {cli.py:374} INFO - Running on host silverlight
[2018-08-27 14:02:46,101] {base_task_runner.py:98} INFO - Subtask: [2018-08-27 14:02:46,100] {bash_operator.py:70} INFO - Tmp dir root location: 
[2018-08-27 14:02:46,101] {base_task_runner.py:98} INFO - Subtask:  /tmp
[2018-08-27 14:02:46,101] {base_task_runner.py:98} INFO - Subtask: [2018-08-27 14:02:46,101] {bash_operator.py:80} INFO - Temporary script location: /tmp/airflowtmpucg3grhn//tmp/airflowtmpucg3grhn/print_date6x7ila9b
[2018-08-27 14:02:46,101] {base_task_runner.py:98} INFO - Subtask: [2018-08-27 14:02:46,101] {bash_operator.py:88} INFO - Running command: date
[2018-08-27 14:02:46,105] {base_task_runner.py:98} INFO - Subtask: [2018-08-27 14:02:46,105] {bash_operator.py:97} INFO - Output:
[2018-08-27 14:02:46,107] {base_task_runner.py:98} INFO - Subtask: [2018-08-27 14:02:46,107] {bash_operator.py:101} INFO - Thứ hai, 27 Tháng tám năm 2018 14:02:46 +07
[2018-08-27 14:02:46,107] {base_task_runner.py:98} INFO - Subtask: [2018-08-27 14:02:46,107] {bash_operator.py:105} INFO - Command exited with return code 0
