[2018-08-27 13:39:16,049] {cli.py:374} INFO - Running on host silverlight
[2018-08-27 13:39:16,087] {models.py:1197} INFO - Dependencies all met for <TaskInstance: tutorial.print_date 2015-06-14 00:00:00 [queued]>
[2018-08-27 13:39:16,091] {models.py:1197} INFO - Dependencies all met for <TaskInstance: tutorial.print_date 2015-06-14 00:00:00 [queued]>
[2018-08-27 13:39:16,091] {models.py:1407} INFO - 
--------------------------------------------------------------------------------
Starting attempt 1 of 2
--------------------------------------------------------------------------------

[2018-08-27 13:39:16,119] {models.py:1428} INFO - Executing <Task(BashOperator): print_date> on 2015-06-14 00:00:00
[2018-08-27 13:39:16,119] {base_task_runner.py:115} INFO - Running: ['bash', '-c', 'airflow run tutorial print_date 2015-06-14T00:00:00 --job_id 55 --raw -sd DAGS_FOLDER/tutorial.py']
[2018-08-27 13:39:16,356] {base_task_runner.py:98} INFO - Subtask: [2018-08-27 13:39:16,355] {driver.py:120} INFO - Generating grammar tables from /usr/lib/python3.5/lib2to3/Grammar.txt
[2018-08-27 13:39:16,391] {base_task_runner.py:98} INFO - Subtask: [2018-08-27 13:39:16,391] {driver.py:120} INFO - Generating grammar tables from /usr/lib/python3.5/lib2to3/PatternGrammar.txt
[2018-08-27 13:39:16,506] {base_task_runner.py:98} INFO - Subtask: [2018-08-27 13:39:16,506] {__init__.py:45} INFO - Using executor SequentialExecutor
[2018-08-27 13:39:16,541] {base_task_runner.py:98} INFO - Subtask: [2018-08-27 13:39:16,541] {models.py:189} INFO - Filling up the DagBag from /home/silverlight/Projects/Minikube-deploy/airflow-project/dags/tutorial.py
[2018-08-27 13:39:16,570] {cli.py:374} INFO - Running on host silverlight
[2018-08-27 13:39:16,583] {base_task_runner.py:98} INFO - Subtask: [2018-08-27 13:39:16,583] {bash_operator.py:70} INFO - Tmp dir root location: 
[2018-08-27 13:39:16,584] {base_task_runner.py:98} INFO - Subtask:  /tmp
[2018-08-27 13:39:16,584] {base_task_runner.py:98} INFO - Subtask: [2018-08-27 13:39:16,584] {bash_operator.py:80} INFO - Temporary script location: /tmp/airflowtmpvwsmy54k//tmp/airflowtmpvwsmy54k/print_datez7jpvzx3
[2018-08-27 13:39:16,584] {base_task_runner.py:98} INFO - Subtask: [2018-08-27 13:39:16,584] {bash_operator.py:88} INFO - Running command: date
[2018-08-27 13:39:16,589] {base_task_runner.py:98} INFO - Subtask: [2018-08-27 13:39:16,589] {bash_operator.py:97} INFO - Output:
[2018-08-27 13:39:16,590] {base_task_runner.py:98} INFO - Subtask: [2018-08-27 13:39:16,590] {bash_operator.py:101} INFO - Thứ hai, 27 Tháng tám năm 2018 13:39:16 +07
[2018-08-27 13:39:16,591] {base_task_runner.py:98} INFO - Subtask: [2018-08-27 13:39:16,590] {bash_operator.py:105} INFO - Command exited with return code 0
