[2018-08-27 13:45:50,057] {cli.py:374} INFO - Running on host silverlight
[2018-08-27 13:45:50,106] {models.py:1197} INFO - Dependencies all met for <TaskInstance: tutorial.sleep 2015-06-23 00:00:00 [queued]>
[2018-08-27 13:45:50,111] {models.py:1197} INFO - Dependencies all met for <TaskInstance: tutorial.sleep 2015-06-23 00:00:00 [queued]>
[2018-08-27 13:45:50,111] {models.py:1407} INFO - 
--------------------------------------------------------------------------------
Starting attempt 1 of 4
--------------------------------------------------------------------------------

[2018-08-27 13:45:50,191] {models.py:1428} INFO - Executing <Task(BashOperator): sleep> on 2015-06-23 00:00:00
[2018-08-27 13:45:50,191] {base_task_runner.py:115} INFO - Running: ['bash', '-c', 'airflow run tutorial sleep 2015-06-23T00:00:00 --job_id 112 --raw -sd DAGS_FOLDER/tutorial.py']
[2018-08-27 13:45:50,428] {base_task_runner.py:98} INFO - Subtask: [2018-08-27 13:45:50,428] {driver.py:120} INFO - Generating grammar tables from /usr/lib/python3.5/lib2to3/Grammar.txt
[2018-08-27 13:45:50,461] {base_task_runner.py:98} INFO - Subtask: [2018-08-27 13:45:50,460] {driver.py:120} INFO - Generating grammar tables from /usr/lib/python3.5/lib2to3/PatternGrammar.txt
[2018-08-27 13:45:50,565] {base_task_runner.py:98} INFO - Subtask: [2018-08-27 13:45:50,564] {__init__.py:45} INFO - Using executor SequentialExecutor
[2018-08-27 13:45:50,597] {base_task_runner.py:98} INFO - Subtask: [2018-08-27 13:45:50,597] {models.py:189} INFO - Filling up the DagBag from /home/silverlight/Projects/Minikube-deploy/airflow-project/dags/tutorial.py
[2018-08-27 13:45:50,624] {cli.py:374} INFO - Running on host silverlight
[2018-08-27 13:45:50,632] {base_task_runner.py:98} INFO - Subtask: [2018-08-27 13:45:50,632] {bash_operator.py:70} INFO - Tmp dir root location: 
[2018-08-27 13:45:50,632] {base_task_runner.py:98} INFO - Subtask:  /tmp
[2018-08-27 13:45:50,632] {base_task_runner.py:98} INFO - Subtask: [2018-08-27 13:45:50,632] {bash_operator.py:80} INFO - Temporary script location: /tmp/airflowtmp0kr6fm59//tmp/airflowtmp0kr6fm59/sleepzl7r0nzx
[2018-08-27 13:45:50,633] {base_task_runner.py:98} INFO - Subtask: [2018-08-27 13:45:50,632] {bash_operator.py:88} INFO - Running command: sleep 5
[2018-08-27 13:45:50,635] {base_task_runner.py:98} INFO - Subtask: [2018-08-27 13:45:50,635] {bash_operator.py:97} INFO - Output:
[2018-08-27 13:45:55,639] {base_task_runner.py:98} INFO - Subtask: [2018-08-27 13:45:55,637] {bash_operator.py:105} INFO - Command exited with return code 0
