[2018-08-27 13:37:08,705] {cli.py:374} INFO - Running on host silverlight
[2018-08-27 13:37:08,810] {models.py:1197} INFO - Dependencies all met for <TaskInstance: tutorial.templated 2015-06-08 00:00:00 [queued]>
[2018-08-27 13:37:08,816] {models.py:1197} INFO - Dependencies all met for <TaskInstance: tutorial.templated 2015-06-08 00:00:00 [queued]>
[2018-08-27 13:37:08,816] {models.py:1407} INFO - 
--------------------------------------------------------------------------------
Starting attempt 1 of 2
--------------------------------------------------------------------------------

[2018-08-27 13:37:08,847] {models.py:1428} INFO - Executing <Task(BashOperator): templated> on 2015-06-08 00:00:00
[2018-08-27 13:37:08,847] {base_task_runner.py:115} INFO - Running: ['bash', '-c', 'airflow run tutorial templated 2015-06-08T00:00:00 --job_id 37 --raw -sd DAGS_FOLDER/tutorial.py']
[2018-08-27 13:37:09,105] {base_task_runner.py:98} INFO - Subtask: [2018-08-27 13:37:09,105] {driver.py:120} INFO - Generating grammar tables from /usr/lib/python3.5/lib2to3/Grammar.txt
[2018-08-27 13:37:09,137] {base_task_runner.py:98} INFO - Subtask: [2018-08-27 13:37:09,137] {driver.py:120} INFO - Generating grammar tables from /usr/lib/python3.5/lib2to3/PatternGrammar.txt
[2018-08-27 13:37:09,244] {base_task_runner.py:98} INFO - Subtask: [2018-08-27 13:37:09,243] {__init__.py:45} INFO - Using executor SequentialExecutor
[2018-08-27 13:37:09,276] {base_task_runner.py:98} INFO - Subtask: [2018-08-27 13:37:09,276] {models.py:189} INFO - Filling up the DagBag from /home/silverlight/Projects/Minikube-deploy/airflow-project/dags/tutorial.py
[2018-08-27 13:37:09,306] {cli.py:374} INFO - Running on host silverlight
[2018-08-27 13:37:09,319] {base_task_runner.py:98} INFO - Subtask: [2018-08-27 13:37:09,319] {bash_operator.py:70} INFO - Tmp dir root location: 
[2018-08-27 13:37:09,319] {base_task_runner.py:98} INFO - Subtask:  /tmp
[2018-08-27 13:37:09,319] {base_task_runner.py:98} INFO - Subtask: [2018-08-27 13:37:09,319] {bash_operator.py:80} INFO - Temporary script location: /tmp/airflowtmpmav0cbde//tmp/airflowtmpmav0cbde/templatedlco01xsv
[2018-08-27 13:37:09,319] {base_task_runner.py:98} INFO - Subtask: [2018-08-27 13:37:09,319] {bash_operator.py:88} INFO - Running command: 
[2018-08-27 13:37:09,320] {base_task_runner.py:98} INFO - Subtask:     
[2018-08-27 13:37:09,320] {base_task_runner.py:98} INFO - Subtask:         echo "2015-06-08"
[2018-08-27 13:37:09,320] {base_task_runner.py:98} INFO - Subtask:         echo "2015-06-15"
[2018-08-27 13:37:09,320] {base_task_runner.py:98} INFO - Subtask:         echo "Parameter I passed in"
[2018-08-27 13:37:09,320] {base_task_runner.py:98} INFO - Subtask:     
[2018-08-27 13:37:09,320] {base_task_runner.py:98} INFO - Subtask:         echo "2015-06-08"
[2018-08-27 13:37:09,320] {base_task_runner.py:98} INFO - Subtask:         echo "2015-06-15"
[2018-08-27 13:37:09,320] {base_task_runner.py:98} INFO - Subtask:         echo "Parameter I passed in"
[2018-08-27 13:37:09,320] {base_task_runner.py:98} INFO - Subtask:     
[2018-08-27 13:37:09,320] {base_task_runner.py:98} INFO - Subtask:         echo "2015-06-08"
[2018-08-27 13:37:09,320] {base_task_runner.py:98} INFO - Subtask:         echo "2015-06-15"
[2018-08-27 13:37:09,320] {base_task_runner.py:98} INFO - Subtask:         echo "Parameter I passed in"
[2018-08-27 13:37:09,320] {base_task_runner.py:98} INFO - Subtask:     
[2018-08-27 13:37:09,320] {base_task_runner.py:98} INFO - Subtask:         echo "2015-06-08"
[2018-08-27 13:37:09,320] {base_task_runner.py:98} INFO - Subtask:         echo "2015-06-15"
[2018-08-27 13:37:09,321] {base_task_runner.py:98} INFO - Subtask:         echo "Parameter I passed in"
[2018-08-27 13:37:09,321] {base_task_runner.py:98} INFO - Subtask:     
[2018-08-27 13:37:09,321] {base_task_runner.py:98} INFO - Subtask:         echo "2015-06-08"
[2018-08-27 13:37:09,321] {base_task_runner.py:98} INFO - Subtask:         echo "2015-06-15"
[2018-08-27 13:37:09,321] {base_task_runner.py:98} INFO - Subtask:         echo "Parameter I passed in"
[2018-08-27 13:37:09,321] {base_task_runner.py:98} INFO - Subtask:     
[2018-08-27 13:37:09,323] {base_task_runner.py:98} INFO - Subtask: [2018-08-27 13:37:09,323] {bash_operator.py:97} INFO - Output:
[2018-08-27 13:37:09,324] {base_task_runner.py:98} INFO - Subtask: [2018-08-27 13:37:09,324] {bash_operator.py:101} INFO - 2015-06-08
[2018-08-27 13:37:09,324] {base_task_runner.py:98} INFO - Subtask: [2018-08-27 13:37:09,324] {bash_operator.py:101} INFO - 2015-06-15
[2018-08-27 13:37:09,324] {base_task_runner.py:98} INFO - Subtask: [2018-08-27 13:37:09,324] {bash_operator.py:101} INFO - Parameter I passed in
[2018-08-27 13:37:09,324] {base_task_runner.py:98} INFO - Subtask: [2018-08-27 13:37:09,324] {bash_operator.py:101} INFO - 2015-06-08
[2018-08-27 13:37:09,324] {base_task_runner.py:98} INFO - Subtask: [2018-08-27 13:37:09,324] {bash_operator.py:101} INFO - 2015-06-15
[2018-08-27 13:37:09,324] {base_task_runner.py:98} INFO - Subtask: [2018-08-27 13:37:09,324] {bash_operator.py:101} INFO - Parameter I passed in
[2018-08-27 13:37:09,324] {base_task_runner.py:98} INFO - Subtask: [2018-08-27 13:37:09,324] {bash_operator.py:101} INFO - 2015-06-08
[2018-08-27 13:37:09,324] {base_task_runner.py:98} INFO - Subtask: [2018-08-27 13:37:09,324] {bash_operator.py:101} INFO - 2015-06-15
[2018-08-27 13:37:09,324] {base_task_runner.py:98} INFO - Subtask: [2018-08-27 13:37:09,324] {bash_operator.py:101} INFO - Parameter I passed in
[2018-08-27 13:37:09,324] {base_task_runner.py:98} INFO - Subtask: [2018-08-27 13:37:09,324] {bash_operator.py:101} INFO - 2015-06-08
[2018-08-27 13:37:09,324] {base_task_runner.py:98} INFO - Subtask: [2018-08-27 13:37:09,324] {bash_operator.py:101} INFO - 2015-06-15
[2018-08-27 13:37:09,325] {base_task_runner.py:98} INFO - Subtask: [2018-08-27 13:37:09,324] {bash_operator.py:101} INFO - Parameter I passed in
[2018-08-27 13:37:09,325] {base_task_runner.py:98} INFO - Subtask: [2018-08-27 13:37:09,324] {bash_operator.py:101} INFO - 2015-06-08
[2018-08-27 13:37:09,325] {base_task_runner.py:98} INFO - Subtask: [2018-08-27 13:37:09,324] {bash_operator.py:101} INFO - 2015-06-15
[2018-08-27 13:37:09,325] {base_task_runner.py:98} INFO - Subtask: [2018-08-27 13:37:09,324] {bash_operator.py:101} INFO - Parameter I passed in
[2018-08-27 13:37:09,325] {base_task_runner.py:98} INFO - Subtask: [2018-08-27 13:37:09,324] {bash_operator.py:105} INFO - Command exited with return code 0
