[2018-08-27 13:44:21,807] {cli.py:374} INFO - Running on host silverlight
[2018-08-27 13:44:21,877] {models.py:1197} INFO - Dependencies all met for <TaskInstance: tutorial.templated 2015-06-20 00:00:00 [queued]>
[2018-08-27 13:44:21,881] {models.py:1197} INFO - Dependencies all met for <TaskInstance: tutorial.templated 2015-06-20 00:00:00 [queued]>
[2018-08-27 13:44:21,882] {models.py:1407} INFO - 
--------------------------------------------------------------------------------
Starting attempt 1 of 2
--------------------------------------------------------------------------------

[2018-08-27 13:44:21,913] {models.py:1428} INFO - Executing <Task(BashOperator): templated> on 2015-06-20 00:00:00
[2018-08-27 13:44:21,913] {base_task_runner.py:115} INFO - Running: ['bash', '-c', 'airflow run tutorial templated 2015-06-20T00:00:00 --job_id 99 --raw -sd DAGS_FOLDER/tutorial.py']
[2018-08-27 13:44:22,149] {base_task_runner.py:98} INFO - Subtask: [2018-08-27 13:44:22,149] {driver.py:120} INFO - Generating grammar tables from /usr/lib/python3.5/lib2to3/Grammar.txt
[2018-08-27 13:44:22,183] {base_task_runner.py:98} INFO - Subtask: [2018-08-27 13:44:22,183] {driver.py:120} INFO - Generating grammar tables from /usr/lib/python3.5/lib2to3/PatternGrammar.txt
[2018-08-27 13:44:22,288] {base_task_runner.py:98} INFO - Subtask: [2018-08-27 13:44:22,288] {__init__.py:45} INFO - Using executor SequentialExecutor
[2018-08-27 13:44:22,321] {base_task_runner.py:98} INFO - Subtask: [2018-08-27 13:44:22,321] {models.py:189} INFO - Filling up the DagBag from /home/silverlight/Projects/Minikube-deploy/airflow-project/dags/tutorial.py
[2018-08-27 13:44:22,348] {cli.py:374} INFO - Running on host silverlight
[2018-08-27 13:44:22,361] {base_task_runner.py:98} INFO - Subtask: [2018-08-27 13:44:22,361] {bash_operator.py:70} INFO - Tmp dir root location: 
[2018-08-27 13:44:22,361] {base_task_runner.py:98} INFO - Subtask:  /tmp
[2018-08-27 13:44:22,361] {base_task_runner.py:98} INFO - Subtask: [2018-08-27 13:44:22,361] {bash_operator.py:80} INFO - Temporary script location: /tmp/airflowtmp0e07w3e8//tmp/airflowtmp0e07w3e8/templated9vcp96al
[2018-08-27 13:44:22,361] {base_task_runner.py:98} INFO - Subtask: [2018-08-27 13:44:22,361] {bash_operator.py:88} INFO - Running command: 
[2018-08-27 13:44:22,361] {base_task_runner.py:98} INFO - Subtask:     
[2018-08-27 13:44:22,361] {base_task_runner.py:98} INFO - Subtask:         echo "2015-06-20"
[2018-08-27 13:44:22,361] {base_task_runner.py:98} INFO - Subtask:         echo "2015-06-27"
[2018-08-27 13:44:22,361] {base_task_runner.py:98} INFO - Subtask:         echo "Parameter I passed in"
[2018-08-27 13:44:22,361] {base_task_runner.py:98} INFO - Subtask:     
[2018-08-27 13:44:22,362] {base_task_runner.py:98} INFO - Subtask:         echo "2015-06-20"
[2018-08-27 13:44:22,362] {base_task_runner.py:98} INFO - Subtask:         echo "2015-06-27"
[2018-08-27 13:44:22,362] {base_task_runner.py:98} INFO - Subtask:         echo "Parameter I passed in"
[2018-08-27 13:44:22,362] {base_task_runner.py:98} INFO - Subtask:     
[2018-08-27 13:44:22,362] {base_task_runner.py:98} INFO - Subtask:         echo "2015-06-20"
[2018-08-27 13:44:22,362] {base_task_runner.py:98} INFO - Subtask:         echo "2015-06-27"
[2018-08-27 13:44:22,362] {base_task_runner.py:98} INFO - Subtask:         echo "Parameter I passed in"
[2018-08-27 13:44:22,362] {base_task_runner.py:98} INFO - Subtask:     
[2018-08-27 13:44:22,362] {base_task_runner.py:98} INFO - Subtask:         echo "2015-06-20"
[2018-08-27 13:44:22,362] {base_task_runner.py:98} INFO - Subtask:         echo "2015-06-27"
[2018-08-27 13:44:22,362] {base_task_runner.py:98} INFO - Subtask:         echo "Parameter I passed in"
[2018-08-27 13:44:22,362] {base_task_runner.py:98} INFO - Subtask:     
[2018-08-27 13:44:22,362] {base_task_runner.py:98} INFO - Subtask:         echo "2015-06-20"
[2018-08-27 13:44:22,362] {base_task_runner.py:98} INFO - Subtask:         echo "2015-06-27"
[2018-08-27 13:44:22,362] {base_task_runner.py:98} INFO - Subtask:         echo "Parameter I passed in"
[2018-08-27 13:44:22,363] {base_task_runner.py:98} INFO - Subtask:     
[2018-08-27 13:44:22,364] {base_task_runner.py:98} INFO - Subtask: [2018-08-27 13:44:22,364] {bash_operator.py:97} INFO - Output:
[2018-08-27 13:44:22,365] {base_task_runner.py:98} INFO - Subtask: [2018-08-27 13:44:22,364] {bash_operator.py:101} INFO - 2015-06-20
[2018-08-27 13:44:22,365] {base_task_runner.py:98} INFO - Subtask: [2018-08-27 13:44:22,364] {bash_operator.py:101} INFO - 2015-06-27
[2018-08-27 13:44:22,365] {base_task_runner.py:98} INFO - Subtask: [2018-08-27 13:44:22,365] {bash_operator.py:101} INFO - Parameter I passed in
[2018-08-27 13:44:22,365] {base_task_runner.py:98} INFO - Subtask: [2018-08-27 13:44:22,365] {bash_operator.py:101} INFO - 2015-06-20
[2018-08-27 13:44:22,365] {base_task_runner.py:98} INFO - Subtask: [2018-08-27 13:44:22,365] {bash_operator.py:101} INFO - 2015-06-27
[2018-08-27 13:44:22,365] {base_task_runner.py:98} INFO - Subtask: [2018-08-27 13:44:22,365] {bash_operator.py:101} INFO - Parameter I passed in
[2018-08-27 13:44:22,365] {base_task_runner.py:98} INFO - Subtask: [2018-08-27 13:44:22,365] {bash_operator.py:101} INFO - 2015-06-20
[2018-08-27 13:44:22,365] {base_task_runner.py:98} INFO - Subtask: [2018-08-27 13:44:22,365] {bash_operator.py:101} INFO - 2015-06-27
[2018-08-27 13:44:22,365] {base_task_runner.py:98} INFO - Subtask: [2018-08-27 13:44:22,365] {bash_operator.py:101} INFO - Parameter I passed in
[2018-08-27 13:44:22,365] {base_task_runner.py:98} INFO - Subtask: [2018-08-27 13:44:22,365] {bash_operator.py:101} INFO - 2015-06-20
[2018-08-27 13:44:22,365] {base_task_runner.py:98} INFO - Subtask: [2018-08-27 13:44:22,365] {bash_operator.py:101} INFO - 2015-06-27
[2018-08-27 13:44:22,365] {base_task_runner.py:98} INFO - Subtask: [2018-08-27 13:44:22,365] {bash_operator.py:101} INFO - Parameter I passed in
[2018-08-27 13:44:22,365] {base_task_runner.py:98} INFO - Subtask: [2018-08-27 13:44:22,365] {bash_operator.py:101} INFO - 2015-06-20
[2018-08-27 13:44:22,366] {base_task_runner.py:98} INFO - Subtask: [2018-08-27 13:44:22,365] {bash_operator.py:101} INFO - 2015-06-27
[2018-08-27 13:44:22,366] {base_task_runner.py:98} INFO - Subtask: [2018-08-27 13:44:22,365] {bash_operator.py:101} INFO - Parameter I passed in
[2018-08-27 13:44:22,366] {base_task_runner.py:98} INFO - Subtask: [2018-08-27 13:44:22,365] {bash_operator.py:105} INFO - Command exited with return code 0
