[2018-08-27 13:42:26,568] {cli.py:374} INFO - Running on host silverlight
[2018-08-27 13:42:26,653] {models.py:1197} INFO - Dependencies all met for <TaskInstance: tutorial.sleep 2015-06-17 00:00:00 [queued]>
[2018-08-27 13:42:26,658] {models.py:1197} INFO - Dependencies all met for <TaskInstance: tutorial.sleep 2015-06-17 00:00:00 [queued]>
[2018-08-27 13:42:26,658] {models.py:1407} INFO - 
--------------------------------------------------------------------------------
Starting attempt 1 of 4
--------------------------------------------------------------------------------

[2018-08-27 13:42:26,926] {models.py:1428} INFO - Executing <Task(BashOperator): sleep> on 2015-06-17 00:00:00
[2018-08-27 13:42:26,927] {base_task_runner.py:115} INFO - Running: ['bash', '-c', 'airflow run tutorial sleep 2015-06-17T00:00:00 --job_id 83 --raw -sd DAGS_FOLDER/tutorial.py']
[2018-08-27 13:42:27,272] {base_task_runner.py:98} INFO - Subtask: [2018-08-27 13:42:27,272] {driver.py:120} INFO - Generating grammar tables from /usr/lib/python3.5/lib2to3/Grammar.txt
[2018-08-27 13:42:27,319] {base_task_runner.py:98} INFO - Subtask: [2018-08-27 13:42:27,319] {driver.py:120} INFO - Generating grammar tables from /usr/lib/python3.5/lib2to3/PatternGrammar.txt
[2018-08-27 13:42:27,434] {base_task_runner.py:98} INFO - Subtask: [2018-08-27 13:42:27,433] {__init__.py:45} INFO - Using executor SequentialExecutor
[2018-08-27 13:42:27,470] {base_task_runner.py:98} INFO - Subtask: [2018-08-27 13:42:27,470] {models.py:189} INFO - Filling up the DagBag from /home/silverlight/Projects/Minikube-deploy/airflow-project/dags/tutorial.py
[2018-08-27 13:42:27,502] {cli.py:374} INFO - Running on host silverlight
[2018-08-27 13:42:27,513] {base_task_runner.py:98} INFO - Subtask: [2018-08-27 13:42:27,513] {bash_operator.py:70} INFO - Tmp dir root location: 
[2018-08-27 13:42:27,514] {base_task_runner.py:98} INFO - Subtask:  /tmp
[2018-08-27 13:42:27,514] {base_task_runner.py:98} INFO - Subtask: [2018-08-27 13:42:27,514] {bash_operator.py:80} INFO - Temporary script location: /tmp/airflowtmpuv0zzp39//tmp/airflowtmpuv0zzp39/sleep58aq12xi
[2018-08-27 13:42:27,514] {base_task_runner.py:98} INFO - Subtask: [2018-08-27 13:42:27,514] {bash_operator.py:88} INFO - Running command: sleep 5
[2018-08-27 13:42:27,516] {base_task_runner.py:98} INFO - Subtask: [2018-08-27 13:42:27,516] {bash_operator.py:97} INFO - Output:
[2018-08-27 13:42:32,519] {base_task_runner.py:98} INFO - Subtask: [2018-08-27 13:42:32,518] {bash_operator.py:105} INFO - Command exited with return code 0
