[2018-08-27 13:59:43,939] {cli.py:374} INFO - Running on host silverlight
[2018-08-27 13:59:44,047] {models.py:1197} INFO - Dependencies all met for <TaskInstance: tutorial.templated 2015-07-16 00:00:00 [queued]>
[2018-08-27 13:59:44,052] {models.py:1197} INFO - Dependencies all met for <TaskInstance: tutorial.templated 2015-07-16 00:00:00 [queued]>
[2018-08-27 13:59:44,052] {models.py:1407} INFO - 
--------------------------------------------------------------------------------
Starting attempt 1 of 2
--------------------------------------------------------------------------------

[2018-08-27 13:59:44,106] {models.py:1428} INFO - Executing <Task(BashOperator): templated> on 2015-07-16 00:00:00
[2018-08-27 13:59:44,106] {base_task_runner.py:115} INFO - Running: ['bash', '-c', 'airflow run tutorial templated 2015-07-16T00:00:00 --job_id 218 --raw -sd DAGS_FOLDER/tutorial.py']
[2018-08-27 13:59:44,353] {base_task_runner.py:98} INFO - Subtask: [2018-08-27 13:59:44,352] {driver.py:120} INFO - Generating grammar tables from /usr/lib/python3.5/lib2to3/Grammar.txt
[2018-08-27 13:59:44,385] {base_task_runner.py:98} INFO - Subtask: [2018-08-27 13:59:44,385] {driver.py:120} INFO - Generating grammar tables from /usr/lib/python3.5/lib2to3/PatternGrammar.txt
[2018-08-27 13:59:44,496] {base_task_runner.py:98} INFO - Subtask: [2018-08-27 13:59:44,496] {__init__.py:45} INFO - Using executor SequentialExecutor
[2018-08-27 13:59:44,531] {base_task_runner.py:98} INFO - Subtask: [2018-08-27 13:59:44,530] {models.py:189} INFO - Filling up the DagBag from /home/silverlight/Projects/Minikube-deploy/airflow-project/dags/tutorial.py
[2018-08-27 13:59:44,560] {cli.py:374} INFO - Running on host silverlight
[2018-08-27 13:59:44,574] {base_task_runner.py:98} INFO - Subtask: [2018-08-27 13:59:44,573] {bash_operator.py:70} INFO - Tmp dir root location: 
[2018-08-27 13:59:44,574] {base_task_runner.py:98} INFO - Subtask:  /tmp
[2018-08-27 13:59:44,574] {base_task_runner.py:98} INFO - Subtask: [2018-08-27 13:59:44,574] {bash_operator.py:80} INFO - Temporary script location: /tmp/airflowtmpqr3dxqis//tmp/airflowtmpqr3dxqis/templatedvkpvvqfp
[2018-08-27 13:59:44,574] {base_task_runner.py:98} INFO - Subtask: [2018-08-27 13:59:44,574] {bash_operator.py:88} INFO - Running command: 
[2018-08-27 13:59:44,574] {base_task_runner.py:98} INFO - Subtask:     
[2018-08-27 13:59:44,574] {base_task_runner.py:98} INFO - Subtask:         echo "2015-07-16"
[2018-08-27 13:59:44,574] {base_task_runner.py:98} INFO - Subtask:         echo "2015-07-23"
[2018-08-27 13:59:44,574] {base_task_runner.py:98} INFO - Subtask:         echo "Parameter I passed in"
[2018-08-27 13:59:44,574] {base_task_runner.py:98} INFO - Subtask:     
[2018-08-27 13:59:44,574] {base_task_runner.py:98} INFO - Subtask:         echo "2015-07-16"
[2018-08-27 13:59:44,574] {base_task_runner.py:98} INFO - Subtask:         echo "2015-07-23"
[2018-08-27 13:59:44,574] {base_task_runner.py:98} INFO - Subtask:         echo "Parameter I passed in"
[2018-08-27 13:59:44,575] {base_task_runner.py:98} INFO - Subtask:     
[2018-08-27 13:59:44,575] {base_task_runner.py:98} INFO - Subtask:         echo "2015-07-16"
[2018-08-27 13:59:44,575] {base_task_runner.py:98} INFO - Subtask:         echo "2015-07-23"
[2018-08-27 13:59:44,575] {base_task_runner.py:98} INFO - Subtask:         echo "Parameter I passed in"
[2018-08-27 13:59:44,575] {base_task_runner.py:98} INFO - Subtask:     
[2018-08-27 13:59:44,575] {base_task_runner.py:98} INFO - Subtask:         echo "2015-07-16"
[2018-08-27 13:59:44,575] {base_task_runner.py:98} INFO - Subtask:         echo "2015-07-23"
[2018-08-27 13:59:44,575] {base_task_runner.py:98} INFO - Subtask:         echo "Parameter I passed in"
[2018-08-27 13:59:44,575] {base_task_runner.py:98} INFO - Subtask:     
[2018-08-27 13:59:44,575] {base_task_runner.py:98} INFO - Subtask:         echo "2015-07-16"
[2018-08-27 13:59:44,575] {base_task_runner.py:98} INFO - Subtask:         echo "2015-07-23"
[2018-08-27 13:59:44,575] {base_task_runner.py:98} INFO - Subtask:         echo "Parameter I passed in"
[2018-08-27 13:59:44,575] {base_task_runner.py:98} INFO - Subtask:     
[2018-08-27 13:59:44,577] {base_task_runner.py:98} INFO - Subtask: [2018-08-27 13:59:44,577] {bash_operator.py:97} INFO - Output:
[2018-08-27 13:59:44,578] {base_task_runner.py:98} INFO - Subtask: [2018-08-27 13:59:44,578] {bash_operator.py:101} INFO - 2015-07-16
[2018-08-27 13:59:44,578] {base_task_runner.py:98} INFO - Subtask: [2018-08-27 13:59:44,578] {bash_operator.py:101} INFO - 2015-07-23
[2018-08-27 13:59:44,578] {base_task_runner.py:98} INFO - Subtask: [2018-08-27 13:59:44,578] {bash_operator.py:101} INFO - Parameter I passed in
[2018-08-27 13:59:44,578] {base_task_runner.py:98} INFO - Subtask: [2018-08-27 13:59:44,578] {bash_operator.py:101} INFO - 2015-07-16
[2018-08-27 13:59:44,578] {base_task_runner.py:98} INFO - Subtask: [2018-08-27 13:59:44,578] {bash_operator.py:101} INFO - 2015-07-23
[2018-08-27 13:59:44,578] {base_task_runner.py:98} INFO - Subtask: [2018-08-27 13:59:44,578] {bash_operator.py:101} INFO - Parameter I passed in
[2018-08-27 13:59:44,578] {base_task_runner.py:98} INFO - Subtask: [2018-08-27 13:59:44,578] {bash_operator.py:101} INFO - 2015-07-16
[2018-08-27 13:59:44,579] {base_task_runner.py:98} INFO - Subtask: [2018-08-27 13:59:44,578] {bash_operator.py:101} INFO - 2015-07-23
[2018-08-27 13:59:44,579] {base_task_runner.py:98} INFO - Subtask: [2018-08-27 13:59:44,578] {bash_operator.py:101} INFO - Parameter I passed in
[2018-08-27 13:59:44,579] {base_task_runner.py:98} INFO - Subtask: [2018-08-27 13:59:44,578] {bash_operator.py:101} INFO - 2015-07-16
[2018-08-27 13:59:44,579] {base_task_runner.py:98} INFO - Subtask: [2018-08-27 13:59:44,578] {bash_operator.py:101} INFO - 2015-07-23
[2018-08-27 13:59:44,579] {base_task_runner.py:98} INFO - Subtask: [2018-08-27 13:59:44,578] {bash_operator.py:101} INFO - Parameter I passed in
[2018-08-27 13:59:44,579] {base_task_runner.py:98} INFO - Subtask: [2018-08-27 13:59:44,578] {bash_operator.py:101} INFO - 2015-07-16
[2018-08-27 13:59:44,579] {base_task_runner.py:98} INFO - Subtask: [2018-08-27 13:59:44,579] {bash_operator.py:101} INFO - 2015-07-23
[2018-08-27 13:59:44,579] {base_task_runner.py:98} INFO - Subtask: [2018-08-27 13:59:44,579] {bash_operator.py:101} INFO - Parameter I passed in
[2018-08-27 13:59:44,579] {base_task_runner.py:98} INFO - Subtask: [2018-08-27 13:59:44,579] {bash_operator.py:105} INFO - Command exited with return code 0
