[2018-08-27 13:41:56,946] {cli.py:374} INFO - Running on host silverlight
[2018-08-27 13:41:57,001] {models.py:1197} INFO - Dependencies all met for <TaskInstance: tutorial.templated 2015-06-16 00:00:00 [queued]>
[2018-08-27 13:41:57,005] {models.py:1197} INFO - Dependencies all met for <TaskInstance: tutorial.templated 2015-06-16 00:00:00 [queued]>
[2018-08-27 13:41:57,005] {models.py:1407} INFO - 
--------------------------------------------------------------------------------
Starting attempt 1 of 2
--------------------------------------------------------------------------------

[2018-08-27 13:41:57,094] {models.py:1428} INFO - Executing <Task(BashOperator): templated> on 2015-06-16 00:00:00
[2018-08-27 13:41:57,095] {base_task_runner.py:115} INFO - Running: ['bash', '-c', 'airflow run tutorial templated 2015-06-16T00:00:00 --job_id 78 --raw -sd DAGS_FOLDER/tutorial.py']
[2018-08-27 13:41:57,336] {base_task_runner.py:98} INFO - Subtask: [2018-08-27 13:41:57,336] {driver.py:120} INFO - Generating grammar tables from /usr/lib/python3.5/lib2to3/Grammar.txt
[2018-08-27 13:41:57,379] {base_task_runner.py:98} INFO - Subtask: [2018-08-27 13:41:57,378] {driver.py:120} INFO - Generating grammar tables from /usr/lib/python3.5/lib2to3/PatternGrammar.txt
[2018-08-27 13:41:57,493] {base_task_runner.py:98} INFO - Subtask: [2018-08-27 13:41:57,493] {__init__.py:45} INFO - Using executor SequentialExecutor
[2018-08-27 13:41:57,524] {base_task_runner.py:98} INFO - Subtask: [2018-08-27 13:41:57,524] {models.py:189} INFO - Filling up the DagBag from /home/silverlight/Projects/Minikube-deploy/airflow-project/dags/tutorial.py
[2018-08-27 13:41:57,550] {cli.py:374} INFO - Running on host silverlight
[2018-08-27 13:41:57,562] {base_task_runner.py:98} INFO - Subtask: [2018-08-27 13:41:57,562] {bash_operator.py:70} INFO - Tmp dir root location: 
[2018-08-27 13:41:57,562] {base_task_runner.py:98} INFO - Subtask:  /tmp
[2018-08-27 13:41:57,562] {base_task_runner.py:98} INFO - Subtask: [2018-08-27 13:41:57,562] {bash_operator.py:80} INFO - Temporary script location: /tmp/airflowtmp4fyf42t7//tmp/airflowtmp4fyf42t7/templated5ja17ejw
[2018-08-27 13:41:57,562] {base_task_runner.py:98} INFO - Subtask: [2018-08-27 13:41:57,562] {bash_operator.py:88} INFO - Running command: 
[2018-08-27 13:41:57,562] {base_task_runner.py:98} INFO - Subtask:     
[2018-08-27 13:41:57,562] {base_task_runner.py:98} INFO - Subtask:         echo "2015-06-16"
[2018-08-27 13:41:57,563] {base_task_runner.py:98} INFO - Subtask:         echo "2015-06-23"
[2018-08-27 13:41:57,563] {base_task_runner.py:98} INFO - Subtask:         echo "Parameter I passed in"
[2018-08-27 13:41:57,563] {base_task_runner.py:98} INFO - Subtask:     
[2018-08-27 13:41:57,563] {base_task_runner.py:98} INFO - Subtask:         echo "2015-06-16"
[2018-08-27 13:41:57,563] {base_task_runner.py:98} INFO - Subtask:         echo "2015-06-23"
[2018-08-27 13:41:57,563] {base_task_runner.py:98} INFO - Subtask:         echo "Parameter I passed in"
[2018-08-27 13:41:57,563] {base_task_runner.py:98} INFO - Subtask:     
[2018-08-27 13:41:57,563] {base_task_runner.py:98} INFO - Subtask:         echo "2015-06-16"
[2018-08-27 13:41:57,563] {base_task_runner.py:98} INFO - Subtask:         echo "2015-06-23"
[2018-08-27 13:41:57,563] {base_task_runner.py:98} INFO - Subtask:         echo "Parameter I passed in"
[2018-08-27 13:41:57,563] {base_task_runner.py:98} INFO - Subtask:     
[2018-08-27 13:41:57,563] {base_task_runner.py:98} INFO - Subtask:         echo "2015-06-16"
[2018-08-27 13:41:57,563] {base_task_runner.py:98} INFO - Subtask:         echo "2015-06-23"
[2018-08-27 13:41:57,563] {base_task_runner.py:98} INFO - Subtask:         echo "Parameter I passed in"
[2018-08-27 13:41:57,564] {base_task_runner.py:98} INFO - Subtask:     
[2018-08-27 13:41:57,564] {base_task_runner.py:98} INFO - Subtask:         echo "2015-06-16"
[2018-08-27 13:41:57,564] {base_task_runner.py:98} INFO - Subtask:         echo "2015-06-23"
[2018-08-27 13:41:57,564] {base_task_runner.py:98} INFO - Subtask:         echo "Parameter I passed in"
[2018-08-27 13:41:57,564] {base_task_runner.py:98} INFO - Subtask:     
[2018-08-27 13:41:57,565] {base_task_runner.py:98} INFO - Subtask: [2018-08-27 13:41:57,565] {bash_operator.py:97} INFO - Output:
[2018-08-27 13:41:57,566] {base_task_runner.py:98} INFO - Subtask: [2018-08-27 13:41:57,566] {bash_operator.py:101} INFO - 2015-06-16
[2018-08-27 13:41:57,566] {base_task_runner.py:98} INFO - Subtask: [2018-08-27 13:41:57,566] {bash_operator.py:101} INFO - 2015-06-23
[2018-08-27 13:41:57,566] {base_task_runner.py:98} INFO - Subtask: [2018-08-27 13:41:57,566] {bash_operator.py:101} INFO - Parameter I passed in
[2018-08-27 13:41:57,566] {base_task_runner.py:98} INFO - Subtask: [2018-08-27 13:41:57,566] {bash_operator.py:101} INFO - 2015-06-16
[2018-08-27 13:41:57,566] {base_task_runner.py:98} INFO - Subtask: [2018-08-27 13:41:57,566] {bash_operator.py:101} INFO - 2015-06-23
[2018-08-27 13:41:57,567] {base_task_runner.py:98} INFO - Subtask: [2018-08-27 13:41:57,566] {bash_operator.py:101} INFO - Parameter I passed in
[2018-08-27 13:41:57,567] {base_task_runner.py:98} INFO - Subtask: [2018-08-27 13:41:57,566] {bash_operator.py:101} INFO - 2015-06-16
[2018-08-27 13:41:57,567] {base_task_runner.py:98} INFO - Subtask: [2018-08-27 13:41:57,566] {bash_operator.py:101} INFO - 2015-06-23
[2018-08-27 13:41:57,567] {base_task_runner.py:98} INFO - Subtask: [2018-08-27 13:41:57,566] {bash_operator.py:101} INFO - Parameter I passed in
[2018-08-27 13:41:57,567] {base_task_runner.py:98} INFO - Subtask: [2018-08-27 13:41:57,566] {bash_operator.py:101} INFO - 2015-06-16
[2018-08-27 13:41:57,567] {base_task_runner.py:98} INFO - Subtask: [2018-08-27 13:41:57,566] {bash_operator.py:101} INFO - 2015-06-23
[2018-08-27 13:41:57,567] {base_task_runner.py:98} INFO - Subtask: [2018-08-27 13:41:57,566] {bash_operator.py:101} INFO - Parameter I passed in
[2018-08-27 13:41:57,567] {base_task_runner.py:98} INFO - Subtask: [2018-08-27 13:41:57,567] {bash_operator.py:101} INFO - 2015-06-16
[2018-08-27 13:41:57,567] {base_task_runner.py:98} INFO - Subtask: [2018-08-27 13:41:57,567] {bash_operator.py:101} INFO - 2015-06-23
[2018-08-27 13:41:57,567] {base_task_runner.py:98} INFO - Subtask: [2018-08-27 13:41:57,567] {bash_operator.py:101} INFO - Parameter I passed in
[2018-08-27 13:41:57,567] {base_task_runner.py:98} INFO - Subtask: [2018-08-27 13:41:57,567] {bash_operator.py:105} INFO - Command exited with return code 0
