[2018-08-27 13:44:28,908] {cli.py:374} INFO - Running on host silverlight
[2018-08-27 13:44:29,592] {models.py:1197} INFO - Dependencies all met for <TaskInstance: tutorial.print_date 2015-06-23 00:00:00 [queued]>
[2018-08-27 13:44:29,594] {models.py:1197} INFO - Dependencies all met for <TaskInstance: tutorial.print_date 2015-06-23 00:00:00 [queued]>
[2018-08-27 13:44:29,594] {models.py:1407} INFO - 
--------------------------------------------------------------------------------
Starting attempt 1 of 2
--------------------------------------------------------------------------------

[2018-08-27 13:44:29,650] {models.py:1428} INFO - Executing <Task(BashOperator): print_date> on 2015-06-23 00:00:00
[2018-08-27 13:44:29,651] {base_task_runner.py:115} INFO - Running: ['bash', '-c', 'airflow run tutorial print_date 2015-06-23T00:00:00 --job_id 100 --raw -sd DAGS_FOLDER/tutorial.py']
[2018-08-27 13:44:29,939] {base_task_runner.py:98} INFO - Subtask: [2018-08-27 13:44:29,938] {driver.py:120} INFO - Generating grammar tables from /usr/lib/python3.5/lib2to3/Grammar.txt
[2018-08-27 13:44:29,971] {base_task_runner.py:98} INFO - Subtask: [2018-08-27 13:44:29,971] {driver.py:120} INFO - Generating grammar tables from /usr/lib/python3.5/lib2to3/PatternGrammar.txt
[2018-08-27 13:44:30,091] {base_task_runner.py:98} INFO - Subtask: [2018-08-27 13:44:30,090] {__init__.py:45} INFO - Using executor SequentialExecutor
[2018-08-27 13:44:30,128] {base_task_runner.py:98} INFO - Subtask: [2018-08-27 13:44:30,128] {models.py:189} INFO - Filling up the DagBag from /home/silverlight/Projects/Minikube-deploy/airflow-project/dags/tutorial.py
[2018-08-27 13:44:30,158] {cli.py:374} INFO - Running on host silverlight
[2018-08-27 13:44:30,171] {base_task_runner.py:98} INFO - Subtask: [2018-08-27 13:44:30,170] {bash_operator.py:70} INFO - Tmp dir root location: 
[2018-08-27 13:44:30,171] {base_task_runner.py:98} INFO - Subtask:  /tmp
[2018-08-27 13:44:30,171] {base_task_runner.py:98} INFO - Subtask: [2018-08-27 13:44:30,171] {bash_operator.py:80} INFO - Temporary script location: /tmp/airflowtmphg7y0nhf//tmp/airflowtmphg7y0nhf/print_dates7c85_4l
[2018-08-27 13:44:30,171] {base_task_runner.py:98} INFO - Subtask: [2018-08-27 13:44:30,171] {bash_operator.py:88} INFO - Running command: date
[2018-08-27 13:44:30,175] {base_task_runner.py:98} INFO - Subtask: [2018-08-27 13:44:30,175] {bash_operator.py:97} INFO - Output:
[2018-08-27 13:44:30,176] {base_task_runner.py:98} INFO - Subtask: [2018-08-27 13:44:30,176] {bash_operator.py:101} INFO - Thứ hai, 27 Tháng tám năm 2018 13:44:30 +07
[2018-08-27 13:44:30,177] {base_task_runner.py:98} INFO - Subtask: [2018-08-27 13:44:30,176] {bash_operator.py:105} INFO - Command exited with return code 0
