[2018-08-27 14:01:58,137] {cli.py:374} INFO - Running on host silverlight
[2018-08-27 14:01:58,262] {models.py:1197} INFO - Dependencies all met for <TaskInstance: tutorial.print_date 2015-07-25 00:00:00 [queued]>
[2018-08-27 14:01:58,264] {models.py:1197} INFO - Dependencies all met for <TaskInstance: tutorial.print_date 2015-07-25 00:00:00 [queued]>
[2018-08-27 14:01:58,264] {models.py:1407} INFO - 
--------------------------------------------------------------------------------
Starting attempt 1 of 2
--------------------------------------------------------------------------------

[2018-08-27 14:01:58,323] {models.py:1428} INFO - Executing <Task(BashOperator): print_date> on 2015-07-25 00:00:00
[2018-08-27 14:01:58,324] {base_task_runner.py:115} INFO - Running: ['bash', '-c', 'airflow run tutorial print_date 2015-07-25T00:00:00 --job_id 237 --raw -sd DAGS_FOLDER/tutorial.py']
[2018-08-27 14:01:58,584] {base_task_runner.py:98} INFO - Subtask: [2018-08-27 14:01:58,583] {driver.py:120} INFO - Generating grammar tables from /usr/lib/python3.5/lib2to3/Grammar.txt
[2018-08-27 14:01:58,616] {base_task_runner.py:98} INFO - Subtask: [2018-08-27 14:01:58,616] {driver.py:120} INFO - Generating grammar tables from /usr/lib/python3.5/lib2to3/PatternGrammar.txt
[2018-08-27 14:01:58,723] {base_task_runner.py:98} INFO - Subtask: [2018-08-27 14:01:58,723] {__init__.py:45} INFO - Using executor SequentialExecutor
[2018-08-27 14:01:58,754] {base_task_runner.py:98} INFO - Subtask: [2018-08-27 14:01:58,754] {models.py:189} INFO - Filling up the DagBag from /home/silverlight/Projects/Minikube-deploy/airflow-project/dags/tutorial.py
[2018-08-27 14:01:58,782] {cli.py:374} INFO - Running on host silverlight
[2018-08-27 14:01:58,790] {base_task_runner.py:98} INFO - Subtask: [2018-08-27 14:01:58,790] {bash_operator.py:70} INFO - Tmp dir root location: 
[2018-08-27 14:01:58,790] {base_task_runner.py:98} INFO - Subtask:  /tmp
[2018-08-27 14:01:58,790] {base_task_runner.py:98} INFO - Subtask: [2018-08-27 14:01:58,790] {bash_operator.py:80} INFO - Temporary script location: /tmp/airflowtmpmknkqkx3//tmp/airflowtmpmknkqkx3/print_datejdogp8iw
[2018-08-27 14:01:58,790] {base_task_runner.py:98} INFO - Subtask: [2018-08-27 14:01:58,790] {bash_operator.py:88} INFO - Running command: date
[2018-08-27 14:01:58,793] {base_task_runner.py:98} INFO - Subtask: [2018-08-27 14:01:58,793] {bash_operator.py:97} INFO - Output:
[2018-08-27 14:01:58,794] {base_task_runner.py:98} INFO - Subtask: [2018-08-27 14:01:58,794] {bash_operator.py:101} INFO - Thứ hai, 27 Tháng tám năm 2018 14:01:58 +07
[2018-08-27 14:01:58,794] {base_task_runner.py:98} INFO - Subtask: [2018-08-27 14:01:58,794] {bash_operator.py:105} INFO - Command exited with return code 0
