[2018-08-27 13:37:14,706] {cli.py:374} INFO - Running on host silverlight
[2018-08-27 13:37:14,781] {models.py:1197} INFO - Dependencies all met for <TaskInstance: tutorial.sleep 2015-06-08 00:00:00 [queued]>
[2018-08-27 13:37:14,786] {models.py:1197} INFO - Dependencies all met for <TaskInstance: tutorial.sleep 2015-06-08 00:00:00 [queued]>
[2018-08-27 13:37:14,786] {models.py:1407} INFO - 
--------------------------------------------------------------------------------
Starting attempt 1 of 4
--------------------------------------------------------------------------------

[2018-08-27 13:37:14,822] {models.py:1428} INFO - Executing <Task(BashOperator): sleep> on 2015-06-08 00:00:00
[2018-08-27 13:37:14,823] {base_task_runner.py:115} INFO - Running: ['bash', '-c', 'airflow run tutorial sleep 2015-06-08T00:00:00 --job_id 38 --raw -sd DAGS_FOLDER/tutorial.py']
[2018-08-27 13:37:15,108] {base_task_runner.py:98} INFO - Subtask: [2018-08-27 13:37:15,108] {driver.py:120} INFO - Generating grammar tables from /usr/lib/python3.5/lib2to3/Grammar.txt
[2018-08-27 13:37:15,142] {base_task_runner.py:98} INFO - Subtask: [2018-08-27 13:37:15,142] {driver.py:120} INFO - Generating grammar tables from /usr/lib/python3.5/lib2to3/PatternGrammar.txt
[2018-08-27 13:37:15,290] {base_task_runner.py:98} INFO - Subtask: [2018-08-27 13:37:15,289] {__init__.py:45} INFO - Using executor SequentialExecutor
[2018-08-27 13:37:15,332] {base_task_runner.py:98} INFO - Subtask: [2018-08-27 13:37:15,332] {models.py:189} INFO - Filling up the DagBag from /home/silverlight/Projects/Minikube-deploy/airflow-project/dags/tutorial.py
[2018-08-27 13:37:15,369] {cli.py:374} INFO - Running on host silverlight
[2018-08-27 13:37:15,381] {base_task_runner.py:98} INFO - Subtask: [2018-08-27 13:37:15,381] {bash_operator.py:70} INFO - Tmp dir root location: 
[2018-08-27 13:37:15,381] {base_task_runner.py:98} INFO - Subtask:  /tmp
[2018-08-27 13:37:15,382] {base_task_runner.py:98} INFO - Subtask: [2018-08-27 13:37:15,381] {bash_operator.py:80} INFO - Temporary script location: /tmp/airflowtmp1251kybq//tmp/airflowtmp1251kybq/sleept_kwuf94
[2018-08-27 13:37:15,382] {base_task_runner.py:98} INFO - Subtask: [2018-08-27 13:37:15,381] {bash_operator.py:88} INFO - Running command: sleep 5
[2018-08-27 13:37:15,387] {base_task_runner.py:98} INFO - Subtask: [2018-08-27 13:37:15,387] {bash_operator.py:97} INFO - Output:
[2018-08-27 13:37:20,392] {base_task_runner.py:98} INFO - Subtask: [2018-08-27 13:37:20,390] {bash_operator.py:105} INFO - Command exited with return code 0
