[2018-08-27 13:51:52,766] {cli.py:374} INFO - Running on host silverlight
[2018-08-27 13:51:52,854] {models.py:1197} INFO - Dependencies all met for <TaskInstance: tutorial.print_date 2015-07-07 00:00:00 [queued]>
[2018-08-27 13:51:52,857] {models.py:1197} INFO - Dependencies all met for <TaskInstance: tutorial.print_date 2015-07-07 00:00:00 [queued]>
[2018-08-27 13:51:52,857] {models.py:1407} INFO - 
--------------------------------------------------------------------------------
Starting attempt 1 of 2
--------------------------------------------------------------------------------

[2018-08-27 13:51:52,898] {models.py:1428} INFO - Executing <Task(BashOperator): print_date> on 2015-07-07 00:00:00
[2018-08-27 13:51:52,898] {base_task_runner.py:115} INFO - Running: ['bash', '-c', 'airflow run tutorial print_date 2015-07-07T00:00:00 --job_id 162 --raw -sd DAGS_FOLDER/tutorial.py']
[2018-08-27 13:51:53,144] {base_task_runner.py:98} INFO - Subtask: [2018-08-27 13:51:53,143] {driver.py:120} INFO - Generating grammar tables from /usr/lib/python3.5/lib2to3/Grammar.txt
[2018-08-27 13:51:53,176] {base_task_runner.py:98} INFO - Subtask: [2018-08-27 13:51:53,176] {driver.py:120} INFO - Generating grammar tables from /usr/lib/python3.5/lib2to3/PatternGrammar.txt
[2018-08-27 13:51:53,281] {base_task_runner.py:98} INFO - Subtask: [2018-08-27 13:51:53,281] {__init__.py:45} INFO - Using executor SequentialExecutor
[2018-08-27 13:51:53,314] {base_task_runner.py:98} INFO - Subtask: [2018-08-27 13:51:53,313] {models.py:189} INFO - Filling up the DagBag from /home/silverlight/Projects/Minikube-deploy/airflow-project/dags/tutorial.py
[2018-08-27 13:51:53,341] {cli.py:374} INFO - Running on host silverlight
[2018-08-27 13:51:53,350] {base_task_runner.py:98} INFO - Subtask: [2018-08-27 13:51:53,350] {bash_operator.py:70} INFO - Tmp dir root location: 
[2018-08-27 13:51:53,350] {base_task_runner.py:98} INFO - Subtask:  /tmp
[2018-08-27 13:51:53,350] {base_task_runner.py:98} INFO - Subtask: [2018-08-27 13:51:53,350] {bash_operator.py:80} INFO - Temporary script location: /tmp/airflowtmp8ng7bnai//tmp/airflowtmp8ng7bnai/print_datedrcb2722
[2018-08-27 13:51:53,350] {base_task_runner.py:98} INFO - Subtask: [2018-08-27 13:51:53,350] {bash_operator.py:88} INFO - Running command: date
[2018-08-27 13:51:53,353] {base_task_runner.py:98} INFO - Subtask: [2018-08-27 13:51:53,353] {bash_operator.py:97} INFO - Output:
[2018-08-27 13:51:53,354] {base_task_runner.py:98} INFO - Subtask: [2018-08-27 13:51:53,354] {bash_operator.py:101} INFO - Thứ hai, 27 Tháng tám năm 2018 13:51:53 +07
[2018-08-27 13:51:53,354] {base_task_runner.py:98} INFO - Subtask: [2018-08-27 13:51:53,354] {bash_operator.py:105} INFO - Command exited with return code 0
