[2018-08-27 13:58:36,709] {cli.py:374} INFO - Running on host silverlight
[2018-08-27 13:58:36,762] {models.py:1197} INFO - Dependencies all met for <TaskInstance: tutorial.print_date 2015-07-19 00:00:00 [queued]>
[2018-08-27 13:58:36,764] {models.py:1197} INFO - Dependencies all met for <TaskInstance: tutorial.print_date 2015-07-19 00:00:00 [queued]>
[2018-08-27 13:58:36,764] {models.py:1407} INFO - 
--------------------------------------------------------------------------------
Starting attempt 1 of 2
--------------------------------------------------------------------------------

[2018-08-27 13:58:36,796] {models.py:1428} INFO - Executing <Task(BashOperator): print_date> on 2015-07-19 00:00:00
[2018-08-27 13:58:36,797] {base_task_runner.py:115} INFO - Running: ['bash', '-c', 'airflow run tutorial print_date 2015-07-19T00:00:00 --job_id 208 --raw -sd DAGS_FOLDER/tutorial.py']
[2018-08-27 13:58:37,046] {base_task_runner.py:98} INFO - Subtask: [2018-08-27 13:58:37,046] {driver.py:120} INFO - Generating grammar tables from /usr/lib/python3.5/lib2to3/Grammar.txt
[2018-08-27 13:58:37,083] {base_task_runner.py:98} INFO - Subtask: [2018-08-27 13:58:37,083] {driver.py:120} INFO - Generating grammar tables from /usr/lib/python3.5/lib2to3/PatternGrammar.txt
[2018-08-27 13:58:37,196] {base_task_runner.py:98} INFO - Subtask: [2018-08-27 13:58:37,195] {__init__.py:45} INFO - Using executor SequentialExecutor
[2018-08-27 13:58:37,231] {base_task_runner.py:98} INFO - Subtask: [2018-08-27 13:58:37,231] {models.py:189} INFO - Filling up the DagBag from /home/silverlight/Projects/Minikube-deploy/airflow-project/dags/tutorial.py
[2018-08-27 13:58:37,261] {cli.py:374} INFO - Running on host silverlight
[2018-08-27 13:58:37,270] {base_task_runner.py:98} INFO - Subtask: [2018-08-27 13:58:37,269] {bash_operator.py:70} INFO - Tmp dir root location: 
[2018-08-27 13:58:37,270] {base_task_runner.py:98} INFO - Subtask:  /tmp
[2018-08-27 13:58:37,270] {base_task_runner.py:98} INFO - Subtask: [2018-08-27 13:58:37,270] {bash_operator.py:80} INFO - Temporary script location: /tmp/airflowtmp36ucidij//tmp/airflowtmp36ucidij/print_dateo5fievai
[2018-08-27 13:58:37,270] {base_task_runner.py:98} INFO - Subtask: [2018-08-27 13:58:37,270] {bash_operator.py:88} INFO - Running command: date
[2018-08-27 13:58:37,273] {base_task_runner.py:98} INFO - Subtask: [2018-08-27 13:58:37,272] {bash_operator.py:97} INFO - Output:
[2018-08-27 13:58:37,274] {base_task_runner.py:98} INFO - Subtask: [2018-08-27 13:58:37,274] {bash_operator.py:101} INFO - Thứ hai, 27 Tháng tám năm 2018 13:58:37 +07
[2018-08-27 13:58:37,274] {base_task_runner.py:98} INFO - Subtask: [2018-08-27 13:58:37,274] {bash_operator.py:105} INFO - Command exited with return code 0
