[2018-08-27 13:32:34,592] {cli.py:374} INFO - Running on host silverlight
[2018-08-27 13:32:34,636] {models.py:1197} INFO - Dependencies all met for <TaskInstance: tutorial.print_date 2015-06-01 00:00:00 [queued]>
[2018-08-27 13:32:34,638] {models.py:1197} INFO - Dependencies all met for <TaskInstance: tutorial.print_date 2015-06-01 00:00:00 [queued]>
[2018-08-27 13:32:34,638] {models.py:1407} INFO - 
--------------------------------------------------------------------------------
Starting attempt 1 of 2
--------------------------------------------------------------------------------

[2018-08-27 13:32:34,665] {models.py:1428} INFO - Executing <Task(BashOperator): print_date> on 2015-06-01 00:00:00
[2018-08-27 13:32:34,665] {base_task_runner.py:115} INFO - Running: ['bash', '-c', 'airflow run tutorial print_date 2015-06-01T00:00:00 --job_id 4 --raw -sd DAGS_FOLDER/tutorial.py']
[2018-08-27 13:32:34,920] {base_task_runner.py:98} INFO - Subtask: [2018-08-27 13:32:34,920] {driver.py:120} INFO - Generating grammar tables from /usr/lib/python3.5/lib2to3/Grammar.txt
[2018-08-27 13:32:34,954] {base_task_runner.py:98} INFO - Subtask: [2018-08-27 13:32:34,953] {driver.py:120} INFO - Generating grammar tables from /usr/lib/python3.5/lib2to3/PatternGrammar.txt
[2018-08-27 13:32:35,065] {base_task_runner.py:98} INFO - Subtask: [2018-08-27 13:32:35,064] {__init__.py:45} INFO - Using executor SequentialExecutor
[2018-08-27 13:32:35,097] {base_task_runner.py:98} INFO - Subtask: [2018-08-27 13:32:35,097] {models.py:189} INFO - Filling up the DagBag from /home/silverlight/Projects/Minikube-deploy/airflow-project/dags/tutorial.py
[2018-08-27 13:32:35,126] {cli.py:374} INFO - Running on host silverlight
[2018-08-27 13:32:35,135] {base_task_runner.py:98} INFO - Subtask: [2018-08-27 13:32:35,135] {bash_operator.py:70} INFO - Tmp dir root location: 
[2018-08-27 13:32:35,135] {base_task_runner.py:98} INFO - Subtask:  /tmp
[2018-08-27 13:32:35,135] {base_task_runner.py:98} INFO - Subtask: [2018-08-27 13:32:35,135] {bash_operator.py:80} INFO - Temporary script location: /tmp/airflowtmp0mxxtksu//tmp/airflowtmp0mxxtksu/print_datemw7h2nqp
[2018-08-27 13:32:35,135] {base_task_runner.py:98} INFO - Subtask: [2018-08-27 13:32:35,135] {bash_operator.py:88} INFO - Running command: date
[2018-08-27 13:32:35,138] {base_task_runner.py:98} INFO - Subtask: [2018-08-27 13:32:35,138] {bash_operator.py:97} INFO - Output:
[2018-08-27 13:32:35,153] {base_task_runner.py:98} INFO - Subtask: [2018-08-27 13:32:35,153] {bash_operator.py:101} INFO - Thứ hai, 27 Tháng tám năm 2018 13:32:35 +07
[2018-08-27 13:32:35,154] {base_task_runner.py:98} INFO - Subtask: [2018-08-27 13:32:35,153] {bash_operator.py:105} INFO - Command exited with return code 0
