[2018-08-27 13:40:02,178] {cli.py:374} INFO - Running on host silverlight
[2018-08-27 13:40:02,220] {models.py:1197} INFO - Dependencies all met for <TaskInstance: tutorial.sleep 2015-06-13 00:00:00 [queued]>
[2018-08-27 13:40:02,226] {models.py:1197} INFO - Dependencies all met for <TaskInstance: tutorial.sleep 2015-06-13 00:00:00 [queued]>
[2018-08-27 13:40:02,226] {models.py:1407} INFO - 
--------------------------------------------------------------------------------
Starting attempt 1 of 4
--------------------------------------------------------------------------------

[2018-08-27 13:40:02,255] {models.py:1428} INFO - Executing <Task(BashOperator): sleep> on 2015-06-13 00:00:00
[2018-08-27 13:40:02,255] {base_task_runner.py:115} INFO - Running: ['bash', '-c', 'airflow run tutorial sleep 2015-06-13T00:00:00 --job_id 62 --raw -sd DAGS_FOLDER/tutorial.py']
[2018-08-27 13:40:02,501] {base_task_runner.py:98} INFO - Subtask: [2018-08-27 13:40:02,501] {driver.py:120} INFO - Generating grammar tables from /usr/lib/python3.5/lib2to3/Grammar.txt
[2018-08-27 13:40:02,533] {base_task_runner.py:98} INFO - Subtask: [2018-08-27 13:40:02,532] {driver.py:120} INFO - Generating grammar tables from /usr/lib/python3.5/lib2to3/PatternGrammar.txt
[2018-08-27 13:40:02,638] {base_task_runner.py:98} INFO - Subtask: [2018-08-27 13:40:02,637] {__init__.py:45} INFO - Using executor SequentialExecutor
[2018-08-27 13:40:02,668] {base_task_runner.py:98} INFO - Subtask: [2018-08-27 13:40:02,668] {models.py:189} INFO - Filling up the DagBag from /home/silverlight/Projects/Minikube-deploy/airflow-project/dags/tutorial.py
[2018-08-27 13:40:02,702] {cli.py:374} INFO - Running on host silverlight
[2018-08-27 13:40:02,712] {base_task_runner.py:98} INFO - Subtask: [2018-08-27 13:40:02,712] {bash_operator.py:70} INFO - Tmp dir root location: 
[2018-08-27 13:40:02,712] {base_task_runner.py:98} INFO - Subtask:  /tmp
[2018-08-27 13:40:02,712] {base_task_runner.py:98} INFO - Subtask: [2018-08-27 13:40:02,712] {bash_operator.py:80} INFO - Temporary script location: /tmp/airflowtmpga0uy111//tmp/airflowtmpga0uy111/sleepy0nhy59v
[2018-08-27 13:40:02,712] {base_task_runner.py:98} INFO - Subtask: [2018-08-27 13:40:02,712] {bash_operator.py:88} INFO - Running command: sleep 5
[2018-08-27 13:40:02,715] {base_task_runner.py:98} INFO - Subtask: [2018-08-27 13:40:02,715] {bash_operator.py:97} INFO - Output:
[2018-08-27 13:40:07,718] {base_task_runner.py:98} INFO - Subtask: [2018-08-27 13:40:07,717] {bash_operator.py:105} INFO - Command exited with return code 0
