[2018-08-27 13:58:53,694] {cli.py:374} INFO - Running on host silverlight
[2018-08-27 13:58:53,854] {models.py:1197} INFO - Dependencies all met for <TaskInstance: tutorial.templated 2015-07-18 00:00:00 [queued]>
[2018-08-27 13:58:53,858] {models.py:1197} INFO - Dependencies all met for <TaskInstance: tutorial.templated 2015-07-18 00:00:00 [queued]>
[2018-08-27 13:58:53,858] {models.py:1407} INFO - 
--------------------------------------------------------------------------------
Starting attempt 1 of 2
--------------------------------------------------------------------------------

[2018-08-27 13:58:53,888] {models.py:1428} INFO - Executing <Task(BashOperator): templated> on 2015-07-18 00:00:00
[2018-08-27 13:58:53,888] {base_task_runner.py:115} INFO - Running: ['bash', '-c', 'airflow run tutorial templated 2015-07-18T00:00:00 --job_id 211 --raw -sd DAGS_FOLDER/tutorial.py']
[2018-08-27 13:58:54,132] {base_task_runner.py:98} INFO - Subtask: [2018-08-27 13:58:54,131] {driver.py:120} INFO - Generating grammar tables from /usr/lib/python3.5/lib2to3/Grammar.txt
[2018-08-27 13:58:54,170] {base_task_runner.py:98} INFO - Subtask: [2018-08-27 13:58:54,170] {driver.py:120} INFO - Generating grammar tables from /usr/lib/python3.5/lib2to3/PatternGrammar.txt
[2018-08-27 13:58:54,286] {base_task_runner.py:98} INFO - Subtask: [2018-08-27 13:58:54,286] {__init__.py:45} INFO - Using executor SequentialExecutor
[2018-08-27 13:58:54,317] {base_task_runner.py:98} INFO - Subtask: [2018-08-27 13:58:54,317] {models.py:189} INFO - Filling up the DagBag from /home/silverlight/Projects/Minikube-deploy/airflow-project/dags/tutorial.py
[2018-08-27 13:58:54,346] {cli.py:374} INFO - Running on host silverlight
[2018-08-27 13:58:54,356] {base_task_runner.py:98} INFO - Subtask: [2018-08-27 13:58:54,356] {bash_operator.py:70} INFO - Tmp dir root location: 
[2018-08-27 13:58:54,357] {base_task_runner.py:98} INFO - Subtask:  /tmp
[2018-08-27 13:58:54,357] {base_task_runner.py:98} INFO - Subtask: [2018-08-27 13:58:54,357] {bash_operator.py:80} INFO - Temporary script location: /tmp/airflowtmp4azd5v0g//tmp/airflowtmp4azd5v0g/templated6ro4bd0_
[2018-08-27 13:58:54,357] {base_task_runner.py:98} INFO - Subtask: [2018-08-27 13:58:54,357] {bash_operator.py:88} INFO - Running command: 
[2018-08-27 13:58:54,357] {base_task_runner.py:98} INFO - Subtask:     
[2018-08-27 13:58:54,357] {base_task_runner.py:98} INFO - Subtask:         echo "2015-07-18"
[2018-08-27 13:58:54,357] {base_task_runner.py:98} INFO - Subtask:         echo "2015-07-25"
[2018-08-27 13:58:54,357] {base_task_runner.py:98} INFO - Subtask:         echo "Parameter I passed in"
[2018-08-27 13:58:54,357] {base_task_runner.py:98} INFO - Subtask:     
[2018-08-27 13:58:54,357] {base_task_runner.py:98} INFO - Subtask:         echo "2015-07-18"
[2018-08-27 13:58:54,357] {base_task_runner.py:98} INFO - Subtask:         echo "2015-07-25"
[2018-08-27 13:58:54,357] {base_task_runner.py:98} INFO - Subtask:         echo "Parameter I passed in"
[2018-08-27 13:58:54,357] {base_task_runner.py:98} INFO - Subtask:     
[2018-08-27 13:58:54,357] {base_task_runner.py:98} INFO - Subtask:         echo "2015-07-18"
[2018-08-27 13:58:54,357] {base_task_runner.py:98} INFO - Subtask:         echo "2015-07-25"
[2018-08-27 13:58:54,357] {base_task_runner.py:98} INFO - Subtask:         echo "Parameter I passed in"
[2018-08-27 13:58:54,357] {base_task_runner.py:98} INFO - Subtask:     
[2018-08-27 13:58:54,358] {base_task_runner.py:98} INFO - Subtask:         echo "2015-07-18"
[2018-08-27 13:58:54,358] {base_task_runner.py:98} INFO - Subtask:         echo "2015-07-25"
[2018-08-27 13:58:54,358] {base_task_runner.py:98} INFO - Subtask:         echo "Parameter I passed in"
[2018-08-27 13:58:54,358] {base_task_runner.py:98} INFO - Subtask:     
[2018-08-27 13:58:54,358] {base_task_runner.py:98} INFO - Subtask:         echo "2015-07-18"
[2018-08-27 13:58:54,358] {base_task_runner.py:98} INFO - Subtask:         echo "2015-07-25"
[2018-08-27 13:58:54,358] {base_task_runner.py:98} INFO - Subtask:         echo "Parameter I passed in"
[2018-08-27 13:58:54,358] {base_task_runner.py:98} INFO - Subtask:     
[2018-08-27 13:58:54,360] {base_task_runner.py:98} INFO - Subtask: [2018-08-27 13:58:54,360] {bash_operator.py:97} INFO - Output:
[2018-08-27 13:58:54,361] {base_task_runner.py:98} INFO - Subtask: [2018-08-27 13:58:54,361] {bash_operator.py:101} INFO - 2015-07-18
[2018-08-27 13:58:54,361] {base_task_runner.py:98} INFO - Subtask: [2018-08-27 13:58:54,361] {bash_operator.py:101} INFO - 2015-07-25
[2018-08-27 13:58:54,362] {base_task_runner.py:98} INFO - Subtask: [2018-08-27 13:58:54,362] {bash_operator.py:101} INFO - Parameter I passed in
[2018-08-27 13:58:54,362] {base_task_runner.py:98} INFO - Subtask: [2018-08-27 13:58:54,362] {bash_operator.py:101} INFO - 2015-07-18
[2018-08-27 13:58:54,362] {base_task_runner.py:98} INFO - Subtask: [2018-08-27 13:58:54,362] {bash_operator.py:101} INFO - 2015-07-25
[2018-08-27 13:58:54,362] {base_task_runner.py:98} INFO - Subtask: [2018-08-27 13:58:54,362] {bash_operator.py:101} INFO - Parameter I passed in
[2018-08-27 13:58:54,363] {base_task_runner.py:98} INFO - Subtask: [2018-08-27 13:58:54,362] {bash_operator.py:101} INFO - 2015-07-18
[2018-08-27 13:58:54,363] {base_task_runner.py:98} INFO - Subtask: [2018-08-27 13:58:54,362] {bash_operator.py:101} INFO - 2015-07-25
[2018-08-27 13:58:54,363] {base_task_runner.py:98} INFO - Subtask: [2018-08-27 13:58:54,362] {bash_operator.py:101} INFO - Parameter I passed in
[2018-08-27 13:58:54,363] {base_task_runner.py:98} INFO - Subtask: [2018-08-27 13:58:54,362] {bash_operator.py:101} INFO - 2015-07-18
[2018-08-27 13:58:54,363] {base_task_runner.py:98} INFO - Subtask: [2018-08-27 13:58:54,362] {bash_operator.py:101} INFO - 2015-07-25
[2018-08-27 13:58:54,364] {base_task_runner.py:98} INFO - Subtask: [2018-08-27 13:58:54,362] {bash_operator.py:101} INFO - Parameter I passed in
[2018-08-27 13:58:54,364] {base_task_runner.py:98} INFO - Subtask: [2018-08-27 13:58:54,362] {bash_operator.py:101} INFO - 2015-07-18
[2018-08-27 13:58:54,364] {base_task_runner.py:98} INFO - Subtask: [2018-08-27 13:58:54,362] {bash_operator.py:101} INFO - 2015-07-25
[2018-08-27 13:58:54,364] {base_task_runner.py:98} INFO - Subtask: [2018-08-27 13:58:54,362] {bash_operator.py:101} INFO - Parameter I passed in
[2018-08-27 13:58:54,364] {base_task_runner.py:98} INFO - Subtask: [2018-08-27 13:58:54,362] {bash_operator.py:105} INFO - Command exited with return code 0
