[2018-08-27 14:02:38,163] {cli.py:374} INFO - Running on host silverlight
[2018-08-27 14:02:38,243] {models.py:1197} INFO - Dependencies all met for <TaskInstance: tutorial.templated 2015-07-24 00:00:00 [queued]>
[2018-08-27 14:02:38,246] {models.py:1197} INFO - Dependencies all met for <TaskInstance: tutorial.templated 2015-07-24 00:00:00 [queued]>
[2018-08-27 14:02:38,246] {models.py:1407} INFO - 
--------------------------------------------------------------------------------
Starting attempt 1 of 2
--------------------------------------------------------------------------------

[2018-08-27 14:02:38,275] {models.py:1428} INFO - Executing <Task(BashOperator): templated> on 2015-07-24 00:00:00
[2018-08-27 14:02:38,276] {base_task_runner.py:115} INFO - Running: ['bash', '-c', 'airflow run tutorial templated 2015-07-24T00:00:00 --job_id 242 --raw -sd DAGS_FOLDER/tutorial.py']
[2018-08-27 14:02:38,535] {base_task_runner.py:98} INFO - Subtask: [2018-08-27 14:02:38,534] {driver.py:120} INFO - Generating grammar tables from /usr/lib/python3.5/lib2to3/Grammar.txt
[2018-08-27 14:02:38,570] {base_task_runner.py:98} INFO - Subtask: [2018-08-27 14:02:38,570] {driver.py:120} INFO - Generating grammar tables from /usr/lib/python3.5/lib2to3/PatternGrammar.txt
[2018-08-27 14:02:38,677] {base_task_runner.py:98} INFO - Subtask: [2018-08-27 14:02:38,677] {__init__.py:45} INFO - Using executor SequentialExecutor
[2018-08-27 14:02:38,708] {base_task_runner.py:98} INFO - Subtask: [2018-08-27 14:02:38,708] {models.py:189} INFO - Filling up the DagBag from /home/silverlight/Projects/Minikube-deploy/airflow-project/dags/tutorial.py
[2018-08-27 14:02:38,736] {cli.py:374} INFO - Running on host silverlight
[2018-08-27 14:02:38,747] {base_task_runner.py:98} INFO - Subtask: [2018-08-27 14:02:38,746] {bash_operator.py:70} INFO - Tmp dir root location: 
[2018-08-27 14:02:38,747] {base_task_runner.py:98} INFO - Subtask:  /tmp
[2018-08-27 14:02:38,747] {base_task_runner.py:98} INFO - Subtask: [2018-08-27 14:02:38,747] {bash_operator.py:80} INFO - Temporary script location: /tmp/airflowtmp8xvfc_65//tmp/airflowtmp8xvfc_65/templated2tlokwa4
[2018-08-27 14:02:38,747] {base_task_runner.py:98} INFO - Subtask: [2018-08-27 14:02:38,747] {bash_operator.py:88} INFO - Running command: 
[2018-08-27 14:02:38,747] {base_task_runner.py:98} INFO - Subtask:     
[2018-08-27 14:02:38,747] {base_task_runner.py:98} INFO - Subtask:         echo "2015-07-24"
[2018-08-27 14:02:38,747] {base_task_runner.py:98} INFO - Subtask:         echo "2015-07-31"
[2018-08-27 14:02:38,747] {base_task_runner.py:98} INFO - Subtask:         echo "Parameter I passed in"
[2018-08-27 14:02:38,747] {base_task_runner.py:98} INFO - Subtask:     
[2018-08-27 14:02:38,747] {base_task_runner.py:98} INFO - Subtask:         echo "2015-07-24"
[2018-08-27 14:02:38,747] {base_task_runner.py:98} INFO - Subtask:         echo "2015-07-31"
[2018-08-27 14:02:38,747] {base_task_runner.py:98} INFO - Subtask:         echo "Parameter I passed in"
[2018-08-27 14:02:38,748] {base_task_runner.py:98} INFO - Subtask:     
[2018-08-27 14:02:38,748] {base_task_runner.py:98} INFO - Subtask:         echo "2015-07-24"
[2018-08-27 14:02:38,748] {base_task_runner.py:98} INFO - Subtask:         echo "2015-07-31"
[2018-08-27 14:02:38,748] {base_task_runner.py:98} INFO - Subtask:         echo "Parameter I passed in"
[2018-08-27 14:02:38,748] {base_task_runner.py:98} INFO - Subtask:     
[2018-08-27 14:02:38,748] {base_task_runner.py:98} INFO - Subtask:         echo "2015-07-24"
[2018-08-27 14:02:38,748] {base_task_runner.py:98} INFO - Subtask:         echo "2015-07-31"
[2018-08-27 14:02:38,748] {base_task_runner.py:98} INFO - Subtask:         echo "Parameter I passed in"
[2018-08-27 14:02:38,748] {base_task_runner.py:98} INFO - Subtask:     
[2018-08-27 14:02:38,748] {base_task_runner.py:98} INFO - Subtask:         echo "2015-07-24"
[2018-08-27 14:02:38,748] {base_task_runner.py:98} INFO - Subtask:         echo "2015-07-31"
[2018-08-27 14:02:38,748] {base_task_runner.py:98} INFO - Subtask:         echo "Parameter I passed in"
[2018-08-27 14:02:38,748] {base_task_runner.py:98} INFO - Subtask:     
[2018-08-27 14:02:38,750] {base_task_runner.py:98} INFO - Subtask: [2018-08-27 14:02:38,750] {bash_operator.py:97} INFO - Output:
[2018-08-27 14:02:38,751] {base_task_runner.py:98} INFO - Subtask: [2018-08-27 14:02:38,751] {bash_operator.py:101} INFO - 2015-07-24
[2018-08-27 14:02:38,751] {base_task_runner.py:98} INFO - Subtask: [2018-08-27 14:02:38,751] {bash_operator.py:101} INFO - 2015-07-31
[2018-08-27 14:02:38,751] {base_task_runner.py:98} INFO - Subtask: [2018-08-27 14:02:38,751] {bash_operator.py:101} INFO - Parameter I passed in
[2018-08-27 14:02:38,751] {base_task_runner.py:98} INFO - Subtask: [2018-08-27 14:02:38,751] {bash_operator.py:101} INFO - 2015-07-24
[2018-08-27 14:02:38,751] {base_task_runner.py:98} INFO - Subtask: [2018-08-27 14:02:38,751] {bash_operator.py:101} INFO - 2015-07-31
[2018-08-27 14:02:38,751] {base_task_runner.py:98} INFO - Subtask: [2018-08-27 14:02:38,751] {bash_operator.py:101} INFO - Parameter I passed in
[2018-08-27 14:02:38,751] {base_task_runner.py:98} INFO - Subtask: [2018-08-27 14:02:38,751] {bash_operator.py:101} INFO - 2015-07-24
[2018-08-27 14:02:38,751] {base_task_runner.py:98} INFO - Subtask: [2018-08-27 14:02:38,751] {bash_operator.py:101} INFO - 2015-07-31
[2018-08-27 14:02:38,751] {base_task_runner.py:98} INFO - Subtask: [2018-08-27 14:02:38,751] {bash_operator.py:101} INFO - Parameter I passed in
[2018-08-27 14:02:38,752] {base_task_runner.py:98} INFO - Subtask: [2018-08-27 14:02:38,751] {bash_operator.py:101} INFO - 2015-07-24
[2018-08-27 14:02:38,752] {base_task_runner.py:98} INFO - Subtask: [2018-08-27 14:02:38,751] {bash_operator.py:101} INFO - 2015-07-31
[2018-08-27 14:02:38,752] {base_task_runner.py:98} INFO - Subtask: [2018-08-27 14:02:38,751] {bash_operator.py:101} INFO - Parameter I passed in
[2018-08-27 14:02:38,752] {base_task_runner.py:98} INFO - Subtask: [2018-08-27 14:02:38,751] {bash_operator.py:101} INFO - 2015-07-24
[2018-08-27 14:02:38,752] {base_task_runner.py:98} INFO - Subtask: [2018-08-27 14:02:38,751] {bash_operator.py:101} INFO - 2015-07-31
[2018-08-27 14:02:38,752] {base_task_runner.py:98} INFO - Subtask: [2018-08-27 14:02:38,751] {bash_operator.py:101} INFO - Parameter I passed in
[2018-08-27 14:02:38,752] {base_task_runner.py:98} INFO - Subtask: [2018-08-27 14:02:38,751] {bash_operator.py:105} INFO - Command exited with return code 0
