[2018-08-27 14:02:10,079] {cli.py:374} INFO - Running on host silverlight
[2018-08-27 14:02:10,126] {models.py:1197} INFO - Dependencies all met for <TaskInstance: tutorial.sleep 2015-07-23 00:00:00 [queued]>
[2018-08-27 14:02:10,131] {models.py:1197} INFO - Dependencies all met for <TaskInstance: tutorial.sleep 2015-07-23 00:00:00 [queued]>
[2018-08-27 14:02:10,131] {models.py:1407} INFO - 
--------------------------------------------------------------------------------
Starting attempt 1 of 4
--------------------------------------------------------------------------------

[2018-08-27 14:02:10,164] {models.py:1428} INFO - Executing <Task(BashOperator): sleep> on 2015-07-23 00:00:00
[2018-08-27 14:02:10,164] {base_task_runner.py:115} INFO - Running: ['bash', '-c', 'airflow run tutorial sleep 2015-07-23T00:00:00 --job_id 239 --raw -sd DAGS_FOLDER/tutorial.py']
[2018-08-27 14:02:10,404] {base_task_runner.py:98} INFO - Subtask: [2018-08-27 14:02:10,404] {driver.py:120} INFO - Generating grammar tables from /usr/lib/python3.5/lib2to3/Grammar.txt
[2018-08-27 14:02:10,436] {base_task_runner.py:98} INFO - Subtask: [2018-08-27 14:02:10,435] {driver.py:120} INFO - Generating grammar tables from /usr/lib/python3.5/lib2to3/PatternGrammar.txt
[2018-08-27 14:02:10,539] {base_task_runner.py:98} INFO - Subtask: [2018-08-27 14:02:10,539] {__init__.py:45} INFO - Using executor SequentialExecutor
[2018-08-27 14:02:10,572] {base_task_runner.py:98} INFO - Subtask: [2018-08-27 14:02:10,572] {models.py:189} INFO - Filling up the DagBag from /home/silverlight/Projects/Minikube-deploy/airflow-project/dags/tutorial.py
[2018-08-27 14:02:10,600] {cli.py:374} INFO - Running on host silverlight
[2018-08-27 14:02:10,609] {base_task_runner.py:98} INFO - Subtask: [2018-08-27 14:02:10,609] {bash_operator.py:70} INFO - Tmp dir root location: 
[2018-08-27 14:02:10,609] {base_task_runner.py:98} INFO - Subtask:  /tmp
[2018-08-27 14:02:10,609] {base_task_runner.py:98} INFO - Subtask: [2018-08-27 14:02:10,609] {bash_operator.py:80} INFO - Temporary script location: /tmp/airflowtmp8m7f0dc2//tmp/airflowtmp8m7f0dc2/sleepa3jhuqoa
[2018-08-27 14:02:10,609] {base_task_runner.py:98} INFO - Subtask: [2018-08-27 14:02:10,609] {bash_operator.py:88} INFO - Running command: sleep 5
[2018-08-27 14:02:10,612] {base_task_runner.py:98} INFO - Subtask: [2018-08-27 14:02:10,612] {bash_operator.py:97} INFO - Output:
[2018-08-27 14:02:15,616] {base_task_runner.py:98} INFO - Subtask: [2018-08-27 14:02:15,614] {bash_operator.py:105} INFO - Command exited with return code 0
