[2018-08-27 13:51:17,659] {cli.py:374} INFO - Running on host silverlight
[2018-08-27 13:51:17,717] {models.py:1197} INFO - Dependencies all met for <TaskInstance: tutorial.sleep 2015-07-03 00:00:00 [queued]>
[2018-08-27 13:51:17,722] {models.py:1197} INFO - Dependencies all met for <TaskInstance: tutorial.sleep 2015-07-03 00:00:00 [queued]>
[2018-08-27 13:51:17,722] {models.py:1407} INFO - 
--------------------------------------------------------------------------------
Starting attempt 1 of 4
--------------------------------------------------------------------------------

[2018-08-27 13:51:17,797] {models.py:1428} INFO - Executing <Task(BashOperator): sleep> on 2015-07-03 00:00:00
[2018-08-27 13:51:17,797] {base_task_runner.py:115} INFO - Running: ['bash', '-c', 'airflow run tutorial sleep 2015-07-03T00:00:00 --job_id 158 --raw -sd DAGS_FOLDER/tutorial.py']
[2018-08-27 13:51:18,068] {base_task_runner.py:98} INFO - Subtask: [2018-08-27 13:51:18,068] {driver.py:120} INFO - Generating grammar tables from /usr/lib/python3.5/lib2to3/Grammar.txt
[2018-08-27 13:51:18,105] {base_task_runner.py:98} INFO - Subtask: [2018-08-27 13:51:18,105] {driver.py:120} INFO - Generating grammar tables from /usr/lib/python3.5/lib2to3/PatternGrammar.txt
[2018-08-27 13:51:18,214] {base_task_runner.py:98} INFO - Subtask: [2018-08-27 13:51:18,214] {__init__.py:45} INFO - Using executor SequentialExecutor
[2018-08-27 13:51:18,247] {base_task_runner.py:98} INFO - Subtask: [2018-08-27 13:51:18,247] {models.py:189} INFO - Filling up the DagBag from /home/silverlight/Projects/Minikube-deploy/airflow-project/dags/tutorial.py
[2018-08-27 13:51:18,274] {cli.py:374} INFO - Running on host silverlight
[2018-08-27 13:51:18,284] {base_task_runner.py:98} INFO - Subtask: [2018-08-27 13:51:18,283] {bash_operator.py:70} INFO - Tmp dir root location: 
[2018-08-27 13:51:18,284] {base_task_runner.py:98} INFO - Subtask:  /tmp
[2018-08-27 13:51:18,284] {base_task_runner.py:98} INFO - Subtask: [2018-08-27 13:51:18,284] {bash_operator.py:80} INFO - Temporary script location: /tmp/airflowtmpl6qr7blb//tmp/airflowtmpl6qr7blb/sleeprvykat5b
[2018-08-27 13:51:18,284] {base_task_runner.py:98} INFO - Subtask: [2018-08-27 13:51:18,284] {bash_operator.py:88} INFO - Running command: sleep 5
[2018-08-27 13:51:18,287] {base_task_runner.py:98} INFO - Subtask: [2018-08-27 13:51:18,286] {bash_operator.py:97} INFO - Output:
[2018-08-27 13:51:23,366] {base_task_runner.py:98} INFO - Subtask: [2018-08-27 13:51:23,364] {bash_operator.py:105} INFO - Command exited with return code 0
