[2018-08-27 13:38:58,378] {cli.py:374} INFO - Running on host silverlight
[2018-08-27 13:38:58,442] {models.py:1197} INFO - Dependencies all met for <TaskInstance: tutorial.templated 2015-06-11 00:00:00 [queued]>
[2018-08-27 13:38:58,447] {models.py:1197} INFO - Dependencies all met for <TaskInstance: tutorial.templated 2015-06-11 00:00:00 [queued]>
[2018-08-27 13:38:58,447] {models.py:1407} INFO - 
--------------------------------------------------------------------------------
Starting attempt 1 of 2
--------------------------------------------------------------------------------

[2018-08-27 13:38:58,522] {models.py:1428} INFO - Executing <Task(BashOperator): templated> on 2015-06-11 00:00:00
[2018-08-27 13:38:58,522] {base_task_runner.py:115} INFO - Running: ['bash', '-c', 'airflow run tutorial templated 2015-06-11T00:00:00 --job_id 53 --raw -sd DAGS_FOLDER/tutorial.py']
[2018-08-27 13:38:58,771] {base_task_runner.py:98} INFO - Subtask: [2018-08-27 13:38:58,770] {driver.py:120} INFO - Generating grammar tables from /usr/lib/python3.5/lib2to3/Grammar.txt
[2018-08-27 13:38:58,815] {base_task_runner.py:98} INFO - Subtask: [2018-08-27 13:38:58,814] {driver.py:120} INFO - Generating grammar tables from /usr/lib/python3.5/lib2to3/PatternGrammar.txt
[2018-08-27 13:38:58,924] {base_task_runner.py:98} INFO - Subtask: [2018-08-27 13:38:58,924] {__init__.py:45} INFO - Using executor SequentialExecutor
[2018-08-27 13:38:58,955] {base_task_runner.py:98} INFO - Subtask: [2018-08-27 13:38:58,955] {models.py:189} INFO - Filling up the DagBag from /home/silverlight/Projects/Minikube-deploy/airflow-project/dags/tutorial.py
[2018-08-27 13:38:58,983] {cli.py:374} INFO - Running on host silverlight
[2018-08-27 13:38:58,996] {base_task_runner.py:98} INFO - Subtask: [2018-08-27 13:38:58,995] {bash_operator.py:70} INFO - Tmp dir root location: 
[2018-08-27 13:38:58,996] {base_task_runner.py:98} INFO - Subtask:  /tmp
[2018-08-27 13:38:58,996] {base_task_runner.py:98} INFO - Subtask: [2018-08-27 13:38:58,996] {bash_operator.py:80} INFO - Temporary script location: /tmp/airflowtmp7fuse9js//tmp/airflowtmp7fuse9js/templatedfevsa2eg
[2018-08-27 13:38:58,996] {base_task_runner.py:98} INFO - Subtask: [2018-08-27 13:38:58,996] {bash_operator.py:88} INFO - Running command: 
[2018-08-27 13:38:58,996] {base_task_runner.py:98} INFO - Subtask:     
[2018-08-27 13:38:58,996] {base_task_runner.py:98} INFO - Subtask:         echo "2015-06-11"
[2018-08-27 13:38:58,996] {base_task_runner.py:98} INFO - Subtask:         echo "2015-06-18"
[2018-08-27 13:38:58,996] {base_task_runner.py:98} INFO - Subtask:         echo "Parameter I passed in"
[2018-08-27 13:38:58,996] {base_task_runner.py:98} INFO - Subtask:     
[2018-08-27 13:38:58,996] {base_task_runner.py:98} INFO - Subtask:         echo "2015-06-11"
[2018-08-27 13:38:58,996] {base_task_runner.py:98} INFO - Subtask:         echo "2015-06-18"
[2018-08-27 13:38:58,997] {base_task_runner.py:98} INFO - Subtask:         echo "Parameter I passed in"
[2018-08-27 13:38:58,997] {base_task_runner.py:98} INFO - Subtask:     
[2018-08-27 13:38:58,997] {base_task_runner.py:98} INFO - Subtask:         echo "2015-06-11"
[2018-08-27 13:38:58,997] {base_task_runner.py:98} INFO - Subtask:         echo "2015-06-18"
[2018-08-27 13:38:58,997] {base_task_runner.py:98} INFO - Subtask:         echo "Parameter I passed in"
[2018-08-27 13:38:58,997] {base_task_runner.py:98} INFO - Subtask:     
[2018-08-27 13:38:58,997] {base_task_runner.py:98} INFO - Subtask:         echo "2015-06-11"
[2018-08-27 13:38:58,997] {base_task_runner.py:98} INFO - Subtask:         echo "2015-06-18"
[2018-08-27 13:38:58,997] {base_task_runner.py:98} INFO - Subtask:         echo "Parameter I passed in"
[2018-08-27 13:38:58,997] {base_task_runner.py:98} INFO - Subtask:     
[2018-08-27 13:38:58,997] {base_task_runner.py:98} INFO - Subtask:         echo "2015-06-11"
[2018-08-27 13:38:58,997] {base_task_runner.py:98} INFO - Subtask:         echo "2015-06-18"
[2018-08-27 13:38:58,997] {base_task_runner.py:98} INFO - Subtask:         echo "Parameter I passed in"
[2018-08-27 13:38:58,997] {base_task_runner.py:98} INFO - Subtask:     
[2018-08-27 13:38:58,999] {base_task_runner.py:98} INFO - Subtask: [2018-08-27 13:38:58,999] {bash_operator.py:97} INFO - Output:
[2018-08-27 13:38:58,999] {base_task_runner.py:98} INFO - Subtask: [2018-08-27 13:38:58,999] {bash_operator.py:101} INFO - 2015-06-11
[2018-08-27 13:38:59,000] {base_task_runner.py:98} INFO - Subtask: [2018-08-27 13:38:58,999] {bash_operator.py:101} INFO - 2015-06-18
[2018-08-27 13:38:59,000] {base_task_runner.py:98} INFO - Subtask: [2018-08-27 13:38:58,999] {bash_operator.py:101} INFO - Parameter I passed in
[2018-08-27 13:38:59,000] {base_task_runner.py:98} INFO - Subtask: [2018-08-27 13:38:58,999] {bash_operator.py:101} INFO - 2015-06-11
[2018-08-27 13:38:59,000] {base_task_runner.py:98} INFO - Subtask: [2018-08-27 13:38:59,000] {bash_operator.py:101} INFO - 2015-06-18
[2018-08-27 13:38:59,000] {base_task_runner.py:98} INFO - Subtask: [2018-08-27 13:38:59,000] {bash_operator.py:101} INFO - Parameter I passed in
[2018-08-27 13:38:59,000] {base_task_runner.py:98} INFO - Subtask: [2018-08-27 13:38:59,000] {bash_operator.py:101} INFO - 2015-06-11
[2018-08-27 13:38:59,000] {base_task_runner.py:98} INFO - Subtask: [2018-08-27 13:38:59,000] {bash_operator.py:101} INFO - 2015-06-18
[2018-08-27 13:38:59,000] {base_task_runner.py:98} INFO - Subtask: [2018-08-27 13:38:59,000] {bash_operator.py:101} INFO - Parameter I passed in
[2018-08-27 13:38:59,000] {base_task_runner.py:98} INFO - Subtask: [2018-08-27 13:38:59,000] {bash_operator.py:101} INFO - 2015-06-11
[2018-08-27 13:38:59,000] {base_task_runner.py:98} INFO - Subtask: [2018-08-27 13:38:59,000] {bash_operator.py:101} INFO - 2015-06-18
[2018-08-27 13:38:59,000] {base_task_runner.py:98} INFO - Subtask: [2018-08-27 13:38:59,000] {bash_operator.py:101} INFO - Parameter I passed in
[2018-08-27 13:38:59,000] {base_task_runner.py:98} INFO - Subtask: [2018-08-27 13:38:59,000] {bash_operator.py:101} INFO - 2015-06-11
[2018-08-27 13:38:59,000] {base_task_runner.py:98} INFO - Subtask: [2018-08-27 13:38:59,000] {bash_operator.py:101} INFO - 2015-06-18
[2018-08-27 13:38:59,000] {base_task_runner.py:98} INFO - Subtask: [2018-08-27 13:38:59,000] {bash_operator.py:101} INFO - Parameter I passed in
[2018-08-27 13:38:59,000] {base_task_runner.py:98} INFO - Subtask: [2018-08-27 13:38:59,000] {bash_operator.py:105} INFO - Command exited with return code 0
