[2018-08-27 13:36:16,356] {cli.py:374} INFO - Running on host silverlight
[2018-08-27 13:36:16,409] {models.py:1197} INFO - Dependencies all met for <TaskInstance: tutorial.sleep 2015-06-07 00:00:00 [queued]>
[2018-08-27 13:36:16,412] {models.py:1197} INFO - Dependencies all met for <TaskInstance: tutorial.sleep 2015-06-07 00:00:00 [queued]>
[2018-08-27 13:36:16,413] {models.py:1407} INFO - 
--------------------------------------------------------------------------------
Starting attempt 1 of 4
--------------------------------------------------------------------------------

[2018-08-27 13:36:16,483] {models.py:1428} INFO - Executing <Task(BashOperator): sleep> on 2015-06-07 00:00:00
[2018-08-27 13:36:16,484] {base_task_runner.py:115} INFO - Running: ['bash', '-c', 'airflow run tutorial sleep 2015-06-07T00:00:00 --job_id 30 --raw -sd DAGS_FOLDER/tutorial.py']
[2018-08-27 13:36:16,771] {base_task_runner.py:98} INFO - Subtask: [2018-08-27 13:36:16,771] {driver.py:120} INFO - Generating grammar tables from /usr/lib/python3.5/lib2to3/Grammar.txt
[2018-08-27 13:36:16,803] {base_task_runner.py:98} INFO - Subtask: [2018-08-27 13:36:16,803] {driver.py:120} INFO - Generating grammar tables from /usr/lib/python3.5/lib2to3/PatternGrammar.txt
[2018-08-27 13:36:16,923] {base_task_runner.py:98} INFO - Subtask: [2018-08-27 13:36:16,923] {__init__.py:45} INFO - Using executor SequentialExecutor
[2018-08-27 13:36:16,957] {base_task_runner.py:98} INFO - Subtask: [2018-08-27 13:36:16,957] {models.py:189} INFO - Filling up the DagBag from /home/silverlight/Projects/Minikube-deploy/airflow-project/dags/tutorial.py
[2018-08-27 13:36:16,988] {cli.py:374} INFO - Running on host silverlight
[2018-08-27 13:36:16,996] {base_task_runner.py:98} INFO - Subtask: [2018-08-27 13:36:16,996] {bash_operator.py:70} INFO - Tmp dir root location: 
[2018-08-27 13:36:16,996] {base_task_runner.py:98} INFO - Subtask:  /tmp
[2018-08-27 13:36:16,996] {base_task_runner.py:98} INFO - Subtask: [2018-08-27 13:36:16,996] {bash_operator.py:80} INFO - Temporary script location: /tmp/airflowtmpijz8kfwz//tmp/airflowtmpijz8kfwz/sleepkr20hauo
[2018-08-27 13:36:16,996] {base_task_runner.py:98} INFO - Subtask: [2018-08-27 13:36:16,996] {bash_operator.py:88} INFO - Running command: sleep 5
[2018-08-27 13:36:16,999] {base_task_runner.py:98} INFO - Subtask: [2018-08-27 13:36:16,999] {bash_operator.py:97} INFO - Output:
[2018-08-27 13:36:22,002] {base_task_runner.py:98} INFO - Subtask: [2018-08-27 13:36:22,001] {bash_operator.py:105} INFO - Command exited with return code 0
