[2018-08-27 14:00:48,451] {cli.py:374} INFO - Running on host silverlight
[2018-08-27 14:00:48,493] {models.py:1197} INFO - Dependencies all met for <TaskInstance: tutorial.sleep 2015-07-19 00:00:00 [queued]>
[2018-08-27 14:00:48,498] {models.py:1197} INFO - Dependencies all met for <TaskInstance: tutorial.sleep 2015-07-19 00:00:00 [queued]>
[2018-08-27 14:00:48,498] {models.py:1407} INFO - 
--------------------------------------------------------------------------------
Starting attempt 1 of 4
--------------------------------------------------------------------------------

[2018-08-27 14:00:48,569] {models.py:1428} INFO - Executing <Task(BashOperator): sleep> on 2015-07-19 00:00:00
[2018-08-27 14:00:48,569] {base_task_runner.py:115} INFO - Running: ['bash', '-c', 'airflow run tutorial sleep 2015-07-19T00:00:00 --job_id 228 --raw -sd DAGS_FOLDER/tutorial.py']
[2018-08-27 14:00:48,811] {base_task_runner.py:98} INFO - Subtask: [2018-08-27 14:00:48,811] {driver.py:120} INFO - Generating grammar tables from /usr/lib/python3.5/lib2to3/Grammar.txt
[2018-08-27 14:00:48,846] {base_task_runner.py:98} INFO - Subtask: [2018-08-27 14:00:48,846] {driver.py:120} INFO - Generating grammar tables from /usr/lib/python3.5/lib2to3/PatternGrammar.txt
[2018-08-27 14:00:48,951] {base_task_runner.py:98} INFO - Subtask: [2018-08-27 14:00:48,951] {__init__.py:45} INFO - Using executor SequentialExecutor
[2018-08-27 14:00:48,983] {base_task_runner.py:98} INFO - Subtask: [2018-08-27 14:00:48,983] {models.py:189} INFO - Filling up the DagBag from /home/silverlight/Projects/Minikube-deploy/airflow-project/dags/tutorial.py
[2018-08-27 14:00:49,011] {cli.py:374} INFO - Running on host silverlight
[2018-08-27 14:00:49,019] {base_task_runner.py:98} INFO - Subtask: [2018-08-27 14:00:49,019] {bash_operator.py:70} INFO - Tmp dir root location: 
[2018-08-27 14:00:49,019] {base_task_runner.py:98} INFO - Subtask:  /tmp
[2018-08-27 14:00:49,019] {base_task_runner.py:98} INFO - Subtask: [2018-08-27 14:00:49,019] {bash_operator.py:80} INFO - Temporary script location: /tmp/airflowtmpoto357x0//tmp/airflowtmpoto357x0/sleep2c900r3f
[2018-08-27 14:00:49,019] {base_task_runner.py:98} INFO - Subtask: [2018-08-27 14:00:49,019] {bash_operator.py:88} INFO - Running command: sleep 5
[2018-08-27 14:00:49,021] {base_task_runner.py:98} INFO - Subtask: [2018-08-27 14:00:49,021] {bash_operator.py:97} INFO - Output:
[2018-08-27 14:00:54,025] {base_task_runner.py:98} INFO - Subtask: [2018-08-27 14:00:54,024] {bash_operator.py:105} INFO - Command exited with return code 0
