[2018-08-27 13:50:35,429] {cli.py:374} INFO - Running on host silverlight
[2018-08-27 13:50:35,487] {models.py:1197} INFO - Dependencies all met for <TaskInstance: tutorial.templated 2015-07-01 00:00:00 [queued]>
[2018-08-27 13:50:35,496] {models.py:1197} INFO - Dependencies all met for <TaskInstance: tutorial.templated 2015-07-01 00:00:00 [queued]>
[2018-08-27 13:50:35,496] {models.py:1407} INFO - 
--------------------------------------------------------------------------------
Starting attempt 1 of 2
--------------------------------------------------------------------------------

[2018-08-27 13:50:35,576] {models.py:1428} INFO - Executing <Task(BashOperator): templated> on 2015-07-01 00:00:00
[2018-08-27 13:50:35,576] {base_task_runner.py:115} INFO - Running: ['bash', '-c', 'airflow run tutorial templated 2015-07-01T00:00:00 --job_id 152 --raw -sd DAGS_FOLDER/tutorial.py']
[2018-08-27 13:50:35,834] {base_task_runner.py:98} INFO - Subtask: [2018-08-27 13:50:35,834] {driver.py:120} INFO - Generating grammar tables from /usr/lib/python3.5/lib2to3/Grammar.txt
[2018-08-27 13:50:35,867] {base_task_runner.py:98} INFO - Subtask: [2018-08-27 13:50:35,866] {driver.py:120} INFO - Generating grammar tables from /usr/lib/python3.5/lib2to3/PatternGrammar.txt
[2018-08-27 13:50:35,978] {base_task_runner.py:98} INFO - Subtask: [2018-08-27 13:50:35,978] {__init__.py:45} INFO - Using executor SequentialExecutor
[2018-08-27 13:50:36,017] {base_task_runner.py:98} INFO - Subtask: [2018-08-27 13:50:36,017] {models.py:189} INFO - Filling up the DagBag from /home/silverlight/Projects/Minikube-deploy/airflow-project/dags/tutorial.py
[2018-08-27 13:50:36,054] {cli.py:374} INFO - Running on host silverlight
[2018-08-27 13:50:36,065] {base_task_runner.py:98} INFO - Subtask: [2018-08-27 13:50:36,065] {bash_operator.py:70} INFO - Tmp dir root location: 
[2018-08-27 13:50:36,065] {base_task_runner.py:98} INFO - Subtask:  /tmp
[2018-08-27 13:50:36,065] {base_task_runner.py:98} INFO - Subtask: [2018-08-27 13:50:36,065] {bash_operator.py:80} INFO - Temporary script location: /tmp/airflowtmp6wtyqw15//tmp/airflowtmp6wtyqw15/templated38xf0lh6
[2018-08-27 13:50:36,065] {base_task_runner.py:98} INFO - Subtask: [2018-08-27 13:50:36,065] {bash_operator.py:88} INFO - Running command: 
[2018-08-27 13:50:36,066] {base_task_runner.py:98} INFO - Subtask:     
[2018-08-27 13:50:36,066] {base_task_runner.py:98} INFO - Subtask:         echo "2015-07-01"
[2018-08-27 13:50:36,066] {base_task_runner.py:98} INFO - Subtask:         echo "2015-07-08"
[2018-08-27 13:50:36,066] {base_task_runner.py:98} INFO - Subtask:         echo "Parameter I passed in"
[2018-08-27 13:50:36,066] {base_task_runner.py:98} INFO - Subtask:     
[2018-08-27 13:50:36,066] {base_task_runner.py:98} INFO - Subtask:         echo "2015-07-01"
[2018-08-27 13:50:36,066] {base_task_runner.py:98} INFO - Subtask:         echo "2015-07-08"
[2018-08-27 13:50:36,066] {base_task_runner.py:98} INFO - Subtask:         echo "Parameter I passed in"
[2018-08-27 13:50:36,066] {base_task_runner.py:98} INFO - Subtask:     
[2018-08-27 13:50:36,066] {base_task_runner.py:98} INFO - Subtask:         echo "2015-07-01"
[2018-08-27 13:50:36,066] {base_task_runner.py:98} INFO - Subtask:         echo "2015-07-08"
[2018-08-27 13:50:36,067] {base_task_runner.py:98} INFO - Subtask:         echo "Parameter I passed in"
[2018-08-27 13:50:36,067] {base_task_runner.py:98} INFO - Subtask:     
[2018-08-27 13:50:36,067] {base_task_runner.py:98} INFO - Subtask:         echo "2015-07-01"
[2018-08-27 13:50:36,067] {base_task_runner.py:98} INFO - Subtask:         echo "2015-07-08"
[2018-08-27 13:50:36,067] {base_task_runner.py:98} INFO - Subtask:         echo "Parameter I passed in"
[2018-08-27 13:50:36,067] {base_task_runner.py:98} INFO - Subtask:     
[2018-08-27 13:50:36,067] {base_task_runner.py:98} INFO - Subtask:         echo "2015-07-01"
[2018-08-27 13:50:36,067] {base_task_runner.py:98} INFO - Subtask:         echo "2015-07-08"
[2018-08-27 13:50:36,067] {base_task_runner.py:98} INFO - Subtask:         echo "Parameter I passed in"
[2018-08-27 13:50:36,067] {base_task_runner.py:98} INFO - Subtask:     
[2018-08-27 13:50:36,069] {base_task_runner.py:98} INFO - Subtask: [2018-08-27 13:50:36,069] {bash_operator.py:97} INFO - Output:
[2018-08-27 13:50:36,070] {base_task_runner.py:98} INFO - Subtask: [2018-08-27 13:50:36,070] {bash_operator.py:101} INFO - 2015-07-01
[2018-08-27 13:50:36,070] {base_task_runner.py:98} INFO - Subtask: [2018-08-27 13:50:36,070] {bash_operator.py:101} INFO - 2015-07-08
[2018-08-27 13:50:36,070] {base_task_runner.py:98} INFO - Subtask: [2018-08-27 13:50:36,070] {bash_operator.py:101} INFO - Parameter I passed in
[2018-08-27 13:50:36,070] {base_task_runner.py:98} INFO - Subtask: [2018-08-27 13:50:36,070] {bash_operator.py:101} INFO - 2015-07-01
[2018-08-27 13:50:36,070] {base_task_runner.py:98} INFO - Subtask: [2018-08-27 13:50:36,070] {bash_operator.py:101} INFO - 2015-07-08
[2018-08-27 13:50:36,070] {base_task_runner.py:98} INFO - Subtask: [2018-08-27 13:50:36,070] {bash_operator.py:101} INFO - Parameter I passed in
[2018-08-27 13:50:36,070] {base_task_runner.py:98} INFO - Subtask: [2018-08-27 13:50:36,070] {bash_operator.py:101} INFO - 2015-07-01
[2018-08-27 13:50:36,070] {base_task_runner.py:98} INFO - Subtask: [2018-08-27 13:50:36,070] {bash_operator.py:101} INFO - 2015-07-08
[2018-08-27 13:50:36,070] {base_task_runner.py:98} INFO - Subtask: [2018-08-27 13:50:36,070] {bash_operator.py:101} INFO - Parameter I passed in
[2018-08-27 13:50:36,070] {base_task_runner.py:98} INFO - Subtask: [2018-08-27 13:50:36,070] {bash_operator.py:101} INFO - 2015-07-01
[2018-08-27 13:50:36,070] {base_task_runner.py:98} INFO - Subtask: [2018-08-27 13:50:36,070] {bash_operator.py:101} INFO - 2015-07-08
[2018-08-27 13:50:36,071] {base_task_runner.py:98} INFO - Subtask: [2018-08-27 13:50:36,070] {bash_operator.py:101} INFO - Parameter I passed in
[2018-08-27 13:50:36,071] {base_task_runner.py:98} INFO - Subtask: [2018-08-27 13:50:36,070] {bash_operator.py:101} INFO - 2015-07-01
[2018-08-27 13:50:36,071] {base_task_runner.py:98} INFO - Subtask: [2018-08-27 13:50:36,070] {bash_operator.py:101} INFO - 2015-07-08
[2018-08-27 13:50:36,071] {base_task_runner.py:98} INFO - Subtask: [2018-08-27 13:50:36,070] {bash_operator.py:101} INFO - Parameter I passed in
[2018-08-27 13:50:36,071] {base_task_runner.py:98} INFO - Subtask: [2018-08-27 13:50:36,070] {bash_operator.py:105} INFO - Command exited with return code 0
