[2018-08-27 13:53:31,837] {cli.py:374} INFO - Running on host silverlight
[2018-08-27 13:53:31,888] {models.py:1197} INFO - Dependencies all met for <TaskInstance: tutorial.sleep 2015-07-09 00:00:00 [queued]>
[2018-08-27 13:53:31,892] {models.py:1197} INFO - Dependencies all met for <TaskInstance: tutorial.sleep 2015-07-09 00:00:00 [queued]>
[2018-08-27 13:53:31,892] {models.py:1407} INFO - 
--------------------------------------------------------------------------------
Starting attempt 1 of 4
--------------------------------------------------------------------------------

[2018-08-27 13:53:31,921] {models.py:1428} INFO - Executing <Task(BashOperator): sleep> on 2015-07-09 00:00:00
[2018-08-27 13:53:31,921] {base_task_runner.py:115} INFO - Running: ['bash', '-c', 'airflow run tutorial sleep 2015-07-09T00:00:00 --job_id 175 --raw -sd DAGS_FOLDER/tutorial.py']
[2018-08-27 13:53:32,206] {base_task_runner.py:98} INFO - Subtask: [2018-08-27 13:53:32,206] {driver.py:120} INFO - Generating grammar tables from /usr/lib/python3.5/lib2to3/Grammar.txt
[2018-08-27 13:53:32,243] {base_task_runner.py:98} INFO - Subtask: [2018-08-27 13:53:32,243] {driver.py:120} INFO - Generating grammar tables from /usr/lib/python3.5/lib2to3/PatternGrammar.txt
[2018-08-27 13:53:32,358] {base_task_runner.py:98} INFO - Subtask: [2018-08-27 13:53:32,357] {__init__.py:45} INFO - Using executor SequentialExecutor
[2018-08-27 13:53:32,392] {base_task_runner.py:98} INFO - Subtask: [2018-08-27 13:53:32,391] {models.py:189} INFO - Filling up the DagBag from /home/silverlight/Projects/Minikube-deploy/airflow-project/dags/tutorial.py
[2018-08-27 13:53:32,419] {cli.py:374} INFO - Running on host silverlight
[2018-08-27 13:53:32,428] {base_task_runner.py:98} INFO - Subtask: [2018-08-27 13:53:32,428] {bash_operator.py:70} INFO - Tmp dir root location: 
[2018-08-27 13:53:32,428] {base_task_runner.py:98} INFO - Subtask:  /tmp
[2018-08-27 13:53:32,429] {base_task_runner.py:98} INFO - Subtask: [2018-08-27 13:53:32,429] {bash_operator.py:80} INFO - Temporary script location: /tmp/airflowtmp6vx2yni4//tmp/airflowtmp6vx2yni4/sleepp27tqsqr
[2018-08-27 13:53:32,429] {base_task_runner.py:98} INFO - Subtask: [2018-08-27 13:53:32,429] {bash_operator.py:88} INFO - Running command: sleep 5
[2018-08-27 13:53:32,433] {base_task_runner.py:98} INFO - Subtask: [2018-08-27 13:53:32,433] {bash_operator.py:97} INFO - Output:
[2018-08-27 13:53:37,436] {base_task_runner.py:98} INFO - Subtask: [2018-08-27 13:53:37,435] {bash_operator.py:105} INFO - Command exited with return code 0
