[2018-08-27 13:50:48,130] {cli.py:374} INFO - Running on host silverlight
[2018-08-27 13:50:48,205] {models.py:1197} INFO - Dependencies all met for <TaskInstance: tutorial.templated 2015-07-02 00:00:00 [queued]>
[2018-08-27 13:50:48,211] {models.py:1197} INFO - Dependencies all met for <TaskInstance: tutorial.templated 2015-07-02 00:00:00 [queued]>
[2018-08-27 13:50:48,211] {models.py:1407} INFO - 
--------------------------------------------------------------------------------
Starting attempt 1 of 2
--------------------------------------------------------------------------------

[2018-08-27 13:50:48,277] {models.py:1428} INFO - Executing <Task(BashOperator): templated> on 2015-07-02 00:00:00
[2018-08-27 13:50:48,277] {base_task_runner.py:115} INFO - Running: ['bash', '-c', 'airflow run tutorial templated 2015-07-02T00:00:00 --job_id 154 --raw -sd DAGS_FOLDER/tutorial.py']
[2018-08-27 13:50:48,526] {base_task_runner.py:98} INFO - Subtask: [2018-08-27 13:50:48,526] {driver.py:120} INFO - Generating grammar tables from /usr/lib/python3.5/lib2to3/Grammar.txt
[2018-08-27 13:50:48,559] {base_task_runner.py:98} INFO - Subtask: [2018-08-27 13:50:48,559] {driver.py:120} INFO - Generating grammar tables from /usr/lib/python3.5/lib2to3/PatternGrammar.txt
[2018-08-27 13:50:48,664] {base_task_runner.py:98} INFO - Subtask: [2018-08-27 13:50:48,664] {__init__.py:45} INFO - Using executor SequentialExecutor
[2018-08-27 13:50:48,697] {base_task_runner.py:98} INFO - Subtask: [2018-08-27 13:50:48,697] {models.py:189} INFO - Filling up the DagBag from /home/silverlight/Projects/Minikube-deploy/airflow-project/dags/tutorial.py
[2018-08-27 13:50:48,725] {cli.py:374} INFO - Running on host silverlight
[2018-08-27 13:50:48,735] {base_task_runner.py:98} INFO - Subtask: [2018-08-27 13:50:48,734] {bash_operator.py:70} INFO - Tmp dir root location: 
[2018-08-27 13:50:48,735] {base_task_runner.py:98} INFO - Subtask:  /tmp
[2018-08-27 13:50:48,735] {base_task_runner.py:98} INFO - Subtask: [2018-08-27 13:50:48,735] {bash_operator.py:80} INFO - Temporary script location: /tmp/airflowtmplb5lv0fz//tmp/airflowtmplb5lv0fz/templatedxr3wgf1n
[2018-08-27 13:50:48,735] {base_task_runner.py:98} INFO - Subtask: [2018-08-27 13:50:48,735] {bash_operator.py:88} INFO - Running command: 
[2018-08-27 13:50:48,735] {base_task_runner.py:98} INFO - Subtask:     
[2018-08-27 13:50:48,735] {base_task_runner.py:98} INFO - Subtask:         echo "2015-07-02"
[2018-08-27 13:50:48,735] {base_task_runner.py:98} INFO - Subtask:         echo "2015-07-09"
[2018-08-27 13:50:48,735] {base_task_runner.py:98} INFO - Subtask:         echo "Parameter I passed in"
[2018-08-27 13:50:48,735] {base_task_runner.py:98} INFO - Subtask:     
[2018-08-27 13:50:48,735] {base_task_runner.py:98} INFO - Subtask:         echo "2015-07-02"
[2018-08-27 13:50:48,735] {base_task_runner.py:98} INFO - Subtask:         echo "2015-07-09"
[2018-08-27 13:50:48,735] {base_task_runner.py:98} INFO - Subtask:         echo "Parameter I passed in"
[2018-08-27 13:50:48,735] {base_task_runner.py:98} INFO - Subtask:     
[2018-08-27 13:50:48,735] {base_task_runner.py:98} INFO - Subtask:         echo "2015-07-02"
[2018-08-27 13:50:48,736] {base_task_runner.py:98} INFO - Subtask:         echo "2015-07-09"
[2018-08-27 13:50:48,736] {base_task_runner.py:98} INFO - Subtask:         echo "Parameter I passed in"
[2018-08-27 13:50:48,736] {base_task_runner.py:98} INFO - Subtask:     
[2018-08-27 13:50:48,736] {base_task_runner.py:98} INFO - Subtask:         echo "2015-07-02"
[2018-08-27 13:50:48,736] {base_task_runner.py:98} INFO - Subtask:         echo "2015-07-09"
[2018-08-27 13:50:48,736] {base_task_runner.py:98} INFO - Subtask:         echo "Parameter I passed in"
[2018-08-27 13:50:48,736] {base_task_runner.py:98} INFO - Subtask:     
[2018-08-27 13:50:48,736] {base_task_runner.py:98} INFO - Subtask:         echo "2015-07-02"
[2018-08-27 13:50:48,736] {base_task_runner.py:98} INFO - Subtask:         echo "2015-07-09"
[2018-08-27 13:50:48,736] {base_task_runner.py:98} INFO - Subtask:         echo "Parameter I passed in"
[2018-08-27 13:50:48,736] {base_task_runner.py:98} INFO - Subtask:     
[2018-08-27 13:50:48,738] {base_task_runner.py:98} INFO - Subtask: [2018-08-27 13:50:48,737] {bash_operator.py:97} INFO - Output:
[2018-08-27 13:50:48,738] {base_task_runner.py:98} INFO - Subtask: [2018-08-27 13:50:48,738] {bash_operator.py:101} INFO - 2015-07-02
[2018-08-27 13:50:48,738] {base_task_runner.py:98} INFO - Subtask: [2018-08-27 13:50:48,738] {bash_operator.py:101} INFO - 2015-07-09
[2018-08-27 13:50:48,738] {base_task_runner.py:98} INFO - Subtask: [2018-08-27 13:50:48,738] {bash_operator.py:101} INFO - Parameter I passed in
[2018-08-27 13:50:48,738] {base_task_runner.py:98} INFO - Subtask: [2018-08-27 13:50:48,738] {bash_operator.py:101} INFO - 2015-07-02
[2018-08-27 13:50:48,738] {base_task_runner.py:98} INFO - Subtask: [2018-08-27 13:50:48,738] {bash_operator.py:101} INFO - 2015-07-09
[2018-08-27 13:50:48,738] {base_task_runner.py:98} INFO - Subtask: [2018-08-27 13:50:48,738] {bash_operator.py:101} INFO - Parameter I passed in
[2018-08-27 13:50:48,739] {base_task_runner.py:98} INFO - Subtask: [2018-08-27 13:50:48,738] {bash_operator.py:101} INFO - 2015-07-02
[2018-08-27 13:50:48,739] {base_task_runner.py:98} INFO - Subtask: [2018-08-27 13:50:48,738] {bash_operator.py:101} INFO - 2015-07-09
[2018-08-27 13:50:48,739] {base_task_runner.py:98} INFO - Subtask: [2018-08-27 13:50:48,738] {bash_operator.py:101} INFO - Parameter I passed in
[2018-08-27 13:50:48,739] {base_task_runner.py:98} INFO - Subtask: [2018-08-27 13:50:48,738] {bash_operator.py:101} INFO - 2015-07-02
[2018-08-27 13:50:48,739] {base_task_runner.py:98} INFO - Subtask: [2018-08-27 13:50:48,738] {bash_operator.py:101} INFO - 2015-07-09
[2018-08-27 13:50:48,739] {base_task_runner.py:98} INFO - Subtask: [2018-08-27 13:50:48,739] {bash_operator.py:101} INFO - Parameter I passed in
[2018-08-27 13:50:48,739] {base_task_runner.py:98} INFO - Subtask: [2018-08-27 13:50:48,739] {bash_operator.py:101} INFO - 2015-07-02
[2018-08-27 13:50:48,739] {base_task_runner.py:98} INFO - Subtask: [2018-08-27 13:50:48,739] {bash_operator.py:101} INFO - 2015-07-09
[2018-08-27 13:50:48,739] {base_task_runner.py:98} INFO - Subtask: [2018-08-27 13:50:48,739] {bash_operator.py:101} INFO - Parameter I passed in
[2018-08-27 13:50:48,739] {base_task_runner.py:98} INFO - Subtask: [2018-08-27 13:50:48,739] {bash_operator.py:105} INFO - Command exited with return code 0
