[2018-08-27 14:03:14,539] {cli.py:374} INFO - Running on host silverlight
[2018-08-27 14:03:14,588] {models.py:1197} INFO - Dependencies all met for <TaskInstance: tutorial.sleep 2015-07-26 00:00:00 [queued]>
[2018-08-27 14:03:14,592] {models.py:1197} INFO - Dependencies all met for <TaskInstance: tutorial.sleep 2015-07-26 00:00:00 [queued]>
[2018-08-27 14:03:14,592] {models.py:1407} INFO - 
--------------------------------------------------------------------------------
Starting attempt 1 of 4
--------------------------------------------------------------------------------

[2018-08-27 14:03:14,666] {models.py:1428} INFO - Executing <Task(BashOperator): sleep> on 2015-07-26 00:00:00
[2018-08-27 14:03:14,666] {base_task_runner.py:115} INFO - Running: ['bash', '-c', 'airflow run tutorial sleep 2015-07-26T00:00:00 --job_id 247 --raw -sd DAGS_FOLDER/tutorial.py']
[2018-08-27 14:03:14,911] {base_task_runner.py:98} INFO - Subtask: [2018-08-27 14:03:14,911] {driver.py:120} INFO - Generating grammar tables from /usr/lib/python3.5/lib2to3/Grammar.txt
[2018-08-27 14:03:14,946] {base_task_runner.py:98} INFO - Subtask: [2018-08-27 14:03:14,946] {driver.py:120} INFO - Generating grammar tables from /usr/lib/python3.5/lib2to3/PatternGrammar.txt
[2018-08-27 14:03:15,065] {base_task_runner.py:98} INFO - Subtask: [2018-08-27 14:03:15,064] {__init__.py:45} INFO - Using executor SequentialExecutor
[2018-08-27 14:03:15,101] {base_task_runner.py:98} INFO - Subtask: [2018-08-27 14:03:15,101] {models.py:189} INFO - Filling up the DagBag from /home/silverlight/Projects/Minikube-deploy/airflow-project/dags/tutorial.py
[2018-08-27 14:03:15,129] {cli.py:374} INFO - Running on host silverlight
[2018-08-27 14:03:15,142] {base_task_runner.py:98} INFO - Subtask: [2018-08-27 14:03:15,142] {bash_operator.py:70} INFO - Tmp dir root location: 
[2018-08-27 14:03:15,143] {base_task_runner.py:98} INFO - Subtask:  /tmp
[2018-08-27 14:03:15,143] {base_task_runner.py:98} INFO - Subtask: [2018-08-27 14:03:15,143] {bash_operator.py:80} INFO - Temporary script location: /tmp/airflowtmpxf4q4gh8//tmp/airflowtmpxf4q4gh8/sleepxuknebib
[2018-08-27 14:03:15,143] {base_task_runner.py:98} INFO - Subtask: [2018-08-27 14:03:15,143] {bash_operator.py:88} INFO - Running command: sleep 5
[2018-08-27 14:03:15,148] {base_task_runner.py:98} INFO - Subtask: [2018-08-27 14:03:15,147] {bash_operator.py:97} INFO - Output:
[2018-08-27 14:03:20,150] {base_task_runner.py:98} INFO - Subtask: [2018-08-27 14:03:20,149] {bash_operator.py:105} INFO - Command exited with return code 0
