[2018-08-27 14:02:51,212] {cli.py:374} INFO - Running on host silverlight
[2018-08-27 14:02:51,299] {models.py:1197} INFO - Dependencies all met for <TaskInstance: tutorial.templated 2015-07-25 00:00:00 [queued]>
[2018-08-27 14:02:51,305] {models.py:1197} INFO - Dependencies all met for <TaskInstance: tutorial.templated 2015-07-25 00:00:00 [queued]>
[2018-08-27 14:02:51,305] {models.py:1407} INFO - 
--------------------------------------------------------------------------------
Starting attempt 1 of 2
--------------------------------------------------------------------------------

[2018-08-27 14:02:51,369] {models.py:1428} INFO - Executing <Task(BashOperator): templated> on 2015-07-25 00:00:00
[2018-08-27 14:02:51,370] {base_task_runner.py:115} INFO - Running: ['bash', '-c', 'airflow run tutorial templated 2015-07-25T00:00:00 --job_id 244 --raw -sd DAGS_FOLDER/tutorial.py']
[2018-08-27 14:02:51,614] {base_task_runner.py:98} INFO - Subtask: [2018-08-27 14:02:51,614] {driver.py:120} INFO - Generating grammar tables from /usr/lib/python3.5/lib2to3/Grammar.txt
[2018-08-27 14:02:51,648] {base_task_runner.py:98} INFO - Subtask: [2018-08-27 14:02:51,648] {driver.py:120} INFO - Generating grammar tables from /usr/lib/python3.5/lib2to3/PatternGrammar.txt
[2018-08-27 14:02:51,753] {base_task_runner.py:98} INFO - Subtask: [2018-08-27 14:02:51,753] {__init__.py:45} INFO - Using executor SequentialExecutor
[2018-08-27 14:02:51,786] {base_task_runner.py:98} INFO - Subtask: [2018-08-27 14:02:51,786] {models.py:189} INFO - Filling up the DagBag from /home/silverlight/Projects/Minikube-deploy/airflow-project/dags/tutorial.py
[2018-08-27 14:02:51,813] {cli.py:374} INFO - Running on host silverlight
[2018-08-27 14:02:51,824] {base_task_runner.py:98} INFO - Subtask: [2018-08-27 14:02:51,824] {bash_operator.py:70} INFO - Tmp dir root location: 
[2018-08-27 14:02:51,824] {base_task_runner.py:98} INFO - Subtask:  /tmp
[2018-08-27 14:02:51,824] {base_task_runner.py:98} INFO - Subtask: [2018-08-27 14:02:51,824] {bash_operator.py:80} INFO - Temporary script location: /tmp/airflowtmpik4rlti2//tmp/airflowtmpik4rlti2/templatedbef1o2et
[2018-08-27 14:02:51,824] {base_task_runner.py:98} INFO - Subtask: [2018-08-27 14:02:51,824] {bash_operator.py:88} INFO - Running command: 
[2018-08-27 14:02:51,824] {base_task_runner.py:98} INFO - Subtask:     
[2018-08-27 14:02:51,825] {base_task_runner.py:98} INFO - Subtask:         echo "2015-07-25"
[2018-08-27 14:02:51,825] {base_task_runner.py:98} INFO - Subtask:         echo "2015-08-01"
[2018-08-27 14:02:51,825] {base_task_runner.py:98} INFO - Subtask:         echo "Parameter I passed in"
[2018-08-27 14:02:51,825] {base_task_runner.py:98} INFO - Subtask:     
[2018-08-27 14:02:51,825] {base_task_runner.py:98} INFO - Subtask:         echo "2015-07-25"
[2018-08-27 14:02:51,825] {base_task_runner.py:98} INFO - Subtask:         echo "2015-08-01"
[2018-08-27 14:02:51,825] {base_task_runner.py:98} INFO - Subtask:         echo "Parameter I passed in"
[2018-08-27 14:02:51,825] {base_task_runner.py:98} INFO - Subtask:     
[2018-08-27 14:02:51,826] {base_task_runner.py:98} INFO - Subtask:         echo "2015-07-25"
[2018-08-27 14:02:51,826] {base_task_runner.py:98} INFO - Subtask:         echo "2015-08-01"
[2018-08-27 14:02:51,826] {base_task_runner.py:98} INFO - Subtask:         echo "Parameter I passed in"
[2018-08-27 14:02:51,826] {base_task_runner.py:98} INFO - Subtask:     
[2018-08-27 14:02:51,826] {base_task_runner.py:98} INFO - Subtask:         echo "2015-07-25"
[2018-08-27 14:02:51,826] {base_task_runner.py:98} INFO - Subtask:         echo "2015-08-01"
[2018-08-27 14:02:51,826] {base_task_runner.py:98} INFO - Subtask:         echo "Parameter I passed in"
[2018-08-27 14:02:51,826] {base_task_runner.py:98} INFO - Subtask:     
[2018-08-27 14:02:51,826] {base_task_runner.py:98} INFO - Subtask:         echo "2015-07-25"
[2018-08-27 14:02:51,826] {base_task_runner.py:98} INFO - Subtask:         echo "2015-08-01"
[2018-08-27 14:02:51,826] {base_task_runner.py:98} INFO - Subtask:         echo "Parameter I passed in"
[2018-08-27 14:02:51,827] {base_task_runner.py:98} INFO - Subtask:     
[2018-08-27 14:02:51,829] {base_task_runner.py:98} INFO - Subtask: [2018-08-27 14:02:51,829] {bash_operator.py:97} INFO - Output:
[2018-08-27 14:02:51,829] {base_task_runner.py:98} INFO - Subtask: [2018-08-27 14:02:51,829] {bash_operator.py:101} INFO - 2015-07-25
[2018-08-27 14:02:51,829] {base_task_runner.py:98} INFO - Subtask: [2018-08-27 14:02:51,829] {bash_operator.py:101} INFO - 2015-08-01
[2018-08-27 14:02:51,829] {base_task_runner.py:98} INFO - Subtask: [2018-08-27 14:02:51,829] {bash_operator.py:101} INFO - Parameter I passed in
[2018-08-27 14:02:51,830] {base_task_runner.py:98} INFO - Subtask: [2018-08-27 14:02:51,829] {bash_operator.py:101} INFO - 2015-07-25
[2018-08-27 14:02:51,830] {base_task_runner.py:98} INFO - Subtask: [2018-08-27 14:02:51,829] {bash_operator.py:101} INFO - 2015-08-01
[2018-08-27 14:02:51,830] {base_task_runner.py:98} INFO - Subtask: [2018-08-27 14:02:51,829] {bash_operator.py:101} INFO - Parameter I passed in
[2018-08-27 14:02:51,830] {base_task_runner.py:98} INFO - Subtask: [2018-08-27 14:02:51,829] {bash_operator.py:101} INFO - 2015-07-25
[2018-08-27 14:02:51,830] {base_task_runner.py:98} INFO - Subtask: [2018-08-27 14:02:51,829] {bash_operator.py:101} INFO - 2015-08-01
[2018-08-27 14:02:51,830] {base_task_runner.py:98} INFO - Subtask: [2018-08-27 14:02:51,830] {bash_operator.py:101} INFO - Parameter I passed in
[2018-08-27 14:02:51,830] {base_task_runner.py:98} INFO - Subtask: [2018-08-27 14:02:51,830] {bash_operator.py:101} INFO - 2015-07-25
[2018-08-27 14:02:51,830] {base_task_runner.py:98} INFO - Subtask: [2018-08-27 14:02:51,830] {bash_operator.py:101} INFO - 2015-08-01
[2018-08-27 14:02:51,830] {base_task_runner.py:98} INFO - Subtask: [2018-08-27 14:02:51,830] {bash_operator.py:101} INFO - Parameter I passed in
[2018-08-27 14:02:51,830] {base_task_runner.py:98} INFO - Subtask: [2018-08-27 14:02:51,830] {bash_operator.py:101} INFO - 2015-07-25
[2018-08-27 14:02:51,830] {base_task_runner.py:98} INFO - Subtask: [2018-08-27 14:02:51,830] {bash_operator.py:101} INFO - 2015-08-01
[2018-08-27 14:02:51,830] {base_task_runner.py:98} INFO - Subtask: [2018-08-27 14:02:51,830] {bash_operator.py:101} INFO - Parameter I passed in
[2018-08-27 14:02:51,830] {base_task_runner.py:98} INFO - Subtask: [2018-08-27 14:02:51,830] {bash_operator.py:105} INFO - Command exited with return code 0
