[2018-08-27 13:39:04,091] {cli.py:374} INFO - Running on host silverlight
[2018-08-27 13:39:04,157] {models.py:1197} INFO - Dependencies all met for <TaskInstance: tutorial.sleep 2015-06-11 00:00:00 [queued]>
[2018-08-27 13:39:04,161] {models.py:1197} INFO - Dependencies all met for <TaskInstance: tutorial.sleep 2015-06-11 00:00:00 [queued]>
[2018-08-27 13:39:04,161] {models.py:1407} INFO - 
--------------------------------------------------------------------------------
Starting attempt 1 of 4
--------------------------------------------------------------------------------

[2018-08-27 13:39:04,197] {models.py:1428} INFO - Executing <Task(BashOperator): sleep> on 2015-06-11 00:00:00
[2018-08-27 13:39:04,197] {base_task_runner.py:115} INFO - Running: ['bash', '-c', 'airflow run tutorial sleep 2015-06-11T00:00:00 --job_id 54 --raw -sd DAGS_FOLDER/tutorial.py']
[2018-08-27 13:39:04,439] {base_task_runner.py:98} INFO - Subtask: [2018-08-27 13:39:04,439] {driver.py:120} INFO - Generating grammar tables from /usr/lib/python3.5/lib2to3/Grammar.txt
[2018-08-27 13:39:04,478] {base_task_runner.py:98} INFO - Subtask: [2018-08-27 13:39:04,478] {driver.py:120} INFO - Generating grammar tables from /usr/lib/python3.5/lib2to3/PatternGrammar.txt
[2018-08-27 13:39:04,596] {base_task_runner.py:98} INFO - Subtask: [2018-08-27 13:39:04,596] {__init__.py:45} INFO - Using executor SequentialExecutor
[2018-08-27 13:39:04,632] {base_task_runner.py:98} INFO - Subtask: [2018-08-27 13:39:04,632] {models.py:189} INFO - Filling up the DagBag from /home/silverlight/Projects/Minikube-deploy/airflow-project/dags/tutorial.py
[2018-08-27 13:39:04,660] {cli.py:374} INFO - Running on host silverlight
[2018-08-27 13:39:04,674] {base_task_runner.py:98} INFO - Subtask: [2018-08-27 13:39:04,674] {bash_operator.py:70} INFO - Tmp dir root location: 
[2018-08-27 13:39:04,674] {base_task_runner.py:98} INFO - Subtask:  /tmp
[2018-08-27 13:39:04,674] {base_task_runner.py:98} INFO - Subtask: [2018-08-27 13:39:04,674] {bash_operator.py:80} INFO - Temporary script location: /tmp/airflowtmp8ptaal68//tmp/airflowtmp8ptaal68/sleep6aa_6_pl
[2018-08-27 13:39:04,674] {base_task_runner.py:98} INFO - Subtask: [2018-08-27 13:39:04,674] {bash_operator.py:88} INFO - Running command: sleep 5
[2018-08-27 13:39:04,677] {base_task_runner.py:98} INFO - Subtask: [2018-08-27 13:39:04,676] {bash_operator.py:97} INFO - Output:
[2018-08-27 13:39:09,680] {base_task_runner.py:98} INFO - Subtask: [2018-08-27 13:39:09,679] {bash_operator.py:105} INFO - Command exited with return code 0
