[2018-08-27 13:46:00,860] {cli.py:374} INFO - Running on host silverlight
[2018-08-27 13:46:00,905] {models.py:1197} INFO - Dependencies all met for <TaskInstance: tutorial.templated 2015-06-23 00:00:00 [queued]>
[2018-08-27 13:46:00,909] {models.py:1197} INFO - Dependencies all met for <TaskInstance: tutorial.templated 2015-06-23 00:00:00 [queued]>
[2018-08-27 13:46:00,909] {models.py:1407} INFO - 
--------------------------------------------------------------------------------
Starting attempt 1 of 2
--------------------------------------------------------------------------------

[2018-08-27 13:46:00,964] {models.py:1428} INFO - Executing <Task(BashOperator): templated> on 2015-06-23 00:00:00
[2018-08-27 13:46:00,965] {base_task_runner.py:115} INFO - Running: ['bash', '-c', 'airflow run tutorial templated 2015-06-23T00:00:00 --job_id 113 --raw -sd DAGS_FOLDER/tutorial.py']
[2018-08-27 13:46:01,208] {base_task_runner.py:98} INFO - Subtask: [2018-08-27 13:46:01,208] {driver.py:120} INFO - Generating grammar tables from /usr/lib/python3.5/lib2to3/Grammar.txt
[2018-08-27 13:46:01,252] {base_task_runner.py:98} INFO - Subtask: [2018-08-27 13:46:01,252] {driver.py:120} INFO - Generating grammar tables from /usr/lib/python3.5/lib2to3/PatternGrammar.txt
[2018-08-27 13:46:01,394] {base_task_runner.py:98} INFO - Subtask: [2018-08-27 13:46:01,393] {__init__.py:45} INFO - Using executor SequentialExecutor
[2018-08-27 13:46:01,434] {base_task_runner.py:98} INFO - Subtask: [2018-08-27 13:46:01,434] {models.py:189} INFO - Filling up the DagBag from /home/silverlight/Projects/Minikube-deploy/airflow-project/dags/tutorial.py
[2018-08-27 13:46:01,469] {cli.py:374} INFO - Running on host silverlight
[2018-08-27 13:46:01,488] {base_task_runner.py:98} INFO - Subtask: [2018-08-27 13:46:01,487] {bash_operator.py:70} INFO - Tmp dir root location: 
[2018-08-27 13:46:01,488] {base_task_runner.py:98} INFO - Subtask:  /tmp
[2018-08-27 13:46:01,488] {base_task_runner.py:98} INFO - Subtask: [2018-08-27 13:46:01,488] {bash_operator.py:80} INFO - Temporary script location: /tmp/airflowtmp5xdq_i0o//tmp/airflowtmp5xdq_i0o/templated1hl8z_vl
[2018-08-27 13:46:01,488] {base_task_runner.py:98} INFO - Subtask: [2018-08-27 13:46:01,488] {bash_operator.py:88} INFO - Running command: 
[2018-08-27 13:46:01,488] {base_task_runner.py:98} INFO - Subtask:     
[2018-08-27 13:46:01,489] {base_task_runner.py:98} INFO - Subtask:         echo "2015-06-23"
[2018-08-27 13:46:01,489] {base_task_runner.py:98} INFO - Subtask:         echo "2015-06-30"
[2018-08-27 13:46:01,489] {base_task_runner.py:98} INFO - Subtask:         echo "Parameter I passed in"
[2018-08-27 13:46:01,489] {base_task_runner.py:98} INFO - Subtask:     
[2018-08-27 13:46:01,489] {base_task_runner.py:98} INFO - Subtask:         echo "2015-06-23"
[2018-08-27 13:46:01,489] {base_task_runner.py:98} INFO - Subtask:         echo "2015-06-30"
[2018-08-27 13:46:01,489] {base_task_runner.py:98} INFO - Subtask:         echo "Parameter I passed in"
[2018-08-27 13:46:01,489] {base_task_runner.py:98} INFO - Subtask:     
[2018-08-27 13:46:01,489] {base_task_runner.py:98} INFO - Subtask:         echo "2015-06-23"
[2018-08-27 13:46:01,489] {base_task_runner.py:98} INFO - Subtask:         echo "2015-06-30"
[2018-08-27 13:46:01,489] {base_task_runner.py:98} INFO - Subtask:         echo "Parameter I passed in"
[2018-08-27 13:46:01,489] {base_task_runner.py:98} INFO - Subtask:     
[2018-08-27 13:46:01,489] {base_task_runner.py:98} INFO - Subtask:         echo "2015-06-23"
[2018-08-27 13:46:01,489] {base_task_runner.py:98} INFO - Subtask:         echo "2015-06-30"
[2018-08-27 13:46:01,489] {base_task_runner.py:98} INFO - Subtask:         echo "Parameter I passed in"
[2018-08-27 13:46:01,490] {base_task_runner.py:98} INFO - Subtask:     
[2018-08-27 13:46:01,490] {base_task_runner.py:98} INFO - Subtask:         echo "2015-06-23"
[2018-08-27 13:46:01,490] {base_task_runner.py:98} INFO - Subtask:         echo "2015-06-30"
[2018-08-27 13:46:01,490] {base_task_runner.py:98} INFO - Subtask:         echo "Parameter I passed in"
[2018-08-27 13:46:01,490] {base_task_runner.py:98} INFO - Subtask:     
[2018-08-27 13:46:01,491] {base_task_runner.py:98} INFO - Subtask: [2018-08-27 13:46:01,491] {bash_operator.py:97} INFO - Output:
[2018-08-27 13:46:01,491] {base_task_runner.py:98} INFO - Subtask: [2018-08-27 13:46:01,491] {bash_operator.py:101} INFO - 2015-06-23
[2018-08-27 13:46:01,492] {base_task_runner.py:98} INFO - Subtask: [2018-08-27 13:46:01,491] {bash_operator.py:101} INFO - 2015-06-30
[2018-08-27 13:46:01,492] {base_task_runner.py:98} INFO - Subtask: [2018-08-27 13:46:01,492] {bash_operator.py:101} INFO - Parameter I passed in
[2018-08-27 13:46:01,492] {base_task_runner.py:98} INFO - Subtask: [2018-08-27 13:46:01,492] {bash_operator.py:101} INFO - 2015-06-23
[2018-08-27 13:46:01,492] {base_task_runner.py:98} INFO - Subtask: [2018-08-27 13:46:01,492] {bash_operator.py:101} INFO - 2015-06-30
[2018-08-27 13:46:01,492] {base_task_runner.py:98} INFO - Subtask: [2018-08-27 13:46:01,492] {bash_operator.py:101} INFO - Parameter I passed in
[2018-08-27 13:46:01,492] {base_task_runner.py:98} INFO - Subtask: [2018-08-27 13:46:01,492] {bash_operator.py:101} INFO - 2015-06-23
[2018-08-27 13:46:01,492] {base_task_runner.py:98} INFO - Subtask: [2018-08-27 13:46:01,492] {bash_operator.py:101} INFO - 2015-06-30
[2018-08-27 13:46:01,492] {base_task_runner.py:98} INFO - Subtask: [2018-08-27 13:46:01,492] {bash_operator.py:101} INFO - Parameter I passed in
[2018-08-27 13:46:01,492] {base_task_runner.py:98} INFO - Subtask: [2018-08-27 13:46:01,492] {bash_operator.py:101} INFO - 2015-06-23
[2018-08-27 13:46:01,492] {base_task_runner.py:98} INFO - Subtask: [2018-08-27 13:46:01,492] {bash_operator.py:101} INFO - 2015-06-30
[2018-08-27 13:46:01,492] {base_task_runner.py:98} INFO - Subtask: [2018-08-27 13:46:01,492] {bash_operator.py:101} INFO - Parameter I passed in
[2018-08-27 13:46:01,492] {base_task_runner.py:98} INFO - Subtask: [2018-08-27 13:46:01,492] {bash_operator.py:101} INFO - 2015-06-23
[2018-08-27 13:46:01,492] {base_task_runner.py:98} INFO - Subtask: [2018-08-27 13:46:01,492] {bash_operator.py:101} INFO - 2015-06-30
[2018-08-27 13:46:01,492] {base_task_runner.py:98} INFO - Subtask: [2018-08-27 13:46:01,492] {bash_operator.py:101} INFO - Parameter I passed in
[2018-08-27 13:46:01,492] {base_task_runner.py:98} INFO - Subtask: [2018-08-27 13:46:01,492] {bash_operator.py:105} INFO - Command exited with return code 0
