[2018-08-27 13:36:44,636] {cli.py:374} INFO - Running on host silverlight
[2018-08-27 13:36:44,679] {models.py:1197} INFO - Dependencies all met for <TaskInstance: tutorial.templated 2015-06-07 00:00:00 [queued]>
[2018-08-27 13:36:44,683] {models.py:1197} INFO - Dependencies all met for <TaskInstance: tutorial.templated 2015-06-07 00:00:00 [queued]>
[2018-08-27 13:36:44,683] {models.py:1407} INFO - 
--------------------------------------------------------------------------------
Starting attempt 1 of 2
--------------------------------------------------------------------------------

[2018-08-27 13:36:44,718] {models.py:1428} INFO - Executing <Task(BashOperator): templated> on 2015-06-07 00:00:00
[2018-08-27 13:36:44,718] {base_task_runner.py:115} INFO - Running: ['bash', '-c', 'airflow run tutorial templated 2015-06-07T00:00:00 --job_id 33 --raw -sd DAGS_FOLDER/tutorial.py']
[2018-08-27 13:36:44,986] {base_task_runner.py:98} INFO - Subtask: [2018-08-27 13:36:44,985] {driver.py:120} INFO - Generating grammar tables from /usr/lib/python3.5/lib2to3/Grammar.txt
[2018-08-27 13:36:45,031] {base_task_runner.py:98} INFO - Subtask: [2018-08-27 13:36:45,031] {driver.py:120} INFO - Generating grammar tables from /usr/lib/python3.5/lib2to3/PatternGrammar.txt
[2018-08-27 13:36:45,155] {base_task_runner.py:98} INFO - Subtask: [2018-08-27 13:36:45,155] {__init__.py:45} INFO - Using executor SequentialExecutor
[2018-08-27 13:36:45,187] {base_task_runner.py:98} INFO - Subtask: [2018-08-27 13:36:45,186] {models.py:189} INFO - Filling up the DagBag from /home/silverlight/Projects/Minikube-deploy/airflow-project/dags/tutorial.py
[2018-08-27 13:36:45,218] {cli.py:374} INFO - Running on host silverlight
[2018-08-27 13:36:45,233] {base_task_runner.py:98} INFO - Subtask: [2018-08-27 13:36:45,233] {bash_operator.py:70} INFO - Tmp dir root location: 
[2018-08-27 13:36:45,233] {base_task_runner.py:98} INFO - Subtask:  /tmp
[2018-08-27 13:36:45,233] {base_task_runner.py:98} INFO - Subtask: [2018-08-27 13:36:45,233] {bash_operator.py:80} INFO - Temporary script location: /tmp/airflowtmptu_12_it//tmp/airflowtmptu_12_it/templatedttrck4v1
[2018-08-27 13:36:45,234] {base_task_runner.py:98} INFO - Subtask: [2018-08-27 13:36:45,233] {bash_operator.py:88} INFO - Running command: 
[2018-08-27 13:36:45,234] {base_task_runner.py:98} INFO - Subtask:     
[2018-08-27 13:36:45,234] {base_task_runner.py:98} INFO - Subtask:         echo "2015-06-07"
[2018-08-27 13:36:45,234] {base_task_runner.py:98} INFO - Subtask:         echo "2015-06-14"
[2018-08-27 13:36:45,234] {base_task_runner.py:98} INFO - Subtask:         echo "Parameter I passed in"
[2018-08-27 13:36:45,234] {base_task_runner.py:98} INFO - Subtask:     
[2018-08-27 13:36:45,234] {base_task_runner.py:98} INFO - Subtask:         echo "2015-06-07"
[2018-08-27 13:36:45,234] {base_task_runner.py:98} INFO - Subtask:         echo "2015-06-14"
[2018-08-27 13:36:45,234] {base_task_runner.py:98} INFO - Subtask:         echo "Parameter I passed in"
[2018-08-27 13:36:45,234] {base_task_runner.py:98} INFO - Subtask:     
[2018-08-27 13:36:45,234] {base_task_runner.py:98} INFO - Subtask:         echo "2015-06-07"
[2018-08-27 13:36:45,234] {base_task_runner.py:98} INFO - Subtask:         echo "2015-06-14"
[2018-08-27 13:36:45,234] {base_task_runner.py:98} INFO - Subtask:         echo "Parameter I passed in"
[2018-08-27 13:36:45,235] {base_task_runner.py:98} INFO - Subtask:     
[2018-08-27 13:36:45,235] {base_task_runner.py:98} INFO - Subtask:         echo "2015-06-07"
[2018-08-27 13:36:45,235] {base_task_runner.py:98} INFO - Subtask:         echo "2015-06-14"
[2018-08-27 13:36:45,235] {base_task_runner.py:98} INFO - Subtask:         echo "Parameter I passed in"
[2018-08-27 13:36:45,235] {base_task_runner.py:98} INFO - Subtask:     
[2018-08-27 13:36:45,235] {base_task_runner.py:98} INFO - Subtask:         echo "2015-06-07"
[2018-08-27 13:36:45,235] {base_task_runner.py:98} INFO - Subtask:         echo "2015-06-14"
[2018-08-27 13:36:45,235] {base_task_runner.py:98} INFO - Subtask:         echo "Parameter I passed in"
[2018-08-27 13:36:45,235] {base_task_runner.py:98} INFO - Subtask:     
[2018-08-27 13:36:45,240] {base_task_runner.py:98} INFO - Subtask: [2018-08-27 13:36:45,240] {bash_operator.py:97} INFO - Output:
[2018-08-27 13:36:45,240] {base_task_runner.py:98} INFO - Subtask: [2018-08-27 13:36:45,240] {bash_operator.py:101} INFO - 2015-06-07
[2018-08-27 13:36:45,240] {base_task_runner.py:98} INFO - Subtask: [2018-08-27 13:36:45,240] {bash_operator.py:101} INFO - 2015-06-14
[2018-08-27 13:36:45,240] {base_task_runner.py:98} INFO - Subtask: [2018-08-27 13:36:45,240] {bash_operator.py:101} INFO - Parameter I passed in
[2018-08-27 13:36:45,240] {base_task_runner.py:98} INFO - Subtask: [2018-08-27 13:36:45,240] {bash_operator.py:101} INFO - 2015-06-07
[2018-08-27 13:36:45,240] {base_task_runner.py:98} INFO - Subtask: [2018-08-27 13:36:45,240] {bash_operator.py:101} INFO - 2015-06-14
[2018-08-27 13:36:45,241] {base_task_runner.py:98} INFO - Subtask: [2018-08-27 13:36:45,240] {bash_operator.py:101} INFO - Parameter I passed in
[2018-08-27 13:36:45,241] {base_task_runner.py:98} INFO - Subtask: [2018-08-27 13:36:45,240] {bash_operator.py:101} INFO - 2015-06-07
[2018-08-27 13:36:45,241] {base_task_runner.py:98} INFO - Subtask: [2018-08-27 13:36:45,240] {bash_operator.py:101} INFO - 2015-06-14
[2018-08-27 13:36:45,241] {base_task_runner.py:98} INFO - Subtask: [2018-08-27 13:36:45,240] {bash_operator.py:101} INFO - Parameter I passed in
[2018-08-27 13:36:45,241] {base_task_runner.py:98} INFO - Subtask: [2018-08-27 13:36:45,240] {bash_operator.py:101} INFO - 2015-06-07
[2018-08-27 13:36:45,241] {base_task_runner.py:98} INFO - Subtask: [2018-08-27 13:36:45,240] {bash_operator.py:101} INFO - 2015-06-14
[2018-08-27 13:36:45,241] {base_task_runner.py:98} INFO - Subtask: [2018-08-27 13:36:45,240] {bash_operator.py:101} INFO - Parameter I passed in
[2018-08-27 13:36:45,241] {base_task_runner.py:98} INFO - Subtask: [2018-08-27 13:36:45,240] {bash_operator.py:101} INFO - 2015-06-07
[2018-08-27 13:36:45,241] {base_task_runner.py:98} INFO - Subtask: [2018-08-27 13:36:45,241] {bash_operator.py:101} INFO - 2015-06-14
[2018-08-27 13:36:45,241] {base_task_runner.py:98} INFO - Subtask: [2018-08-27 13:36:45,241] {bash_operator.py:101} INFO - Parameter I passed in
[2018-08-27 13:36:45,241] {base_task_runner.py:98} INFO - Subtask: [2018-08-27 13:36:45,241] {bash_operator.py:105} INFO - Command exited with return code 0
