[2018-08-27 13:54:13,103] {cli.py:374} INFO - Running on host silverlight
[2018-08-27 13:54:13,153] {models.py:1197} INFO - Dependencies all met for <TaskInstance: tutorial.print_date 2015-07-13 00:00:00 [queued]>
[2018-08-27 13:54:13,155] {models.py:1197} INFO - Dependencies all met for <TaskInstance: tutorial.print_date 2015-07-13 00:00:00 [queued]>
[2018-08-27 13:54:13,155] {models.py:1407} INFO - 
--------------------------------------------------------------------------------
Starting attempt 1 of 2
--------------------------------------------------------------------------------

[2018-08-27 13:54:13,227] {models.py:1428} INFO - Executing <Task(BashOperator): print_date> on 2015-07-13 00:00:00
[2018-08-27 13:54:13,227] {base_task_runner.py:115} INFO - Running: ['bash', '-c', 'airflow run tutorial print_date 2015-07-13T00:00:00 --job_id 180 --raw -sd DAGS_FOLDER/tutorial.py']
[2018-08-27 13:54:13,504] {base_task_runner.py:98} INFO - Subtask: [2018-08-27 13:54:13,504] {driver.py:120} INFO - Generating grammar tables from /usr/lib/python3.5/lib2to3/Grammar.txt
[2018-08-27 13:54:13,538] {base_task_runner.py:98} INFO - Subtask: [2018-08-27 13:54:13,537] {driver.py:120} INFO - Generating grammar tables from /usr/lib/python3.5/lib2to3/PatternGrammar.txt
[2018-08-27 13:54:13,658] {base_task_runner.py:98} INFO - Subtask: [2018-08-27 13:54:13,658] {__init__.py:45} INFO - Using executor SequentialExecutor
[2018-08-27 13:54:13,690] {base_task_runner.py:98} INFO - Subtask: [2018-08-27 13:54:13,690] {models.py:189} INFO - Filling up the DagBag from /home/silverlight/Projects/Minikube-deploy/airflow-project/dags/tutorial.py
[2018-08-27 13:54:13,718] {cli.py:374} INFO - Running on host silverlight
[2018-08-27 13:54:13,726] {base_task_runner.py:98} INFO - Subtask: [2018-08-27 13:54:13,726] {bash_operator.py:70} INFO - Tmp dir root location: 
[2018-08-27 13:54:13,726] {base_task_runner.py:98} INFO - Subtask:  /tmp
[2018-08-27 13:54:13,726] {base_task_runner.py:98} INFO - Subtask: [2018-08-27 13:54:13,726] {bash_operator.py:80} INFO - Temporary script location: /tmp/airflowtmpapot885d//tmp/airflowtmpapot885d/print_datev00j6gyk
[2018-08-27 13:54:13,726] {base_task_runner.py:98} INFO - Subtask: [2018-08-27 13:54:13,726] {bash_operator.py:88} INFO - Running command: date
[2018-08-27 13:54:13,729] {base_task_runner.py:98} INFO - Subtask: [2018-08-27 13:54:13,729] {bash_operator.py:97} INFO - Output:
[2018-08-27 13:54:13,730] {base_task_runner.py:98} INFO - Subtask: [2018-08-27 13:54:13,730] {bash_operator.py:101} INFO - Thứ hai, 27 Tháng tám năm 2018 13:54:13 +07
[2018-08-27 13:54:13,730] {base_task_runner.py:98} INFO - Subtask: [2018-08-27 13:54:13,730] {bash_operator.py:105} INFO - Command exited with return code 0
