[2018-08-27 13:40:42,492] {cli.py:374} INFO - Running on host silverlight
[2018-08-27 13:40:42,531] {models.py:1197} INFO - Dependencies all met for <TaskInstance: tutorial.sleep 2015-06-14 00:00:00 [queued]>
[2018-08-27 13:40:42,535] {models.py:1197} INFO - Dependencies all met for <TaskInstance: tutorial.sleep 2015-06-14 00:00:00 [queued]>
[2018-08-27 13:40:42,535] {models.py:1407} INFO - 
--------------------------------------------------------------------------------
Starting attempt 1 of 4
--------------------------------------------------------------------------------

[2018-08-27 13:40:42,562] {models.py:1428} INFO - Executing <Task(BashOperator): sleep> on 2015-06-14 00:00:00
[2018-08-27 13:40:42,562] {base_task_runner.py:115} INFO - Running: ['bash', '-c', 'airflow run tutorial sleep 2015-06-14T00:00:00 --job_id 68 --raw -sd DAGS_FOLDER/tutorial.py']
[2018-08-27 13:40:42,812] {base_task_runner.py:98} INFO - Subtask: [2018-08-27 13:40:42,812] {driver.py:120} INFO - Generating grammar tables from /usr/lib/python3.5/lib2to3/Grammar.txt
[2018-08-27 13:40:42,844] {base_task_runner.py:98} INFO - Subtask: [2018-08-27 13:40:42,844] {driver.py:120} INFO - Generating grammar tables from /usr/lib/python3.5/lib2to3/PatternGrammar.txt
[2018-08-27 13:40:42,949] {base_task_runner.py:98} INFO - Subtask: [2018-08-27 13:40:42,949] {__init__.py:45} INFO - Using executor SequentialExecutor
[2018-08-27 13:40:42,980] {base_task_runner.py:98} INFO - Subtask: [2018-08-27 13:40:42,980] {models.py:189} INFO - Filling up the DagBag from /home/silverlight/Projects/Minikube-deploy/airflow-project/dags/tutorial.py
[2018-08-27 13:40:43,007] {cli.py:374} INFO - Running on host silverlight
[2018-08-27 13:40:43,016] {base_task_runner.py:98} INFO - Subtask: [2018-08-27 13:40:43,016] {bash_operator.py:70} INFO - Tmp dir root location: 
[2018-08-27 13:40:43,016] {base_task_runner.py:98} INFO - Subtask:  /tmp
[2018-08-27 13:40:43,016] {base_task_runner.py:98} INFO - Subtask: [2018-08-27 13:40:43,016] {bash_operator.py:80} INFO - Temporary script location: /tmp/airflowtmpe8c41oj3//tmp/airflowtmpe8c41oj3/sleepxmudecbh
[2018-08-27 13:40:43,016] {base_task_runner.py:98} INFO - Subtask: [2018-08-27 13:40:43,016] {bash_operator.py:88} INFO - Running command: sleep 5
[2018-08-27 13:40:43,019] {base_task_runner.py:98} INFO - Subtask: [2018-08-27 13:40:43,019] {bash_operator.py:97} INFO - Output:
[2018-08-27 13:40:48,022] {base_task_runner.py:98} INFO - Subtask: [2018-08-27 13:40:48,021] {bash_operator.py:105} INFO - Command exited with return code 0
