[2018-08-27 14:01:40,628] {cli.py:374} INFO - Running on host silverlight
[2018-08-27 14:01:40,695] {models.py:1197} INFO - Dependencies all met for <TaskInstance: tutorial.templated 2015-07-22 00:00:00 [queued]>
[2018-08-27 14:01:40,700] {models.py:1197} INFO - Dependencies all met for <TaskInstance: tutorial.templated 2015-07-22 00:00:00 [queued]>
[2018-08-27 14:01:40,701] {models.py:1407} INFO - 
--------------------------------------------------------------------------------
Starting attempt 1 of 2
--------------------------------------------------------------------------------

[2018-08-27 14:01:40,756] {models.py:1428} INFO - Executing <Task(BashOperator): templated> on 2015-07-22 00:00:00
[2018-08-27 14:01:40,756] {base_task_runner.py:115} INFO - Running: ['bash', '-c', 'airflow run tutorial templated 2015-07-22T00:00:00 --job_id 235 --raw -sd DAGS_FOLDER/tutorial.py']
[2018-08-27 14:01:41,006] {base_task_runner.py:98} INFO - Subtask: [2018-08-27 14:01:41,006] {driver.py:120} INFO - Generating grammar tables from /usr/lib/python3.5/lib2to3/Grammar.txt
[2018-08-27 14:01:41,039] {base_task_runner.py:98} INFO - Subtask: [2018-08-27 14:01:41,039] {driver.py:120} INFO - Generating grammar tables from /usr/lib/python3.5/lib2to3/PatternGrammar.txt
[2018-08-27 14:01:41,146] {base_task_runner.py:98} INFO - Subtask: [2018-08-27 14:01:41,146] {__init__.py:45} INFO - Using executor SequentialExecutor
[2018-08-27 14:01:41,177] {base_task_runner.py:98} INFO - Subtask: [2018-08-27 14:01:41,177] {models.py:189} INFO - Filling up the DagBag from /home/silverlight/Projects/Minikube-deploy/airflow-project/dags/tutorial.py
[2018-08-27 14:01:41,208] {cli.py:374} INFO - Running on host silverlight
[2018-08-27 14:01:41,219] {base_task_runner.py:98} INFO - Subtask: [2018-08-27 14:01:41,219] {bash_operator.py:70} INFO - Tmp dir root location: 
[2018-08-27 14:01:41,219] {base_task_runner.py:98} INFO - Subtask:  /tmp
[2018-08-27 14:01:41,220] {base_task_runner.py:98} INFO - Subtask: [2018-08-27 14:01:41,219] {bash_operator.py:80} INFO - Temporary script location: /tmp/airflowtmp8x8d2jrv//tmp/airflowtmp8x8d2jrv/templatedtbwumg4v
[2018-08-27 14:01:41,220] {base_task_runner.py:98} INFO - Subtask: [2018-08-27 14:01:41,220] {bash_operator.py:88} INFO - Running command: 
[2018-08-27 14:01:41,220] {base_task_runner.py:98} INFO - Subtask:     
[2018-08-27 14:01:41,220] {base_task_runner.py:98} INFO - Subtask:         echo "2015-07-22"
[2018-08-27 14:01:41,220] {base_task_runner.py:98} INFO - Subtask:         echo "2015-07-29"
[2018-08-27 14:01:41,220] {base_task_runner.py:98} INFO - Subtask:         echo "Parameter I passed in"
[2018-08-27 14:01:41,220] {base_task_runner.py:98} INFO - Subtask:     
[2018-08-27 14:01:41,220] {base_task_runner.py:98} INFO - Subtask:         echo "2015-07-22"
[2018-08-27 14:01:41,220] {base_task_runner.py:98} INFO - Subtask:         echo "2015-07-29"
[2018-08-27 14:01:41,220] {base_task_runner.py:98} INFO - Subtask:         echo "Parameter I passed in"
[2018-08-27 14:01:41,220] {base_task_runner.py:98} INFO - Subtask:     
[2018-08-27 14:01:41,220] {base_task_runner.py:98} INFO - Subtask:         echo "2015-07-22"
[2018-08-27 14:01:41,220] {base_task_runner.py:98} INFO - Subtask:         echo "2015-07-29"
[2018-08-27 14:01:41,220] {base_task_runner.py:98} INFO - Subtask:         echo "Parameter I passed in"
[2018-08-27 14:01:41,220] {base_task_runner.py:98} INFO - Subtask:     
[2018-08-27 14:01:41,221] {base_task_runner.py:98} INFO - Subtask:         echo "2015-07-22"
[2018-08-27 14:01:41,221] {base_task_runner.py:98} INFO - Subtask:         echo "2015-07-29"
[2018-08-27 14:01:41,221] {base_task_runner.py:98} INFO - Subtask:         echo "Parameter I passed in"
[2018-08-27 14:01:41,221] {base_task_runner.py:98} INFO - Subtask:     
[2018-08-27 14:01:41,221] {base_task_runner.py:98} INFO - Subtask:         echo "2015-07-22"
[2018-08-27 14:01:41,221] {base_task_runner.py:98} INFO - Subtask:         echo "2015-07-29"
[2018-08-27 14:01:41,221] {base_task_runner.py:98} INFO - Subtask:         echo "Parameter I passed in"
[2018-08-27 14:01:41,221] {base_task_runner.py:98} INFO - Subtask:     
[2018-08-27 14:01:41,222] {base_task_runner.py:98} INFO - Subtask: [2018-08-27 14:01:41,222] {bash_operator.py:97} INFO - Output:
[2018-08-27 14:01:41,223] {base_task_runner.py:98} INFO - Subtask: [2018-08-27 14:01:41,223] {bash_operator.py:101} INFO - 2015-07-22
[2018-08-27 14:01:41,223] {base_task_runner.py:98} INFO - Subtask: [2018-08-27 14:01:41,223] {bash_operator.py:101} INFO - 2015-07-29
[2018-08-27 14:01:41,223] {base_task_runner.py:98} INFO - Subtask: [2018-08-27 14:01:41,223] {bash_operator.py:101} INFO - Parameter I passed in
[2018-08-27 14:01:41,223] {base_task_runner.py:98} INFO - Subtask: [2018-08-27 14:01:41,223] {bash_operator.py:101} INFO - 2015-07-22
[2018-08-27 14:01:41,223] {base_task_runner.py:98} INFO - Subtask: [2018-08-27 14:01:41,223] {bash_operator.py:101} INFO - 2015-07-29
[2018-08-27 14:01:41,223] {base_task_runner.py:98} INFO - Subtask: [2018-08-27 14:01:41,223] {bash_operator.py:101} INFO - Parameter I passed in
[2018-08-27 14:01:41,223] {base_task_runner.py:98} INFO - Subtask: [2018-08-27 14:01:41,223] {bash_operator.py:101} INFO - 2015-07-22
[2018-08-27 14:01:41,223] {base_task_runner.py:98} INFO - Subtask: [2018-08-27 14:01:41,223] {bash_operator.py:101} INFO - 2015-07-29
[2018-08-27 14:01:41,223] {base_task_runner.py:98} INFO - Subtask: [2018-08-27 14:01:41,223] {bash_operator.py:101} INFO - Parameter I passed in
[2018-08-27 14:01:41,223] {base_task_runner.py:98} INFO - Subtask: [2018-08-27 14:01:41,223] {bash_operator.py:101} INFO - 2015-07-22
[2018-08-27 14:01:41,223] {base_task_runner.py:98} INFO - Subtask: [2018-08-27 14:01:41,223] {bash_operator.py:101} INFO - 2015-07-29
[2018-08-27 14:01:41,223] {base_task_runner.py:98} INFO - Subtask: [2018-08-27 14:01:41,223] {bash_operator.py:101} INFO - Parameter I passed in
[2018-08-27 14:01:41,224] {base_task_runner.py:98} INFO - Subtask: [2018-08-27 14:01:41,223] {bash_operator.py:101} INFO - 2015-07-22
[2018-08-27 14:01:41,224] {base_task_runner.py:98} INFO - Subtask: [2018-08-27 14:01:41,223] {bash_operator.py:101} INFO - 2015-07-29
[2018-08-27 14:01:41,224] {base_task_runner.py:98} INFO - Subtask: [2018-08-27 14:01:41,223] {bash_operator.py:101} INFO - Parameter I passed in
[2018-08-27 14:01:41,224] {base_task_runner.py:98} INFO - Subtask: [2018-08-27 14:01:41,223] {bash_operator.py:105} INFO - Command exited with return code 0
