[2018-08-27 14:03:08,780] {cli.py:374} INFO - Running on host silverlight
[2018-08-27 14:03:08,898] {models.py:1197} INFO - Dependencies all met for <TaskInstance: tutorial.print_date 2015-07-28 00:00:00 [queued]>
[2018-08-27 14:03:08,900] {models.py:1197} INFO - Dependencies all met for <TaskInstance: tutorial.print_date 2015-07-28 00:00:00 [queued]>
[2018-08-27 14:03:08,900] {models.py:1407} INFO - 
--------------------------------------------------------------------------------
Starting attempt 1 of 2
--------------------------------------------------------------------------------

[2018-08-27 14:03:08,930] {models.py:1428} INFO - Executing <Task(BashOperator): print_date> on 2015-07-28 00:00:00
[2018-08-27 14:03:08,931] {base_task_runner.py:115} INFO - Running: ['bash', '-c', 'airflow run tutorial print_date 2015-07-28T00:00:00 --job_id 246 --raw -sd DAGS_FOLDER/tutorial.py']
[2018-08-27 14:03:09,203] {base_task_runner.py:98} INFO - Subtask: [2018-08-27 14:03:09,203] {driver.py:120} INFO - Generating grammar tables from /usr/lib/python3.5/lib2to3/Grammar.txt
[2018-08-27 14:03:09,240] {base_task_runner.py:98} INFO - Subtask: [2018-08-27 14:03:09,240] {driver.py:120} INFO - Generating grammar tables from /usr/lib/python3.5/lib2to3/PatternGrammar.txt
[2018-08-27 14:03:09,358] {base_task_runner.py:98} INFO - Subtask: [2018-08-27 14:03:09,358] {__init__.py:45} INFO - Using executor SequentialExecutor
[2018-08-27 14:03:09,390] {base_task_runner.py:98} INFO - Subtask: [2018-08-27 14:03:09,390] {models.py:189} INFO - Filling up the DagBag from /home/silverlight/Projects/Minikube-deploy/airflow-project/dags/tutorial.py
[2018-08-27 14:03:09,422] {cli.py:374} INFO - Running on host silverlight
[2018-08-27 14:03:09,432] {base_task_runner.py:98} INFO - Subtask: [2018-08-27 14:03:09,432] {bash_operator.py:70} INFO - Tmp dir root location: 
[2018-08-27 14:03:09,433] {base_task_runner.py:98} INFO - Subtask:  /tmp
[2018-08-27 14:03:09,433] {base_task_runner.py:98} INFO - Subtask: [2018-08-27 14:03:09,433] {bash_operator.py:80} INFO - Temporary script location: /tmp/airflowtmpuim9qt7l//tmp/airflowtmpuim9qt7l/print_datewsphto3f
[2018-08-27 14:03:09,433] {base_task_runner.py:98} INFO - Subtask: [2018-08-27 14:03:09,433] {bash_operator.py:88} INFO - Running command: date
[2018-08-27 14:03:09,437] {base_task_runner.py:98} INFO - Subtask: [2018-08-27 14:03:09,436] {bash_operator.py:97} INFO - Output:
[2018-08-27 14:03:09,438] {base_task_runner.py:98} INFO - Subtask: [2018-08-27 14:03:09,438] {bash_operator.py:101} INFO - Thứ hai, 27 Tháng tám năm 2018 14:03:09 +07
[2018-08-27 14:03:09,438] {base_task_runner.py:98} INFO - Subtask: [2018-08-27 14:03:09,438] {bash_operator.py:105} INFO - Command exited with return code 0
