[2018-08-27 13:43:54,108] {cli.py:374} INFO - Running on host silverlight
[2018-08-27 13:43:54,212] {models.py:1197} INFO - Dependencies all met for <TaskInstance: tutorial.print_date 2015-06-22 00:00:00 [queued]>
[2018-08-27 13:43:54,213] {models.py:1197} INFO - Dependencies all met for <TaskInstance: tutorial.print_date 2015-06-22 00:00:00 [queued]>
[2018-08-27 13:43:54,213] {models.py:1407} INFO - 
--------------------------------------------------------------------------------
Starting attempt 1 of 2
--------------------------------------------------------------------------------

[2018-08-27 13:43:54,258] {models.py:1428} INFO - Executing <Task(BashOperator): print_date> on 2015-06-22 00:00:00
[2018-08-27 13:43:54,258] {base_task_runner.py:115} INFO - Running: ['bash', '-c', 'airflow run tutorial print_date 2015-06-22T00:00:00 --job_id 95 --raw -sd DAGS_FOLDER/tutorial.py']
[2018-08-27 13:43:54,506] {base_task_runner.py:98} INFO - Subtask: [2018-08-27 13:43:54,505] {driver.py:120} INFO - Generating grammar tables from /usr/lib/python3.5/lib2to3/Grammar.txt
[2018-08-27 13:43:54,539] {base_task_runner.py:98} INFO - Subtask: [2018-08-27 13:43:54,539] {driver.py:120} INFO - Generating grammar tables from /usr/lib/python3.5/lib2to3/PatternGrammar.txt
[2018-08-27 13:43:54,647] {base_task_runner.py:98} INFO - Subtask: [2018-08-27 13:43:54,647] {__init__.py:45} INFO - Using executor SequentialExecutor
[2018-08-27 13:43:54,678] {base_task_runner.py:98} INFO - Subtask: [2018-08-27 13:43:54,678] {models.py:189} INFO - Filling up the DagBag from /home/silverlight/Projects/Minikube-deploy/airflow-project/dags/tutorial.py
[2018-08-27 13:43:54,709] {cli.py:374} INFO - Running on host silverlight
[2018-08-27 13:43:54,718] {base_task_runner.py:98} INFO - Subtask: [2018-08-27 13:43:54,718] {bash_operator.py:70} INFO - Tmp dir root location: 
[2018-08-27 13:43:54,719] {base_task_runner.py:98} INFO - Subtask:  /tmp
[2018-08-27 13:43:54,719] {base_task_runner.py:98} INFO - Subtask: [2018-08-27 13:43:54,719] {bash_operator.py:80} INFO - Temporary script location: /tmp/airflowtmpn4ge8s5j//tmp/airflowtmpn4ge8s5j/print_date_05hz352
[2018-08-27 13:43:54,719] {base_task_runner.py:98} INFO - Subtask: [2018-08-27 13:43:54,719] {bash_operator.py:88} INFO - Running command: date
[2018-08-27 13:43:54,721] {base_task_runner.py:98} INFO - Subtask: [2018-08-27 13:43:54,721] {bash_operator.py:97} INFO - Output:
[2018-08-27 13:43:54,727] {base_task_runner.py:98} INFO - Subtask: [2018-08-27 13:43:54,726] {bash_operator.py:101} INFO - Thứ hai, 27 Tháng tám năm 2018 13:43:54 +07
[2018-08-27 13:43:54,727] {base_task_runner.py:98} INFO - Subtask: [2018-08-27 13:43:54,727] {bash_operator.py:105} INFO - Command exited with return code 0
