[2018-08-27 13:59:05,220] {cli.py:374} INFO - Running on host silverlight
[2018-08-27 13:59:05,261] {models.py:1197} INFO - Dependencies all met for <TaskInstance: tutorial.sleep 2015-07-18 00:00:00 [queued]>
[2018-08-27 13:59:05,266] {models.py:1197} INFO - Dependencies all met for <TaskInstance: tutorial.sleep 2015-07-18 00:00:00 [queued]>
[2018-08-27 13:59:05,266] {models.py:1407} INFO - 
--------------------------------------------------------------------------------
Starting attempt 1 of 4
--------------------------------------------------------------------------------

[2018-08-27 13:59:05,299] {models.py:1428} INFO - Executing <Task(BashOperator): sleep> on 2015-07-18 00:00:00
[2018-08-27 13:59:05,299] {base_task_runner.py:115} INFO - Running: ['bash', '-c', 'airflow run tutorial sleep 2015-07-18T00:00:00 --job_id 213 --raw -sd DAGS_FOLDER/tutorial.py']
[2018-08-27 13:59:05,547] {base_task_runner.py:98} INFO - Subtask: [2018-08-27 13:59:05,547] {driver.py:120} INFO - Generating grammar tables from /usr/lib/python3.5/lib2to3/Grammar.txt
[2018-08-27 13:59:05,586] {base_task_runner.py:98} INFO - Subtask: [2018-08-27 13:59:05,586] {driver.py:120} INFO - Generating grammar tables from /usr/lib/python3.5/lib2to3/PatternGrammar.txt
[2018-08-27 13:59:05,691] {base_task_runner.py:98} INFO - Subtask: [2018-08-27 13:59:05,691] {__init__.py:45} INFO - Using executor SequentialExecutor
[2018-08-27 13:59:05,723] {base_task_runner.py:98} INFO - Subtask: [2018-08-27 13:59:05,723] {models.py:189} INFO - Filling up the DagBag from /home/silverlight/Projects/Minikube-deploy/airflow-project/dags/tutorial.py
[2018-08-27 13:59:05,749] {cli.py:374} INFO - Running on host silverlight
[2018-08-27 13:59:05,758] {base_task_runner.py:98} INFO - Subtask: [2018-08-27 13:59:05,758] {bash_operator.py:70} INFO - Tmp dir root location: 
[2018-08-27 13:59:05,758] {base_task_runner.py:98} INFO - Subtask:  /tmp
[2018-08-27 13:59:05,758] {base_task_runner.py:98} INFO - Subtask: [2018-08-27 13:59:05,758] {bash_operator.py:80} INFO - Temporary script location: /tmp/airflowtmpdwb75850//tmp/airflowtmpdwb75850/sleepijjftug9
[2018-08-27 13:59:05,758] {base_task_runner.py:98} INFO - Subtask: [2018-08-27 13:59:05,758] {bash_operator.py:88} INFO - Running command: sleep 5
[2018-08-27 13:59:05,761] {base_task_runner.py:98} INFO - Subtask: [2018-08-27 13:59:05,761] {bash_operator.py:97} INFO - Output:
[2018-08-27 13:59:10,764] {base_task_runner.py:98} INFO - Subtask: [2018-08-27 13:59:10,763] {bash_operator.py:105} INFO - Command exited with return code 0
